Virtual User Script started at: 07.04.2022 10:36:27	[MsgId: MMSG-15967]
Starting action vuser_init.	[MsgId: MMSG-15919]
Web Turbo Replay of LoadRunner 2020.0.0 for Windows 10; build 793 (ноя 27 2019 19:51:20)  	[MsgId: MMSG-26983]
Run mode: HTML  	[MsgId: MMSG-26993]
Replay user agent: Mozilla/5.0 (Windows NT 10.0; Win64; x64) AppleWebKit/537.36 (KHTML, like Gecko) Chrome/99.0.4844.82 Safari/537.36  	[MsgId: MMSG-26988]
Runtime Settings file: "C:\Users\ageef\AppData\Local\Temp\lr5tmpdirZ6a.588\lrcfgfUF.626\cfgJUx.647"  	[MsgId: MMSG-27141]
Vuser directory: "C:\Users\ageef\Documents\VuGen\Scripts\06_ViewingTickets"  	[MsgId: MMSG-27052]
Vuser output directory: "C:\Users\ageef\Documents\VuGen\Scripts\06_ViewingTickets"  	[MsgId: MMSG-27050]
Operating system's current working directory: "C:\Users\ageef\Documents\VuGen\Scripts\06_ViewingTickets"  	[MsgId: MMSG-27048]
UTC (GMT) start date/time   : 2022-04-07 05:36:27  	[MsgId: MMSG-26992]
LOCAL start date/time       : 2022-04-07 10:36:27  	[MsgId: MMSG-26991]
Local daylight-Savings-Time : No  	[MsgId: MMSG-26990]
Some of the Runtime Settings:  	[MsgId: MMSG-27142]
    Download non-HTML resources: Yes  	[MsgId: MMSG-27018]
    Verification checks: No  	[MsgId: MMSG-27017]
    Convert from/to UTF-8: No  	[MsgId: MMSG-27016]
    Simulate a new user each iteration: Yes  	[MsgId: MMSG-27009]
    Non-critical item errors as warnings: Yes  	[MsgId: MMSG-27008]
    HTTP errors as warnings: No  	[MsgId: MMSG-27007]
    WinInet replay instead of Sockets: No  	[MsgId: MMSG-27006]
    HTTP version: 1.1  	[MsgId: MMSG-27005]
    Keep-Alive HTTP connections: Yes  	[MsgId: MMSG-27004]
    Max self Meta refresh updates: 2  	[MsgId: MMSG-27003]
    No proxy is used (direct connection to the Internet)  	[MsgId: MMSG-27171]
    DNS caching: Yes  	[MsgId: MMSG-27035]
    Simulate browser cache: Yes  	[MsgId: MMSG-27034]
        Cache URLs requiring content (e.g., HTMLs): Yes  	[MsgId: MMSG-27033]
            Additional URLs requiring content: None  	[MsgId: MMSG-27032]
        Check for newer versions every visit to the page: No  	[MsgId: MMSG-27031]
    Page download timeout (sec): 120  	[MsgId: MMSG-27030]
    Resource Page Timeout is a Warning: No  	[MsgId: MMSG-27029]
    ContentCheck enabled: Yes  	[MsgId: MMSG-27028]
    ContentCheck script-level file: "C:\Users\ageef\AppData\Local\Temp\lr5tmpdirZ6a.588\lrcfgfUF.626\LrwiAedScript.xml"  	[MsgId: MMSG-27027]
    Enable Web Page Breakdown: Yes  	[MsgId: MMSG-27026]
    Enable connection data points: Yes  	[MsgId: MMSG-27023]
    Process socket after reschedule: Yes  	[MsgId: MMSG-27022]
    Snapshot on error: No  	[MsgId: MMSG-27021]
    Define each step as a transaction: No  	[MsgId: MMSG-27020]
    Read beyond Content-Length: No  	[MsgId: MMSG-26994]
    Parse HTML Content-Type: TEXT  	[MsgId: MMSG-26999]
    Graph hits per second and HTTP status codes: Yes  	[MsgId: MMSG-26998]
    Graph response bytes per second: Yes  	[MsgId: MMSG-26997]
    Graph pages per second: No  	[MsgId: MMSG-26996]
    Web recorder version ID: 10  	[MsgId: MMSG-26995]
Ending action vuser_init.	[MsgId: MMSG-15918]
Running Vuser...	[MsgId: MMSG-15964]
Starting iteration 1.	[MsgId: MMSG-15968]
Maximum number of concurrent connections per server: 6  	[MsgId: MMSG-26989]
Starting action Action.	[MsgId: MMSG-15919]
Action.c(4): Notify: Transaction "06_ViewingTickets" started.	[MsgId: MMSG-16999]
..\\..\\Library\\common_lib.h(3): Notify: Transaction "HomePage" started.	[MsgId: MMSG-16999]
..\\..\\Library\\common_lib.h(5): web_reg_find started  	[MsgId: MMSG-26355]
..\\..\\Library\\common_lib.h(5): Registering web_reg_find was successful  	[MsgId: MMSG-26390]
..\\..\\Library\\common_lib.h(8): web_set_sockets_option started  	[MsgId: MMSG-26355]
..\\..\\Library\\common_lib.h(8): web_set_sockets_option was successful  	[MsgId: MMSG-26392]
..\\..\\Library\\common_lib.h(10): web_add_cookie started  	[MsgId: MMSG-26355]
..\\..\\Library\\common_lib.h(10): web_add_cookie was successful  	[MsgId: MMSG-26392]
..\\..\\Library\\common_lib.h(12): web_add_auto_header("DNT") started  	[MsgId: MMSG-26355]
..\\..\\Library\\common_lib.h(12): An unrecognized header ("DNT") is being added  	[MsgId: MMSG-26595]
..\\..\\Library\\common_lib.h(12): "DNT: 1" header registered for adding to requests from all following Action functions  	[MsgId: MMSG-26505]
..\\..\\Library\\common_lib.h(12): web_add_auto_header("DNT") was successful  	[MsgId: MMSG-26392]
..\\..\\Library\\common_lib.h(15): web_add_auto_header("Sec-Fetch-Dest") started  	[MsgId: MMSG-26355]
..\\..\\Library\\common_lib.h(15): An unrecognized header ("Sec-Fetch-Dest") is being added  	[MsgId: MMSG-26595]
..\\..\\Library\\common_lib.h(15): "Sec-Fetch-Dest: frame" header registered for adding to requests from all following Action functions  	[MsgId: MMSG-26505]
..\\..\\Library\\common_lib.h(15): web_add_auto_header("Sec-Fetch-Dest") was successful  	[MsgId: MMSG-26392]
..\\..\\Library\\common_lib.h(18): web_add_auto_header("Sec-Fetch-Mode") started  	[MsgId: MMSG-26355]
..\\..\\Library\\common_lib.h(18): An unrecognized header ("Sec-Fetch-Mode") is being added  	[MsgId: MMSG-26595]
..\\..\\Library\\common_lib.h(18): "Sec-Fetch-Mode: navigate" header registered for adding to requests from all following Action functions  	[MsgId: MMSG-26505]
..\\..\\Library\\common_lib.h(18): web_add_auto_header("Sec-Fetch-Mode") was successful  	[MsgId: MMSG-26392]
..\\..\\Library\\common_lib.h(21): web_add_auto_header("Sec-Fetch-Site") started  	[MsgId: MMSG-26355]
..\\..\\Library\\common_lib.h(21): An unrecognized header ("Sec-Fetch-Site") is being added  	[MsgId: MMSG-26595]
..\\..\\Library\\common_lib.h(21): "Sec-Fetch-Site: same-origin" header registered for adding to requests from all following Action functions  	[MsgId: MMSG-26505]
..\\..\\Library\\common_lib.h(21): web_add_auto_header("Sec-Fetch-Site") was successful  	[MsgId: MMSG-26392]
..\\..\\Library\\common_lib.h(24): web_add_auto_header("Upgrade-Insecure-Requests") started  	[MsgId: MMSG-26355]
..\\..\\Library\\common_lib.h(24): An unrecognized header ("Upgrade-Insecure-Requests") is being added  	[MsgId: MMSG-26595]
..\\..\\Library\\common_lib.h(24): "Upgrade-Insecure-Requests: 1" header registered for adding to requests from all following Action functions  	[MsgId: MMSG-26505]
..\\..\\Library\\common_lib.h(24): web_add_auto_header("Upgrade-Insecure-Requests") was successful  	[MsgId: MMSG-26392]
..\\..\\Library\\common_lib.h(27): web_add_auto_header("sec-ch-ua") started  	[MsgId: MMSG-26355]
..\\..\\Library\\common_lib.h(27): An unrecognized header ("sec-ch-ua") is being added  	[MsgId: MMSG-26595]
..\\..\\Library\\common_lib.h(27): "sec-ch-ua: " Not A;Brand";v="99", "Chromium";v="99", "Google Chrome";v="99"" header registered for adding to requests from all following Action functions  	[MsgId: MMSG-26505]
..\\..\\Library\\common_lib.h(27): web_add_auto_header("sec-ch-ua") was successful  	[MsgId: MMSG-26392]
..\\..\\Library\\common_lib.h(30): web_add_auto_header("sec-ch-ua-mobile") started  	[MsgId: MMSG-26355]
..\\..\\Library\\common_lib.h(30): An unrecognized header ("sec-ch-ua-mobile") is being added  	[MsgId: MMSG-26595]
..\\..\\Library\\common_lib.h(30): "sec-ch-ua-mobile: ?0" header registered for adding to requests from all following Action functions  	[MsgId: MMSG-26505]
..\\..\\Library\\common_lib.h(30): web_add_auto_header("sec-ch-ua-mobile") was successful  	[MsgId: MMSG-26392]
..\\..\\Library\\common_lib.h(33): web_add_auto_header("sec-ch-ua-platform") started  	[MsgId: MMSG-26355]
..\\..\\Library\\common_lib.h(33): An unrecognized header ("sec-ch-ua-platform") is being added  	[MsgId: MMSG-26595]
..\\..\\Library\\common_lib.h(33): "sec-ch-ua-platform: "Windows"" header registered for adding to requests from all following Action functions  	[MsgId: MMSG-26505]
..\\..\\Library\\common_lib.h(33): web_add_auto_header("sec-ch-ua-platform") was successful  	[MsgId: MMSG-26392]
..\\..\\Library\\common_lib.h(37): web_reg_save_param_attrib started  	[MsgId: MMSG-26355]
..\\..\\Library\\common_lib.h(37): Registering web_reg_save_param_attrib was successful  	[MsgId: MMSG-26390]
..\\..\\Library\\common_lib.h(48): web_url("welcome.pl") started  	[MsgId: MMSG-26355]
..\\..\\Library\\common_lib.h(48): t=260ms: Connecting [0] to host 127.0.0.1:1080  	[MsgId: MMSG-26000]
..\\..\\Library\\common_lib.h(48): Error -27792: Failed to connect to server "127.0.0.1:1080": [10061] Connection refused  	[MsgId: MERR-27792]
..\\..\\Library\\common_lib.h(48): t=2285ms: Closed connection [0] to 127.0.0.1:1080 after completing 0 request(s)  	[MsgId: MMSG-26000]
..\\..\\Library\\common_lib.h(48): Search registration for "userSession" parameter is filtered by "Content Type"  	[MsgId: MMSG-26000]
..\\..\\Library\\common_lib.h(48): Notify: Saving Parameter "userSession = ".	[MsgId: MMSG-13798]
..\\..\\Library\\common_lib.h(48): Error -35048: No match found for the requested parameter "userSession". Check whether the tag with specific attributes exists in the response data  	[MsgId: MERR-35048]
..\\..\\Library\\common_lib.h(48): Error -26366: "Text=Web Tours" not found for web_reg_find  	[MsgId: MERR-26366]
..\\..\\Library\\common_lib.h(48): Error -26374: The above "not found" error(s) may be explained by header and body byte counts being 0 and 0, respectively.  	[MsgId: MERR-26374]
..\\..\\Library\\common_lib.h(48): web_url("welcome.pl") highest severity level was "ERROR", 0 body bytes, 0 header bytes  	[MsgId: MMSG-26388]
..\\..\\Library\\common_lib.h(48): Notify: Transaction "HomePage" ended with a "Fail" status (Duration: 2,0282 Wasted Time: 0,0003).	[MsgId: MMSG-16871]
..\\..\\Library\\common_lib.h(48): Notify: Transaction "HomePage" has 3 error message(s).	[MsgId: MMSG-16818]
..\\..\\Library\\common_lib.h(48): Notify: The 1st error message associated with transaction "HomePage" is "Error -27792: Failed to connect to server "127.0.0.1:1080": [10061] Connection refused"	[MsgId: MMSG-16819]
..\\..\\Library\\common_lib.h(48): Notify: The 2nd error message associated with transaction "HomePage" is "Error -26366: "Text=Web Tours" not found for web_reg_find"	[MsgId: MMSG-16819]
..\\..\\Library\\common_lib.h(48): Notify: The 3rd error message associated with transaction "HomePage" is "Error -26374: The above "not found" error(s) may be explained by header and body byte counts being 0 and 0, respectively."	[MsgId: MMSG-16819]
..\\..\\Library\\common_lib.h(48): Notify: Transaction "06_ViewingTickets" ended with a "Fail" status (Duration: 2,0283 Wasted Time: 0,0003).	[MsgId: MMSG-16871]
..\\..\\Library\\common_lib.h(48): Notify: Transaction "06_ViewingTickets" has 3 error message(s).	[MsgId: MMSG-16818]
..\\..\\Library\\common_lib.h(48): Notify: The 1st error message associated with transaction "06_ViewingTickets" is "Error -27792: Failed to connect to server "127.0.0.1:1080": [10061] Connection refused"	[MsgId: MMSG-16819]
..\\..\\Library\\common_lib.h(48): Notify: The 2nd error message associated with transaction "06_ViewingTickets" is "Error -26366: "Text=Web Tours" not found for web_reg_find"	[MsgId: MMSG-16819]
..\\..\\Library\\common_lib.h(48): Notify: The 3rd error message associated with transaction "06_ViewingTickets" is "Error -26374: The above "not found" error(s) may be explained by header and body byte counts being 0 and 0, respectively."	[MsgId: MMSG-16819]
Ending action Action.	[MsgId: MMSG-15918]
Ending iteration 1.	[MsgId: MMSG-15965]
Waiting 57,9710 seconds for iteration pacing.	[MsgId: MMSG-15996]
Action was aborted.	[MsgId: MMSG-10694]
Ending Vuser...	[MsgId: MMSG-15966]
Starting action vuser_end.	[MsgId: MMSG-15919]
Ending action vuser_end.	[MsgId: MMSG-15918]
Vuser Terminated.	[MsgId: MMSG-15963]
HTML-Mode memory management statistics: Reusable=0, NonReusable=0, CsMemBlockSize=4096, checks disabled  	[MsgId: MMSG-26000]
Vuser 0 (thread 3452), ended OK."	[MsgId: MMSG-10695]
