Virtual User Script started at: 09.04.2022 18:09:45	[MsgId: MMSG-15967]
Virtual User Script started at: 09.04.2022 18:09:45	[MsgId: MMSG-15967]
Virtual User Script started at: 09.04.2022 18:09:45	[MsgId: MMSG-15967]
Virtual User Script started at: 09.04.2022 18:09:45	[MsgId: MMSG-15967]
Starting action vuser_init.	[MsgId: MMSG-15919]
Starting action vuser_init.	[MsgId: MMSG-15919]
Starting action vuser_init.	[MsgId: MMSG-15919]
Starting action vuser_init.	[MsgId: MMSG-15919]
Virtual User Script started at: 09.04.2022 18:09:45	[MsgId: MMSG-15967]
Web Turbo Replay of LoadRunner 2020.0.0 for Windows 10; build 793 (ноя 27 2019 19:51:20)  	[MsgId: MMSG-26983]
Web Turbo Replay of LoadRunner 2020.0.0 for Windows 10; build 793 (ноя 27 2019 19:51:20)  	[MsgId: MMSG-26983]
Web Turbo Replay of LoadRunner 2020.0.0 for Windows 10; build 793 (ноя 27 2019 19:51:20)  	[MsgId: MMSG-26983]
Web Turbo Replay of LoadRunner 2020.0.0 for Windows 10; build 793 (ноя 27 2019 19:51:20)  	[MsgId: MMSG-26983]
Run mode: HTML  	[MsgId: MMSG-26993]
Run mode: HTML  	[MsgId: MMSG-26993]
Run mode: HTML  	[MsgId: MMSG-26993]
Run mode: HTML  	[MsgId: MMSG-26993]
Starting action vuser_init.	[MsgId: MMSG-15919]
Replay user agent: Mozilla/5.0 (Windows NT 10.0; Win64; x64) AppleWebKit/537.36 (KHTML, like Gecko) Chrome/99.0.4844.82 Safari/537.36  	[MsgId: MMSG-26988]
Replay user agent: Mozilla/5.0 (Windows NT 10.0; Win64; x64) AppleWebKit/537.36 (KHTML, like Gecko) Chrome/99.0.4844.82 Safari/537.36  	[MsgId: MMSG-26988]
Replay user agent: Mozilla/5.0 (Windows NT 10.0; Win64; x64) AppleWebKit/537.36 (KHTML, like Gecko) Chrome/99.0.4844.82 Safari/537.36  	[MsgId: MMSG-26988]
Replay user agent: Mozilla/5.0 (Windows NT 10.0; Win64; x64) AppleWebKit/537.36 (KHTML, like Gecko) Chrome/99.0.4844.82 Safari/537.36  	[MsgId: MMSG-26988]
Runtime Settings file: "C:\Users\ageef\AppData\Local\Temp\lr5tmpdirmLF.418\lrcfgEPj.419\cfg1uR.444"  	[MsgId: MMSG-27141]
Web Turbo Replay of LoadRunner 2020.0.0 for Windows 10; build 793 (ноя 27 2019 19:51:20)  	[MsgId: MMSG-26983]
Runtime Settings file: "C:\Users\ageef\AppData\Local\Temp\lr5tmpdirmLF.418\lrcfgEPj.419\cfg1uR.444"  	[MsgId: MMSG-27141]
Runtime Settings file: "C:\Users\ageef\AppData\Local\Temp\lr5tmpdirmLF.418\lrcfgEPj.419\cfg1uR.444"  	[MsgId: MMSG-27141]
Runtime Settings file: "C:\Users\ageef\AppData\Local\Temp\lr5tmpdirmLF.418\lrcfgEPj.419\cfg1uR.444"  	[MsgId: MMSG-27141]
Run mode: HTML  	[MsgId: MMSG-26993]
Vuser directory: "C:\Users\ageef\Documents\Loadrunner\VuGen\Scripts\06_ViewingTickets"  	[MsgId: MMSG-27052]
Vuser directory: "C:\Users\ageef\Documents\Loadrunner\VuGen\Scripts\06_ViewingTickets"  	[MsgId: MMSG-27052]
Vuser directory: "C:\Users\ageef\Documents\Loadrunner\VuGen\Scripts\06_ViewingTickets"  	[MsgId: MMSG-27052]
Vuser directory: "C:\Users\ageef\Documents\Loadrunner\VuGen\Scripts\06_ViewingTickets"  	[MsgId: MMSG-27052]
Replay user agent: Mozilla/5.0 (Windows NT 10.0; Win64; x64) AppleWebKit/537.36 (KHTML, like Gecko) Chrome/99.0.4844.82 Safari/537.36  	[MsgId: MMSG-26988]
Runtime Settings file: "C:\Users\ageef\AppData\Local\Temp\lr5tmpdirmLF.418\lrcfgEPj.419\cfg1uR.444"  	[MsgId: MMSG-27141]
Vuser output directory: "C:\Users\ageef\Documents\Loadrunner\VuGen\Scripts\06_ViewingTickets"  	[MsgId: MMSG-27050]
Vuser output directory: "C:\Users\ageef\Documents\Loadrunner\VuGen\Scripts\06_ViewingTickets"  	[MsgId: MMSG-27050]
Vuser output directory: "C:\Users\ageef\Documents\Loadrunner\VuGen\Scripts\06_ViewingTickets"  	[MsgId: MMSG-27050]
Vuser output directory: "C:\Users\ageef\Documents\Loadrunner\VuGen\Scripts\06_ViewingTickets"  	[MsgId: MMSG-27050]
Operating system's current working directory: "C:\Users\ageef\Documents\Loadrunner\VuGen\Scripts\06_ViewingTickets"  	[MsgId: MMSG-27048]
Operating system's current working directory: "C:\Users\ageef\Documents\Loadrunner\VuGen\Scripts\06_ViewingTickets"  	[MsgId: MMSG-27048]
Operating system's current working directory: "C:\Users\ageef\Documents\Loadrunner\VuGen\Scripts\06_ViewingTickets"  	[MsgId: MMSG-27048]
Operating system's current working directory: "C:\Users\ageef\Documents\Loadrunner\VuGen\Scripts\06_ViewingTickets"  	[MsgId: MMSG-27048]
UTC (GMT) start date/time   : 2022-04-09 13:09:45  	[MsgId: MMSG-26992]
UTC (GMT) start date/time   : 2022-04-09 13:09:45  	[MsgId: MMSG-26992]
Vuser directory: "C:\Users\ageef\Documents\Loadrunner\VuGen\Scripts\06_ViewingTickets"  	[MsgId: MMSG-27052]
UTC (GMT) start date/time   : 2022-04-09 13:09:45  	[MsgId: MMSG-26992]
LOCAL start date/time       : 2022-04-09 18:09:45  	[MsgId: MMSG-26991]
UTC (GMT) start date/time   : 2022-04-09 13:09:45  	[MsgId: MMSG-26992]
LOCAL start date/time       : 2022-04-09 18:09:45  	[MsgId: MMSG-26991]
Local daylight-Savings-Time : No  	[MsgId: MMSG-26990]
LOCAL start date/time       : 2022-04-09 18:09:45  	[MsgId: MMSG-26991]
LOCAL start date/time       : 2022-04-09 18:09:45  	[MsgId: MMSG-26991]
Local daylight-Savings-Time : No  	[MsgId: MMSG-26990]
Some of the Runtime Settings:  	[MsgId: MMSG-27142]
Local daylight-Savings-Time : No  	[MsgId: MMSG-26990]
Local daylight-Savings-Time : No  	[MsgId: MMSG-26990]
Some of the Runtime Settings:  	[MsgId: MMSG-27142]
    Download non-HTML resources: Yes  	[MsgId: MMSG-27018]
Vuser output directory: "C:\Users\ageef\Documents\Loadrunner\VuGen\Scripts\06_ViewingTickets"  	[MsgId: MMSG-27050]
Some of the Runtime Settings:  	[MsgId: MMSG-27142]
Some of the Runtime Settings:  	[MsgId: MMSG-27142]
    Download non-HTML resources: Yes  	[MsgId: MMSG-27018]
    Verification checks: No  	[MsgId: MMSG-27017]
Operating system's current working directory: "C:\Users\ageef\Documents\Loadrunner\VuGen\Scripts\06_ViewingTickets"  	[MsgId: MMSG-27048]
    Download non-HTML resources: Yes  	[MsgId: MMSG-27018]
    Download non-HTML resources: Yes  	[MsgId: MMSG-27018]
    Verification checks: No  	[MsgId: MMSG-27017]
    Convert from/to UTF-8: No  	[MsgId: MMSG-27016]
UTC (GMT) start date/time   : 2022-04-09 13:09:45  	[MsgId: MMSG-26992]
    Verification checks: No  	[MsgId: MMSG-27017]
    Verification checks: No  	[MsgId: MMSG-27017]
    Convert from/to UTF-8: No  	[MsgId: MMSG-27016]
    Simulate a new user each iteration: Yes  	[MsgId: MMSG-27009]
LOCAL start date/time       : 2022-04-09 18:09:45  	[MsgId: MMSG-26991]
    Convert from/to UTF-8: No  	[MsgId: MMSG-27016]
    Convert from/to UTF-8: No  	[MsgId: MMSG-27016]
    Simulate a new user each iteration: Yes  	[MsgId: MMSG-27009]
    Non-critical item errors as warnings: Yes  	[MsgId: MMSG-27008]
    Simulate a new user each iteration: Yes  	[MsgId: MMSG-27009]
Local daylight-Savings-Time : No  	[MsgId: MMSG-26990]
    Simulate a new user each iteration: Yes  	[MsgId: MMSG-27009]
    HTTP errors as warnings: No  	[MsgId: MMSG-27007]
    Non-critical item errors as warnings: Yes  	[MsgId: MMSG-27008]
Some of the Runtime Settings:  	[MsgId: MMSG-27142]
    Non-critical item errors as warnings: Yes  	[MsgId: MMSG-27008]
    WinInet replay instead of Sockets: No  	[MsgId: MMSG-27006]
    HTTP errors as warnings: No  	[MsgId: MMSG-27007]
    Non-critical item errors as warnings: Yes  	[MsgId: MMSG-27008]
    Download non-HTML resources: Yes  	[MsgId: MMSG-27018]
    HTTP version: 1.1  	[MsgId: MMSG-27005]
    HTTP errors as warnings: No  	[MsgId: MMSG-27007]
    WinInet replay instead of Sockets: No  	[MsgId: MMSG-27006]
    Verification checks: No  	[MsgId: MMSG-27017]
    Keep-Alive HTTP connections: Yes  	[MsgId: MMSG-27004]
    HTTP errors as warnings: No  	[MsgId: MMSG-27007]
    WinInet replay instead of Sockets: No  	[MsgId: MMSG-27006]
    HTTP version: 1.1  	[MsgId: MMSG-27005]
    Max self Meta refresh updates: 2  	[MsgId: MMSG-27003]
    Convert from/to UTF-8: No  	[MsgId: MMSG-27016]
    WinInet replay instead of Sockets: No  	[MsgId: MMSG-27006]
    HTTP version: 1.1  	[MsgId: MMSG-27005]
    Keep-Alive HTTP connections: Yes  	[MsgId: MMSG-27004]
    No proxy is used (direct connection to the Internet)  	[MsgId: MMSG-27171]
    Simulate a new user each iteration: Yes  	[MsgId: MMSG-27009]
    HTTP version: 1.1  	[MsgId: MMSG-27005]
    Non-critical item errors as warnings: Yes  	[MsgId: MMSG-27008]
    Keep-Alive HTTP connections: Yes  	[MsgId: MMSG-27004]
    Max self Meta refresh updates: 2  	[MsgId: MMSG-27003]
    Keep-Alive HTTP connections: Yes  	[MsgId: MMSG-27004]
    HTTP errors as warnings: No  	[MsgId: MMSG-27007]
    DNS caching: Yes  	[MsgId: MMSG-27035]
    Max self Meta refresh updates: 2  	[MsgId: MMSG-27003]
    Max self Meta refresh updates: 2  	[MsgId: MMSG-27003]
    WinInet replay instead of Sockets: No  	[MsgId: MMSG-27006]
    No proxy is used (direct connection to the Internet)  	[MsgId: MMSG-27171]
    No proxy is used (direct connection to the Internet)  	[MsgId: MMSG-27171]
    No proxy is used (direct connection to the Internet)  	[MsgId: MMSG-27171]
    HTTP version: 1.1  	[MsgId: MMSG-27005]
    Simulate browser cache: Yes  	[MsgId: MMSG-27034]
    DNS caching: Yes  	[MsgId: MMSG-27035]
    DNS caching: Yes  	[MsgId: MMSG-27035]
    Keep-Alive HTTP connections: Yes  	[MsgId: MMSG-27004]
    DNS caching: Yes  	[MsgId: MMSG-27035]
        Cache URLs requiring content (e.g., HTMLs): Yes  	[MsgId: MMSG-27033]
    Simulate browser cache: Yes  	[MsgId: MMSG-27034]
    Simulate browser cache: Yes  	[MsgId: MMSG-27034]
    Simulate browser cache: Yes  	[MsgId: MMSG-27034]
    Max self Meta refresh updates: 2  	[MsgId: MMSG-27003]
            Additional URLs requiring content: None  	[MsgId: MMSG-27032]
        Cache URLs requiring content (e.g., HTMLs): Yes  	[MsgId: MMSG-27033]
        Cache URLs requiring content (e.g., HTMLs): Yes  	[MsgId: MMSG-27033]
        Cache URLs requiring content (e.g., HTMLs): Yes  	[MsgId: MMSG-27033]
    No proxy is used (direct connection to the Internet)  	[MsgId: MMSG-27171]
        Check for newer versions every visit to the page: No  	[MsgId: MMSG-27031]
            Additional URLs requiring content: None  	[MsgId: MMSG-27032]
            Additional URLs requiring content: None  	[MsgId: MMSG-27032]
    DNS caching: Yes  	[MsgId: MMSG-27035]
            Additional URLs requiring content: None  	[MsgId: MMSG-27032]
    Page download timeout (sec): 120  	[MsgId: MMSG-27030]
        Check for newer versions every visit to the page: No  	[MsgId: MMSG-27031]
        Check for newer versions every visit to the page: No  	[MsgId: MMSG-27031]
        Check for newer versions every visit to the page: No  	[MsgId: MMSG-27031]
    Resource Page Timeout is a Warning: No  	[MsgId: MMSG-27029]
    Simulate browser cache: Yes  	[MsgId: MMSG-27034]
    Page download timeout (sec): 120  	[MsgId: MMSG-27030]
    Page download timeout (sec): 120  	[MsgId: MMSG-27030]
    ContentCheck enabled: Yes  	[MsgId: MMSG-27028]
    Page download timeout (sec): 120  	[MsgId: MMSG-27030]
        Cache URLs requiring content (e.g., HTMLs): Yes  	[MsgId: MMSG-27033]
    Resource Page Timeout is a Warning: No  	[MsgId: MMSG-27029]
    Resource Page Timeout is a Warning: No  	[MsgId: MMSG-27029]
    ContentCheck script-level file: "C:\Users\ageef\AppData\Local\Temp\lr5tmpdirmLF.418\lrcfgEPj.419\LrwiAedScript.xml"  	[MsgId: MMSG-27027]
    Resource Page Timeout is a Warning: No  	[MsgId: MMSG-27029]
            Additional URLs requiring content: None  	[MsgId: MMSG-27032]
    ContentCheck enabled: Yes  	[MsgId: MMSG-27028]
    ContentCheck enabled: Yes  	[MsgId: MMSG-27028]
    Enable Web Page Breakdown: No  	[MsgId: MMSG-27026]
    ContentCheck enabled: Yes  	[MsgId: MMSG-27028]
        Check for newer versions every visit to the page: No  	[MsgId: MMSG-27031]
    ContentCheck script-level file: "C:\Users\ageef\AppData\Local\Temp\lr5tmpdirmLF.418\lrcfgEPj.419\LrwiAedScript.xml"  	[MsgId: MMSG-27027]
    ContentCheck script-level file: "C:\Users\ageef\AppData\Local\Temp\lr5tmpdirmLF.418\lrcfgEPj.419\LrwiAedScript.xml"  	[MsgId: MMSG-27027]
    Enable connection data points: Yes  	[MsgId: MMSG-27023]
    Page download timeout (sec): 120  	[MsgId: MMSG-27030]
    ContentCheck script-level file: "C:\Users\ageef\AppData\Local\Temp\lr5tmpdirmLF.418\lrcfgEPj.419\LrwiAedScript.xml"  	[MsgId: MMSG-27027]
    Enable Web Page Breakdown: No  	[MsgId: MMSG-27026]
    Enable Web Page Breakdown: No  	[MsgId: MMSG-27026]
    Process socket after reschedule: Yes  	[MsgId: MMSG-27022]
    Resource Page Timeout is a Warning: No  	[MsgId: MMSG-27029]
    Enable Web Page Breakdown: No  	[MsgId: MMSG-27026]
    Enable connection data points: Yes  	[MsgId: MMSG-27023]
    Enable connection data points: Yes  	[MsgId: MMSG-27023]
    Snapshot on error: No  	[MsgId: MMSG-27021]
    ContentCheck enabled: Yes  	[MsgId: MMSG-27028]
    Enable connection data points: Yes  	[MsgId: MMSG-27023]
    Process socket after reschedule: Yes  	[MsgId: MMSG-27022]
    Process socket after reschedule: Yes  	[MsgId: MMSG-27022]
    Define each step as a transaction: No  	[MsgId: MMSG-27020]
    ContentCheck script-level file: "C:\Users\ageef\AppData\Local\Temp\lr5tmpdirmLF.418\lrcfgEPj.419\LrwiAedScript.xml"  	[MsgId: MMSG-27027]
    Process socket after reschedule: Yes  	[MsgId: MMSG-27022]
    Snapshot on error: No  	[MsgId: MMSG-27021]
    Snapshot on error: No  	[MsgId: MMSG-27021]
    Read beyond Content-Length: No  	[MsgId: MMSG-26994]
    Snapshot on error: No  	[MsgId: MMSG-27021]
    Enable Web Page Breakdown: Yes  	[MsgId: MMSG-27026]
    Define each step as a transaction: No  	[MsgId: MMSG-27020]
    Define each step as a transaction: No  	[MsgId: MMSG-27020]
    Define each step as a transaction: No  	[MsgId: MMSG-27020]
    Enable connection data points: Yes  	[MsgId: MMSG-27023]
    Read beyond Content-Length: No  	[MsgId: MMSG-26994]
    Parse HTML Content-Type: TEXT  	[MsgId: MMSG-26999]
    Read beyond Content-Length: No  	[MsgId: MMSG-26994]
    Read beyond Content-Length: No  	[MsgId: MMSG-26994]
    Process socket after reschedule: Yes  	[MsgId: MMSG-27022]
    Parse HTML Content-Type: TEXT  	[MsgId: MMSG-26999]
    Graph hits per second and HTTP status codes: Yes  	[MsgId: MMSG-26998]
    Parse HTML Content-Type: TEXT  	[MsgId: MMSG-26999]
    Snapshot on error: No  	[MsgId: MMSG-27021]
    Graph hits per second and HTTP status codes: Yes  	[MsgId: MMSG-26998]
    Parse HTML Content-Type: TEXT  	[MsgId: MMSG-26999]
    Graph response bytes per second: Yes  	[MsgId: MMSG-26997]
    Graph hits per second and HTTP status codes: Yes  	[MsgId: MMSG-26998]
    Graph response bytes per second: Yes  	[MsgId: MMSG-26997]
    Define each step as a transaction: No  	[MsgId: MMSG-27020]
    Graph hits per second and HTTP status codes: Yes  	[MsgId: MMSG-26998]
    Graph pages per second: No  	[MsgId: MMSG-26996]
    Graph response bytes per second: Yes  	[MsgId: MMSG-26997]
    Graph pages per second: No  	[MsgId: MMSG-26996]
    Read beyond Content-Length: No  	[MsgId: MMSG-26994]
    Graph response bytes per second: Yes  	[MsgId: MMSG-26997]
    Web recorder version ID: 10  	[MsgId: MMSG-26995]
    Graph pages per second: No  	[MsgId: MMSG-26996]
    Web recorder version ID: 10  	[MsgId: MMSG-26995]
    Parse HTML Content-Type: TEXT  	[MsgId: MMSG-26999]
    Graph pages per second: No  	[MsgId: MMSG-26996]
    Web recorder version ID: 10  	[MsgId: MMSG-26995]
    Graph hits per second and HTTP status codes: Yes  	[MsgId: MMSG-26998]
    Web recorder version ID: 10  	[MsgId: MMSG-26995]
    Graph response bytes per second: Yes  	[MsgId: MMSG-26997]
    Graph pages per second: No  	[MsgId: MMSG-26996]
    Web recorder version ID: 10  	[MsgId: MMSG-26995]
Ending action vuser_init.	[MsgId: MMSG-15918]
Running Vuser...	[MsgId: MMSG-15964]
Ending action vuser_init.	[MsgId: MMSG-15918]
Ending action vuser_init.	[MsgId: MMSG-15918]
Ending action vuser_init.	[MsgId: MMSG-15918]
Running Vuser...	[MsgId: MMSG-15964]
Ending action vuser_init.	[MsgId: MMSG-15918]
Running Vuser...	[MsgId: MMSG-15964]
Running Vuser...	[MsgId: MMSG-15964]
Running Vuser...	[MsgId: MMSG-15964]
Action was aborted.	[MsgId: MMSG-10694]
Ending Vuser...	[MsgId: MMSG-15966]
Starting action vuser_end.	[MsgId: MMSG-15919]
Action was aborted.	[MsgId: MMSG-10694]
Ending action vuser_end.	[MsgId: MMSG-15918]
Vuser Terminated.	[MsgId: MMSG-15963]
HTML-Mode memory management statistics: Reusable=0, NonReusable=0, CsMemBlockSize=4096, checks disabled  	[MsgId: MMSG-26000]
Vuser 0 (thread 18428), ended OK."	[MsgId: MMSG-10695]
Action was aborted.	[MsgId: MMSG-10694]
Ending Vuser...	[MsgId: MMSG-15966]
Ending Vuser...	[MsgId: MMSG-15966]
Starting action vuser_end.	[MsgId: MMSG-15919]
Starting action vuser_end.	[MsgId: MMSG-15919]
Ending action vuser_end.	[MsgId: MMSG-15918]
Ending action vuser_end.	[MsgId: MMSG-15918]
Vuser Terminated.	[MsgId: MMSG-15963]
Vuser Terminated.	[MsgId: MMSG-15963]
Action was aborted.	[MsgId: MMSG-10694]
Ending Vuser...	[MsgId: MMSG-15966]
Starting action vuser_end.	[MsgId: MMSG-15919]
HTML-Mode memory management statistics: Reusable=0, NonReusable=0, CsMemBlockSize=4096, checks disabled  	[MsgId: MMSG-26000]
Vuser 4 (thread 21472), ended OK."	[MsgId: MMSG-10695]
HTML-Mode memory management statistics: Reusable=0, NonReusable=0, CsMemBlockSize=4096, checks disabled  	[MsgId: MMSG-26000]
Vuser 1 (thread 19276), ended OK."	[MsgId: MMSG-10695]
Ending action vuser_end.	[MsgId: MMSG-15918]
Vuser Terminated.	[MsgId: MMSG-15963]
Action was aborted.	[MsgId: MMSG-10694]
Ending Vuser...	[MsgId: MMSG-15966]
Starting action vuser_end.	[MsgId: MMSG-15919]
Ending action vuser_end.	[MsgId: MMSG-15918]
Vuser Terminated.	[MsgId: MMSG-15963]
HTML-Mode memory management statistics: Reusable=0, NonReusable=0, CsMemBlockSize=4096, checks disabled  	[MsgId: MMSG-26000]
HTML-Mode memory management statistics: Reusable=0, NonReusable=0, CsMemBlockSize=4096, checks disabled  	[MsgId: MMSG-26000]
Vuser 2 (thread 18412), ended OK."	[MsgId: MMSG-10695]
Vuser 3 (thread 1348), ended OK."	[MsgId: MMSG-10695]
