Virtual User Script started at: 09.04.2022 18:09:45	[MsgId: MMSG-15967]
Virtual User Script started at: 09.04.2022 18:09:45	[MsgId: MMSG-15967]
Virtual User Script started at: 09.04.2022 18:09:45	[MsgId: MMSG-15967]
Starting action vuser_init.	[MsgId: MMSG-15919]
Starting action vuser_init.	[MsgId: MMSG-15919]
Starting action vuser_init.	[MsgId: MMSG-15919]
Web Turbo Replay of LoadRunner 2020.0.0 for Windows 10; build 793 (ноя 27 2019 19:51:20)  	[MsgId: MMSG-26983]
Web Turbo Replay of LoadRunner 2020.0.0 for Windows 10; build 793 (ноя 27 2019 19:51:20)  	[MsgId: MMSG-26983]
Run mode: HTML  	[MsgId: MMSG-26993]
Virtual User Script started at: 09.04.2022 18:09:45	[MsgId: MMSG-15967]
Web Turbo Replay of LoadRunner 2020.0.0 for Windows 10; build 793 (ноя 27 2019 19:51:20)  	[MsgId: MMSG-26983]
Run mode: HTML  	[MsgId: MMSG-26993]
Virtual User Script started at: 09.04.2022 18:09:45	[MsgId: MMSG-15967]
Replay user agent: Mozilla/5.0 (Windows NT 10.0; Win64; x64) AppleWebKit/537.36 (KHTML, like Gecko) Chrome/99.0.4844.82 Safari/537.36  	[MsgId: MMSG-26988]
Run mode: HTML  	[MsgId: MMSG-26993]
Replay user agent: Mozilla/5.0 (Windows NT 10.0; Win64; x64) AppleWebKit/537.36 (KHTML, like Gecko) Chrome/99.0.4844.82 Safari/537.36  	[MsgId: MMSG-26988]
Runtime Settings file: "C:\Users\ageef\AppData\Local\Temp\lr5tmpdirmLF.418\lrcfgEPj.419\cfgD3z.446"  	[MsgId: MMSG-27141]
Replay user agent: Mozilla/5.0 (Windows NT 10.0; Win64; x64) AppleWebKit/537.36 (KHTML, like Gecko) Chrome/99.0.4844.82 Safari/537.36  	[MsgId: MMSG-26988]
Runtime Settings file: "C:\Users\ageef\AppData\Local\Temp\lr5tmpdirmLF.418\lrcfgEPj.419\cfgD3z.446"  	[MsgId: MMSG-27141]
Runtime Settings file: "C:\Users\ageef\AppData\Local\Temp\lr5tmpdirmLF.418\lrcfgEPj.419\cfgD3z.446"  	[MsgId: MMSG-27141]
Vuser directory: "C:\Users\ageef\Documents\Loadrunner\VuGen\Scripts\07_Login"  	[MsgId: MMSG-27052]
Vuser directory: "C:\Users\ageef\Documents\Loadrunner\VuGen\Scripts\07_Login"  	[MsgId: MMSG-27052]
Vuser directory: "C:\Users\ageef\Documents\Loadrunner\VuGen\Scripts\07_Login"  	[MsgId: MMSG-27052]
Vuser output directory: "C:\Users\ageef\Documents\Loadrunner\VuGen\Scripts\07_Login"  	[MsgId: MMSG-27050]
Vuser output directory: "C:\Users\ageef\Documents\Loadrunner\VuGen\Scripts\07_Login"  	[MsgId: MMSG-27050]
Vuser output directory: "C:\Users\ageef\Documents\Loadrunner\VuGen\Scripts\07_Login"  	[MsgId: MMSG-27050]
Operating system's current working directory: "C:\Users\ageef\Documents\Loadrunner\VuGen\Scripts\07_Login"  	[MsgId: MMSG-27048]
Operating system's current working directory: "C:\Users\ageef\Documents\Loadrunner\VuGen\Scripts\07_Login"  	[MsgId: MMSG-27048]
Operating system's current working directory: "C:\Users\ageef\Documents\Loadrunner\VuGen\Scripts\07_Login"  	[MsgId: MMSG-27048]
Starting action vuser_init.	[MsgId: MMSG-15919]
UTC (GMT) start date/time   : 2022-04-09 13:09:45  	[MsgId: MMSG-26992]
UTC (GMT) start date/time   : 2022-04-09 13:09:45  	[MsgId: MMSG-26992]
Starting action vuser_init.	[MsgId: MMSG-15919]
UTC (GMT) start date/time   : 2022-04-09 13:09:45  	[MsgId: MMSG-26992]
LOCAL start date/time       : 2022-04-09 18:09:45  	[MsgId: MMSG-26991]
LOCAL start date/time       : 2022-04-09 18:09:45  	[MsgId: MMSG-26991]
LOCAL start date/time       : 2022-04-09 18:09:45  	[MsgId: MMSG-26991]
Local daylight-Savings-Time : No  	[MsgId: MMSG-26990]
Local daylight-Savings-Time : No  	[MsgId: MMSG-26990]
Local daylight-Savings-Time : No  	[MsgId: MMSG-26990]
Web Turbo Replay of LoadRunner 2020.0.0 for Windows 10; build 793 (ноя 27 2019 19:51:20)  	[MsgId: MMSG-26983]
Some of the Runtime Settings:  	[MsgId: MMSG-27142]
Web Turbo Replay of LoadRunner 2020.0.0 for Windows 10; build 793 (ноя 27 2019 19:51:20)  	[MsgId: MMSG-26983]
Some of the Runtime Settings:  	[MsgId: MMSG-27142]
Some of the Runtime Settings:  	[MsgId: MMSG-27142]
    Download non-HTML resources: Yes  	[MsgId: MMSG-27018]
    Download non-HTML resources: Yes  	[MsgId: MMSG-27018]
Run mode: HTML  	[MsgId: MMSG-26993]
    Download non-HTML resources: Yes  	[MsgId: MMSG-27018]
    Verification checks: No  	[MsgId: MMSG-27017]
Replay user agent: Mozilla/5.0 (Windows NT 10.0; Win64; x64) AppleWebKit/537.36 (KHTML, like Gecko) Chrome/99.0.4844.82 Safari/537.36  	[MsgId: MMSG-26988]
    Verification checks: No  	[MsgId: MMSG-27017]
Run mode: HTML  	[MsgId: MMSG-26993]
    Convert from/to UTF-8: No  	[MsgId: MMSG-27016]
    Verification checks: No  	[MsgId: MMSG-27017]
    Convert from/to UTF-8: No  	[MsgId: MMSG-27016]
    Simulate a new user each iteration: Yes  	[MsgId: MMSG-27009]
    Simulate a new user each iteration: Yes  	[MsgId: MMSG-27009]
Runtime Settings file: "C:\Users\ageef\AppData\Local\Temp\lr5tmpdirmLF.418\lrcfgEPj.419\cfgD3z.446"  	[MsgId: MMSG-27141]
    Convert from/to UTF-8: No  	[MsgId: MMSG-27016]
    Non-critical item errors as warnings: Yes  	[MsgId: MMSG-27008]
Replay user agent: Mozilla/5.0 (Windows NT 10.0; Win64; x64) AppleWebKit/537.36 (KHTML, like Gecko) Chrome/99.0.4844.82 Safari/537.36  	[MsgId: MMSG-26988]
    Non-critical item errors as warnings: Yes  	[MsgId: MMSG-27008]
    HTTP errors as warnings: No  	[MsgId: MMSG-27007]
    Simulate a new user each iteration: Yes  	[MsgId: MMSG-27009]
    WinInet replay instead of Sockets: No  	[MsgId: MMSG-27006]
    HTTP errors as warnings: No  	[MsgId: MMSG-27007]
Vuser directory: "C:\Users\ageef\Documents\Loadrunner\VuGen\Scripts\07_Login"  	[MsgId: MMSG-27052]
    HTTP version: 1.1  	[MsgId: MMSG-27005]
    Non-critical item errors as warnings: Yes  	[MsgId: MMSG-27008]
Runtime Settings file: "C:\Users\ageef\AppData\Local\Temp\lr5tmpdirmLF.418\lrcfgEPj.419\cfgD3z.446"  	[MsgId: MMSG-27141]
    Keep-Alive HTTP connections: Yes  	[MsgId: MMSG-27004]
    WinInet replay instead of Sockets: No  	[MsgId: MMSG-27006]
    Max self Meta refresh updates: 2  	[MsgId: MMSG-27003]
    HTTP errors as warnings: No  	[MsgId: MMSG-27007]
    No proxy is used (direct connection to the Internet)  	[MsgId: MMSG-27171]
    HTTP version: 1.1  	[MsgId: MMSG-27005]
    WinInet replay instead of Sockets: No  	[MsgId: MMSG-27006]
Vuser directory: "C:\Users\ageef\Documents\Loadrunner\VuGen\Scripts\07_Login"  	[MsgId: MMSG-27052]
    DNS caching: Yes  	[MsgId: MMSG-27035]
    Keep-Alive HTTP connections: Yes  	[MsgId: MMSG-27004]
    HTTP version: 1.1  	[MsgId: MMSG-27005]
Vuser output directory: "C:\Users\ageef\Documents\Loadrunner\VuGen\Scripts\07_Login"  	[MsgId: MMSG-27050]
    Simulate browser cache: Yes  	[MsgId: MMSG-27034]
    Max self Meta refresh updates: 2  	[MsgId: MMSG-27003]
    Keep-Alive HTTP connections: Yes  	[MsgId: MMSG-27004]
Operating system's current working directory: "C:\Users\ageef\Documents\Loadrunner\VuGen\Scripts\07_Login"  	[MsgId: MMSG-27048]
        Cache URLs requiring content (e.g., HTMLs): Yes  	[MsgId: MMSG-27033]
    No proxy is used (direct connection to the Internet)  	[MsgId: MMSG-27171]
    Max self Meta refresh updates: 2  	[MsgId: MMSG-27003]
            Additional URLs requiring content: None  	[MsgId: MMSG-27032]
Vuser output directory: "C:\Users\ageef\Documents\Loadrunner\VuGen\Scripts\07_Login"  	[MsgId: MMSG-27050]
    No proxy is used (direct connection to the Internet)  	[MsgId: MMSG-27171]
UTC (GMT) start date/time   : 2022-04-09 13:09:45  	[MsgId: MMSG-26992]
    DNS caching: Yes  	[MsgId: MMSG-27035]
        Check for newer versions every visit to the page: No  	[MsgId: MMSG-27031]
Operating system's current working directory: "C:\Users\ageef\Documents\Loadrunner\VuGen\Scripts\07_Login"  	[MsgId: MMSG-27048]
    DNS caching: Yes  	[MsgId: MMSG-27035]
    Page download timeout (sec): 120  	[MsgId: MMSG-27030]
    Simulate browser cache: Yes  	[MsgId: MMSG-27034]
LOCAL start date/time       : 2022-04-09 18:09:45  	[MsgId: MMSG-26991]
    Simulate browser cache: Yes  	[MsgId: MMSG-27034]
    Resource Page Timeout is a Warning: No  	[MsgId: MMSG-27029]
UTC (GMT) start date/time   : 2022-04-09 13:09:45  	[MsgId: MMSG-26992]
        Cache URLs requiring content (e.g., HTMLs): Yes  	[MsgId: MMSG-27033]
    ContentCheck enabled: Yes  	[MsgId: MMSG-27028]
            Additional URLs requiring content: None  	[MsgId: MMSG-27032]
        Cache URLs requiring content (e.g., HTMLs): Yes  	[MsgId: MMSG-27033]
    ContentCheck script-level file: "C:\Users\ageef\AppData\Local\Temp\lr5tmpdirmLF.418\lrcfgEPj.419\LrwiAedScript.xml"  	[MsgId: MMSG-27027]
        Check for newer versions every visit to the page: No  	[MsgId: MMSG-27031]
Local daylight-Savings-Time : No  	[MsgId: MMSG-26990]
    Enable Web Page Breakdown: No  	[MsgId: MMSG-27026]
LOCAL start date/time       : 2022-04-09 18:09:45  	[MsgId: MMSG-26991]
            Additional URLs requiring content: None  	[MsgId: MMSG-27032]
    Enable connection data points: Yes  	[MsgId: MMSG-27023]
    Page download timeout (sec): 120  	[MsgId: MMSG-27030]
Some of the Runtime Settings:  	[MsgId: MMSG-27142]
        Check for newer versions every visit to the page: No  	[MsgId: MMSG-27031]
    Process socket after reschedule: Yes  	[MsgId: MMSG-27022]
Local daylight-Savings-Time : No  	[MsgId: MMSG-26990]
    Resource Page Timeout is a Warning: No  	[MsgId: MMSG-27029]
    Page download timeout (sec): 120  	[MsgId: MMSG-27030]
    Snapshot on error: No  	[MsgId: MMSG-27021]
    Download non-HTML resources: Yes  	[MsgId: MMSG-27018]
    ContentCheck enabled: Yes  	[MsgId: MMSG-27028]
    Resource Page Timeout is a Warning: No  	[MsgId: MMSG-27029]
    Define each step as a transaction: No  	[MsgId: MMSG-27020]
Some of the Runtime Settings:  	[MsgId: MMSG-27142]
    ContentCheck script-level file: "C:\Users\ageef\AppData\Local\Temp\lr5tmpdirmLF.418\lrcfgEPj.419\LrwiAedScript.xml"  	[MsgId: MMSG-27027]
    ContentCheck enabled: Yes  	[MsgId: MMSG-27028]
    Read beyond Content-Length: No  	[MsgId: MMSG-26994]
    Verification checks: No  	[MsgId: MMSG-27017]
    Enable Web Page Breakdown: No  	[MsgId: MMSG-27026]
    Download non-HTML resources: Yes  	[MsgId: MMSG-27018]
    ContentCheck script-level file: "C:\Users\ageef\AppData\Local\Temp\lr5tmpdirmLF.418\lrcfgEPj.419\LrwiAedScript.xml"  	[MsgId: MMSG-27027]
    Parse HTML Content-Type: TEXT  	[MsgId: MMSG-26999]
    Enable connection data points: Yes  	[MsgId: MMSG-27023]
    Convert from/to UTF-8: No  	[MsgId: MMSG-27016]
    Enable Web Page Breakdown: Yes  	[MsgId: MMSG-27026]
    Graph hits per second and HTTP status codes: Yes  	[MsgId: MMSG-26998]
    Process socket after reschedule: Yes  	[MsgId: MMSG-27022]
    Verification checks: No  	[MsgId: MMSG-27017]
    Enable connection data points: Yes  	[MsgId: MMSG-27023]
    Graph response bytes per second: Yes  	[MsgId: MMSG-26997]
    Simulate a new user each iteration: Yes  	[MsgId: MMSG-27009]
    Snapshot on error: No  	[MsgId: MMSG-27021]
    Process socket after reschedule: Yes  	[MsgId: MMSG-27022]
    Graph pages per second: No  	[MsgId: MMSG-26996]
    Convert from/to UTF-8: No  	[MsgId: MMSG-27016]
    Define each step as a transaction: No  	[MsgId: MMSG-27020]
    Snapshot on error: No  	[MsgId: MMSG-27021]
    Non-critical item errors as warnings: Yes  	[MsgId: MMSG-27008]
    Web recorder version ID: 10  	[MsgId: MMSG-26995]
    Read beyond Content-Length: No  	[MsgId: MMSG-26994]
    Define each step as a transaction: No  	[MsgId: MMSG-27020]
    Simulate a new user each iteration: Yes  	[MsgId: MMSG-27009]
    Parse HTML Content-Type: TEXT  	[MsgId: MMSG-26999]
    HTTP errors as warnings: No  	[MsgId: MMSG-27007]
    Read beyond Content-Length: No  	[MsgId: MMSG-26994]
    Graph hits per second and HTTP status codes: Yes  	[MsgId: MMSG-26998]
    Non-critical item errors as warnings: Yes  	[MsgId: MMSG-27008]
    Parse HTML Content-Type: TEXT  	[MsgId: MMSG-26999]
    WinInet replay instead of Sockets: No  	[MsgId: MMSG-27006]
    Graph response bytes per second: Yes  	[MsgId: MMSG-26997]
    Graph hits per second and HTTP status codes: Yes  	[MsgId: MMSG-26998]
    HTTP errors as warnings: No  	[MsgId: MMSG-27007]
    Graph pages per second: No  	[MsgId: MMSG-26996]
    HTTP version: 1.1  	[MsgId: MMSG-27005]
    Graph response bytes per second: Yes  	[MsgId: MMSG-26997]
    Web recorder version ID: 10  	[MsgId: MMSG-26995]
    WinInet replay instead of Sockets: No  	[MsgId: MMSG-27006]
    Graph pages per second: No  	[MsgId: MMSG-26996]
    Keep-Alive HTTP connections: Yes  	[MsgId: MMSG-27004]
    Web recorder version ID: 10  	[MsgId: MMSG-26995]
    HTTP version: 1.1  	[MsgId: MMSG-27005]
    Max self Meta refresh updates: 2  	[MsgId: MMSG-27003]
    Keep-Alive HTTP connections: Yes  	[MsgId: MMSG-27004]
    No proxy is used (direct connection to the Internet)  	[MsgId: MMSG-27171]
    Max self Meta refresh updates: 2  	[MsgId: MMSG-27003]
    DNS caching: Yes  	[MsgId: MMSG-27035]
    No proxy is used (direct connection to the Internet)  	[MsgId: MMSG-27171]
    Simulate browser cache: Yes  	[MsgId: MMSG-27034]
    DNS caching: Yes  	[MsgId: MMSG-27035]
        Cache URLs requiring content (e.g., HTMLs): Yes  	[MsgId: MMSG-27033]
    Simulate browser cache: Yes  	[MsgId: MMSG-27034]
            Additional URLs requiring content: None  	[MsgId: MMSG-27032]
        Cache URLs requiring content (e.g., HTMLs): Yes  	[MsgId: MMSG-27033]
        Check for newer versions every visit to the page: No  	[MsgId: MMSG-27031]
            Additional URLs requiring content: None  	[MsgId: MMSG-27032]
    Page download timeout (sec): 120  	[MsgId: MMSG-27030]
        Check for newer versions every visit to the page: No  	[MsgId: MMSG-27031]
Ending action vuser_init.	[MsgId: MMSG-15918]
    Resource Page Timeout is a Warning: No  	[MsgId: MMSG-27029]
Ending action vuser_init.	[MsgId: MMSG-15918]
Running Vuser...	[MsgId: MMSG-15964]
Ending action vuser_init.	[MsgId: MMSG-15918]
    Page download timeout (sec): 120  	[MsgId: MMSG-27030]
Running Vuser...	[MsgId: MMSG-15964]
    ContentCheck enabled: Yes  	[MsgId: MMSG-27028]
Running Vuser...	[MsgId: MMSG-15964]
    Resource Page Timeout is a Warning: No  	[MsgId: MMSG-27029]
    ContentCheck script-level file: "C:\Users\ageef\AppData\Local\Temp\lr5tmpdirmLF.418\lrcfgEPj.419\LrwiAedScript.xml"  	[MsgId: MMSG-27027]
    ContentCheck enabled: Yes  	[MsgId: MMSG-27028]
    Enable Web Page Breakdown: No  	[MsgId: MMSG-27026]
    ContentCheck script-level file: "C:\Users\ageef\AppData\Local\Temp\lr5tmpdirmLF.418\lrcfgEPj.419\LrwiAedScript.xml"  	[MsgId: MMSG-27027]
    Enable connection data points: Yes  	[MsgId: MMSG-27023]
    Enable Web Page Breakdown: No  	[MsgId: MMSG-27026]
    Process socket after reschedule: Yes  	[MsgId: MMSG-27022]
    Enable connection data points: Yes  	[MsgId: MMSG-27023]
    Snapshot on error: No  	[MsgId: MMSG-27021]
    Process socket after reschedule: Yes  	[MsgId: MMSG-27022]
    Define each step as a transaction: No  	[MsgId: MMSG-27020]
    Snapshot on error: No  	[MsgId: MMSG-27021]
    Read beyond Content-Length: No  	[MsgId: MMSG-26994]
    Define each step as a transaction: No  	[MsgId: MMSG-27020]
    Parse HTML Content-Type: TEXT  	[MsgId: MMSG-26999]
    Read beyond Content-Length: No  	[MsgId: MMSG-26994]
    Graph hits per second and HTTP status codes: Yes  	[MsgId: MMSG-26998]
    Parse HTML Content-Type: TEXT  	[MsgId: MMSG-26999]
    Graph response bytes per second: Yes  	[MsgId: MMSG-26997]
    Graph hits per second and HTTP status codes: Yes  	[MsgId: MMSG-26998]
    Graph pages per second: No  	[MsgId: MMSG-26996]
    Graph response bytes per second: Yes  	[MsgId: MMSG-26997]
    Web recorder version ID: 10  	[MsgId: MMSG-26995]
    Graph pages per second: No  	[MsgId: MMSG-26996]
    Web recorder version ID: 10  	[MsgId: MMSG-26995]
Ending action vuser_init.	[MsgId: MMSG-15918]
Running Vuser...	[MsgId: MMSG-15964]
Ending action vuser_init.	[MsgId: MMSG-15918]
Running Vuser...	[MsgId: MMSG-15964]
Action was aborted.	[MsgId: MMSG-10694]
Ending Vuser...	[MsgId: MMSG-15966]
Action was aborted.	[MsgId: MMSG-10694]
Starting action vuser_end.	[MsgId: MMSG-15919]
Ending Vuser...	[MsgId: MMSG-15966]
Starting action vuser_end.	[MsgId: MMSG-15919]
Ending action vuser_end.	[MsgId: MMSG-15918]
Ending action vuser_end.	[MsgId: MMSG-15918]
Vuser Terminated.	[MsgId: MMSG-15963]
Vuser Terminated.	[MsgId: MMSG-15963]
Action was aborted.	[MsgId: MMSG-10694]
Ending Vuser...	[MsgId: MMSG-15966]
Starting action vuser_end.	[MsgId: MMSG-15919]
Ending action vuser_end.	[MsgId: MMSG-15918]
Vuser Terminated.	[MsgId: MMSG-15963]
Action was aborted.	[MsgId: MMSG-10694]
Ending Vuser...	[MsgId: MMSG-15966]
Starting action vuser_end.	[MsgId: MMSG-15919]
Action was aborted.	[MsgId: MMSG-10694]
Ending action vuser_end.	[MsgId: MMSG-15918]
Ending Vuser...	[MsgId: MMSG-15966]
Starting action vuser_end.	[MsgId: MMSG-15919]
Ending action vuser_end.	[MsgId: MMSG-15918]
Vuser Terminated.	[MsgId: MMSG-15963]
HTML-Mode memory management statistics: Reusable=0, NonReusable=0, CsMemBlockSize=4096, checks disabled  	[MsgId: MMSG-26000]
Vuser Terminated.	[MsgId: MMSG-15963]
Vuser 0 (thread 19324), ended OK."	[MsgId: MMSG-10695]
HTML-Mode memory management statistics: Reusable=0, NonReusable=0, CsMemBlockSize=4096, checks disabled  	[MsgId: MMSG-26000]
Vuser 1 (thread 10856), ended OK."	[MsgId: MMSG-10695]
HTML-Mode memory management statistics: Reusable=0, NonReusable=0, CsMemBlockSize=4096, checks disabled  	[MsgId: MMSG-26000]
Vuser 4 (thread 10920), ended OK."	[MsgId: MMSG-10695]
HTML-Mode memory management statistics: Reusable=0, NonReusable=0, CsMemBlockSize=4096, checks disabled  	[MsgId: MMSG-26000]
HTML-Mode memory management statistics: Reusable=0, NonReusable=0, CsMemBlockSize=4096, checks disabled  	[MsgId: MMSG-26000]
Vuser 2 (thread 18888), ended OK."	[MsgId: MMSG-10695]
Vuser 3 (thread 18684), ended OK."	[MsgId: MMSG-10695]
