Virtual User Script started at: 06.04.2022 20:25:48
Starting action vuser_init.
Web Turbo Replay of LoadRunner 2020.0.0 for Windows 10; build 793 (ноя 27 2019 19:51:20)  	[MsgId: MMSG-26983]
Run mode: HTML  	[MsgId: MMSG-26993]
Replay user agent: Mozilla/5.0 (Windows NT 10.0; Win64; x64) AppleWebKit/537.36 (KHTML, like Gecko) Chrome/99.0.4844.82 Safari/537.36  	[MsgId: MMSG-26988]
Runtime Settings file: "C:\Users\ageef\Documents\VuGen\Scripts\03_TicketWithoutPurchase\\default.cfg"  	[MsgId: MMSG-27141]
Vuser directory: "C:\Users\ageef\Documents\VuGen\Scripts\03_TicketWithoutPurchase"  	[MsgId: MMSG-27052]
Vuser output directory: "C:\Users\ageef\Documents\VuGen\Scripts\03_TicketWithoutPurchase"  	[MsgId: MMSG-27050]
Operating system's current working directory: "c:\users\ageef\documents\vugen\scripts\03_ticketwithoutpurchase"  	[MsgId: MMSG-27048]
UTC (GMT) start date/time   : 2022-04-06 15:25:48  	[MsgId: MMSG-26992]
LOCAL start date/time       : 2022-04-06 20:25:48  	[MsgId: MMSG-26991]
Local daylight-Savings-Time : No  	[MsgId: MMSG-26990]
Some of the Runtime Settings:  	[MsgId: MMSG-27142]
    Download non-HTML resources: Yes  	[MsgId: MMSG-27018]
    Verification checks: No  	[MsgId: MMSG-27017]
    Convert from/to UTF-8: No  	[MsgId: MMSG-27016]
    Simulate a new user each iteration: Yes  	[MsgId: MMSG-27009]
    Non-critical item errors as warnings: Yes  	[MsgId: MMSG-27008]
    HTTP errors as warnings: No  	[MsgId: MMSG-27007]
    WinInet replay instead of Sockets: No  	[MsgId: MMSG-27006]
    HTTP version: 1.1  	[MsgId: MMSG-27005]
    Keep-Alive HTTP connections: Yes  	[MsgId: MMSG-27004]
    Max self Meta refresh updates: 2  	[MsgId: MMSG-27003]
    No proxy is used (direct connection to the Internet)  	[MsgId: MMSG-27171]
    DNS caching: Yes  	[MsgId: MMSG-27035]
    Simulate browser cache: Yes  	[MsgId: MMSG-27034]
        Cache URLs requiring content (e.g., HTMLs): Yes  	[MsgId: MMSG-27033]
            Additional URLs requiring content: None  	[MsgId: MMSG-27032]
        Check for newer versions every visit to the page: No  	[MsgId: MMSG-27031]
    Page download timeout (sec): 120  	[MsgId: MMSG-27030]
    Resource Page Timeout is a Warning: No  	[MsgId: MMSG-27029]
    ContentCheck enabled: Yes  	[MsgId: MMSG-27028]
    ContentCheck script-level file: "C:\Users\ageef\Documents\VuGen\Scripts\03_TicketWithoutPurchase\LrwiAedScript.xml"  	[MsgId: MMSG-27027]
    Enable Web Page Breakdown: Yes  	[MsgId: MMSG-27026]
    Enable connection data points: Yes  	[MsgId: MMSG-27023]
    Process socket after reschedule: Yes  	[MsgId: MMSG-27022]
    Snapshot on error: No  	[MsgId: MMSG-27021]
    Define each step as a transaction: No  	[MsgId: MMSG-27020]
    Read beyond Content-Length: No  	[MsgId: MMSG-26994]
    Parse HTML Content-Type: TEXT  	[MsgId: MMSG-26999]
    Graph hits per second and HTTP status codes: Yes  	[MsgId: MMSG-26998]
    Graph response bytes per second: Yes  	[MsgId: MMSG-26997]
    Graph pages per second: No  	[MsgId: MMSG-26996]
    Web recorder version ID: 10  	[MsgId: MMSG-26995]
Ending action vuser_init.
Running Vuser...
Starting iteration 1.
Maximum number of concurrent connections per server: 6  	[MsgId: MMSG-26989]
Starting action Action.
Action.c(4): Notify: Transaction "03_TicketWithoutPurchase" started.
..\\..\\Library\\common_lib.h(3): Notify: Transaction "HomePage" started.
..\\..\\Library\\common_lib.h(5): web_reg_find started  	[MsgId: MMSG-26355]
..\\..\\Library\\common_lib.h(5): Registering web_reg_find was successful  	[MsgId: MMSG-26390]
..\\..\\Library\\common_lib.h(8): web_set_sockets_option started  	[MsgId: MMSG-26355]
..\\..\\Library\\common_lib.h(8): web_set_sockets_option was successful  	[MsgId: MMSG-26392]
..\\..\\Library\\common_lib.h(10): web_add_cookie started  	[MsgId: MMSG-26355]
..\\..\\Library\\common_lib.h(10): web_add_cookie was successful  	[MsgId: MMSG-26392]
..\\..\\Library\\common_lib.h(12): web_add_auto_header("DNT") started  	[MsgId: MMSG-26355]
..\\..\\Library\\common_lib.h(12): An unrecognized header ("DNT") is being added  	[MsgId: MMSG-26595]
..\\..\\Library\\common_lib.h(12): "DNT: 1" header registered for adding to requests from all following Action functions  	[MsgId: MMSG-26505]
..\\..\\Library\\common_lib.h(12): web_add_auto_header("DNT") was successful  	[MsgId: MMSG-26392]
..\\..\\Library\\common_lib.h(15): web_add_auto_header("Sec-Fetch-Dest") started  	[MsgId: MMSG-26355]
..\\..\\Library\\common_lib.h(15): An unrecognized header ("Sec-Fetch-Dest") is being added  	[MsgId: MMSG-26595]
..\\..\\Library\\common_lib.h(15): "Sec-Fetch-Dest: frame" header registered for adding to requests from all following Action functions  	[MsgId: MMSG-26505]
..\\..\\Library\\common_lib.h(15): web_add_auto_header("Sec-Fetch-Dest") was successful  	[MsgId: MMSG-26392]
..\\..\\Library\\common_lib.h(18): web_add_auto_header("Sec-Fetch-Mode") started  	[MsgId: MMSG-26355]
..\\..\\Library\\common_lib.h(18): An unrecognized header ("Sec-Fetch-Mode") is being added  	[MsgId: MMSG-26595]
..\\..\\Library\\common_lib.h(18): "Sec-Fetch-Mode: navigate" header registered for adding to requests from all following Action functions  	[MsgId: MMSG-26505]
..\\..\\Library\\common_lib.h(18): web_add_auto_header("Sec-Fetch-Mode") was successful  	[MsgId: MMSG-26392]
..\\..\\Library\\common_lib.h(21): web_add_auto_header("Sec-Fetch-Site") started  	[MsgId: MMSG-26355]
..\\..\\Library\\common_lib.h(21): An unrecognized header ("Sec-Fetch-Site") is being added  	[MsgId: MMSG-26595]
..\\..\\Library\\common_lib.h(21): "Sec-Fetch-Site: same-origin" header registered for adding to requests from all following Action functions  	[MsgId: MMSG-26505]
..\\..\\Library\\common_lib.h(21): web_add_auto_header("Sec-Fetch-Site") was successful  	[MsgId: MMSG-26392]
..\\..\\Library\\common_lib.h(24): web_add_auto_header("Upgrade-Insecure-Requests") started  	[MsgId: MMSG-26355]
..\\..\\Library\\common_lib.h(24): An unrecognized header ("Upgrade-Insecure-Requests") is being added  	[MsgId: MMSG-26595]
..\\..\\Library\\common_lib.h(24): "Upgrade-Insecure-Requests: 1" header registered for adding to requests from all following Action functions  	[MsgId: MMSG-26505]
..\\..\\Library\\common_lib.h(24): web_add_auto_header("Upgrade-Insecure-Requests") was successful  	[MsgId: MMSG-26392]
..\\..\\Library\\common_lib.h(27): web_add_auto_header("sec-ch-ua") started  	[MsgId: MMSG-26355]
..\\..\\Library\\common_lib.h(27): An unrecognized header ("sec-ch-ua") is being added  	[MsgId: MMSG-26595]
..\\..\\Library\\common_lib.h(27): "sec-ch-ua: " Not A;Brand";v="99", "Chromium";v="99", "Google Chrome";v="99"" header registered for adding to requests from all following Action functions  	[MsgId: MMSG-26505]
..\\..\\Library\\common_lib.h(27): web_add_auto_header("sec-ch-ua") was successful  	[MsgId: MMSG-26392]
..\\..\\Library\\common_lib.h(30): web_add_auto_header("sec-ch-ua-mobile") started  	[MsgId: MMSG-26355]
..\\..\\Library\\common_lib.h(30): An unrecognized header ("sec-ch-ua-mobile") is being added  	[MsgId: MMSG-26595]
..\\..\\Library\\common_lib.h(30): "sec-ch-ua-mobile: ?0" header registered for adding to requests from all following Action functions  	[MsgId: MMSG-26505]
..\\..\\Library\\common_lib.h(30): web_add_auto_header("sec-ch-ua-mobile") was successful  	[MsgId: MMSG-26392]
..\\..\\Library\\common_lib.h(33): web_add_auto_header("sec-ch-ua-platform") started  	[MsgId: MMSG-26355]
..\\..\\Library\\common_lib.h(33): An unrecognized header ("sec-ch-ua-platform") is being added  	[MsgId: MMSG-26595]
..\\..\\Library\\common_lib.h(33): "sec-ch-ua-platform: "Windows"" header registered for adding to requests from all following Action functions  	[MsgId: MMSG-26505]
..\\..\\Library\\common_lib.h(33): web_add_auto_header("sec-ch-ua-platform") was successful  	[MsgId: MMSG-26392]
..\\..\\Library\\common_lib.h(37): web_reg_save_param_attrib started  	[MsgId: MMSG-26355]
..\\..\\Library\\common_lib.h(37): Registering web_reg_save_param_attrib was successful  	[MsgId: MMSG-26390]
..\\..\\Library\\common_lib.h(48): web_url("welcome.pl") started  	[MsgId: MMSG-26355]
..\\..\\Library\\common_lib.h(48): t=289ms: Connecting [0] to host 127.0.0.1:1080  	[MsgId: MMSG-26000]
..\\..\\Library\\common_lib.h(48): t=290ms: Connected socket [0] from 127.0.0.1:20794 to 127.0.0.1:1080 in 1 ms  	[MsgId: MMSG-26000]
..\\..\\Library\\common_lib.h(48): t=290ms: 642-byte request headers for "http://127.0.0.1:1080/cgi-bin/welcome.pl?signOff=true" (RelFrameId=1, Internal ID=1)
..\\..\\Library\\common_lib.h(48):     GET /cgi-bin/welcome.pl?signOff=true HTTP/1.1\r\n
..\\..\\Library\\common_lib.h(48):     Referer: http://127.0.0.1:1080/WebTours/\r\n
..\\..\\Library\\common_lib.h(48):     DNT: 1\r\n
..\\..\\Library\\common_lib.h(48):     Sec-Fetch-Dest: frame\r\n
..\\..\\Library\\common_lib.h(48):     Sec-Fetch-Mode: navigate\r\n
..\\..\\Library\\common_lib.h(48):     Sec-Fetch-Site: same-origin\r\n
..\\..\\Library\\common_lib.h(48):     Upgrade-Insecure-Requests: 1\r\n
..\\..\\Library\\common_lib.h(48):     sec-ch-ua: " Not A;Brand";v="99", "Chromium";v="99", "Google Chrome";v="99"\r\n
..\\..\\Library\\common_lib.h(48):     sec-ch-ua-mobile: ?0\r\n
..\\..\\Library\\common_lib.h(48):     sec-ch-ua-platform: "Windows"\r\n
..\\..\\Library\\common_lib.h(48):     User-Agent: Mozilla/5.0 (Windows NT 10.0; Win64; x64) AppleWebKit/537.36 (KHTML, like Geck
..\\..\\Library\\common_lib.h(48):     o) Chrome/99.0.4844.82 Safari/537.36\r\n
..\\..\\Library\\common_lib.h(48):     Accept-Encoding: gzip, deflate, br\r\n
..\\..\\Library\\common_lib.h(48):     Accept-Language: ru-RU,ru;q=0.9,en-US;q=0.8,en;q=0.7\r\n
..\\..\\Library\\common_lib.h(48):     Accept: */*\r\n
..\\..\\Library\\common_lib.h(48):     Connection: Keep-Alive\r\n
..\\..\\Library\\common_lib.h(48):     Host: 127.0.0.1:1080\r\n
..\\..\\Library\\common_lib.h(48):     Cookie: MSO=SID&1648654384\r\n
..\\..\\Library\\common_lib.h(48):     \r\n
..\\..\\Library\\common_lib.h(48): t=356ms: 328-byte response headers for "http://127.0.0.1:1080/cgi-bin/welcome.pl?signOff=true" (RelFrameId=1, Internal ID=1)
..\\..\\Library\\common_lib.h(48):     HTTP/1.1 200 OK\r\n
..\\..\\Library\\common_lib.h(48):     Date: Wed, 06 Apr 2022 15:25:48 GMT\r\n
..\\..\\Library\\common_lib.h(48):     Server: Apache/2.2.21 (Win32)\r\n
..\\..\\Library\\common_lib.h(48):     Set-Cookie: MSO=SID&1649258748; path=/\r\n
..\\..\\Library\\common_lib.h(48):     Set-Cookie: MTUserInfo=; path=/; expires=Tue, 05-Apr-2022 15:25:48 GMT\r\n
..\\..\\Library\\common_lib.h(48):     Keep-Alive: timeout=5, max=100\r\n
..\\..\\Library\\common_lib.h(48):     Connection: Keep-Alive\r\n
..\\..\\Library\\common_lib.h(48):     Transfer-Encoding: chunked\r\n
..\\..\\Library\\common_lib.h(48):     Content-Type: text/html; charset=ISO-8859-1\r\n
..\\..\\Library\\common_lib.h(48):     \r\n
..\\..\\Library\\common_lib.h(48): t=361ms: 5-byte chunked response overhead for "http://127.0.0.1:1080/cgi-bin/welcome.pl?signOff=true" (RelFrameId=1, Internal ID=1)
..\\..\\Library\\common_lib.h(48):     2ae\r\n
..\\..\\Library\\common_lib.h(48): t=361ms: 7-byte chunked response overhead for "http://127.0.0.1:1080/cgi-bin/welcome.pl?signOff=true" (RelFrameId=1, Internal ID=1)
..\\..\\Library\\common_lib.h(48):     \r\n
..\\..\\Library\\common_lib.h(48):     0\r\n
..\\..\\Library\\common_lib.h(48):     \r\n
..\\..\\Library\\common_lib.h(48): t=366ms: 686-byte chunked response body for "http://127.0.0.1:1080/cgi-bin/welcome.pl?signOff=true" (RelFrameId=1, Internal ID=1)
..\\..\\Library\\common_lib.h(48):     <!-- \n
..\\..\\Library\\common_lib.h(48):      A Session ID has been created and loaded into a cookie called MSO.\n
..\\..\\Library\\common_lib.h(48):      Also, the server options have been loaded into the cookie called\n
..\\..\\Library\\common_lib.h(48):      MSO as well.  The server options can be set via the Admin page.\n
..\\..\\Library\\common_lib.h(48):      --->\n
..\\..\\Library\\common_lib.h(48):     \n
..\\..\\Library\\common_lib.h(48):     <html>\n
..\\..\\Library\\common_lib.h(48):     <title>Web Tours</title>\n
..\\..\\Library\\common_lib.h(48):        <!-- Frame Set -->\n
..\\..\\Library\\common_lib.h(48):        <frameset cols="160,*" border="1" frameborder="1">\n
..\\..\\Library\\common_lib.h(48):           <!-- Navigation Frame -->\n
..\\..\\Library\\common_lib.h(48):           <frame src="nav.pl?in=home" name="navbar" marginheight="2" marginwidth="2" \n
..\\..\\Library\\common_lib.h(48):                 noresize="noresize" scrolling="auto"/>\n
..\\..\\Library\\common_lib.h(48):           <!-- Home Frame -->\n
..\\..\\Library\\common_lib.h(48):           <frame src="/WebTours/home.html" name="info" marginheight="2" marginwidth="2" \n
..\\..\\Library\\common_lib.h(48):                 noresize="noresize" scrolling="auto"/>\n
..\\..\\Library\\common_lib.h(48):        </frameset>\n
..\\..\\Library\\common_lib.h(48):     </html>\n
..\\..\\Library\\common_lib.h(48):     \n
..\\..\\Library\\common_lib.h(48):     </body>\n
..\\..\\Library\\common_lib.h(48):     </html>
..\\..\\Library\\common_lib.h(48): Detected non-resource "http://127.0.0.1:1080/cgi-bin/nav.pl?in=home" in "http://127.0.0.1:1080/cgi-bin/welcome.pl?signOff=true"  	[MsgId: MMSG-26574]
..\\..\\Library\\common_lib.h(48): Detected non-resource "http://127.0.0.1:1080/WebTours/home.html" in "http://127.0.0.1:1080/cgi-bin/welcome.pl?signOff=true"  	[MsgId: MMSG-26574]
..\\..\\Library\\common_lib.h(48): t=370ms: Request done "http://127.0.0.1:1080/cgi-bin/welcome.pl?signOff=true"  	[MsgId: MMSG-26000]
..\\..\\Library\\common_lib.h(48): Search registration for "userSession" parameter is filtered by "Request URL"  	[MsgId: MMSG-26000]
..\\..\\Library\\common_lib.h(48): t=407ms: Connecting [1] to host 127.0.0.1:1080  	[MsgId: MMSG-26000]
..\\..\\Library\\common_lib.h(48): t=407ms: Connecting [2] to host 127.0.0.1:1080  	[MsgId: MMSG-26000]
..\\..\\Library\\common_lib.h(48): t=408ms: Connected socket [1] from 127.0.0.1:20795 to 127.0.0.1:1080 in 1 ms  	[MsgId: MMSG-26000]
..\\..\\Library\\common_lib.h(48): t=408ms: 655-byte request headers for "http://127.0.0.1:1080/cgi-bin/nav.pl?in=home" (RelFrameId=1.1, Internal ID=2)
..\\..\\Library\\common_lib.h(48):     GET /cgi-bin/nav.pl?in=home HTTP/1.1\r\n
..\\..\\Library\\common_lib.h(48):     Referer: http://127.0.0.1:1080/cgi-bin/welcome.pl?signOff=true\r\n
..\\..\\Library\\common_lib.h(48):     DNT: 1\r\n
..\\..\\Library\\common_lib.h(48):     Sec-Fetch-Dest: frame\r\n
..\\..\\Library\\common_lib.h(48):     Sec-Fetch-Mode: navigate\r\n
..\\..\\Library\\common_lib.h(48):     Sec-Fetch-Site: same-origin\r\n
..\\..\\Library\\common_lib.h(48):     Upgrade-Insecure-Requests: 1\r\n
..\\..\\Library\\common_lib.h(48):     sec-ch-ua: " Not A;Brand";v="99", "Chromium";v="99", "Google Chrome";v="99"\r\n
..\\..\\Library\\common_lib.h(48):     sec-ch-ua-mobile: ?0\r\n
..\\..\\Library\\common_lib.h(48):     sec-ch-ua-platform: "Windows"\r\n
..\\..\\Library\\common_lib.h(48):     User-Agent: Mozilla/5.0 (Windows NT 10.0; Win64; x64) AppleWebKit/537.36 (KHTML, like Geck
..\\..\\Library\\common_lib.h(48):     o) Chrome/99.0.4844.82 Safari/537.36\r\n
..\\..\\Library\\common_lib.h(48):     Accept-Encoding: gzip, deflate, br\r\n
..\\..\\Library\\common_lib.h(48):     Accept-Language: ru-RU,ru;q=0.9,en-US;q=0.8,en;q=0.7\r\n
..\\..\\Library\\common_lib.h(48):     Accept: */*\r\n
..\\..\\Library\\common_lib.h(48):     Connection: Keep-Alive\r\n
..\\..\\Library\\common_lib.h(48):     Host: 127.0.0.1:1080\r\n
..\\..\\Library\\common_lib.h(48):     Cookie: MSO=SID&1649258748\r\n
..\\..\\Library\\common_lib.h(48):     \r\n
..\\..\\Library\\common_lib.h(48): t=408ms: Connected socket [2] from 127.0.0.1:20796 to 127.0.0.1:1080 in 1 ms  	[MsgId: MMSG-26000]
..\\..\\Library\\common_lib.h(48): t=408ms: 651-byte request headers for "http://127.0.0.1:1080/WebTours/home.html" (RelFrameId=1.2, Internal ID=3)
..\\..\\Library\\common_lib.h(48):     GET /WebTours/home.html HTTP/1.1\r\n
..\\..\\Library\\common_lib.h(48):     Referer: http://127.0.0.1:1080/cgi-bin/welcome.pl?signOff=true\r\n
..\\..\\Library\\common_lib.h(48):     DNT: 1\r\n
..\\..\\Library\\common_lib.h(48):     Sec-Fetch-Dest: frame\r\n
..\\..\\Library\\common_lib.h(48):     Sec-Fetch-Mode: navigate\r\n
..\\..\\Library\\common_lib.h(48):     Sec-Fetch-Site: same-origin\r\n
..\\..\\Library\\common_lib.h(48):     Upgrade-Insecure-Requests: 1\r\n
..\\..\\Library\\common_lib.h(48):     sec-ch-ua: " Not A;Brand";v="99", "Chromium";v="99", "Google Chrome";v="99"\r\n
..\\..\\Library\\common_lib.h(48):     sec-ch-ua-mobile: ?0\r\n
..\\..\\Library\\common_lib.h(48):     sec-ch-ua-platform: "Windows"\r\n
..\\..\\Library\\common_lib.h(48):     User-Agent: Mozilla/5.0 (Windows NT 10.0; Win64; x64) AppleWebKit/537.36 (KHTML, like Geck
..\\..\\Library\\common_lib.h(48):     o) Chrome/99.0.4844.82 Safari/537.36\r\n
..\\..\\Library\\common_lib.h(48):     Accept-Encoding: gzip, deflate, br\r\n
..\\..\\Library\\common_lib.h(48):     Accept-Language: ru-RU,ru;q=0.9,en-US;q=0.8,en;q=0.7\r\n
..\\..\\Library\\common_lib.h(48):     Accept: */*\r\n
..\\..\\Library\\common_lib.h(48):     Connection: Keep-Alive\r\n
..\\..\\Library\\common_lib.h(48):     Host: 127.0.0.1:1080\r\n
..\\..\\Library\\common_lib.h(48):     Cookie: MSO=SID&1649258748\r\n
..\\..\\Library\\common_lib.h(48):     \r\n
..\\..\\Library\\common_lib.h(48): t=412ms: 299-byte response headers for "http://127.0.0.1:1080/WebTours/home.html" (RelFrameId=1.2, Internal ID=3)
..\\..\\Library\\common_lib.h(48):     HTTP/1.1 200 OK\r\n
..\\..\\Library\\common_lib.h(48):     Date: Wed, 06 Apr 2022 15:25:48 GMT\r\n
..\\..\\Library\\common_lib.h(48):     Server: Apache/2.2.21 (Win32)\r\n
..\\..\\Library\\common_lib.h(48):     Last-Modified: Sat, 26 Mar 2022 07:29:11 GMT\r\n
..\\..\\Library\\common_lib.h(48):     ETag: "600000001c664-551-5db1a0912e433"\r\n
..\\..\\Library\\common_lib.h(48):     Accept-Ranges: bytes\r\n
..\\..\\Library\\common_lib.h(48):     Content-Length: 1361\r\n
..\\..\\Library\\common_lib.h(48):     Keep-Alive: timeout=5, max=100\r\n
..\\..\\Library\\common_lib.h(48):     Connection: Keep-Alive\r\n
..\\..\\Library\\common_lib.h(48):     Content-Type: text/html\r\n
..\\..\\Library\\common_lib.h(48):     \r\n
..\\..\\Library\\common_lib.h(48): t=413ms: 1361-byte response body for "http://127.0.0.1:1080/WebTours/home.html" (RelFrameId=1.2, Internal ID=3)
..\\..\\Library\\common_lib.h(48):     <HTML>\n
..\\..\\Library\\common_lib.h(48):     <HEAD>\n
..\\..\\Library\\common_lib.h(48):     \t<title>Web Tours</title>\n
..\\..\\Library\\common_lib.h(48):     </HEAD>\n
..\\..\\Library\\common_lib.h(48):     <style>\n
..\\..\\Library\\common_lib.h(48):     \tblockquote {font-family: tahoma; font-size : 10pt}\n
..\\..\\Library\\common_lib.h(48):     \tH1 {font-family: tahoma; font-size : 22pt; color: #003366}\n
..\\..\\Library\\common_lib.h(48):     \tsmall {font-family: tahoma; font-size : 8pt}\n
..\\..\\Library\\common_lib.h(48):     \tH3{font-family: tahoma; font-size : 10pt; color: black}\n
..\\..\\Library\\common_lib.h(48):     \tA {FONT-WEIGHT: bold; FONT-SIZE: 10pt; COLOR: black; FONT-FAMILY: Tahoma; TEXT-DECORATIO
..\\..\\Library\\common_lib.h(48):     N: none}\n
..\\..\\Library\\common_lib.h(48):     \tA:hover{ FONT-WEIGHT: bold; FONT-SIZE: 10pt; COLOR: #993333; FONT-FAMILY: Tahoma;TEXT-DE
..\\..\\Library\\common_lib.h(48):     CORATION: underline}\n
..\\..\\Library\\common_lib.h(48):     \tTD {font-family: tahoma; font-size : 10pt; color: black}\n
..\\..\\Library\\common_lib.h(48):     </style>\n
..\\..\\Library\\common_lib.h(48):     <body bgcolor="#e0e7f1">\n
..\\..\\Library\\common_lib.h(48):     <BR/>\n
..\\..\\Library\\common_lib.h(48):     <BR/>\n
..\\..\\Library\\common_lib.h(48):     <BR/>\n
..\\..\\Library\\common_lib.h(48):     <br/>\n
..\\..\\Library\\common_lib.h(48):     <table border="0">\n
..\\..\\Library\\common_lib.h(48):     <tr><td></td></tr>\n
..\\..\\Library\\common_lib.h(48):     <TR><TD></TD></TR>\n
..\\..\\Library\\common_lib.h(48):     <TR><TD>\n
..\\..\\Library\\common_lib.h(48):     <blockquote>\n
..\\..\\Library\\common_lib.h(48):     <H1><b>Web Tours</b></H1>\n
..\\..\\Library\\common_lib.h(48):     Welcome to the Web Tours site.\n
..\\..\\Library\\common_lib.h(48):     <br/>\n
..\\..\\Library\\common_lib.h(48):     To make reservations,please enter your account information to the left.\n
..\\..\\Library\\common_lib.h(48):     <br/>\n
..\\..\\Library\\common_lib.h(48):     If you haven't registered yet, <A href="/cgi-bin/login.pl?username=&amp;password=&amp;getI
..\\..\\Library\\common_lib.h(48):     nfo=true" ><B>sign up now</B></A> to get access to all our resources.\n
..\\..\\Library\\common_lib.h(48):     <br/>\n
..\\..\\Library\\common_lib.h(48):     To configure the server options, use <A href="/cgi-bin/admin.pl" target="body" ><b>adminis
..\\..\\Library\\common_lib.h(48):     tration</b></A> link.\n
..\\..\\Library\\common_lib.h(48):     <br/><br/><br/><br/><br/><br/>\n
..\\..\\Library\\common_lib.h(48):     <br/><small>\n
..\\..\\Library\\common_lib.h(48):     This product uses parts of the SMT Kernel, Copyright (c) 1991-99 <A href="http://www.imati
..\\..\\Library\\common_lib.h(48):     x.com" target="new"><B><small>iMatix Corporation</small></B></A> \n
..\\..\\Library\\common_lib.h(48):     </small>\n
..\\..\\Library\\common_lib.h(48):     </blockquote></TD>\n
..\\..\\Library\\common_lib.h(48):     <TD></TD></TR>\n
..\\..\\Library\\common_lib.h(48):     </table>\n
..\\..\\Library\\common_lib.h(48):     </body>\n
..\\..\\Library\\common_lib.h(48):     </HTML>\n
..\\..\\Library\\common_lib.h(48): t=414ms: Request done "http://127.0.0.1:1080/WebTours/home.html"  	[MsgId: MMSG-26000]
..\\..\\Library\\common_lib.h(48): Search registration for "userSession" parameter is filtered by "Request URL"  	[MsgId: MMSG-26000]
..\\..\\Library\\common_lib.h(48): t=469ms: 256-byte response headers for "http://127.0.0.1:1080/cgi-bin/nav.pl?in=home" (RelFrameId=1.1, Internal ID=2)
..\\..\\Library\\common_lib.h(48):     HTTP/1.1 200 OK\r\n
..\\..\\Library\\common_lib.h(48):     Date: Wed, 06 Apr 2022 15:25:48 GMT\r\n
..\\..\\Library\\common_lib.h(48):     Server: Apache/2.2.21 (Win32)\r\n
..\\..\\Library\\common_lib.h(48):     Expires: Tue, 05 Apr 2022 15:25:48 GMT\r\n
..\\..\\Library\\common_lib.h(48):     Keep-Alive: timeout=5, max=100\r\n
..\\..\\Library\\common_lib.h(48):     Connection: Keep-Alive\r\n
..\\..\\Library\\common_lib.h(48):     Transfer-Encoding: chunked\r\n
..\\..\\Library\\common_lib.h(48):     Content-Type: text/html; charset=ISO-8859-1\r\n
..\\..\\Library\\common_lib.h(48):     \r\n
..\\..\\Library\\common_lib.h(48): t=470ms: 5-byte chunked response overhead for "http://127.0.0.1:1080/cgi-bin/nav.pl?in=home" (RelFrameId=1.1, Internal ID=2)
..\\..\\Library\\common_lib.h(48):     5ca\r\n
..\\..\\Library\\common_lib.h(48): t=470ms: 7-byte chunked response overhead for "http://127.0.0.1:1080/cgi-bin/nav.pl?in=home" (RelFrameId=1.1, Internal ID=2)
..\\..\\Library\\common_lib.h(48):     \r\n
..\\..\\Library\\common_lib.h(48):     0\r\n
..\\..\\Library\\common_lib.h(48):     \r\n
..\\..\\Library\\common_lib.h(48): t=470ms: 1482-byte chunked response body for "http://127.0.0.1:1080/cgi-bin/nav.pl?in=home" (RelFrameId=1.1, Internal ID=2)
..\\..\\Library\\common_lib.h(48):     <!DOCTYPE html\n
..\\..\\Library\\common_lib.h(48):     \tPUBLIC "-//W3C//DTD XHTML 1.0 Transitional//EN"\n
..\\..\\Library\\common_lib.h(48):     \t "http://www.w3.org/TR/xhtml1/DTD/xhtml1-transitional.dtd">\n
..\\..\\Library\\common_lib.h(48):     <html xmlns="http://www.w3.org/1999/xhtml" lang="en-US" xml:lang="en-US">\n
..\\..\\Library\\common_lib.h(48):     <head>\n
..\\..\\Library\\common_lib.h(48):     <title>Web Tours Navigation Bar</title>\n
..\\..\\Library\\common_lib.h(48):     <meta http-equiv="Content-Type" content="text/html; charset=iso-8859-1" />\n
..\\..\\Library\\common_lib.h(48):     </head>\n
..\\..\\Library\\common_lib.h(48):     <body bgcolor="#E0E7F1">\n
..\\..\\Library\\common_lib.h(48):     <style>\n
..\\..\\Library\\common_lib.h(48):     blockquote {font-family: tahoma; font-size : 10pt}\n
..\\..\\Library\\common_lib.h(48):     H1 {font-family: tahoma; font-size : 22pt; color: #993333}\n
..\\..\\Library\\common_lib.h(48):     H3 {font-family: tahoma; font-size : 10pt; color: black}\n
..\\..\\Library\\common_lib.h(48):     small {font-family: tahoma; font-size : 8pt}\n
..\\..\\Library\\common_lib.h(48):     </style>\n
..\\..\\Library\\common_lib.h(48):     <form method="post" action="/cgi-bin/login.pl" target="body">\n
..\\..\\Library\\common_lib.h(48):     <input type="hidden" name="userSession" value="133597.306439854ziHVQVVptftVcDVptziH"/>\n
..\\..\\Library\\common_lib.h(48):     <table border="0"><tr><td>&nbsp;</td>\n
..\\..\\Library\\common_lib.h(48):     <td>&nbsp;</td></tr>\n
..\\..\\Library\\common_lib.h(48):     <tr><td>&nbsp;</td>\n
..\\..\\Library\\common_lib.h(48):     <td>&nbsp;</td></tr>\n
..\\..\\Library\\common_lib.h(48):     <tr><td>&nbsp;</td>\n
..\\..\\Library\\common_lib.h(48):     <td><small>&nbsp;Username</small></td></tr>\n
..\\..\\Library\\common_lib.h(48):     <tr><td>&nbsp;</td>\n
..\\..\\Library\\common_lib.h(48):     <td><input type="text" name="username" value="" size="14" maxlength="14"/></td></tr>\n
..\\..\\Library\\common_lib.h(48):     <tr><td>&nbsp;</td>\n
..\\..\\Library\\common_lib.h(48):     <td><small>&nbsp;Password</small></td>\n
..\\..\\Library\\common_lib.h(48):     <tr><td>&nbsp;</td>\n
..\\..\\Library\\common_lib.h(48):     <td><input type="password" name="password" value="" size="14" maxlength="14"/></td></tr>\n
..\\..\\Library\\common_lib.h(48):     <tr><td>&nbsp;</td>\n
..\\..\\Library\\common_lib.h(48):     <td>&nbsp;</td></tr>\n
..\\..\\Library\\common_lib.h(48):     <tr><td>&nbsp;</td>\n
..\\..\\Library\\common_lib.h(48):     <td><input type="image" name="login" value="Login" alt="Login" border="1" \n
..\\..\\Library\\common_lib.h(48):     src="/WebTours/images/mer_login.gif"/></td></tr>\n
..\\..\\Library\\common_lib.h(48):     <tr><td>&nbsp;</td><td>&nbsp;</td></tr>\n
..\\..\\Library\\common_lib.h(48):     </table><input type="hidden" name="JSFormSubmit" value="off"/>\n
..\\..\\Library\\common_lib.h(48):     </form>\n
..\\..\\Library\\common_lib.h(48):     \n
..\\..\\Library\\common_lib.h(48):     </body>\n
..\\..\\Library\\common_lib.h(48):     </html>\n
..\\..\\Library\\common_lib.h(48): Found resource "http://127.0.0.1:1080/WebTours/images/mer_login.gif" in HTML "http://127.0.0.1:1080/cgi-bin/nav.pl?in=home"  	[MsgId: MMSG-26659]
..\\..\\Library\\common_lib.h(48): t=471ms: Request done "http://127.0.0.1:1080/cgi-bin/nav.pl?in=home"  	[MsgId: MMSG-26000]
..\\..\\Library\\common_lib.h(48): Notify: Saving Parameter "userSession = 133597.306439854ziHVQVVptftVcDVptziH".
..\\..\\Library\\common_lib.h(48): t=472ms: Already connected [0] to 127.0.0.1:1080  	[MsgId: MMSG-26000]
..\\..\\Library\\common_lib.h(48): t=473ms: 653-byte request headers for "http://127.0.0.1:1080/WebTours/images/mer_login.gif" (RelFrameId=, Internal ID=4)
..\\..\\Library\\common_lib.h(48):     GET /WebTours/images/mer_login.gif HTTP/1.1\r\n
..\\..\\Library\\common_lib.h(48):     Referer: http://127.0.0.1:1080/cgi-bin/nav.pl?in=home\r\n
..\\..\\Library\\common_lib.h(48):     DNT: 1\r\n
..\\..\\Library\\common_lib.h(48):     Sec-Fetch-Dest: frame\r\n
..\\..\\Library\\common_lib.h(48):     Sec-Fetch-Mode: navigate\r\n
..\\..\\Library\\common_lib.h(48):     Sec-Fetch-Site: same-origin\r\n
..\\..\\Library\\common_lib.h(48):     Upgrade-Insecure-Requests: 1\r\n
..\\..\\Library\\common_lib.h(48):     sec-ch-ua: " Not A;Brand";v="99", "Chromium";v="99", "Google Chrome";v="99"\r\n
..\\..\\Library\\common_lib.h(48):     sec-ch-ua-mobile: ?0\r\n
..\\..\\Library\\common_lib.h(48):     sec-ch-ua-platform: "Windows"\r\n
..\\..\\Library\\common_lib.h(48):     User-Agent: Mozilla/5.0 (Windows NT 10.0; Win64; x64) AppleWebKit/537.36 (KHTML, like Geck
..\\..\\Library\\common_lib.h(48):     o) Chrome/99.0.4844.82 Safari/537.36\r\n
..\\..\\Library\\common_lib.h(48):     Accept-Encoding: gzip, deflate, br\r\n
..\\..\\Library\\common_lib.h(48):     Accept-Language: ru-RU,ru;q=0.9,en-US;q=0.8,en;q=0.7\r\n
..\\..\\Library\\common_lib.h(48):     Accept: */*\r\n
..\\..\\Library\\common_lib.h(48):     Connection: Keep-Alive\r\n
..\\..\\Library\\common_lib.h(48):     Host: 127.0.0.1:1080\r\n
..\\..\\Library\\common_lib.h(48):     Cookie: MSO=SID&1649258748\r\n
..\\..\\Library\\common_lib.h(48):     \r\n
..\\..\\Library\\common_lib.h(48): t=475ms: 297-byte response headers for "http://127.0.0.1:1080/WebTours/images/mer_login.gif" (RelFrameId=, Internal ID=4)
..\\..\\Library\\common_lib.h(48):     HTTP/1.1 200 OK\r\n
..\\..\\Library\\common_lib.h(48):     Date: Wed, 06 Apr 2022 15:25:48 GMT\r\n
..\\..\\Library\\common_lib.h(48):     Server: Apache/2.2.21 (Win32)\r\n
..\\..\\Library\\common_lib.h(48):     Last-Modified: Sat, 26 Mar 2022 07:29:11 GMT\r\n
..\\..\\Library\\common_lib.h(48):     ETag: "500000001c684-2a7-5db1a0918c7fd"\r\n
..\\..\\Library\\common_lib.h(48):     Accept-Ranges: bytes\r\n
..\\..\\Library\\common_lib.h(48):     Content-Length: 679\r\n
..\\..\\Library\\common_lib.h(48):     Keep-Alive: timeout=5, max=99\r\n
..\\..\\Library\\common_lib.h(48):     Connection: Keep-Alive\r\n
..\\..\\Library\\common_lib.h(48):     Content-Type: image/gif\r\n
..\\..\\Library\\common_lib.h(48):     \r\n
..\\..\\Library\\common_lib.h(48): t=475ms: 679-byte response body for "http://127.0.0.1:1080/WebTours/images/mer_login.gif" (RelFrameId=, Internal ID=4)
..\\..\\Library\\common_lib.h(48): t=476ms: Request done "http://127.0.0.1:1080/WebTours/images/mer_login.gif"  	[MsgId: MMSG-26000]
..\\..\\Library\\common_lib.h(48): Registered web_reg_find successful for "Text=Web Tours" (count=5)  	[MsgId: MMSG-26364]
..\\..\\Library\\common_lib.h(48): web_url("welcome.pl") was successful, 4208 body bytes, 1180 header bytes, 24 chunking overhead bytes  	[MsgId: MMSG-26385]
..\\..\\Library\\common_lib.h(58): Notify: Transaction "HomePage" ended with a "Pass" status (Duration: 0.2893 Wasted Time: 0.1008).
..\\..\\Library\\common_lib.h(64): Notify: Transaction "Login" started.
..\\..\\Library\\common_lib.h(66): web_reg_find started  	[MsgId: MMSG-26355]
..\\..\\Library\\common_lib.h(66): Registering web_reg_find was successful  	[MsgId: MMSG-26390]
..\\..\\Library\\common_lib.h(70): web_reg_find started  	[MsgId: MMSG-26355]
..\\..\\Library\\common_lib.h(70): Registering web_reg_find was successful  	[MsgId: MMSG-26390]
..\\..\\Library\\common_lib.h(73): web_add_header("Origin") started  	[MsgId: MMSG-26355]
..\\..\\Library\\common_lib.h(73): An unrecognized header ("Origin") is being added  	[MsgId: MMSG-26595]
..\\..\\Library\\common_lib.h(73): "Origin: http://127.0.0.1:1080" header registered for adding to requests from the immediately following Action function  	[MsgId: MMSG-26506]
..\\..\\Library\\common_lib.h(73): web_add_header("Origin") was successful  	[MsgId: MMSG-26392]
..\\..\\Library\\common_lib.h(76): web_add_auto_header("Sec-Fetch-User") started  	[MsgId: MMSG-26355]
..\\..\\Library\\common_lib.h(76): An unrecognized header ("Sec-Fetch-User") is being added  	[MsgId: MMSG-26595]
..\\..\\Library\\common_lib.h(76): "Sec-Fetch-User: ?1" header registered for adding to requests from all following Action functions  	[MsgId: MMSG-26505]
..\\..\\Library\\common_lib.h(76): web_add_auto_header("Sec-Fetch-User") was successful  	[MsgId: MMSG-26392]
..\\..\\Library\\common_lib.h(79): lr_think_time: 5.00 seconds.
..\\..\\Library\\common_lib.h(79): Notify: Transaction "Login" ended with a "Stop" status (Duration: 4.0881).
..\\..\\Library\\common_lib.h(79): Notify: Transaction "03_TicketWithoutPurchase" ended with a "Stop" status (Duration: 4.3997 Wasted Time: 0.1008).
Abort was called from an action.
Ending Vuser...
Starting action vuser_end.
Ending action vuser_end.
Vuser Terminated.
..\\..\\Library\\common_lib.h(79): t=4631ms: Closed connection [0] to 127.0.0.1:1080 after completing 2 request(s)  	[MsgId: MMSG-26000]
..\\..\\Library\\common_lib.h(79): t=4631ms: Closed connection [1] to 127.0.0.1:1080 after completing 1 request(s)  	[MsgId: MMSG-26000]
..\\..\\Library\\common_lib.h(79): t=4631ms: Closed connection [2] to 127.0.0.1:1080 after completing 1 request(s)  	[MsgId: MMSG-26000]
HTML-Mode memory management statistics: Reusable=3, NonReusable=0, CsMemBlockSize=4096, checks disabled  	[MsgId: MMSG-26000]
Vuser 0 (thread 4508), ended OK."
