..\\..\\Library\\common_lib.h(48):     GET /cgi-bin/welcome.pl?signOff=true HTTP/1.1\r\n
..\\..\\Library\\common_lib.h(48):     Referer: http://127.0.0.1:1080/WebTours/\r\n
..\\..\\Library\\common_lib.h(48):     DNT: 1\r\n
..\\..\\Library\\common_lib.h(48):     Sec-Fetch-Dest: frame\r\n
..\\..\\Library\\common_lib.h(48):     Sec-Fetch-Mode: navigate\r\n
..\\..\\Library\\common_lib.h(48):     Sec-Fetch-Site: same-origin\r\n
..\\..\\Library\\common_lib.h(48):     Upgrade-Insecure-Requests: 1\r\n
..\\..\\Library\\common_lib.h(48):     sec-ch-ua: " Not A;Brand";v="99", "Chromium";v="99", "Google Chrome";v="99"\r\n
..\\..\\Library\\common_lib.h(48):     sec-ch-ua-mobile: ?0\r\n
..\\..\\Library\\common_lib.h(48):     sec-ch-ua-platform: "Windows"\r\n
..\\..\\Library\\common_lib.h(48):     User-Agent: Mozilla/5.0 (Windows NT 10.0; Win64; x64) AppleWebKit/537.36 (KHTML, like Geck
..\\..\\Library\\common_lib.h(48):     o) Chrome/99.0.4844.82 Safari/537.36\r\n
..\\..\\Library\\common_lib.h(48):     Accept-Encoding: gzip, deflate, br\r\n
..\\..\\Library\\common_lib.h(48):     Accept-Language: ru-RU,ru;q=0.9,en-US;q=0.8,en;q=0.7\r\n
..\\..\\Library\\common_lib.h(48):     Accept: */*\r\n
..\\..\\Library\\common_lib.h(48):     Connection: Keep-Alive\r\n
..\\..\\Library\\common_lib.h(48):     Host: 127.0.0.1:1080\r\n
..\\..\\Library\\common_lib.h(48):     Cookie: MSO=SID&1648654384\r\n
..\\..\\Library\\common_lib.h(48):     \r\n
..\\..\\Library\\common_lib.h(48): t=260709ms: 328-byte response headers for "http://127.0.0.1:1080/cgi-bin/welcome.pl?signOff=true" (RelFrameId=1, Internal ID=46)
..\\..\\Library\\common_lib.h(48):     HTTP/1.1 200 OK\r\n
..\\..\\Library\\common_lib.h(48):     Date: Sun, 03 Apr 2022 10:25:45 GMT\r\n
..\\..\\Library\\common_lib.h(48):     Server: Apache/2.2.21 (Win32)\r\n
..\\..\\Library\\common_lib.h(48):     Set-Cookie: MSO=SID&1648981545; path=/\r\n
..\\..\\Library\\common_lib.h(48):     Set-Cookie: MTUserInfo=; path=/; expires=Sat, 02-Apr-2022 10:25:45 GMT\r\n
..\\..\\Library\\common_lib.h(48):     Keep-Alive: timeout=5, max=100\r\n
..\\..\\Library\\common_lib.h(48):     Connection: Keep-Alive\r\n
..\\..\\Library\\common_lib.h(48):     Transfer-Encoding: chunked\r\n
..\\..\\Library\\common_lib.h(48):     Content-Type: text/html; charset=ISO-8859-1\r\n
..\\..\\Library\\common_lib.h(48):     \r\n
..\\..\\Library\\common_lib.h(48): t=260709ms: 5-byte chunked response overhead for "http://127.0.0.1:1080/cgi-bin/welcome.pl?signOff=true" (RelFrameId=1, Internal ID=46)
..\\..\\Library\\common_lib.h(48):     2ae\r\n
..\\..\\Library\\common_lib.h(48): t=260709ms: 7-byte chunked response overhead for "http://127.0.0.1:1080/cgi-bin/welcome.pl?signOff=true" (RelFrameId=1, Internal ID=46)
..\\..\\Library\\common_lib.h(48):     \r\n
..\\..\\Library\\common_lib.h(48):     0\r\n
..\\..\\Library\\common_lib.h(48):     \r\n
..\\..\\Library\\common_lib.h(48): t=260709ms: 686-byte chunked response body for "http://127.0.0.1:1080/cgi-bin/welcome.pl?signOff=true" (RelFrameId=1, Internal ID=46)
..\\..\\Library\\common_lib.h(48):     <!-- \n
..\\..\\Library\\common_lib.h(48):      A Session ID has been created and loaded into a cookie called MSO.\n
..\\..\\Library\\common_lib.h(48):      Also, the server options have been loaded into the cookie called\n
..\\..\\Library\\common_lib.h(48):      MSO as well.  The server options can be set via the Admin page.\n
..\\..\\Library\\common_lib.h(48):      --->\n
..\\..\\Library\\common_lib.h(48):     \n
..\\..\\Library\\common_lib.h(48):     <html>\n
..\\..\\Library\\common_lib.h(48):     <title>Web Tours</title>\n
..\\..\\Library\\common_lib.h(48):        <!-- Frame Set -->\n
..\\..\\Library\\common_lib.h(48):        <frameset cols="160,*" border="1" frameborder="1">\n
..\\..\\Library\\common_lib.h(48):           <!-- Navigation Frame -->\n
..\\..\\Library\\common_lib.h(48):           <frame src="nav.pl?in=home" name="navbar" marginheight="2" marginwidth="2" \n
..\\..\\Library\\common_lib.h(48):                 noresize="noresize" scrolling="auto"/>\n
..\\..\\Library\\common_lib.h(48):           <!-- Home Frame -->\n
..\\..\\Library\\common_lib.h(48):           <frame src="/WebTours/home.html" name="info" marginheight="2" marginwidth="2" \n
..\\..\\Library\\common_lib.h(48):                 noresize="noresize" scrolling="auto"/>\n
..\\..\\Library\\common_lib.h(48):        </frameset>\n
..\\..\\Library\\common_lib.h(48):     </html>\n
..\\..\\Library\\common_lib.h(48):     \n
..\\..\\Library\\common_lib.h(48):     </body>\n
..\\..\\Library\\common_lib.h(48):     </html>
..\\..\\Library\\common_lib.h(48): Detected non-resource "http://127.0.0.1:1080/cgi-bin/nav.pl?in=home" in "http://127.0.0.1:1080/cgi-bin/welcome.pl?signOff=true"  	[MsgId: MMSG-26574]
..\\..\\Library\\common_lib.h(48): Detected non-resource "http://127.0.0.1:1080/WebTours/home.html" in "http://127.0.0.1:1080/cgi-bin/welcome.pl?signOff=true"  	[MsgId: MMSG-26574]
..\\..\\Library\\common_lib.h(48): t=260710ms: Request done "http://127.0.0.1:1080/cgi-bin/welcome.pl?signOff=true"  	[MsgId: MMSG-26000]
..\\..\\Library\\common_lib.h(48): Search registration for "userSession" parameter is filtered by "Request URL"  	[MsgId: MMSG-26000]
..\\..\\Library\\common_lib.h(48): t=260710ms: Connecting [1] to host 127.0.0.1:1080  	[MsgId: MMSG-26000]
..\\..\\Library\\common_lib.h(48): t=260711ms: Connecting [2] to host 127.0.0.1:1080  	[MsgId: MMSG-26000]
..\\..\\Library\\common_lib.h(48): t=260711ms: Connected socket [1] from 127.0.0.1:63669 to 127.0.0.1:1080 in 1 ms  	[MsgId: MMSG-26000]
..\\..\\Library\\common_lib.h(48): t=260711ms: 655-byte request headers for "http://127.0.0.1:1080/cgi-bin/nav.pl?in=home" (RelFrameId=1.1, Internal ID=47)
..\\..\\Library\\common_lib.h(48):     GET /cgi-bin/nav.pl?in=home HTTP/1.1\r\n
..\\..\\Library\\common_lib.h(48):     Referer: http://127.0.0.1:1080/cgi-bin/welcome.pl?signOff=true\r\n
..\\..\\Library\\common_lib.h(48):     DNT: 1\r\n
..\\..\\Library\\common_lib.h(48):     Sec-Fetch-Dest: frame\r\n
..\\..\\Library\\common_lib.h(48):     Sec-Fetch-Mode: navigate\r\n
..\\..\\Library\\common_lib.h(48):     Sec-Fetch-Site: same-origin\r\n
..\\..\\Library\\common_lib.h(48):     Upgrade-Insecure-Requests: 1\r\n
..\\..\\Library\\common_lib.h(48):     sec-ch-ua: " Not A;Brand";v="99", "Chromium";v="99", "Google Chrome";v="99"\r\n
..\\..\\Library\\common_lib.h(48):     sec-ch-ua-mobile: ?0\r\n
..\\..\\Library\\common_lib.h(48):     sec-ch-ua-platform: "Windows"\r\n
..\\..\\Library\\common_lib.h(48):     User-Agent: Mozilla/5.0 (Windows NT 10.0; Win64; x64) AppleWebKit/537.36 (KHTML, like Geck
..\\..\\Library\\common_lib.h(48):     o) Chrome/99.0.4844.82 Safari/537.36\r\n
..\\..\\Library\\common_lib.h(48):     Accept-Encoding: gzip, deflate, br\r\n
..\\..\\Library\\common_lib.h(48):     Accept-Language: ru-RU,ru;q=0.9,en-US;q=0.8,en;q=0.7\r\n
..\\..\\Library\\common_lib.h(48):     Accept: */*\r\n
..\\..\\Library\\common_lib.h(48):     Connection: Keep-Alive\r\n
..\\..\\Library\\common_lib.h(48):     Host: 127.0.0.1:1080\r\n
..\\..\\Library\\common_lib.h(48):     Cookie: MSO=SID&1648981545\r\n
..\\..\\Library\\common_lib.h(48):     \r\n
..\\..\\Library\\common_lib.h(48): t=260712ms: Connected socket [2] from 127.0.0.1:63670 to 127.0.0.1:1080 in 1 ms  	[MsgId: MMSG-26000]
..\\..\\Library\\common_lib.h(48): t=260712ms: 651-byte request headers for "http://127.0.0.1:1080/WebTours/home.html" (RelFrameId=1.2, Internal ID=48)
..\\..\\Library\\common_lib.h(48):     GET /WebTours/home.html HTTP/1.1\r\n
..\\..\\Library\\common_lib.h(48):     Referer: http://127.0.0.1:1080/cgi-bin/welcome.pl?signOff=true\r\n
..\\..\\Library\\common_lib.h(48):     DNT: 1\r\n
..\\..\\Library\\common_lib.h(48):     Sec-Fetch-Dest: frame\r\n
..\\..\\Library\\common_lib.h(48):     Sec-Fetch-Mode: navigate\r\n
..\\..\\Library\\common_lib.h(48):     Sec-Fetch-Site: same-origin\r\n
..\\..\\Library\\common_lib.h(48):     Upgrade-Insecure-Requests: 1\r\n
..\\..\\Library\\common_lib.h(48):     sec-ch-ua: " Not A;Brand";v="99", "Chromium";v="99", "Google Chrome";v="99"\r\n
..\\..\\Library\\common_lib.h(48):     sec-ch-ua-mobile: ?0\r\n
..\\..\\Library\\common_lib.h(48):     sec-ch-ua-platform: "Windows"\r\n
..\\..\\Library\\common_lib.h(48):     User-Agent: Mozilla/5.0 (Windows NT 10.0; Win64; x64) AppleWebKit/537.36 (KHTML, like Geck
..\\..\\Library\\common_lib.h(48):     o) Chrome/99.0.4844.82 Safari/537.36\r\n
..\\..\\Library\\common_lib.h(48):     Accept-Encoding: gzip, deflate, br\r\n
..\\..\\Library\\common_lib.h(48):     Accept-Language: ru-RU,ru;q=0.9,en-US;q=0.8,en;q=0.7\r\n
..\\..\\Library\\common_lib.h(48):     Accept: */*\r\n
..\\..\\Library\\common_lib.h(48):     Connection: Keep-Alive\r\n
..\\..\\Library\\common_lib.h(48):     Host: 127.0.0.1:1080\r\n
..\\..\\Library\\common_lib.h(48):     Cookie: MSO=SID&1648981545\r\n
..\\..\\Library\\common_lib.h(48):     \r\n
..\\..\\Library\\common_lib.h(48): t=260715ms: 299-byte response headers for "http://127.0.0.1:1080/WebTours/home.html" (RelFrameId=1.2, Internal ID=48)
..\\..\\Library\\common_lib.h(48):     HTTP/1.1 200 OK\r\n
..\\..\\Library\\common_lib.h(48):     Date: Sun, 03 Apr 2022 10:25:45 GMT\r\n
..\\..\\Library\\common_lib.h(48):     Server: Apache/2.2.21 (Win32)\r\n
..\\..\\Library\\common_lib.h(48):     Last-Modified: Sat, 26 Mar 2022 07:29:11 GMT\r\n
..\\..\\Library\\common_lib.h(48):     ETag: "600000001c664-551-5db1a0912e433"\r\n
..\\..\\Library\\common_lib.h(48):     Accept-Ranges: bytes\r\n
..\\..\\Library\\common_lib.h(48):     Content-Length: 1361\r\n
..\\..\\Library\\common_lib.h(48):     Keep-Alive: timeout=5, max=100\r\n
..\\..\\Library\\common_lib.h(48):     Connection: Keep-Alive\r\n
..\\..\\Library\\common_lib.h(48):     Content-Type: text/html\r\n
..\\..\\Library\\common_lib.h(48):     \r\n
..\\..\\Library\\common_lib.h(48): t=260715ms: 1361-byte response body for "http://127.0.0.1:1080/WebTours/home.html" (RelFrameId=1.2, Internal ID=48)
..\\..\\Library\\common_lib.h(48):     <HTML>\n
..\\..\\Library\\common_lib.h(48):     <HEAD>\n
..\\..\\Library\\common_lib.h(48):     \t<title>Web Tours</title>\n
..\\..\\Library\\common_lib.h(48):     </HEAD>\n
..\\..\\Library\\common_lib.h(48):     <style>\n
..\\..\\Library\\common_lib.h(48):     \tblockquote {font-family: tahoma; font-size : 10pt}\n
..\\..\\Library\\common_lib.h(48):     \tH1 {font-family: tahoma; font-size : 22pt; color: #003366}\n
..\\..\\Library\\common_lib.h(48):     \tsmall {font-family: tahoma; font-size : 8pt}\n
..\\..\\Library\\common_lib.h(48):     \tH3{font-family: tahoma; font-size : 10pt; color: black}\n
..\\..\\Library\\common_lib.h(48):     \tA {FONT-WEIGHT: bold; FONT-SIZE: 10pt; COLOR: black; FONT-FAMILY: Tahoma; TEXT-DECORATIO
..\\..\\Library\\common_lib.h(48):     N: none}\n
..\\..\\Library\\common_lib.h(48):     \tA:hover{ FONT-WEIGHT: bold; FONT-SIZE: 10pt; COLOR: #993333; FONT-FAMILY: Tahoma;TEXT-DE
..\\..\\Library\\common_lib.h(48):     CORATION: underline}\n
..\\..\\Library\\common_lib.h(48):     \tTD {font-family: tahoma; font-size : 10pt; color: black}\n
..\\..\\Library\\common_lib.h(48):     </style>\n
..\\..\\Library\\common_lib.h(48):     <body bgcolor="#e0e7f1">\n
..\\..\\Library\\common_lib.h(48):     <BR/>\n
..\\..\\Library\\common_lib.h(48):     <BR/>\n
..\\..\\Library\\common_lib.h(48):     <BR/>\n
..\\..\\Library\\common_lib.h(48):     <br/>\n
..\\..\\Library\\common_lib.h(48):     <table border="0">\n
..\\..\\Library\\common_lib.h(48):     <tr><td></td></tr>\n
..\\..\\Library\\common_lib.h(48):     <TR><TD></TD></TR>\n
..\\..\\Library\\common_lib.h(48):     <TR><TD>\n
..\\..\\Library\\common_lib.h(48):     <blockquote>\n
..\\..\\Library\\common_lib.h(48):     <H1><b>Web Tours</b></H1>\n
..\\..\\Library\\common_lib.h(48):     Welcome to the Web Tours site.\n
..\\..\\Library\\common_lib.h(48):     <br/>\n
..\\..\\Library\\common_lib.h(48):     To make reservations,please enter your account information to the left.\n
..\\..\\Library\\common_lib.h(48):     <br/>\n
..\\..\\Library\\common_lib.h(48):     If you haven't registered yet, <A href="/cgi-bin/login.pl?username=&amp;password=&amp;getI
..\\..\\Library\\common_lib.h(48):     nfo=true" ><B>sign up now</B></A> to get access to all our resources.\n
..\\..\\Library\\common_lib.h(48):     <br/>\n
..\\..\\Library\\common_lib.h(48):     To configure the server options, use <A href="/cgi-bin/admin.pl" target="body" ><b>adminis
..\\..\\Library\\common_lib.h(48):     tration</b></A> link.\n
..\\..\\Library\\common_lib.h(48):     <br/><br/><br/><br/><br/><br/>\n
..\\..\\Library\\common_lib.h(48):     <br/><small>\n
..\\..\\Library\\common_lib.h(48):     This product uses parts of the SMT Kernel, Copyright (c) 1991-99 <A href="http://www.imati
..\\..\\Library\\common_lib.h(48):     x.com" target="new"><B><small>iMatix Corporation</small></B></A> \n
..\\..\\Library\\common_lib.h(48):     </small>\n
..\\..\\Library\\common_lib.h(48):     </blockquote></TD>\n
..\\..\\Library\\common_lib.h(48):     <TD></TD></TR>\n
..\\..\\Library\\common_lib.h(48):     </table>\n
..\\..\\Library\\common_lib.h(48):     </body>\n
..\\..\\Library\\common_lib.h(48):     </HTML>\n
..\\..\\Library\\common_lib.h(48): t=260716ms: Request done "http://127.0.0.1:1080/WebTours/home.html"  	[MsgId: MMSG-26000]
..\\..\\Library\\common_lib.h(48): Search registration for "userSession" parameter is filtered by "Request URL"  	[MsgId: MMSG-26000]
..\\..\\Library\\common_lib.h(48): t=260787ms: 256-byte response headers for "http://127.0.0.1:1080/cgi-bin/nav.pl?in=home" (RelFrameId=1.1, Internal ID=47)
..\\..\\Library\\common_lib.h(48):     HTTP/1.1 200 OK\r\n
..\\..\\Library\\common_lib.h(48):     Date: Sun, 03 Apr 2022 10:25:45 GMT\r\n
..\\..\\Library\\common_lib.h(48):     Server: Apache/2.2.21 (Win32)\r\n
..\\..\\Library\\common_lib.h(48):     Expires: Sat, 02 Apr 2022 10:25:45 GMT\r\n
..\\..\\Library\\common_lib.h(48):     Keep-Alive: timeout=5, max=100\r\n
..\\..\\Library\\common_lib.h(48):     Connection: Keep-Alive\r\n
..\\..\\Library\\common_lib.h(48):     Transfer-Encoding: chunked\r\n
..\\..\\Library\\common_lib.h(48):     Content-Type: text/html; charset=ISO-8859-1\r\n
..\\..\\Library\\common_lib.h(48):     \r\n
..\\..\\Library\\common_lib.h(48): t=260787ms: 5-byte chunked response overhead for "http://127.0.0.1:1080/cgi-bin/nav.pl?in=home" (RelFrameId=1.1, Internal ID=47)
..\\..\\Library\\common_lib.h(48):     5ce\r\n
..\\..\\Library\\common_lib.h(48): t=260788ms: 7-byte chunked response overhead for "http://127.0.0.1:1080/cgi-bin/nav.pl?in=home" (RelFrameId=1.1, Internal ID=47)
..\\..\\Library\\common_lib.h(48):     \r\n
..\\..\\Library\\common_lib.h(48):     0\r\n
..\\..\\Library\\common_lib.h(48):     \r\n
..\\..\\Library\\common_lib.h(48): t=260788ms: 1486-byte chunked response body for "http://127.0.0.1:1080/cgi-bin/nav.pl?in=home" (RelFrameId=1.1, Internal ID=47)
..\\..\\Library\\common_lib.h(48):     <!DOCTYPE html\n
..\\..\\Library\\common_lib.h(48):     \tPUBLIC "-//W3C//DTD XHTML 1.0 Transitional//EN"\n
..\\..\\Library\\common_lib.h(48):     \t "http://www.w3.org/TR/xhtml1/DTD/xhtml1-transitional.dtd">\n
..\\..\\Library\\common_lib.h(48):     <html xmlns="http://www.w3.org/1999/xhtml" lang="en-US" xml:lang="en-US">\n
..\\..\\Library\\common_lib.h(48):     <head>\n
..\\..\\Library\\common_lib.h(48):     <title>Web Tours Navigation Bar</title>\n
..\\..\\Library\\common_lib.h(48):     <meta http-equiv="Content-Type" content="text/html; charset=iso-8859-1" />\n
..\\..\\Library\\common_lib.h(48):     </head>\n
..\\..\\Library\\common_lib.h(48):     <body bgcolor="#E0E7F1">\n
..\\..\\Library\\common_lib.h(48):     <style>\n
..\\..\\Library\\common_lib.h(48):     blockquote {font-family: tahoma; font-size : 10pt}\n
..\\..\\Library\\common_lib.h(48):     H1 {font-family: tahoma; font-size : 22pt; color: #993333}\n
..\\..\\Library\\common_lib.h(48):     H3 {font-family: tahoma; font-size : 10pt; color: black}\n
..\\..\\Library\\common_lib.h(48):     small {font-family: tahoma; font-size : 8pt}\n
..\\..\\Library\\common_lib.h(48):     </style>\n
..\\..\\Library\\common_lib.h(48):     <form method="post" action="/cgi-bin/login.pl" target="body">\n
..\\..\\Library\\common_lib.h(48):     <input type="hidden" name="userSession" value="133574.851761847ziHAHfzptDHftVcctpfDizcf"/>
..\\..\\Library\\common_lib.h(48):     \n
..\\..\\Library\\common_lib.h(48):     <table border="0"><tr><td>&nbsp;</td>\n
..\\..\\Library\\common_lib.h(48):     <td>&nbsp;</td></tr>\n
..\\..\\Library\\common_lib.h(48):     <tr><td>&nbsp;</td>\n
..\\..\\Library\\common_lib.h(48):     <td>&nbsp;</td></tr>\n
..\\..\\Library\\common_lib.h(48):     <tr><td>&nbsp;</td>\n
..\\..\\Library\\common_lib.h(48):     <td><small>&nbsp;Username</small></td></tr>\n
..\\..\\Library\\common_lib.h(48):     <tr><td>&nbsp;</td>\n
..\\..\\Library\\common_lib.h(48):     <td><input type="text" name="username" value="" size="14" maxlength="14"/></td></tr>\n
..\\..\\Library\\common_lib.h(48):     <tr><td>&nbsp;</td>\n
..\\..\\Library\\common_lib.h(48):     <td><small>&nbsp;Password</small></td>\n
..\\..\\Library\\common_lib.h(48):     <tr><td>&nbsp;</td>\n
..\\..\\Library\\common_lib.h(48):     <td><input type="password" name="password" value="" size="14" maxlength="14"/></td></tr>\n
..\\..\\Library\\common_lib.h(48):     <tr><td>&nbsp;</td>\n
..\\..\\Library\\common_lib.h(48):     <td>&nbsp;</td></tr>\n
..\\..\\Library\\common_lib.h(48):     <tr><td>&nbsp;</td>\n
..\\..\\Library\\common_lib.h(48):     <td><input type="image" name="login" value="Login" alt="Login" border="1" \n
..\\..\\Library\\common_lib.h(48):     src="/WebTours/images/mer_login.gif"/></td></tr>\n
..\\..\\Library\\common_lib.h(48):     <tr><td>&nbsp;</td><td>&nbsp;</td></tr>\n
..\\..\\Library\\common_lib.h(48):     </table><input type="hidden" name="JSFormSubmit" value="off"/>\n
..\\..\\Library\\common_lib.h(48):     </form>\n
..\\..\\Library\\common_lib.h(48):     \n
..\\..\\Library\\common_lib.h(48):     </body>\n
..\\..\\Library\\common_lib.h(48):     </html>\n
..\\..\\Library\\common_lib.h(48): Found resource "http://127.0.0.1:1080/WebTours/images/mer_login.gif" in HTML "http://127.0.0.1:1080/cgi-bin/nav.pl?in=home"  	[MsgId: MMSG-26659]
..\\..\\Library\\common_lib.h(48): t=260789ms: Request done "http://127.0.0.1:1080/cgi-bin/nav.pl?in=home"  	[MsgId: MMSG-26000]
..\\..\\Library\\common_lib.h(48): Notify: Saving Parameter "userSession = 133574.851761847ziHAHfzptDHftVcctpfDizcf".	[MsgId: MMSG-13798]
..\\..\\Library\\common_lib.h(48): t=260789ms: Already connected [0] to 127.0.0.1:1080  	[MsgId: MMSG-26000]
..\\..\\Library\\common_lib.h(48): t=260789ms: 653-byte request headers for "http://127.0.0.1:1080/WebTours/images/mer_login.gif" (RelFrameId=, Internal ID=49)
..\\..\\Library\\common_lib.h(48):     GET /WebTours/images/mer_login.gif HTTP/1.1\r\n
..\\..\\Library\\common_lib.h(48):     Referer: http://127.0.0.1:1080/cgi-bin/nav.pl?in=home\r\n
..\\..\\Library\\common_lib.h(48):     DNT: 1\r\n
..\\..\\Library\\common_lib.h(48):     Sec-Fetch-Dest: frame\r\n
..\\..\\Library\\common_lib.h(48):     Sec-Fetch-Mode: navigate\r\n
..\\..\\Library\\common_lib.h(48):     Sec-Fetch-Site: same-origin\r\n
..\\..\\Library\\common_lib.h(48):     Upgrade-Insecure-Requests: 1\r\n
..\\..\\Library\\common_lib.h(48):     sec-ch-ua: " Not A;Brand";v="99", "Chromium";v="99", "Google Chrome";v="99"\r\n
..\\..\\Library\\common_lib.h(48):     sec-ch-ua-mobile: ?0\r\n
..\\..\\Library\\common_lib.h(48):     sec-ch-ua-platform: "Windows"\r\n
..\\..\\Library\\common_lib.h(48):     User-Agent: Mozilla/5.0 (Windows NT 10.0; Win64; x64) AppleWebKit/537.36 (KHTML, like Geck
..\\..\\Library\\common_lib.h(48):     o) Chrome/99.0.4844.82 Safari/537.36\r\n
..\\..\\Library\\common_lib.h(48):     Accept-Encoding: gzip, deflate, br\r\n
..\\..\\Library\\common_lib.h(48):     Accept-Language: ru-RU,ru;q=0.9,en-US;q=0.8,en;q=0.7\r\n
..\\..\\Library\\common_lib.h(48):     Accept: */*\r\n
..\\..\\Library\\common_lib.h(48):     Connection: Keep-Alive\r\n
..\\..\\Library\\common_lib.h(48):     Host: 127.0.0.1:1080\r\n
..\\..\\Library\\common_lib.h(48):     Cookie: MSO=SID&1648981545\r\n
..\\..\\Library\\common_lib.h(48):     \r\n
..\\..\\Library\\common_lib.h(48): t=260791ms: 297-byte response headers for "http://127.0.0.1:1080/WebTours/images/mer_login.gif" (RelFrameId=, Internal ID=49)
..\\..\\Library\\common_lib.h(48):     HTTP/1.1 200 OK\r\n
..\\..\\Library\\common_lib.h(48):     Date: Sun, 03 Apr 2022 10:25:45 GMT\r\n
..\\..\\Library\\common_lib.h(48):     Server: Apache/2.2.21 (Win32)\r\n
..\\..\\Library\\common_lib.h(48):     Last-Modified: Sat, 26 Mar 2022 07:29:11 GMT\r\n
..\\..\\Library\\common_lib.h(48):     ETag: "500000001c684-2a7-5db1a0918c7fd"\r\n
..\\..\\Library\\common_lib.h(48):     Accept-Ranges: bytes\r\n
..\\..\\Library\\common_lib.h(48):     Content-Length: 679\r\n
..\\..\\Library\\common_lib.h(48):     Keep-Alive: timeout=5, max=99\r\n
..\\..\\Library\\common_lib.h(48):     Connection: Keep-Alive\r\n
..\\..\\Library\\common_lib.h(48):     Content-Type: image/gif\r\n
..\\..\\Library\\common_lib.h(48):     \r\n
..\\..\\Library\\common_lib.h(48): t=260791ms: 679-byte response body for "http://127.0.0.1:1080/WebTours/images/mer_login.gif" (RelFrameId=, Internal ID=49)
..\\..\\Library\\common_lib.h(48): t=260791ms: Request done "http://127.0.0.1:1080/WebTours/images/mer_login.gif"  	[MsgId: MMSG-26000]
..\\..\\Library\\common_lib.h(48): Registered web_reg_find successful for "Text=Web Tours" (count=5)  	[MsgId: MMSG-26364]
..\\..\\Library\\common_lib.h(48): web_url("welcome.pl") was successful, 4212 body bytes, 1180 header bytes, 24 chunking overhead bytes  	[MsgId: MMSG-26385]
..\\..\\Library\\common_lib.h(58): Notify: Transaction "HomePage" ended with a "Pass" status (Duration: 0,1471 Wasted Time: 0,0008).	[MsgId: MMSG-16871]
..\\..\\Library\\common_lib.h(64): Notify: Transaction "Login" started.	[MsgId: MMSG-16999]
..\\..\\Library\\common_lib.h(66): web_reg_find started  	[MsgId: MMSG-26355]
..\\..\\Library\\common_lib.h(66): Registering web_reg_find was successful  	[MsgId: MMSG-26390]
..\\..\\Library\\common_lib.h(70): web_reg_find started  	[MsgId: MMSG-26355]
..\\..\\Library\\common_lib.h(70): Registering web_reg_find was successful  	[MsgId: MMSG-26390]
..\\..\\Library\\common_lib.h(73): web_add_header("Origin") started  	[MsgId: MMSG-26355]
..\\..\\Library\\common_lib.h(73): An unrecognized header ("Origin") is being added  	[MsgId: MMSG-26595]
..\\..\\Library\\common_lib.h(73): "Origin: http://127.0.0.1:1080" header registered for adding to requests from the immediately following Action function  	[MsgId: MMSG-26506]
..\\..\\Library\\common_lib.h(73): web_add_header("Origin") was successful  	[MsgId: MMSG-26392]
..\\..\\Library\\common_lib.h(76): web_add_auto_header("Sec-Fetch-User") started  	[MsgId: MMSG-26355]
..\\..\\Library\\common_lib.h(76): An unrecognized header ("Sec-Fetch-User") is being added  	[MsgId: MMSG-26595]
..\\..\\Library\\common_lib.h(76): "Sec-Fetch-User: ?1" header registered for adding to requests from all following Action functions  	[MsgId: MMSG-26505]
..\\..\\Library\\common_lib.h(76): web_add_auto_header("Sec-Fetch-User") was successful  	[MsgId: MMSG-26392]
..\\..\\Library\\common_lib.h(79): lr_think_time: 13,00 seconds.	[MsgId: MMSG-15948]
Action was aborted.	[MsgId: MMSG-10694]
Action was aborted.	[MsgId: MMSG-10694]
Ending Vuser...	[MsgId: MMSG-15966]
Ending Vuser...	[MsgId: MMSG-15966]
Starting action vuser_end.	[MsgId: MMSG-15919]
Starting action vuser_end.	[MsgId: MMSG-15919]
Ending action vuser_end.	[MsgId: MMSG-15918]
Vuser Terminated.	[MsgId: MMSG-15963]
Ending action vuser_end.	[MsgId: MMSG-15918]
Vuser Terminated.	[MsgId: MMSG-15963]
..\\..\\Library\\common_lib.h(81): t=266005ms: Closed connection [0] to 127.0.0.1:1080 after completing 1 request(s)  	[MsgId: MMSG-26000]
..\\..\\Library\\common_lib.h(81): t=266005ms: Closed connection [0] to 127.0.0.1:1080 after completing 1 request(s)  	[MsgId: MMSG-26000]
..\\..\\Library\\common_lib.h(81): t=266006ms: Closed connection [1] to 127.0.0.1:1080 after completing 1 request(s)  	[MsgId: MMSG-26000]
..\\..\\Library\\common_lib.h(81): t=266006ms: Closed connection [1] to 127.0.0.1:1080 after completing 1 request(s)  	[MsgId: MMSG-26000]
..\\..\\Library\\common_lib.h(81): t=266006ms: Closed connection [2] to 127.0.0.1:1080 after completing 1 request(s)  	[MsgId: MMSG-26000]
..\\..\\Library\\common_lib.h(81): t=266007ms: Closed connection [2] to 127.0.0.1:1080 after completing 1 request(s)  	[MsgId: MMSG-26000]
HTML-Mode memory management statistics: Reusable=7, NonReusable=0, CsMemBlockSize=4096, checks disabled  	[MsgId: MMSG-26000]
HTML-Mode memory management statistics: Reusable=7, NonReusable=0, CsMemBlockSize=4096, checks disabled  	[MsgId: MMSG-26000]
Vuser 2 (thread 16104), ended OK."	[MsgId: MMSG-10695]
Vuser 0 (thread 1652), ended OK."	[MsgId: MMSG-10695]
..\\..\\Library\\common_lib.h(81): web_submit_data("login.pl") started  	[MsgId: MMSG-26355]
..\\..\\Library\\common_lib.h(81): Notify: Parameter Substitution: parameter "userSession" =  "133574.851761847ziHAHfzptDHftVcctpfDizcf"	[MsgId: MMSG-13992]
..\\..\\Library\\common_lib.h(81): Notify: Parameter Substitution: parameter "userLogin" =  "impertinent"	[MsgId: MMSG-13992]
..\\..\\Library\\common_lib.h(81): Notify: Next row for parameter userPassword = 5 [table  = userPassword].	[MsgId: MMSG-13876]
..\\..\\Library\\common_lib.h(81): Notify: Parameter Substitution: parameter "userPassword" =  "83803695"	[MsgId: MMSG-13992]
..\\..\\Library\\common_lib.h(81): t=273800ms: Closed connection [0] to 127.0.0.1:1080 after completing 2 request(s)  	[MsgId: MMSG-26000]
..\\..\\Library\\common_lib.h(81): t=273800ms: Connecting [0] to host 127.0.0.1:1080  	[MsgId: MMSG-26000]
..\\..\\Library\\common_lib.h(81): t=273801ms: Connected socket [0] from 127.0.0.1:63684 to 127.0.0.1:1080 in 1 ms  	[MsgId: MMSG-26000]
..\\..\\Library\\common_lib.h(81): t=273801ms: 762-byte request headers for "http://127.0.0.1:1080/cgi-bin/login.pl" (RelFrameId=1, Internal ID=50)
..\\..\\Library\\common_lib.h(81):     POST /cgi-bin/login.pl HTTP/1.1\r\n
..\\..\\Library\\common_lib.h(81):     Content-Type: application/x-www-form-urlencoded\r\n
..\\..\\Library\\common_lib.h(81):     Referer: http://127.0.0.1:1080/cgi-bin/nav.pl?in=home\r\n
..\\..\\Library\\common_lib.h(81):     Origin: http://127.0.0.1:1080\r\n
..\\..\\Library\\common_lib.h(81):     DNT: 1\r\n
..\\..\\Library\\common_lib.h(81):     Sec-Fetch-Dest: frame\r\n
..\\..\\Library\\common_lib.h(81):     Sec-Fetch-Mode: navigate\r\n
..\\..\\Library\\common_lib.h(81):     Sec-Fetch-Site: same-origin\r\n
..\\..\\Library\\common_lib.h(81):     Upgrade-Insecure-Requests: 1\r\n
..\\..\\Library\\common_lib.h(81):     sec-ch-ua: " Not A;Brand";v="99", "Chromium";v="99", "Google Chrome";v="99"\r\n
..\\..\\Library\\common_lib.h(81):     sec-ch-ua-mobile: ?0\r\n
..\\..\\Library\\common_lib.h(81):     sec-ch-ua-platform: "Windows"\r\n
..\\..\\Library\\common_lib.h(81):     Sec-Fetch-User: ?1\r\n
..\\..\\Library\\common_lib.h(81):     User-Agent: Mozilla/5.0 (Windows NT 10.0; Win64; x64) AppleWebKit/537.36 (KHTML, like Geck
..\\..\\Library\\common_lib.h(81):     o) Chrome/99.0.4844.82 Safari/537.36\r\n
..\\..\\Library\\common_lib.h(81):     Accept-Encoding: gzip, deflate, br\r\n
..\\..\\Library\\common_lib.h(81):     Accept-Language: ru-RU,ru;q=0.9,en-US;q=0.8,en;q=0.7\r\n
..\\..\\Library\\common_lib.h(81):     Accept: */*\r\n
..\\..\\Library\\common_lib.h(81):     Connection: Keep-Alive\r\n
..\\..\\Library\\common_lib.h(81):     Host: 127.0.0.1:1080\r\n
..\\..\\Library\\common_lib.h(81):     Cookie: MSO=SID&1648981545\r\n
..\\..\\Library\\common_lib.h(81):     Content-Length: 129\r\n
..\\..\\Library\\common_lib.h(81):     \r\n
..\\..\\Library\\common_lib.h(81): t=273801ms: 129-byte request body for "http://127.0.0.1:1080/cgi-bin/login.pl" (RelFrameId=1, Internal ID=50)
..\\..\\Library\\common_lib.h(81):     userSession=133574.851761847ziHAHfzptDHftVcctpfDizcf&username=impertinent&password=8380369
..\\..\\Library\\common_lib.h(81):     5&login.x=66&login.y=9&JSFormSubmit=off
..\\..\\Library\\common_lib.h(81): t=273801ms: Inactive socket [1] was closed by 127.0.0.1:1080, probably due to Keep-Alive timeout  	[MsgId: MMSG-26000]
..\\..\\Library\\common_lib.h(81): t=273801ms: Closed connection [1] to 127.0.0.1:1080 after completing 1 request(s)  	[MsgId: MMSG-26000]
..\\..\\Library\\common_lib.h(81): t=273801ms: Inactive socket [2] was closed by 127.0.0.1:1080, probably due to Keep-Alive timeout  	[MsgId: MMSG-26000]
..\\..\\Library\\common_lib.h(81): t=273801ms: Closed connection [2] to 127.0.0.1:1080 after completing 1 request(s)  	[MsgId: MMSG-26000]
..\\..\\Library\\common_lib.h(81): t=273871ms: 229-byte response headers for "http://127.0.0.1:1080/cgi-bin/login.pl" (RelFrameId=1, Internal ID=50)
..\\..\\Library\\common_lib.h(81):     HTTP/1.1 200 OK\r\n
..\\..\\Library\\common_lib.h(81):     Date: Sun, 03 Apr 2022 10:25:58 GMT\r\n
..\\..\\Library\\common_lib.h(81):     Server: Apache/2.2.21 (Win32)\r\n
..\\..\\Library\\common_lib.h(81):     Expires: 5s\r\n
..\\..\\Library\\common_lib.h(81):     Keep-Alive: timeout=5, max=100\r\n
..\\..\\Library\\common_lib.h(81):     Connection: Keep-Alive\r\n
..\\..\\Library\\common_lib.h(81):     Transfer-Encoding: chunked\r\n
..\\..\\Library\\common_lib.h(81):     Content-Type: text/html; charset=ISO-8859-1\r\n
..\\..\\Library\\common_lib.h(81):     \r\n
..\\..\\Library\\common_lib.h(81): t=273871ms: 5-byte chunked response overhead for "http://127.0.0.1:1080/cgi-bin/login.pl" (RelFrameId=1, Internal ID=50)
..\\..\\Library\\common_lib.h(81):     1cf\r\n
..\\..\\Library\\common_lib.h(81): t=273871ms: 7-byte chunked response overhead for "http://127.0.0.1:1080/cgi-bin/login.pl" (RelFrameId=1, Internal ID=50)
..\\..\\Library\\common_lib.h(81):     \r\n
..\\..\\Library\\common_lib.h(81):     0\r\n
..\\..\\Library\\common_lib.h(81):     \r\n
..\\..\\Library\\common_lib.h(81): t=273871ms: 463-byte chunked response body for "http://127.0.0.1:1080/cgi-bin/login.pl" (RelFrameId=1, Internal ID=50)
..\\..\\Library\\common_lib.h(81):     <!--\n
..\\..\\Library\\common_lib.h(81):     User password was incorrect.  Prompt the user to fix password or sign-up...\n
..\\..\\Library\\common_lib.h(81):     --->\n
..\\..\\Library\\common_lib.h(81):     \n
..\\..\\Library\\common_lib.h(81):     <html>\n
..\\..\\Library\\common_lib.h(81):     <title>Web Tours</title>\n
..\\..\\Library\\common_lib.h(81):     <frameset cols="160,*" border=1 frameborder=1>\n
..\\..\\Library\\common_lib.h(81):     <frame src="nav.pl?username=impertinent&password=83803695" name="navbar" marginheight="2" 
..\\..\\Library\\common_lib.h(81):     marginwidth="2" noresize="noresize" scrolling="auto"/>\n
..\\..\\Library\\common_lib.h(81):     <frame src="error.pl?error=badPassword" name="info" marginheight="2" marginwidth="2" nores
..\\..\\Library\\common_lib.h(81):     ize="noresize" scrolling="auto"/>\n
..\\..\\Library\\common_lib.h(81):     </frameset>\n
..\\..\\Library\\common_lib.h(81):     \n
..\\..\\Library\\common_lib.h(81):     </body>\n
..\\..\\Library\\common_lib.h(81):     </html>
..\\..\\Library\\common_lib.h(81): Detected non-resource "http://127.0.0.1:1080/cgi-bin/nav.pl?username=impertinent&password=83803695" in "http://127.0.0.1:1080/cgi-bin/login.pl"  	[MsgId: MMSG-26574]
..\\..\\Library\\common_lib.h(81): Detected non-resource "http://127.0.0.1:1080/cgi-bin/error.pl?error=badPassword" in "http://127.0.0.1:1080/cgi-bin/login.pl"  	[MsgId: MMSG-26574]
..\\..\\Library\\common_lib.h(81): t=273872ms: Request done "http://127.0.0.1:1080/cgi-bin/login.pl"  	[MsgId: MMSG-26000]
..\\..\\Library\\common_lib.h(81): t=273872ms: Connecting [1] to host 127.0.0.1:1080  	[MsgId: MMSG-26000]
..\\..\\Library\\common_lib.h(81): t=273873ms: Connecting [2] to host 127.0.0.1:1080  	[MsgId: MMSG-26000]
..\\..\\Library\\common_lib.h(81): t=273873ms: Connected socket [1] from 127.0.0.1:63685 to 127.0.0.1:1080 in 1 ms  	[MsgId: MMSG-26000]
..\\..\\Library\\common_lib.h(81): t=273873ms: 722-byte request headers for "http://127.0.0.1:1080/cgi-bin/nav.pl?username=impertinent&password=83803695" (RelFrameId=1.1, Internal ID=51)
..\\..\\Library\\common_lib.h(81):     GET /cgi-bin/nav.pl?username=impertinent&password=83803695 HTTP/1.1\r\n
..\\..\\Library\\common_lib.h(81):     Referer: http://127.0.0.1:1080/cgi-bin/login.pl\r\n
..\\..\\Library\\common_lib.h(81):     Origin: http://127.0.0.1:1080\r\n
..\\..\\Library\\common_lib.h(81):     DNT: 1\r\n
..\\..\\Library\\common_lib.h(81):     Sec-Fetch-Dest: frame\r\n
..\\..\\Library\\common_lib.h(81):     Sec-Fetch-Mode: navigate\r\n
..\\..\\Library\\common_lib.h(81):     Sec-Fetch-Site: same-origin\r\n
..\\..\\Library\\common_lib.h(81):     Upgrade-Insecure-Requests: 1\r\n
..\\..\\Library\\common_lib.h(81):     sec-ch-ua: " Not A;Brand";v="99", "Chromium";v="99", "Google Chrome";v="99"\r\n
..\\..\\Library\\common_lib.h(81):     sec-ch-ua-mobile: ?0\r\n
..\\..\\Library\\common_lib.h(81):     sec-ch-ua-platform: "Windows"\r\n
..\\..\\Library\\common_lib.h(81):     Sec-Fetch-User: ?1\r\n
..\\..\\Library\\common_lib.h(81):     User-Agent: Mozilla/5.0 (Windows NT 10.0; Win64; x64) AppleWebKit/537.36 (KHTML, like Geck
..\\..\\Library\\common_lib.h(81):     o) Chrome/99.0.4844.82 Safari/537.36\r\n
..\\..\\Library\\common_lib.h(81):     Accept-Encoding: gzip, deflate, br\r\n
..\\..\\Library\\common_lib.h(81):     Accept-Language: ru-RU,ru;q=0.9,en-US;q=0.8,en;q=0.7\r\n
..\\..\\Library\\common_lib.h(81):     Accept: */*\r\n
..\\..\\Library\\common_lib.h(81):     Connection: Keep-Alive\r\n
..\\..\\Library\\common_lib.h(81):     Host: 127.0.0.1:1080\r\n
..\\..\\Library\\common_lib.h(81):     Cookie: MSO=SID&1648981545\r\n
..\\..\\Library\\common_lib.h(81):     \r\n
..\\..\\Library\\common_lib.h(81): t=273873ms: Connected socket [2] from 127.0.0.1:63686 to 127.0.0.1:1080 in 0 ms  	[MsgId: MMSG-26000]
..\\..\\Library\\common_lib.h(81): t=273873ms: 703-byte request headers for "http://127.0.0.1:1080/cgi-bin/error.pl?error=badPassword" (RelFrameId=1.2, Internal ID=52)
..\\..\\Library\\common_lib.h(81):     GET /cgi-bin/error.pl?error=badPassword HTTP/1.1\r\n
..\\..\\Library\\common_lib.h(81):     Referer: http://127.0.0.1:1080/cgi-bin/login.pl\r\n
..\\..\\Library\\common_lib.h(81):     Origin: http://127.0.0.1:1080\r\n
..\\..\\Library\\common_lib.h(81):     DNT: 1\r\n
..\\..\\Library\\common_lib.h(81):     Sec-Fetch-Dest: frame\r\n
..\\..\\Library\\common_lib.h(81):     Sec-Fetch-Mode: navigate\r\n
..\\..\\Library\\common_lib.h(81):     Sec-Fetch-Site: same-origin\r\n
..\\..\\Library\\common_lib.h(81):     Upgrade-Insecure-Requests: 1\r\n
..\\..\\Library\\common_lib.h(81):     sec-ch-ua: " Not A;Brand";v="99", "Chromium";v="99", "Google Chrome";v="99"\r\n
..\\..\\Library\\common_lib.h(81):     sec-ch-ua-mobile: ?0\r\n
..\\..\\Library\\common_lib.h(81):     sec-ch-ua-platform: "Windows"\r\n
..\\..\\Library\\common_lib.h(81):     Sec-Fetch-User: ?1\r\n
..\\..\\Library\\common_lib.h(81):     User-Agent: Mozilla/5.0 (Windows NT 10.0; Win64; x64) AppleWebKit/537.36 (KHTML, like Geck
..\\..\\Library\\common_lib.h(81):     o) Chrome/99.0.4844.82 Safari/537.36\r\n
..\\..\\Library\\common_lib.h(81):     Accept-Encoding: gzip, deflate, br\r\n
..\\..\\Library\\common_lib.h(81):     Accept-Language: ru-RU,ru;q=0.9,en-US;q=0.8,en;q=0.7\r\n
..\\..\\Library\\common_lib.h(81):     Accept: */*\r\n
..\\..\\Library\\common_lib.h(81):     Connection: Keep-Alive\r\n
..\\..\\Library\\common_lib.h(81):     Host: 127.0.0.1:1080\r\n
..\\..\\Library\\common_lib.h(81):     Cookie: MSO=SID&1648981545\r\n
..\\..\\Library\\common_lib.h(81):     \r\n
..\\..\\Library\\common_lib.h(81): t=273930ms: 256-byte response headers for "http://127.0.0.1:1080/cgi-bin/nav.pl?username=impertinent&password=83803695" (RelFrameId=1.1, Internal ID=51)
..\\..\\Library\\common_lib.h(81):     HTTP/1.1 200 OK\r\n
..\\..\\Library\\common_lib.h(81):     Date: Sun, 03 Apr 2022 10:25:59 GMT\r\n
..\\..\\Library\\common_lib.h(81):     Server: Apache/2.2.21 (Win32)\r\n
..\\..\\Library\\common_lib.h(81):     Expires: Sat, 02 Apr 2022 10:25:59 GMT\r\n
..\\..\\Library\\common_lib.h(81):     Keep-Alive: timeout=5, max=100\r\n
..\\..\\Library\\common_lib.h(81):     Connection: Keep-Alive\r\n
..\\..\\Library\\common_lib.h(81):     Transfer-Encoding: chunked\r\n
..\\..\\Library\\common_lib.h(81):     Content-Type: text/html; charset=ISO-8859-1\r\n
..\\..\\Library\\common_lib.h(81):     \r\n
..\\..\\Library\\common_lib.h(81): t=273931ms: 5-byte chunked response overhead for "http://127.0.0.1:1080/cgi-bin/nav.pl?username=impertinent&password=83803695" (RelFrameId=1.1, Internal ID=51)
..\\..\\Library\\common_lib.h(81):     5e1\r\n
..\\..\\Library\\common_lib.h(81): t=273931ms: 7-byte chunked response overhead for "http://127.0.0.1:1080/cgi-bin/nav.pl?username=impertinent&password=83803695" (RelFrameId=1.1, Internal ID=51)
..\\..\\Library\\common_lib.h(81):     \r\n
..\\..\\Library\\common_lib.h(81):     0\r\n
..\\..\\Library\\common_lib.h(81):     \r\n
..\\..\\Library\\common_lib.h(81): t=273931ms: 1505-byte chunked response body for "http://127.0.0.1:1080/cgi-bin/nav.pl?username=impertinent&password=83803695" (RelFrameId=1.1, Internal ID=51)
..\\..\\Library\\common_lib.h(81):     <!DOCTYPE html\n
..\\..\\Library\\common_lib.h(81):     \tPUBLIC "-//W3C//DTD XHTML 1.0 Transitional//EN"\n
..\\..\\Library\\common_lib.h(81):     \t "http://www.w3.org/TR/xhtml1/DTD/xhtml1-transitional.dtd">\n
..\\..\\Library\\common_lib.h(81):     <html xmlns="http://www.w3.org/1999/xhtml" lang="en-US" xml:lang="en-US">\n
..\\..\\Library\\common_lib.h(81):     <head>\n
..\\..\\Library\\common_lib.h(81):     <title>Web Tours Navigation Bar</title>\n
..\\..\\Library\\common_lib.h(81):     <meta http-equiv="Content-Type" content="text/html; charset=iso-8859-1" />\n
..\\..\\Library\\common_lib.h(81):     </head>\n
..\\..\\Library\\common_lib.h(81):     <body bgcolor="#E0E7F1">\n
..\\..\\Library\\common_lib.h(81):     <style>\n
..\\..\\Library\\common_lib.h(81):     blockquote {font-family: tahoma; font-size : 10pt}\n
..\\..\\Library\\common_lib.h(81):     H1 {font-family: tahoma; font-size : 22pt; color: #993333}\n
..\\..\\Library\\common_lib.h(81):     H3 {font-family: tahoma; font-size : 10pt; color: black}\n
..\\..\\Library\\common_lib.h(81):     small {font-family: tahoma; font-size : 8pt}\n
..\\..\\Library\\common_lib.h(81):     </style>\n
..\\..\\Library\\common_lib.h(81):     <form method="post" action="/cgi-bin/login.pl" target="body">\n
..\\..\\Library\\common_lib.h(81):     <input type="hidden" name="userSession" value="133574.851761847ziHAHfzptDHftVcctpfDizcf"/>
..\\..\\Library\\common_lib.h(81):     \n
..\\..\\Library\\common_lib.h(81):     <table border="0"><tr><td>&nbsp;</td>\n
..\\..\\Library\\common_lib.h(81):     <td>&nbsp;</td></tr>\n
..\\..\\Library\\common_lib.h(81):     <tr><td>&nbsp;</td>\n
..\\..\\Library\\common_lib.h(81):     <td>&nbsp;</td></tr>\n
..\\..\\Library\\common_lib.h(81):     <tr><td>&nbsp;</td>\n
..\\..\\Library\\common_lib.h(81):     <td><small>&nbsp;Username</small></td></tr>\n
..\\..\\Library\\common_lib.h(81):     <tr><td>&nbsp;</td>\n
..\\..\\Library\\common_lib.h(81):     <td><input type="text" name="username" value="impertinent" size="14" maxlength="14"/></td>
..\\..\\Library\\common_lib.h(81):     </tr>\n
..\\..\\Library\\common_lib.h(81):     <tr><td>&nbsp;</td>\n
..\\..\\Library\\common_lib.h(81):     <td><small>&nbsp;Password</small></td>\n
..\\..\\Library\\common_lib.h(81):     <tr><td>&nbsp;</td>\n
..\\..\\Library\\common_lib.h(81):     <td><input type="password" name="password" value="83803695" size="14" maxlength="14"/></td
..\\..\\Library\\common_lib.h(81):     ></tr>\n
..\\..\\Library\\common_lib.h(81):     <tr><td>&nbsp;</td>\n
..\\..\\Library\\common_lib.h(81):     <td>&nbsp;</td></tr>\n
..\\..\\Library\\common_lib.h(81):     <tr><td>&nbsp;</td>\n
..\\..\\Library\\common_lib.h(81):     <td><input type="image" name="login" value="Login" alt="Login" border="1" \n
..\\..\\Library\\common_lib.h(81):     src="/WebTours/images/mer_login.gif"/></td></tr>\n
..\\..\\Library\\common_lib.h(81):     <tr><td>&nbsp;</td><td>&nbsp;</td></tr>\n
..\\..\\Library\\common_lib.h(81):     </table><input type="hidden" name="JSFormSubmit" value="off"/>\n
..\\..\\Library\\common_lib.h(81):     </form>\n
..\\..\\Library\\common_lib.h(81):     \n
..\\..\\Library\\common_lib.h(81):     </body>\n
..\\..\\Library\\common_lib.h(81):     </html>\n
..\\..\\Library\\common_lib.h(81): Resource "http://127.0.0.1:1080/WebTours/images/mer_login.gif" is in the cache already and will not be downloaded again  	[MsgId: MMSG-26655]
..\\..\\Library\\common_lib.h(81): t=273932ms: Request done "http://127.0.0.1:1080/cgi-bin/nav.pl?username=impertinent&password=83803695"  	[MsgId: MMSG-26000]
..\\..\\Library\\common_lib.h(81): t=273936ms: 216-byte response headers for "http://127.0.0.1:1080/cgi-bin/error.pl?error=badPassword" (RelFrameId=1.2, Internal ID=52)
..\\..\\Library\\common_lib.h(81):     HTTP/1.1 200 OK\r\n
..\\..\\Library\\common_lib.h(81):     Date: Sun, 03 Apr 2022 10:25:59 GMT\r\n
..\\..\\Library\\common_lib.h(81):     Server: Apache/2.2.21 (Win32)\r\n
..\\..\\Library\\common_lib.h(81):     Keep-Alive: timeout=5, max=100\r\n
..\\..\\Library\\common_lib.h(81):     Connection: Keep-Alive\r\n
..\\..\\Library\\common_lib.h(81):     Transfer-Encoding: chunked\r\n
..\\..\\Library\\common_lib.h(81):     Content-Type: text/html; charset=ISO-8859-1\r\n
..\\..\\Library\\common_lib.h(81):     \r\n
..\\..\\Library\\common_lib.h(81): t=273936ms: 5-byte chunked response overhead for "http://127.0.0.1:1080/cgi-bin/error.pl?error=badPassword" (RelFrameId=1.2, Internal ID=52)
..\\..\\Library\\common_lib.h(81):     406\r\n
..\\..\\Library\\common_lib.h(81): t=273936ms: 7-byte chunked response overhead for "http://127.0.0.1:1080/cgi-bin/error.pl?error=badPassword" (RelFrameId=1.2, Internal ID=52)
..\\..\\Library\\common_lib.h(81):     \r\n
..\\..\\Library\\common_lib.h(81):     0\r\n
..\\..\\Library\\common_lib.h(81):     \r\n
..\\..\\Library\\common_lib.h(81): t=273936ms: 1030-byte chunked response body for "http://127.0.0.1:1080/cgi-bin/error.pl?error=badPassword" (RelFrameId=1.2, Internal ID=52)
..\\..\\Library\\common_lib.h(81):     <!DOCTYPE html\n
..\\..\\Library\\common_lib.h(81):     \tPUBLIC "-//W3C//DTD XHTML 1.0 Transitional//EN"\n
..\\..\\Library\\common_lib.h(81):     \t "http://www.w3.org/TR/xhtml1/DTD/xhtml1-transitional.dtd">\n
..\\..\\Library\\common_lib.h(81):     <html xmlns="http://www.w3.org/1999/xhtml" lang="en-US" xml:lang="en-US">\n
..\\..\\Library\\common_lib.h(81):     <head>\n
..\\..\\Library\\common_lib.h(81):     <title>Web Tours Error - Incorrect Password</title>\n
..\\..\\Library\\common_lib.h(81):     <meta http-equiv="Content-Type" content="text/html; charset=iso-8859-1" />\n
..\\..\\Library\\common_lib.h(81):     </head>\n
..\\..\\Library\\common_lib.h(81):     <body bgcolor="#E0E7F1">\n
..\\..\\Library\\common_lib.h(81):     <style>blockquote {font-family: tahoma; font-size : 10pt}H1 {font-family: tahoma; font-siz
..\\..\\Library\\common_lib.h(81):     e : 22pt; color: #003366}small {font-family: tahoma; font-size : 8pt}H3 {font-family: taho
..\\..\\Library\\common_lib.h(81):     ma; font-size : 10pt; color: black}TD {font-family: tahoma; font-size : 8pt; color: black}
..\\..\\Library\\common_lib.h(81):     </style><BR><BR><h1>&nbsp;&nbsp;<b>Error</b></h1><blockquote><center><h3><font color=red>W
..\\..\\Library\\common_lib.h(81):     eb Tours Error - Incorrect Password</font></h3></center><blockquote>\n
..\\..\\Library\\common_lib.h(81):     The username/password combination you've entered is invalid.  \n
..\\..\\Library\\common_lib.h(81):      Please double check your entry.  If it still does not work, you might \n
..\\..\\Library\\common_lib.h(81):      need to re-register with our site. <p /> Thank you for your patience.\n
..\\..\\Library\\common_lib.h(81):     </blockquote>\n
..\\..\\Library\\common_lib.h(81):     </body>\n
..\\..\\Library\\common_lib.h(81):     </html>
..\\..\\Library\\common_lib.h(81): t=273937ms: Request done "http://127.0.0.1:1080/cgi-bin/error.pl?error=badPassword"  	[MsgId: MMSG-26000]
..\\..\\Library\\common_lib.h(81): Registered web_reg_find successful for "Text=Illegal Access"  	[MsgId: MMSG-26362]
..\\..\\Library\\common_lib.h(81): Error -26366: "Text=User password was correct" not found for web_reg_find  	[MsgId: MERR-26366]
..\\..\\Library\\common_lib.h(81): web_submit_data("login.pl") highest severity level was "ERROR", 2998 body bytes, 701 header bytes, 36 chunking overhead bytes  	[MsgId: MMSG-26387]
..\\..\\Library\\common_lib.h(81): Notify: Transaction "Login" ended with a "Fail" status (Duration: 13,1455 Think Time: 13,0076 Wasted Time: 0,0000).	[MsgId: MMSG-16870]
..\\..\\Library\\common_lib.h(81): Notify: Transaction "Login" has 1 error message(s).	[MsgId: MMSG-16818]
..\\..\\Library\\common_lib.h(81): Notify: The 1st error message associated with transaction "Login" is "Error -26366: "Text=User password was correct" not found for web_reg_find"	[MsgId: MMSG-16819]
..\\..\\Library\\common_lib.h(81): Notify: Transaction "02_OneWayTicketPurchase" ended with a "Fail" status (Duration: 13,2928 Think Time: 13,0076 Wasted Time: 0,0009).	[MsgId: MMSG-16870]
..\\..\\Library\\common_lib.h(81): Notify: Transaction "02_OneWayTicketPurchase" has 1 error message(s).	[MsgId: MMSG-16818]
..\\..\\Library\\common_lib.h(81): Notify: The 1st error message associated with transaction "02_OneWayTicketPurchase" is "Error -26366: "Text=User password was correct" not found for web_reg_find"	[MsgId: MMSG-16819]
Ending action Action.	[MsgId: MMSG-15918]
Action was aborted.	[MsgId: MMSG-10694]
Ending Vuser...	[MsgId: MMSG-15966]
Starting action vuser_end.	[MsgId: MMSG-15919]
Ending action vuser_end.	[MsgId: MMSG-15918]
Vuser Terminated.	[MsgId: MMSG-15963]
..\\..\\Library\\common_lib.h(81): t=273937ms: Closed connection [0] to 127.0.0.1:1080 after completing 1 request(s)  	[MsgId: MMSG-26000]
..\\..\\Library\\common_lib.h(81): t=273937ms: Closed connection [1] to 127.0.0.1:1080 after completing 1 request(s)  	[MsgId: MMSG-26000]
..\\..\\Library\\common_lib.h(81): t=273937ms: Closed connection [2] to 127.0.0.1:1080 after completing 1 request(s)  	[MsgId: MMSG-26000]
HTML-Mode memory management statistics: Reusable=7, NonReusable=0, CsMemBlockSize=4096, checks disabled  	[MsgId: MMSG-26000]
Vuser 1 (thread 15864), ended OK."	[MsgId: MMSG-10695]
