..\\..\\Library\\common_lib.h(141):     <td><input type="password" name="password" value="" size="14" maxlength="14"/></td></tr>\n
..\\..\\Library\\common_lib.h(141):     <tr><td>&nbsp;</td>\n
..\\..\\Library\\common_lib.h(141):     <td>&nbsp;</td></tr>\n
..\\..\\Library\\common_lib.h(141):     <tr><td>&nbsp;</td>\n
..\\..\\Library\\common_lib.h(141):     <td><input type="image" name="login" value="Login" alt="Login" border="1" \n
..\\..\\Library\\common_lib.h(141):     src="/WebTours/images/mer_login.gif"/></td></tr>\n
..\\..\\Library\\common_lib.h(141):     <tr><td>&nbsp;</td><td>&nbsp;</td></tr>\n
..\\..\\Library\\common_lib.h(141):     </table><input type="hidden" name="JSFormSubmit" value="off"/>\n
..\\..\\Library\\common_lib.h(141):     </form>\n
..\\..\\Library\\common_lib.h(141):     \n
..\\..\\Library\\common_lib.h(141):     </body>\n
..\\..\\Library\\common_lib.h(141):     </html>\n
..\\..\\Library\\common_lib.h(141): Resource "http://127.0.0.1:1080/WebTours/images/mer_login.gif" is in the cache already and will not be downloaded again  	[MsgId: MMSG-26655]
..\\..\\Library\\common_lib.h(141): t=61076ms: Request done "http://127.0.0.1:1080/cgi-bin/nav.pl?in=home"  	[MsgId: MMSG-26000]
..\\..\\Library\\common_lib.h(141): Registered web_reg_find successful for "Text=Web Tours" (count=5)  	[MsgId: MMSG-26364]
..\\..\\Library\\common_lib.h(141): web_url("SignOff Button") was successful, 2176 body bytes, 584 header bytes, 24 chunking overhead bytes  	[MsgId: MMSG-26385]
..\\..\\Library\\common_lib.h(151): Notify: Transaction "Logout" ended with a "Pass" status (Duration: 7,1459 Think Time: 7,0241 Wasted Time: 0,0000).	[MsgId: MMSG-16870]
Action.c(155): Notify: Transaction "02_OneWayTicketPurchase" ended with a "Pass" status (Duration: 60,9250 Think Time: 59,0483 Wasted Time: 0,0028).	[MsgId: MMSG-16870]
Ending action Action.	[MsgId: MMSG-15918]
Action was aborted.	[MsgId: MMSG-10694]
Ending Vuser...	[MsgId: MMSG-15966]
Starting action vuser_end.	[MsgId: MMSG-15919]
Ending action vuser_end.	[MsgId: MMSG-15918]
Vuser Terminated.	[MsgId: MMSG-15963]
t=61077ms: Closed connection [0] to 127.0.0.1:1080 after completing 1 request(s)  	[MsgId: MMSG-26000]
t=61077ms: Closed connection [1] to 127.0.0.1:1080 after completing 1 request(s)  	[MsgId: MMSG-26000]
HTML-Mode memory management statistics: Reusable=7, NonReusable=0, CsMemBlockSize=4096, checks disabled  	[MsgId: MMSG-26000]
Vuser 1 (thread 16252), ended OK."	[MsgId: MMSG-10695]
..\\..\\Library\\common_lib.h(141): web_url("SignOff Button") started  	[MsgId: MMSG-26355]
..\\..\\Library\\common_lib.h(141): t=65818ms: Closed connection [0] to 127.0.0.1:1080 after completing 1 request(s)  	[MsgId: MMSG-26000]
..\\..\\Library\\common_lib.h(141): t=65818ms: Connecting [0] to host 127.0.0.1:1080  	[MsgId: MMSG-26000]
..\\..\\Library\\common_lib.h(141): t=65819ms: Connected socket [0] from 127.0.0.1:3908 to 127.0.0.1:1080 in 1 ms  	[MsgId: MMSG-26000]
..\\..\\Library\\common_lib.h(141): t=65819ms: 786-byte request headers for "http://127.0.0.1:1080/cgi-bin/welcome.pl?signOff=1" (RelFrameId=1, Internal ID=22)
..\\..\\Library\\common_lib.h(141):     GET /cgi-bin/welcome.pl?signOff=1 HTTP/1.1\r\n
..\\..\\Library\\common_lib.h(141):     Referer: http://127.0.0.1:1080/cgi-bin/nav.pl?page=menu&in=flights\r\n
..\\..\\Library\\common_lib.h(141):     Upgrade-Insecure-Requests: 1\r\n
..\\..\\Library\\common_lib.h(141):     DNT: 1\r\n
..\\..\\Library\\common_lib.h(141):     Sec-Fetch-Dest: frame\r\n
..\\..\\Library\\common_lib.h(141):     Sec-Fetch-Mode: navigate\r\n
..\\..\\Library\\common_lib.h(141):     Sec-Fetch-Site: same-origin\r\n
..\\..\\Library\\common_lib.h(141):     sec-ch-ua: " Not A;Brand";v="99", "Chromium";v="99", "Google Chrome";v="99"\r\n
..\\..\\Library\\common_lib.h(141):     sec-ch-ua-mobile: ?0\r\n
..\\..\\Library\\common_lib.h(141):     sec-ch-ua-platform: "Windows"\r\n
..\\..\\Library\\common_lib.h(141):     User-Agent: Mozilla/5.0 (Windows NT 10.0; Win64; x64) AppleWebKit/537.36 (KHTML, like Geck
..\\..\\Library\\common_lib.h(141):     o) Chrome/99.0.4844.82 Safari/537.36\r\n
..\\..\\Library\\common_lib.h(141):     Accept-Encoding: gzip, deflate, br\r\n
..\\..\\Library\\common_lib.h(141):     Accept-Language: ru-RU,ru;q=0.9,en-US;q=0.8,en;q=0.7\r\n
..\\..\\Library\\common_lib.h(141):     Accept: */*\r\n
..\\..\\Library\\common_lib.h(141):     Connection: Keep-Alive\r\n
..\\..\\Library\\common_lib.h(141):     Host: 127.0.0.1:1080\r\n
..\\..\\Library\\common_lib.h(141):     Cookie: MSO=SID&1648987440; MTUserInfo=firstName&Carlos&username&acrobat&address2&Brooklyn
..\\..\\Library\\common_lib.h(141):     &hash&84&address1&22%20Church%20Street&lastName&Watson%0A\r\n
..\\..\\Library\\common_lib.h(141):     \r\n
..\\..\\Library\\common_lib.h(141): t=65819ms: Inactive socket [1] was closed by 127.0.0.1:1080, probably due to Keep-Alive timeout  	[MsgId: MMSG-26000]
..\\..\\Library\\common_lib.h(141): t=65819ms: Closed connection [1] to 127.0.0.1:1080 after completing 1 request(s)  	[MsgId: MMSG-26000]
..\\..\\Library\\common_lib.h(141): web_url("SignOff Button") started  	[MsgId: MMSG-26355]
..\\..\\Library\\common_lib.h(141): t=65850ms: Closed connection [0] to 127.0.0.1:1080 after completing 1 request(s)  	[MsgId: MMSG-26000]
..\\..\\Library\\common_lib.h(141): t=65850ms: Connecting [0] to host 127.0.0.1:1080  	[MsgId: MMSG-26000]
..\\..\\Library\\common_lib.h(141): t=65850ms: Connected socket [0] from 127.0.0.1:3909 to 127.0.0.1:1080 in 0 ms  	[MsgId: MMSG-26000]
..\\..\\Library\\common_lib.h(141): t=65850ms: 786-byte request headers for "http://127.0.0.1:1080/cgi-bin/welcome.pl?signOff=1" (RelFrameId=1, Internal ID=22)
..\\..\\Library\\common_lib.h(141):     GET /cgi-bin/welcome.pl?signOff=1 HTTP/1.1\r\n
..\\..\\Library\\common_lib.h(141):     Referer: http://127.0.0.1:1080/cgi-bin/nav.pl?page=menu&in=flights\r\n
..\\..\\Library\\common_lib.h(141):     Upgrade-Insecure-Requests: 1\r\n
..\\..\\Library\\common_lib.h(141):     DNT: 1\r\n
..\\..\\Library\\common_lib.h(141):     Sec-Fetch-Dest: frame\r\n
..\\..\\Library\\common_lib.h(141):     Sec-Fetch-Mode: navigate\r\n
..\\..\\Library\\common_lib.h(141):     Sec-Fetch-Site: same-origin\r\n
..\\..\\Library\\common_lib.h(141):     sec-ch-ua: " Not A;Brand";v="99", "Chromium";v="99", "Google Chrome";v="99"\r\n
..\\..\\Library\\common_lib.h(141):     sec-ch-ua-mobile: ?0\r\n
..\\..\\Library\\common_lib.h(141):     sec-ch-ua-platform: "Windows"\r\n
..\\..\\Library\\common_lib.h(141):     User-Agent: Mozilla/5.0 (Windows NT 10.0; Win64; x64) AppleWebKit/537.36 (KHTML, like Geck
..\\..\\Library\\common_lib.h(141):     o) Chrome/99.0.4844.82 Safari/537.36\r\n
..\\..\\Library\\common_lib.h(141):     Accept-Encoding: gzip, deflate, br\r\n
..\\..\\Library\\common_lib.h(141):     Accept-Language: ru-RU,ru;q=0.9,en-US;q=0.8,en;q=0.7\r\n
..\\..\\Library\\common_lib.h(141):     Accept: */*\r\n
..\\..\\Library\\common_lib.h(141):     Connection: Keep-Alive\r\n
..\\..\\Library\\common_lib.h(141):     Host: 127.0.0.1:1080\r\n
..\\..\\Library\\common_lib.h(141):     Cookie: MSO=SID&1648987440; MTUserInfo=firstName&Carlos&username&acrobat&address2&Brooklyn
..\\..\\Library\\common_lib.h(141):     &hash&84&address1&22%20Church%20Street&lastName&Watson%0A\r\n
..\\..\\Library\\common_lib.h(141):     \r\n
..\\..\\Library\\common_lib.h(141): t=65851ms: Inactive socket [1] was closed by 127.0.0.1:1080, probably due to Keep-Alive timeout  	[MsgId: MMSG-26000]
..\\..\\Library\\common_lib.h(141): t=65852ms: Closed connection [1] to 127.0.0.1:1080 after completing 1 request(s)  	[MsgId: MMSG-26000]
..\\..\\Library\\common_lib.h(141): t=65889ms: 328-byte response headers for "http://127.0.0.1:1080/cgi-bin/welcome.pl?signOff=1" (RelFrameId=1, Internal ID=22)
..\\..\\Library\\common_lib.h(141):     HTTP/1.1 200 OK\r\n
..\\..\\Library\\common_lib.h(141):     Date: Sun, 03 Apr 2022 12:05:06 GMT\r\n
..\\..\\Library\\common_lib.h(141):     Server: Apache/2.2.21 (Win32)\r\n
..\\..\\Library\\common_lib.h(141):     Set-Cookie: MSO=SID&1648987506; path=/\r\n
..\\..\\Library\\common_lib.h(141):     Set-Cookie: MTUserInfo=; path=/; expires=Sat, 02-Apr-2022 12:05:06 GMT\r\n
..\\..\\Library\\common_lib.h(141):     Keep-Alive: timeout=5, max=100\r\n
..\\..\\Library\\common_lib.h(141):     Connection: Keep-Alive\r\n
..\\..\\Library\\common_lib.h(141):     Transfer-Encoding: chunked\r\n
..\\..\\Library\\common_lib.h(141):     Content-Type: text/html; charset=ISO-8859-1\r\n
..\\..\\Library\\common_lib.h(141):     \r\n
..\\..\\Library\\common_lib.h(141): t=65890ms: 5-byte chunked response overhead for "http://127.0.0.1:1080/cgi-bin/welcome.pl?signOff=1" (RelFrameId=1, Internal ID=22)
..\\..\\Library\\common_lib.h(141):     2ae\r\n
..\\..\\Library\\common_lib.h(141): t=65890ms: 7-byte chunked response overhead for "http://127.0.0.1:1080/cgi-bin/welcome.pl?signOff=1" (RelFrameId=1, Internal ID=22)
..\\..\\Library\\common_lib.h(141):     \r\n
..\\..\\Library\\common_lib.h(141):     0\r\n
..\\..\\Library\\common_lib.h(141):     \r\n
..\\..\\Library\\common_lib.h(141): t=65890ms: 686-byte chunked response body for "http://127.0.0.1:1080/cgi-bin/welcome.pl?signOff=1" (RelFrameId=1, Internal ID=22)
..\\..\\Library\\common_lib.h(141):     <!-- \n
..\\..\\Library\\common_lib.h(141):      A Session ID has been created and loaded into a cookie called MSO.\n
..\\..\\Library\\common_lib.h(141):      Also, the server options have been loaded into the cookie called\n
..\\..\\Library\\common_lib.h(141):      MSO as well.  The server options can be set via the Admin page.\n
..\\..\\Library\\common_lib.h(141):      --->\n
..\\..\\Library\\common_lib.h(141):     \n
..\\..\\Library\\common_lib.h(141):     <html>\n
..\\..\\Library\\common_lib.h(141):     <title>Web Tours</title>\n
..\\..\\Library\\common_lib.h(141):        <!-- Frame Set -->\n
..\\..\\Library\\common_lib.h(141):        <frameset cols="160,*" border="1" frameborder="1">\n
..\\..\\Library\\common_lib.h(141):           <!-- Navigation Frame -->\n
..\\..\\Library\\common_lib.h(141):           <frame src="nav.pl?in=home" name="navbar" marginheight="2" marginwidth="2" \n
..\\..\\Library\\common_lib.h(141):                 noresize="noresize" scrolling="auto"/>\n
..\\..\\Library\\common_lib.h(141):           <!-- Home Frame -->\n
..\\..\\Library\\common_lib.h(141):           <frame src="/WebTours/home.html" name="info" marginheight="2" marginwidth="2" \n
..\\..\\Library\\common_lib.h(141):                 noresize="noresize" scrolling="auto"/>\n
..\\..\\Library\\common_lib.h(141):        </frameset>\n
..\\..\\Library\\common_lib.h(141):     </html>\n
..\\..\\Library\\common_lib.h(141):     \n
..\\..\\Library\\common_lib.h(141):     </body>\n
..\\..\\Library\\common_lib.h(141):     </html>
..\\..\\Library\\common_lib.h(141): Detected non-resource "http://127.0.0.1:1080/cgi-bin/nav.pl?in=home" in "http://127.0.0.1:1080/cgi-bin/welcome.pl?signOff=1"  	[MsgId: MMSG-26574]
..\\..\\Library\\common_lib.h(141): Detected non-resource "http://127.0.0.1:1080/WebTours/home.html" in "http://127.0.0.1:1080/cgi-bin/welcome.pl?signOff=1"  	[MsgId: MMSG-26574]
..\\..\\Library\\common_lib.h(141): Retrieving data from cache for "http://127.0.0.1:1080/WebTours/home.html"  	[MsgId: MMSG-26558]
..\\..\\Library\\common_lib.h(141): t=65891ms: 1361-byte response body retrieved from cache for "http://127.0.0.1:1080/WebTours/home.html" (RelFrameId=1.2, Internal ID=24)
..\\..\\Library\\common_lib.h(141):     <HTML>\n
..\\..\\Library\\common_lib.h(141):     <HEAD>\n
..\\..\\Library\\common_lib.h(141):     \t<title>Web Tours</title>\n
..\\..\\Library\\common_lib.h(141):     </HEAD>\n
..\\..\\Library\\common_lib.h(141):     <style>\n
..\\..\\Library\\common_lib.h(141):     \tblockquote {font-family: tahoma; font-size : 10pt}\n
..\\..\\Library\\common_lib.h(141):     \tH1 {font-family: tahoma; font-size : 22pt; color: #003366}\n
..\\..\\Library\\common_lib.h(141):     \tsmall {font-family: tahoma; font-size : 8pt}\n
..\\..\\Library\\common_lib.h(141):     \tH3{font-family: tahoma; font-size : 10pt; color: black}\n
..\\..\\Library\\common_lib.h(141):     \tA {FONT-WEIGHT: bold; FONT-SIZE: 10pt; COLOR: black; FONT-FAMILY: Tahoma; TEXT-DECORATIO
..\\..\\Library\\common_lib.h(141):     N: none}\n
..\\..\\Library\\common_lib.h(141):     \tA:hover{ FONT-WEIGHT: bold; FONT-SIZE: 10pt; COLOR: #993333; FONT-FAMILY: Tahoma;TEXT-DE
..\\..\\Library\\common_lib.h(141):     CORATION: underline}\n
..\\..\\Library\\common_lib.h(141):     \tTD {font-family: tahoma; font-size : 10pt; color: black}\n
..\\..\\Library\\common_lib.h(141):     </style>\n
..\\..\\Library\\common_lib.h(141):     <body bgcolor="#e0e7f1">\n
..\\..\\Library\\common_lib.h(141):     <BR/>\n
..\\..\\Library\\common_lib.h(141):     <BR/>\n
..\\..\\Library\\common_lib.h(141):     <BR/>\n
..\\..\\Library\\common_lib.h(141):     <br/>\n
..\\..\\Library\\common_lib.h(141):     <table border="0">\n
..\\..\\Library\\common_lib.h(141):     <tr><td></td></tr>\n
..\\..\\Library\\common_lib.h(141):     <TR><TD></TD></TR>\n
..\\..\\Library\\common_lib.h(141):     <TR><TD>\n
..\\..\\Library\\common_lib.h(141):     <blockquote>\n
..\\..\\Library\\common_lib.h(141):     <H1><b>Web Tours</b></H1>\n
..\\..\\Library\\common_lib.h(141):     Welcome to the Web Tours site.\n
..\\..\\Library\\common_lib.h(141):     <br/>\n
..\\..\\Library\\common_lib.h(141):     To make reservations,please enter your account information to the left.\n
..\\..\\Library\\common_lib.h(141):     <br/>\n
..\\..\\Library\\common_lib.h(141):     If you haven't registered yet, <A href="/cgi-bin/login.pl?username=&amp;password=&amp;getI
..\\..\\Library\\common_lib.h(141):     nfo=true" ><B>sign up now</B></A> to get access to all our resources.\n
..\\..\\Library\\common_lib.h(141):     <br/>\n
..\\..\\Library\\common_lib.h(141):     To configure the server options, use <A href="/cgi-bin/admin.pl" target="body" ><b>adminis
..\\..\\Library\\common_lib.h(141):     tration</b></A> link.\n
..\\..\\Library\\common_lib.h(141):     <br/><br/><br/><br/><br/><br/>\n
..\\..\\Library\\common_lib.h(141):     <br/><small>\n
..\\..\\Library\\common_lib.h(141):     This product uses parts of the SMT Kernel, Copyright (c) 1991-99 <A href="http://www.imati
..\\..\\Library\\common_lib.h(141):     x.com" target="new"><B><small>iMatix Corporation</small></B></A> \n
..\\..\\Library\\common_lib.h(141):     </small>\n
..\\..\\Library\\common_lib.h(141):     </blockquote></TD>\n
..\\..\\Library\\common_lib.h(141):     <TD></TD></TR>\n
..\\..\\Library\\common_lib.h(141):     </table>\n
..\\..\\Library\\common_lib.h(141):     </body>\n
..\\..\\Library\\common_lib.h(141):     </HTML>\n
..\\..\\Library\\common_lib.h(141): t=65892ms: Request done "http://127.0.0.1:1080/cgi-bin/welcome.pl?signOff=1"  	[MsgId: MMSG-26000]
..\\..\\Library\\common_lib.h(141): t=65892ms: Connecting [1] to host 127.0.0.1:1080  	[MsgId: MMSG-26000]
..\\..\\Library\\common_lib.h(141): t=65893ms: Connected socket [1] from 127.0.0.1:3910 to 127.0.0.1:1080 in 0 ms  	[MsgId: MMSG-26000]
..\\..\\Library\\common_lib.h(141): t=65893ms: 652-byte request headers for "http://127.0.0.1:1080/cgi-bin/nav.pl?in=home" (RelFrameId=1.1, Internal ID=23)
..\\..\\Library\\common_lib.h(141):     GET /cgi-bin/nav.pl?in=home HTTP/1.1\r\n
..\\..\\Library\\common_lib.h(141):     Referer: http://127.0.0.1:1080/cgi-bin/welcome.pl?signOff=1\r\n
..\\..\\Library\\common_lib.h(141):     Upgrade-Insecure-Requests: 1\r\n
..\\..\\Library\\common_lib.h(141):     DNT: 1\r\n
..\\..\\Library\\common_lib.h(141):     Sec-Fetch-Dest: frame\r\n
..\\..\\Library\\common_lib.h(141):     Sec-Fetch-Mode: navigate\r\n
..\\..\\Library\\common_lib.h(141):     Sec-Fetch-Site: same-origin\r\n
..\\..\\Library\\common_lib.h(141):     sec-ch-ua: " Not A;Brand";v="99", "Chromium";v="99", "Google Chrome";v="99"\r\n
..\\..\\Library\\common_lib.h(141):     sec-ch-ua-mobile: ?0\r\n
..\\..\\Library\\common_lib.h(141):     sec-ch-ua-platform: "Windows"\r\n
..\\..\\Library\\common_lib.h(141):     User-Agent: Mozilla/5.0 (Windows NT 10.0; Win64; x64) AppleWebKit/537.36 (KHTML, like Geck
..\\..\\Library\\common_lib.h(141):     o) Chrome/99.0.4844.82 Safari/537.36\r\n
..\\..\\Library\\common_lib.h(141):     Accept-Encoding: gzip, deflate, br\r\n
..\\..\\Library\\common_lib.h(141):     Accept-Language: ru-RU,ru;q=0.9,en-US;q=0.8,en;q=0.7\r\n
..\\..\\Library\\common_lib.h(141):     Accept: */*\r\n
..\\..\\Library\\common_lib.h(141):     Connection: Keep-Alive\r\n
..\\..\\Library\\common_lib.h(141):     Host: 127.0.0.1:1080\r\n
..\\..\\Library\\common_lib.h(141):     Cookie: MSO=SID&1648987506\r\n
..\\..\\Library\\common_lib.h(141):     \r\n
..\\..\\Library\\common_lib.h(141): t=65911ms: 328-byte response headers for "http://127.0.0.1:1080/cgi-bin/welcome.pl?signOff=1" (RelFrameId=1, Internal ID=22)
..\\..\\Library\\common_lib.h(141):     HTTP/1.1 200 OK\r\n
..\\..\\Library\\common_lib.h(141):     Date: Sun, 03 Apr 2022 12:05:06 GMT\r\n
..\\..\\Library\\common_lib.h(141):     Server: Apache/2.2.21 (Win32)\r\n
..\\..\\Library\\common_lib.h(141):     Set-Cookie: MSO=SID&1648987506; path=/\r\n
..\\..\\Library\\common_lib.h(141):     Set-Cookie: MTUserInfo=; path=/; expires=Sat, 02-Apr-2022 12:05:06 GMT\r\n
..\\..\\Library\\common_lib.h(141):     Keep-Alive: timeout=5, max=100\r\n
..\\..\\Library\\common_lib.h(141):     Connection: Keep-Alive\r\n
..\\..\\Library\\common_lib.h(141):     Transfer-Encoding: chunked\r\n
..\\..\\Library\\common_lib.h(141):     Content-Type: text/html; charset=ISO-8859-1\r\n
..\\..\\Library\\common_lib.h(141):     \r\n
..\\..\\Library\\common_lib.h(141): t=65911ms: 5-byte chunked response overhead for "http://127.0.0.1:1080/cgi-bin/welcome.pl?signOff=1" (RelFrameId=1, Internal ID=22)
..\\..\\Library\\common_lib.h(141):     2ae\r\n
..\\..\\Library\\common_lib.h(141): t=65911ms: 7-byte chunked response overhead for "http://127.0.0.1:1080/cgi-bin/welcome.pl?signOff=1" (RelFrameId=1, Internal ID=22)
..\\..\\Library\\common_lib.h(141):     \r\n
..\\..\\Library\\common_lib.h(141):     0\r\n
..\\..\\Library\\common_lib.h(141):     \r\n
..\\..\\Library\\common_lib.h(141): t=65911ms: 686-byte chunked response body for "http://127.0.0.1:1080/cgi-bin/welcome.pl?signOff=1" (RelFrameId=1, Internal ID=22)
..\\..\\Library\\common_lib.h(141):     <!-- \n
..\\..\\Library\\common_lib.h(141):      A Session ID has been created and loaded into a cookie called MSO.\n
..\\..\\Library\\common_lib.h(141):      Also, the server options have been loaded into the cookie called\n
..\\..\\Library\\common_lib.h(141):      MSO as well.  The server options can be set via the Admin page.\n
..\\..\\Library\\common_lib.h(141):      --->\n
..\\..\\Library\\common_lib.h(141):     \n
..\\..\\Library\\common_lib.h(141):     <html>\n
..\\..\\Library\\common_lib.h(141):     <title>Web Tours</title>\n
..\\..\\Library\\common_lib.h(141):        <!-- Frame Set -->\n
..\\..\\Library\\common_lib.h(141):        <frameset cols="160,*" border="1" frameborder="1">\n
..\\..\\Library\\common_lib.h(141):           <!-- Navigation Frame -->\n
..\\..\\Library\\common_lib.h(141):           <frame src="nav.pl?in=home" name="navbar" marginheight="2" marginwidth="2" \n
..\\..\\Library\\common_lib.h(141):                 noresize="noresize" scrolling="auto"/>\n
..\\..\\Library\\common_lib.h(141):           <!-- Home Frame -->\n
..\\..\\Library\\common_lib.h(141):           <frame src="/WebTours/home.html" name="info" marginheight="2" marginwidth="2" \n
..\\..\\Library\\common_lib.h(141):                 noresize="noresize" scrolling="auto"/>\n
..\\..\\Library\\common_lib.h(141):        </frameset>\n
..\\..\\Library\\common_lib.h(141):     </html>\n
..\\..\\Library\\common_lib.h(141):     \n
..\\..\\Library\\common_lib.h(141):     </body>\n
..\\..\\Library\\common_lib.h(141):     </html>
..\\..\\Library\\common_lib.h(141): Detected non-resource "http://127.0.0.1:1080/cgi-bin/nav.pl?in=home" in "http://127.0.0.1:1080/cgi-bin/welcome.pl?signOff=1"  	[MsgId: MMSG-26574]
..\\..\\Library\\common_lib.h(141): Detected non-resource "http://127.0.0.1:1080/WebTours/home.html" in "http://127.0.0.1:1080/cgi-bin/welcome.pl?signOff=1"  	[MsgId: MMSG-26574]
..\\..\\Library\\common_lib.h(141): Retrieving data from cache for "http://127.0.0.1:1080/WebTours/home.html"  	[MsgId: MMSG-26558]
..\\..\\Library\\common_lib.h(141): t=65912ms: 1361-byte response body retrieved from cache for "http://127.0.0.1:1080/WebTours/home.html" (RelFrameId=1.2, Internal ID=24)
..\\..\\Library\\common_lib.h(141):     <HTML>\n
..\\..\\Library\\common_lib.h(141):     <HEAD>\n
..\\..\\Library\\common_lib.h(141):     \t<title>Web Tours</title>\n
..\\..\\Library\\common_lib.h(141):     </HEAD>\n
..\\..\\Library\\common_lib.h(141):     <style>\n
..\\..\\Library\\common_lib.h(141):     \tblockquote {font-family: tahoma; font-size : 10pt}\n
..\\..\\Library\\common_lib.h(141):     \tH1 {font-family: tahoma; font-size : 22pt; color: #003366}\n
..\\..\\Library\\common_lib.h(141):     \tsmall {font-family: tahoma; font-size : 8pt}\n
..\\..\\Library\\common_lib.h(141):     \tH3{font-family: tahoma; font-size : 10pt; color: black}\n
..\\..\\Library\\common_lib.h(141):     \tA {FONT-WEIGHT: bold; FONT-SIZE: 10pt; COLOR: black; FONT-FAMILY: Tahoma; TEXT-DECORATIO
..\\..\\Library\\common_lib.h(141):     N: none}\n
..\\..\\Library\\common_lib.h(141):     \tA:hover{ FONT-WEIGHT: bold; FONT-SIZE: 10pt; COLOR: #993333; FONT-FAMILY: Tahoma;TEXT-DE
..\\..\\Library\\common_lib.h(141):     CORATION: underline}\n
..\\..\\Library\\common_lib.h(141):     \tTD {font-family: tahoma; font-size : 10pt; color: black}\n
..\\..\\Library\\common_lib.h(141):     </style>\n
..\\..\\Library\\common_lib.h(141):     <body bgcolor="#e0e7f1">\n
..\\..\\Library\\common_lib.h(141):     <BR/>\n
..\\..\\Library\\common_lib.h(141):     <BR/>\n
..\\..\\Library\\common_lib.h(141):     <BR/>\n
..\\..\\Library\\common_lib.h(141):     <br/>\n
..\\..\\Library\\common_lib.h(141):     <table border="0">\n
..\\..\\Library\\common_lib.h(141):     <tr><td></td></tr>\n
..\\..\\Library\\common_lib.h(141):     <TR><TD></TD></TR>\n
..\\..\\Library\\common_lib.h(141):     <TR><TD>\n
..\\..\\Library\\common_lib.h(141):     <blockquote>\n
..\\..\\Library\\common_lib.h(141):     <H1><b>Web Tours</b></H1>\n
..\\..\\Library\\common_lib.h(141):     Welcome to the Web Tours site.\n
..\\..\\Library\\common_lib.h(141):     <br/>\n
..\\..\\Library\\common_lib.h(141):     To make reservations,please enter your account information to the left.\n
..\\..\\Library\\common_lib.h(141):     <br/>\n
..\\..\\Library\\common_lib.h(141):     If you haven't registered yet, <A href="/cgi-bin/login.pl?username=&amp;password=&amp;getI
..\\..\\Library\\common_lib.h(141):     nfo=true" ><B>sign up now</B></A> to get access to all our resources.\n
..\\..\\Library\\common_lib.h(141):     <br/>\n
..\\..\\Library\\common_lib.h(141):     To configure the server options, use <A href="/cgi-bin/admin.pl" target="body" ><b>adminis
..\\..\\Library\\common_lib.h(141):     tration</b></A> link.\n
..\\..\\Library\\common_lib.h(141):     <br/><br/><br/><br/><br/><br/>\n
..\\..\\Library\\common_lib.h(141):     <br/><small>\n
..\\..\\Library\\common_lib.h(141):     This product uses parts of the SMT Kernel, Copyright (c) 1991-99 <A href="http://www.imati
..\\..\\Library\\common_lib.h(141):     x.com" target="new"><B><small>iMatix Corporation</small></B></A> \n
..\\..\\Library\\common_lib.h(141):     </small>\n
..\\..\\Library\\common_lib.h(141):     </blockquote></TD>\n
..\\..\\Library\\common_lib.h(141):     <TD></TD></TR>\n
..\\..\\Library\\common_lib.h(141):     </table>\n
..\\..\\Library\\common_lib.h(141):     </body>\n
..\\..\\Library\\common_lib.h(141):     </HTML>\n
..\\..\\Library\\common_lib.h(141): t=65913ms: Request done "http://127.0.0.1:1080/cgi-bin/welcome.pl?signOff=1"  	[MsgId: MMSG-26000]
..\\..\\Library\\common_lib.h(141): t=65913ms: Connecting [1] to host 127.0.0.1:1080  	[MsgId: MMSG-26000]
..\\..\\Library\\common_lib.h(141): t=65914ms: Connected socket [1] from 127.0.0.1:3911 to 127.0.0.1:1080 in 1 ms  	[MsgId: MMSG-26000]
..\\..\\Library\\common_lib.h(141): t=65914ms: 652-byte request headers for "http://127.0.0.1:1080/cgi-bin/nav.pl?in=home" (RelFrameId=1.1, Internal ID=23)
..\\..\\Library\\common_lib.h(141):     GET /cgi-bin/nav.pl?in=home HTTP/1.1\r\n
..\\..\\Library\\common_lib.h(141):     Referer: http://127.0.0.1:1080/cgi-bin/welcome.pl?signOff=1\r\n
..\\..\\Library\\common_lib.h(141):     Upgrade-Insecure-Requests: 1\r\n
..\\..\\Library\\common_lib.h(141):     DNT: 1\r\n
..\\..\\Library\\common_lib.h(141):     Sec-Fetch-Dest: frame\r\n
..\\..\\Library\\common_lib.h(141):     Sec-Fetch-Mode: navigate\r\n
..\\..\\Library\\common_lib.h(141):     Sec-Fetch-Site: same-origin\r\n
..\\..\\Library\\common_lib.h(141):     sec-ch-ua: " Not A;Brand";v="99", "Chromium";v="99", "Google Chrome";v="99"\r\n
..\\..\\Library\\common_lib.h(141):     sec-ch-ua-mobile: ?0\r\n
..\\..\\Library\\common_lib.h(141):     sec-ch-ua-platform: "Windows"\r\n
..\\..\\Library\\common_lib.h(141):     User-Agent: Mozilla/5.0 (Windows NT 10.0; Win64; x64) AppleWebKit/537.36 (KHTML, like Geck
..\\..\\Library\\common_lib.h(141):     o) Chrome/99.0.4844.82 Safari/537.36\r\n
..\\..\\Library\\common_lib.h(141):     Accept-Encoding: gzip, deflate, br\r\n
..\\..\\Library\\common_lib.h(141):     Accept-Language: ru-RU,ru;q=0.9,en-US;q=0.8,en;q=0.7\r\n
..\\..\\Library\\common_lib.h(141):     Accept: */*\r\n
..\\..\\Library\\common_lib.h(141):     Connection: Keep-Alive\r\n
..\\..\\Library\\common_lib.h(141):     Host: 127.0.0.1:1080\r\n
..\\..\\Library\\common_lib.h(141):     Cookie: MSO=SID&1648987506\r\n
..\\..\\Library\\common_lib.h(141):     \r\n
..\\..\\Library\\common_lib.h(141): t=65957ms: 256-byte response headers for "http://127.0.0.1:1080/cgi-bin/nav.pl?in=home" (RelFrameId=1.1, Internal ID=23)
..\\..\\Library\\common_lib.h(141):     HTTP/1.1 200 OK\r\n
..\\..\\Library\\common_lib.h(141):     Date: Sun, 03 Apr 2022 12:05:06 GMT\r\n
..\\..\\Library\\common_lib.h(141):     Server: Apache/2.2.21 (Win32)\r\n
..\\..\\Library\\common_lib.h(141):     Expires: Sat, 02 Apr 2022 12:05:06 GMT\r\n
..\\..\\Library\\common_lib.h(141):     Keep-Alive: timeout=5, max=100\r\n
..\\..\\Library\\common_lib.h(141):     Connection: Keep-Alive\r\n
..\\..\\Library\\common_lib.h(141):     Transfer-Encoding: chunked\r\n
..\\..\\Library\\common_lib.h(141):     Content-Type: text/html; charset=ISO-8859-1\r\n
..\\..\\Library\\common_lib.h(141):     \r\n
..\\..\\Library\\common_lib.h(141): t=65957ms: 5-byte chunked response overhead for "http://127.0.0.1:1080/cgi-bin/nav.pl?in=home" (RelFrameId=1.1, Internal ID=23)
..\\..\\Library\\common_lib.h(141):     5cc\r\n
..\\..\\Library\\common_lib.h(141): t=65957ms: 7-byte chunked response overhead for "http://127.0.0.1:1080/cgi-bin/nav.pl?in=home" (RelFrameId=1.1, Internal ID=23)
..\\..\\Library\\common_lib.h(141):     \r\n
..\\..\\Library\\common_lib.h(141):     0\r\n
..\\..\\Library\\common_lib.h(141):     \r\n
..\\..\\Library\\common_lib.h(141): t=65957ms: 1484-byte chunked response body for "http://127.0.0.1:1080/cgi-bin/nav.pl?in=home" (RelFrameId=1.1, Internal ID=23)
..\\..\\Library\\common_lib.h(141):     <!DOCTYPE html\n
..\\..\\Library\\common_lib.h(141):     \tPUBLIC "-//W3C//DTD XHTML 1.0 Transitional//EN"\n
..\\..\\Library\\common_lib.h(141):     \t "http://www.w3.org/TR/xhtml1/DTD/xhtml1-transitional.dtd">\n
..\\..\\Library\\common_lib.h(141):     <html xmlns="http://www.w3.org/1999/xhtml" lang="en-US" xml:lang="en-US">\n
..\\..\\Library\\common_lib.h(141):     <head>\n
..\\..\\Library\\common_lib.h(141):     <title>Web Tours Navigation Bar</title>\n
..\\..\\Library\\common_lib.h(141):     <meta http-equiv="Content-Type" content="text/html; charset=iso-8859-1" />\n
..\\..\\Library\\common_lib.h(141):     </head>\n
..\\..\\Library\\common_lib.h(141):     <body bgcolor="#E0E7F1">\n
..\\..\\Library\\common_lib.h(141):     <style>\n
..\\..\\Library\\common_lib.h(141):     blockquote {font-family: tahoma; font-size : 10pt}\n
..\\..\\Library\\common_lib.h(141):     H1 {font-family: tahoma; font-size : 22pt; color: #993333}\n
..\\..\\Library\\common_lib.h(141):     H3 {font-family: tahoma; font-size : 10pt; color: black}\n
..\\..\\Library\\common_lib.h(141):     small {font-family: tahoma; font-size : 8pt}\n
..\\..\\Library\\common_lib.h(141):     </style>\n
..\\..\\Library\\common_lib.h(141):     <form method="post" action="/cgi-bin/login.pl" target="body">\n
..\\..\\Library\\common_lib.h(141):     <input type="hidden" name="userSession" value="133575.334629405ziHAHiVpcHftVcctpziHzf"/>\n
..\\..\\Library\\common_lib.h(141):     <table border="0"><tr><td>&nbsp;</td>\n
..\\..\\Library\\common_lib.h(141):     <td>&nbsp;</td></tr>\n
..\\..\\Library\\common_lib.h(141):     <tr><td>&nbsp;</td>\n
..\\..\\Library\\common_lib.h(141):     <td>&nbsp;</td></tr>\n
..\\..\\Library\\common_lib.h(141):     <tr><td>&nbsp;</td>\n
..\\..\\Library\\common_lib.h(141):     <td><small>&nbsp;Username</small></td></tr>\n
..\\..\\Library\\common_lib.h(141):     <tr><td>&nbsp;</td>\n
..\\..\\Library\\common_lib.h(141):     <td><input type="text" name="username" value="" size="14" maxlength="14"/></td></tr>\n
..\\..\\Library\\common_lib.h(141):     <tr><td>&nbsp;</td>\n
..\\..\\Library\\common_lib.h(141):     <td><small>&nbsp;Password</small></td>\n
..\\..\\Library\\common_lib.h(141):     <tr><td>&nbsp;</td>\n
..\\..\\Library\\common_lib.h(141):     <td><input type="password" name="password" value="" size="14" maxlength="14"/></td></tr>\n
..\\..\\Library\\common_lib.h(141):     <tr><td>&nbsp;</td>\n
..\\..\\Library\\common_lib.h(141):     <td>&nbsp;</td></tr>\n
..\\..\\Library\\common_lib.h(141):     <tr><td>&nbsp;</td>\n
..\\..\\Library\\common_lib.h(141):     <td><input type="image" name="login" value="Login" alt="Login" border="1" \n
..\\..\\Library\\common_lib.h(141):     src="/WebTours/images/mer_login.gif"/></td></tr>\n
..\\..\\Library\\common_lib.h(141):     <tr><td>&nbsp;</td><td>&nbsp;</td></tr>\n
..\\..\\Library\\common_lib.h(141):     </table><input type="hidden" name="JSFormSubmit" value="off"/>\n
..\\..\\Library\\common_lib.h(141):     </form>\n
..\\..\\Library\\common_lib.h(141):     \n
..\\..\\Library\\common_lib.h(141):     </body>\n
..\\..\\Library\\common_lib.h(141):     </html>\n
..\\..\\Library\\common_lib.h(141): Resource "http://127.0.0.1:1080/WebTours/images/mer_login.gif" is in the cache already and will not be downloaded again  	[MsgId: MMSG-26655]
..\\..\\Library\\common_lib.h(141): t=65958ms: Request done "http://127.0.0.1:1080/cgi-bin/nav.pl?in=home"  	[MsgId: MMSG-26000]
..\\..\\Library\\common_lib.h(141): Registered web_reg_find successful for "Text=Web Tours" (count=5)  	[MsgId: MMSG-26364]
..\\..\\Library\\common_lib.h(141): web_url("SignOff Button") was successful, 2170 body bytes, 584 header bytes, 24 chunking overhead bytes  	[MsgId: MMSG-26385]
..\\..\\Library\\common_lib.h(151): Notify: Transaction "Logout" ended with a "Pass" status (Duration: 7,1406 Think Time: 6,9998 Wasted Time: 0,0000).	[MsgId: MMSG-16870]
Action.c(155): Notify: Transaction "02_OneWayTicketPurchase" ended with a "Pass" status (Duration: 65,8080 Think Time: 59,0481 Wasted Time: 0,0019).	[MsgId: MMSG-16870]
Ending action Action.	[MsgId: MMSG-15918]
Action was aborted.	[MsgId: MMSG-10694]
Ending Vuser...	[MsgId: MMSG-15966]
Starting action vuser_end.	[MsgId: MMSG-15919]
Ending action vuser_end.	[MsgId: MMSG-15918]
Vuser Terminated.	[MsgId: MMSG-15963]
t=65959ms: Closed connection [0] to 127.0.0.1:1080 after completing 1 request(s)  	[MsgId: MMSG-26000]
t=65959ms: Closed connection [1] to 127.0.0.1:1080 after completing 1 request(s)  	[MsgId: MMSG-26000]
HTML-Mode memory management statistics: Reusable=7, NonReusable=0, CsMemBlockSize=4096, checks disabled  	[MsgId: MMSG-26000]
Vuser 4 (thread 20876), ended OK."	[MsgId: MMSG-10695]
..\\..\\Library\\common_lib.h(141): web_url("SignOff Button") started  	[MsgId: MMSG-26355]
..\\..\\Library\\common_lib.h(141): t=65968ms: Closed connection [0] to 127.0.0.1:1080 after completing 1 request(s)  	[MsgId: MMSG-26000]
..\\..\\Library\\common_lib.h(141): t=65968ms: Connecting [0] to host 127.0.0.1:1080  	[MsgId: MMSG-26000]
..\\..\\Library\\common_lib.h(141): t=65968ms: Connected socket [0] from 127.0.0.1:3912 to 127.0.0.1:1080 in 0 ms  	[MsgId: MMSG-26000]
..\\..\\Library\\common_lib.h(141): t=65968ms: 786-byte request headers for "http://127.0.0.1:1080/cgi-bin/welcome.pl?signOff=1" (RelFrameId=1, Internal ID=22)
..\\..\\Library\\common_lib.h(141):     GET /cgi-bin/welcome.pl?signOff=1 HTTP/1.1\r\n
..\\..\\Library\\common_lib.h(141):     Referer: http://127.0.0.1:1080/cgi-bin/nav.pl?page=menu&in=flights\r\n
..\\..\\Library\\common_lib.h(141):     Upgrade-Insecure-Requests: 1\r\n
..\\..\\Library\\common_lib.h(141):     DNT: 1\r\n
..\\..\\Library\\common_lib.h(141):     Sec-Fetch-Dest: frame\r\n
..\\..\\Library\\common_lib.h(141):     Sec-Fetch-Mode: navigate\r\n
..\\..\\Library\\common_lib.h(141):     Sec-Fetch-Site: same-origin\r\n
..\\..\\Library\\common_lib.h(141):     sec-ch-ua: " Not A;Brand";v="99", "Chromium";v="99", "Google Chrome";v="99"\r\n
..\\..\\Library\\common_lib.h(141):     sec-ch-ua-mobile: ?0\r\n
..\\..\\Library\\common_lib.h(141):     sec-ch-ua-platform: "Windows"\r\n
..\\..\\Library\\common_lib.h(141):     User-Agent: Mozilla/5.0 (Windows NT 10.0; Win64; x64) AppleWebKit/537.36 (KHTML, like Geck
..\\..\\Library\\common_lib.h(141):     o) Chrome/99.0.4844.82 Safari/537.36\r\n
..\\..\\Library\\common_lib.h(141):     Accept-Encoding: gzip, deflate, br\r\n
..\\..\\Library\\common_lib.h(141):     Accept-Language: ru-RU,ru;q=0.9,en-US;q=0.8,en;q=0.7\r\n
..\\..\\Library\\common_lib.h(141):     Accept: */*\r\n
..\\..\\Library\\common_lib.h(141):     Connection: Keep-Alive\r\n
..\\..\\Library\\common_lib.h(141):     Host: 127.0.0.1:1080\r\n
..\\..\\Library\\common_lib.h(141):     Cookie: MSO=SID&1648987440; MTUserInfo=firstName&Carlos&username&acrobat&address2&Brooklyn
..\\..\\Library\\common_lib.h(141):     &hash&84&address1&22%20Church%20Street&lastName&Watson%0A\r\n
..\\..\\Library\\common_lib.h(141):     \r\n
..\\..\\Library\\common_lib.h(141): t=65969ms: Inactive socket [1] was closed by 127.0.0.1:1080, probably due to Keep-Alive timeout  	[MsgId: MMSG-26000]
..\\..\\Library\\common_lib.h(141): t=65969ms: Closed connection [1] to 127.0.0.1:1080 after completing 1 request(s)  	[MsgId: MMSG-26000]
..\\..\\Library\\common_lib.h(141): t=65974ms: 256-byte response headers for "http://127.0.0.1:1080/cgi-bin/nav.pl?in=home" (RelFrameId=1.1, Internal ID=23)
..\\..\\Library\\common_lib.h(141):     HTTP/1.1 200 OK\r\n
..\\..\\Library\\common_lib.h(141):     Date: Sun, 03 Apr 2022 12:05:06 GMT\r\n
..\\..\\Library\\common_lib.h(141):     Server: Apache/2.2.21 (Win32)\r\n
..\\..\\Library\\common_lib.h(141):     Expires: Sat, 02 Apr 2022 12:05:06 GMT\r\n
..\\..\\Library\\common_lib.h(141):     Keep-Alive: timeout=5, max=100\r\n
..\\..\\Library\\common_lib.h(141):     Connection: Keep-Alive\r\n
..\\..\\Library\\common_lib.h(141):     Transfer-Encoding: chunked\r\n
..\\..\\Library\\common_lib.h(141):     Content-Type: text/html; charset=ISO-8859-1\r\n
..\\..\\Library\\common_lib.h(141):     \r\n
..\\..\\Library\\common_lib.h(141): t=65975ms: 5-byte chunked response overhead for "http://127.0.0.1:1080/cgi-bin/nav.pl?in=home" (RelFrameId=1.1, Internal ID=23)
..\\..\\Library\\common_lib.h(141):     5cc\r\n
..\\..\\Library\\common_lib.h(141): t=65975ms: 7-byte chunked response overhead for "http://127.0.0.1:1080/cgi-bin/nav.pl?in=home" (RelFrameId=1.1, Internal ID=23)
..\\..\\Library\\common_lib.h(141):     \r\n
..\\..\\Library\\common_lib.h(141):     0\r\n
..\\..\\Library\\common_lib.h(141):     \r\n
..\\..\\Library\\common_lib.h(141): t=65975ms: 1484-byte chunked response body for "http://127.0.0.1:1080/cgi-bin/nav.pl?in=home" (RelFrameId=1.1, Internal ID=23)
..\\..\\Library\\common_lib.h(141):     <!DOCTYPE html\n
..\\..\\Library\\common_lib.h(141):     \tPUBLIC "-//W3C//DTD XHTML 1.0 Transitional//EN"\n
..\\..\\Library\\common_lib.h(141):     \t "http://www.w3.org/TR/xhtml1/DTD/xhtml1-transitional.dtd">\n
..\\..\\Library\\common_lib.h(141):     <html xmlns="http://www.w3.org/1999/xhtml" lang="en-US" xml:lang="en-US">\n
..\\..\\Library\\common_lib.h(141):     <head>\n
..\\..\\Library\\common_lib.h(141):     <title>Web Tours Navigation Bar</title>\n
..\\..\\Library\\common_lib.h(141):     <meta http-equiv="Content-Type" content="text/html; charset=iso-8859-1" />\n
..\\..\\Library\\common_lib.h(141):     </head>\n
..\\..\\Library\\common_lib.h(141):     <body bgcolor="#E0E7F1">\n
..\\..\\Library\\common_lib.h(141):     <style>\n
..\\..\\Library\\common_lib.h(141):     blockquote {font-family: tahoma; font-size : 10pt}\n
..\\..\\Library\\common_lib.h(141):     H1 {font-family: tahoma; font-size : 22pt; color: #993333}\n
..\\..\\Library\\common_lib.h(141):     H3 {font-family: tahoma; font-size : 10pt; color: black}\n
..\\..\\Library\\common_lib.h(141):     small {font-family: tahoma; font-size : 8pt}\n
..\\..\\Library\\common_lib.h(141):     </style>\n
..\\..\\Library\\common_lib.h(141):     <form method="post" action="/cgi-bin/login.pl" target="body">\n
..\\..\\Library\\common_lib.h(141):     <input type="hidden" name="userSession" value="133575.334629405ziHAHiVpcHftVcctpziHzf"/>\n
..\\..\\Library\\common_lib.h(141):     <table border="0"><tr><td>&nbsp;</td>\n
..\\..\\Library\\common_lib.h(141):     <td>&nbsp;</td></tr>\n
..\\..\\Library\\common_lib.h(141):     <tr><td>&nbsp;</td>\n
..\\..\\Library\\common_lib.h(141):     <td>&nbsp;</td></tr>\n
..\\..\\Library\\common_lib.h(141):     <tr><td>&nbsp;</td>\n
..\\..\\Library\\common_lib.h(141):     <td><small>&nbsp;Username</small></td></tr>\n
..\\..\\Library\\common_lib.h(141):     <tr><td>&nbsp;</td>\n
..\\..\\Library\\common_lib.h(141):     <td><input type="text" name="username" value="" size="14" maxlength="14"/></td></tr>\n
..\\..\\Library\\common_lib.h(141):     <tr><td>&nbsp;</td>\n
..\\..\\Library\\common_lib.h(141):     <td><small>&nbsp;Password</small></td>\n
..\\..\\Library\\common_lib.h(141):     <tr><td>&nbsp;</td>\n
..\\..\\Library\\common_lib.h(141):     <td><input type="password" name="password" value="" size="14" maxlength="14"/></td></tr>\n
..\\..\\Library\\common_lib.h(141):     <tr><td>&nbsp;</td>\n
..\\..\\Library\\common_lib.h(141):     <td>&nbsp;</td></tr>\n
..\\..\\Library\\common_lib.h(141):     <tr><td>&nbsp;</td>\n
..\\..\\Library\\common_lib.h(141):     <td><input type="image" name="login" value="Login" alt="Login" border="1" \n
..\\..\\Library\\common_lib.h(141):     src="/WebTours/images/mer_login.gif"/></td></tr>\n
..\\..\\Library\\common_lib.h(141):     <tr><td>&nbsp;</td><td>&nbsp;</td></tr>\n
..\\..\\Library\\common_lib.h(141):     </table><input type="hidden" name="JSFormSubmit" value="off"/>\n
..\\..\\Library\\common_lib.h(141):     </form>\n
..\\..\\Library\\common_lib.h(141):     \n
..\\..\\Library\\common_lib.h(141):     </body>\n
..\\..\\Library\\common_lib.h(141):     </html>\n
..\\..\\Library\\common_lib.h(141): Resource "http://127.0.0.1:1080/WebTours/images/mer_login.gif" is in the cache already and will not be downloaded again  	[MsgId: MMSG-26655]
..\\..\\Library\\common_lib.h(141): t=65976ms: Request done "http://127.0.0.1:1080/cgi-bin/nav.pl?in=home"  	[MsgId: MMSG-26000]
..\\..\\Library\\common_lib.h(141): Registered web_reg_find successful for "Text=Web Tours" (count=5)  	[MsgId: MMSG-26364]
..\\..\\Library\\common_lib.h(141): web_url("SignOff Button") was successful, 2170 body bytes, 584 header bytes, 24 chunking overhead bytes  	[MsgId: MMSG-26385]
..\\..\\Library\\common_lib.h(151): Notify: Transaction "Logout" ended with a "Pass" status (Duration: 7,1333 Think Time: 7,0060 Wasted Time: 0,0000).	[MsgId: MMSG-16870]
Action.c(155): Notify: Transaction "02_OneWayTicketPurchase" ended with a "Pass" status (Duration: 65,8246 Think Time: 59,0326 Wasted Time: 0,0014).	[MsgId: MMSG-16870]
Ending action Action.	[MsgId: MMSG-15918]
Action was aborted.	[MsgId: MMSG-10694]
Ending Vuser...	[MsgId: MMSG-15966]
Starting action vuser_end.	[MsgId: MMSG-15919]
Ending action vuser_end.	[MsgId: MMSG-15918]
Vuser Terminated.	[MsgId: MMSG-15963]
t=65977ms: Closed connection [0] to 127.0.0.1:1080 after completing 1 request(s)  	[MsgId: MMSG-26000]
t=65977ms: Closed connection [1] to 127.0.0.1:1080 after completing 1 request(s)  	[MsgId: MMSG-26000]
HTML-Mode memory management statistics: Reusable=7, NonReusable=0, CsMemBlockSize=4096, checks disabled  	[MsgId: MMSG-26000]
Vuser 5 (thread 20336), ended OK."	[MsgId: MMSG-10695]
..\\..\\Library\\common_lib.h(141): t=66025ms: 328-byte response headers for "http://127.0.0.1:1080/cgi-bin/welcome.pl?signOff=1" (RelFrameId=1, Internal ID=22)
..\\..\\Library\\common_lib.h(141):     HTTP/1.1 200 OK\r\n
..\\..\\Library\\common_lib.h(141):     Date: Sun, 03 Apr 2022 12:05:06 GMT\r\n
..\\..\\Library\\common_lib.h(141):     Server: Apache/2.2.21 (Win32)\r\n
..\\..\\Library\\common_lib.h(141):     Set-Cookie: MSO=SID&1648987506; path=/\r\n
..\\..\\Library\\common_lib.h(141):     Set-Cookie: MTUserInfo=; path=/; expires=Sat, 02-Apr-2022 12:05:06 GMT\r\n
..\\..\\Library\\common_lib.h(141):     Keep-Alive: timeout=5, max=100\r\n
..\\..\\Library\\common_lib.h(141):     Connection: Keep-Alive\r\n
..\\..\\Library\\common_lib.h(141):     Transfer-Encoding: chunked\r\n
..\\..\\Library\\common_lib.h(141):     Content-Type: text/html; charset=ISO-8859-1\r\n
..\\..\\Library\\common_lib.h(141):     \r\n
..\\..\\Library\\common_lib.h(141): t=66025ms: 5-byte chunked response overhead for "http://127.0.0.1:1080/cgi-bin/welcome.pl?signOff=1" (RelFrameId=1, Internal ID=22)
..\\..\\Library\\common_lib.h(141):     2ae\r\n
..\\..\\Library\\common_lib.h(141): t=66025ms: 7-byte chunked response overhead for "http://127.0.0.1:1080/cgi-bin/welcome.pl?signOff=1" (RelFrameId=1, Internal ID=22)
..\\..\\Library\\common_lib.h(141):     \r\n
..\\..\\Library\\common_lib.h(141):     0\r\n
..\\..\\Library\\common_lib.h(141):     \r\n
..\\..\\Library\\common_lib.h(141): t=66025ms: 686-byte chunked response body for "http://127.0.0.1:1080/cgi-bin/welcome.pl?signOff=1" (RelFrameId=1, Internal ID=22)
..\\..\\Library\\common_lib.h(141):     <!-- \n
..\\..\\Library\\common_lib.h(141):      A Session ID has been created and loaded into a cookie called MSO.\n
..\\..\\Library\\common_lib.h(141):      Also, the server options have been loaded into the cookie called\n
..\\..\\Library\\common_lib.h(141):      MSO as well.  The server options can be set via the Admin page.\n
..\\..\\Library\\common_lib.h(141):      --->\n
..\\..\\Library\\common_lib.h(141):     \n
..\\..\\Library\\common_lib.h(141):     <html>\n
..\\..\\Library\\common_lib.h(141):     <title>Web Tours</title>\n
..\\..\\Library\\common_lib.h(141):        <!-- Frame Set -->\n
..\\..\\Library\\common_lib.h(141):        <frameset cols="160,*" border="1" frameborder="1">\n
..\\..\\Library\\common_lib.h(141):           <!-- Navigation Frame -->\n
..\\..\\Library\\common_lib.h(141):           <frame src="nav.pl?in=home" name="navbar" marginheight="2" marginwidth="2" \n
..\\..\\Library\\common_lib.h(141):                 noresize="noresize" scrolling="auto"/>\n
..\\..\\Library\\common_lib.h(141):           <!-- Home Frame -->\n
..\\..\\Library\\common_lib.h(141):           <frame src="/WebTours/home.html" name="info" marginheight="2" marginwidth="2" \n
..\\..\\Library\\common_lib.h(141):                 noresize="noresize" scrolling="auto"/>\n
..\\..\\Library\\common_lib.h(141):        </frameset>\n
..\\..\\Library\\common_lib.h(141):     </html>\n
..\\..\\Library\\common_lib.h(141):     \n
..\\..\\Library\\common_lib.h(141):     </body>\n
..\\..\\Library\\common_lib.h(141):     </html>
..\\..\\Library\\common_lib.h(141): Detected non-resource "http://127.0.0.1:1080/cgi-bin/nav.pl?in=home" in "http://127.0.0.1:1080/cgi-bin/welcome.pl?signOff=1"  	[MsgId: MMSG-26574]
..\\..\\Library\\common_lib.h(141): Detected non-resource "http://127.0.0.1:1080/WebTours/home.html" in "http://127.0.0.1:1080/cgi-bin/welcome.pl?signOff=1"  	[MsgId: MMSG-26574]
..\\..\\Library\\common_lib.h(141): Retrieving data from cache for "http://127.0.0.1:1080/WebTours/home.html"  	[MsgId: MMSG-26558]
..\\..\\Library\\common_lib.h(141): t=66026ms: 1361-byte response body retrieved from cache for "http://127.0.0.1:1080/WebTours/home.html" (RelFrameId=1.2, Internal ID=24)
..\\..\\Library\\common_lib.h(141):     <HTML>\n
..\\..\\Library\\common_lib.h(141):     <HEAD>\n
..\\..\\Library\\common_lib.h(141):     \t<title>Web Tours</title>\n
..\\..\\Library\\common_lib.h(141):     </HEAD>\n
..\\..\\Library\\common_lib.h(141):     <style>\n
..\\..\\Library\\common_lib.h(141):     \tblockquote {font-family: tahoma; font-size : 10pt}\n
..\\..\\Library\\common_lib.h(141):     \tH1 {font-family: tahoma; font-size : 22pt; color: #003366}\n
..\\..\\Library\\common_lib.h(141):     \tsmall {font-family: tahoma; font-size : 8pt}\n
..\\..\\Library\\common_lib.h(141):     \tH3{font-family: tahoma; font-size : 10pt; color: black}\n
..\\..\\Library\\common_lib.h(141):     \tA {FONT-WEIGHT: bold; FONT-SIZE: 10pt; COLOR: black; FONT-FAMILY: Tahoma; TEXT-DECORATIO
..\\..\\Library\\common_lib.h(141):     N: none}\n
..\\..\\Library\\common_lib.h(141):     \tA:hover{ FONT-WEIGHT: bold; FONT-SIZE: 10pt; COLOR: #993333; FONT-FAMILY: Tahoma;TEXT-DE
..\\..\\Library\\common_lib.h(141):     CORATION: underline}\n
..\\..\\Library\\common_lib.h(141):     \tTD {font-family: tahoma; font-size : 10pt; color: black}\n
..\\..\\Library\\common_lib.h(141):     </style>\n
..\\..\\Library\\common_lib.h(141):     <body bgcolor="#e0e7f1">\n
..\\..\\Library\\common_lib.h(141):     <BR/>\n
..\\..\\Library\\common_lib.h(141):     <BR/>\n
..\\..\\Library\\common_lib.h(141):     <BR/>\n
..\\..\\Library\\common_lib.h(141):     <br/>\n
..\\..\\Library\\common_lib.h(141):     <table border="0">\n
..\\..\\Library\\common_lib.h(141):     <tr><td></td></tr>\n
..\\..\\Library\\common_lib.h(141):     <TR><TD></TD></TR>\n
..\\..\\Library\\common_lib.h(141):     <TR><TD>\n
..\\..\\Library\\common_lib.h(141):     <blockquote>\n
..\\..\\Library\\common_lib.h(141):     <H1><b>Web Tours</b></H1>\n
..\\..\\Library\\common_lib.h(141):     Welcome to the Web Tours site.\n
..\\..\\Library\\common_lib.h(141):     <br/>\n
..\\..\\Library\\common_lib.h(141):     To make reservations,please enter your account information to the left.\n
..\\..\\Library\\common_lib.h(141):     <br/>\n
..\\..\\Library\\common_lib.h(141):     If you haven't registered yet, <A href="/cgi-bin/login.pl?username=&amp;password=&amp;getI
..\\..\\Library\\common_lib.h(141):     nfo=true" ><B>sign up now</B></A> to get access to all our resources.\n
..\\..\\Library\\common_lib.h(141):     <br/>\n
..\\..\\Library\\common_lib.h(141):     To configure the server options, use <A href="/cgi-bin/admin.pl" target="body" ><b>adminis
..\\..\\Library\\common_lib.h(141):     tration</b></A> link.\n
..\\..\\Library\\common_lib.h(141):     <br/><br/><br/><br/><br/><br/>\n
..\\..\\Library\\common_lib.h(141):     <br/><small>\n
..\\..\\Library\\common_lib.h(141):     This product uses parts of the SMT Kernel, Copyright (c) 1991-99 <A href="http://www.imati
..\\..\\Library\\common_lib.h(141):     x.com" target="new"><B><small>iMatix Corporation</small></B></A> \n
..\\..\\Library\\common_lib.h(141):     </small>\n
..\\..\\Library\\common_lib.h(141):     </blockquote></TD>\n
..\\..\\Library\\common_lib.h(141):     <TD></TD></TR>\n
..\\..\\Library\\common_lib.h(141):     </table>\n
..\\..\\Library\\common_lib.h(141):     </body>\n
..\\..\\Library\\common_lib.h(141):     </HTML>\n
..\\..\\Library\\common_lib.h(141): t=66026ms: Request done "http://127.0.0.1:1080/cgi-bin/welcome.pl?signOff=1"  	[MsgId: MMSG-26000]
..\\..\\Library\\common_lib.h(141): t=66027ms: Connecting [1] to host 127.0.0.1:1080  	[MsgId: MMSG-26000]
..\\..\\Library\\common_lib.h(141): t=66027ms: Connected socket [1] from 127.0.0.1:3913 to 127.0.0.1:1080 in 0 ms  	[MsgId: MMSG-26000]
..\\..\\Library\\common_lib.h(141): t=66027ms: 652-byte request headers for "http://127.0.0.1:1080/cgi-bin/nav.pl?in=home" (RelFrameId=1.1, Internal ID=23)
..\\..\\Library\\common_lib.h(141):     GET /cgi-bin/nav.pl?in=home HTTP/1.1\r\n
..\\..\\Library\\common_lib.h(141):     Referer: http://127.0.0.1:1080/cgi-bin/welcome.pl?signOff=1\r\n
..\\..\\Library\\common_lib.h(141):     Upgrade-Insecure-Requests: 1\r\n
..\\..\\Library\\common_lib.h(141):     DNT: 1\r\n
..\\..\\Library\\common_lib.h(141):     Sec-Fetch-Dest: frame\r\n
..\\..\\Library\\common_lib.h(141):     Sec-Fetch-Mode: navigate\r\n
..\\..\\Library\\common_lib.h(141):     Sec-Fetch-Site: same-origin\r\n
..\\..\\Library\\common_lib.h(141):     sec-ch-ua: " Not A;Brand";v="99", "Chromium";v="99", "Google Chrome";v="99"\r\n
..\\..\\Library\\common_lib.h(141):     sec-ch-ua-mobile: ?0\r\n
..\\..\\Library\\common_lib.h(141):     sec-ch-ua-platform: "Windows"\r\n
..\\..\\Library\\common_lib.h(141):     User-Agent: Mozilla/5.0 (Windows NT 10.0; Win64; x64) AppleWebKit/537.36 (KHTML, like Geck
..\\..\\Library\\common_lib.h(141):     o) Chrome/99.0.4844.82 Safari/537.36\r\n
..\\..\\Library\\common_lib.h(141):     Accept-Encoding: gzip, deflate, br\r\n
..\\..\\Library\\common_lib.h(141):     Accept-Language: ru-RU,ru;q=0.9,en-US;q=0.8,en;q=0.7\r\n
..\\..\\Library\\common_lib.h(141):     Accept: */*\r\n
..\\..\\Library\\common_lib.h(141):     Connection: Keep-Alive\r\n
..\\..\\Library\\common_lib.h(141):     Host: 127.0.0.1:1080\r\n
..\\..\\Library\\common_lib.h(141):     Cookie: MSO=SID&1648987506\r\n
..\\..\\Library\\common_lib.h(141):     \r\n
..\\..\\Library\\common_lib.h(141): t=66083ms: 256-byte response headers for "http://127.0.0.1:1080/cgi-bin/nav.pl?in=home" (RelFrameId=1.1, Internal ID=23)
..\\..\\Library\\common_lib.h(141):     HTTP/1.1 200 OK\r\n
..\\..\\Library\\common_lib.h(141):     Date: Sun, 03 Apr 2022 12:05:06 GMT\r\n
..\\..\\Library\\common_lib.h(141):     Server: Apache/2.2.21 (Win32)\r\n
..\\..\\Library\\common_lib.h(141):     Expires: Sat, 02 Apr 2022 12:05:06 GMT\r\n
..\\..\\Library\\common_lib.h(141):     Keep-Alive: timeout=5, max=100\r\n
..\\..\\Library\\common_lib.h(141):     Connection: Keep-Alive\r\n
..\\..\\Library\\common_lib.h(141):     Transfer-Encoding: chunked\r\n
..\\..\\Library\\common_lib.h(141):     Content-Type: text/html; charset=ISO-8859-1\r\n
..\\..\\Library\\common_lib.h(141):     \r\n
..\\..\\Library\\common_lib.h(141): t=66083ms: 5-byte chunked response overhead for "http://127.0.0.1:1080/cgi-bin/nav.pl?in=home" (RelFrameId=1.1, Internal ID=23)
..\\..\\Library\\common_lib.h(141):     5cc\r\n
..\\..\\Library\\common_lib.h(141): t=66083ms: 7-byte chunked response overhead for "http://127.0.0.1:1080/cgi-bin/nav.pl?in=home" (RelFrameId=1.1, Internal ID=23)
..\\..\\Library\\common_lib.h(141):     \r\n
..\\..\\Library\\common_lib.h(141):     0\r\n
..\\..\\Library\\common_lib.h(141):     \r\n
..\\..\\Library\\common_lib.h(141): t=66083ms: 1484-byte chunked response body for "http://127.0.0.1:1080/cgi-bin/nav.pl?in=home" (RelFrameId=1.1, Internal ID=23)
..\\..\\Library\\common_lib.h(141):     <!DOCTYPE html\n
..\\..\\Library\\common_lib.h(141):     \tPUBLIC "-//W3C//DTD XHTML 1.0 Transitional//EN"\n
..\\..\\Library\\common_lib.h(141):     \t "http://www.w3.org/TR/xhtml1/DTD/xhtml1-transitional.dtd">\n
..\\..\\Library\\common_lib.h(141):     <html xmlns="http://www.w3.org/1999/xhtml" lang="en-US" xml:lang="en-US">\n
..\\..\\Library\\common_lib.h(141):     <head>\n
..\\..\\Library\\common_lib.h(141):     <title>Web Tours Navigation Bar</title>\n
..\\..\\Library\\common_lib.h(141):     <meta http-equiv="Content-Type" content="text/html; charset=iso-8859-1" />\n
..\\..\\Library\\common_lib.h(141):     </head>\n
..\\..\\Library\\common_lib.h(141):     <body bgcolor="#E0E7F1">\n
..\\..\\Library\\common_lib.h(141):     <style>\n
..\\..\\Library\\common_lib.h(141):     blockquote {font-family: tahoma; font-size : 10pt}\n
..\\..\\Library\\common_lib.h(141):     H1 {font-family: tahoma; font-size : 22pt; color: #993333}\n
..\\..\\Library\\common_lib.h(141):     H3 {font-family: tahoma; font-size : 10pt; color: black}\n
..\\..\\Library\\common_lib.h(141):     small {font-family: tahoma; font-size : 8pt}\n
..\\..\\Library\\common_lib.h(141):     </style>\n
..\\..\\Library\\common_lib.h(141):     <form method="post" action="/cgi-bin/login.pl" target="body">\n
..\\..\\Library\\common_lib.h(141):     <input type="hidden" name="userSession" value="133575.334629405ziHAHiVpcHftVcctpziHzf"/>\n
..\\..\\Library\\common_lib.h(141):     <table border="0"><tr><td>&nbsp;</td>\n
..\\..\\Library\\common_lib.h(141):     <td>&nbsp;</td></tr>\n
..\\..\\Library\\common_lib.h(141):     <tr><td>&nbsp;</td>\n
..\\..\\Library\\common_lib.h(141):     <td>&nbsp;</td></tr>\n
..\\..\\Library\\common_lib.h(141):     <tr><td>&nbsp;</td>\n
..\\..\\Library\\common_lib.h(141):     <td><small>&nbsp;Username</small></td></tr>\n
..\\..\\Library\\common_lib.h(141):     <tr><td>&nbsp;</td>\n
..\\..\\Library\\common_lib.h(141):     <td><input type="text" name="username" value="" size="14" maxlength="14"/></td></tr>\n
..\\..\\Library\\common_lib.h(141):     <tr><td>&nbsp;</td>\n
..\\..\\Library\\common_lib.h(141):     <td><small>&nbsp;Password</small></td>\n
..\\..\\Library\\common_lib.h(141):     <tr><td>&nbsp;</td>\n
..\\..\\Library\\common_lib.h(141):     <td><input type="password" name="password" value="" size="14" maxlength="14"/></td></tr>\n
..\\..\\Library\\common_lib.h(141):     <tr><td>&nbsp;</td>\n
..\\..\\Library\\common_lib.h(141):     <td>&nbsp;</td></tr>\n
..\\..\\Library\\common_lib.h(141):     <tr><td>&nbsp;</td>\n
..\\..\\Library\\common_lib.h(141):     <td><input type="image" name="login" value="Login" alt="Login" border="1" \n
..\\..\\Library\\common_lib.h(141):     src="/WebTours/images/mer_login.gif"/></td></tr>\n
..\\..\\Library\\common_lib.h(141):     <tr><td>&nbsp;</td><td>&nbsp;</td></tr>\n
..\\..\\Library\\common_lib.h(141):     </table><input type="hidden" name="JSFormSubmit" value="off"/>\n
..\\..\\Library\\common_lib.h(141):     </form>\n
..\\..\\Library\\common_lib.h(141):     \n
..\\..\\Library\\common_lib.h(141):     </body>\n
..\\..\\Library\\common_lib.h(141):     </html>\n
..\\..\\Library\\common_lib.h(141): Resource "http://127.0.0.1:1080/WebTours/images/mer_login.gif" is in the cache already and will not be downloaded again  	[MsgId: MMSG-26655]
..\\..\\Library\\common_lib.h(141): t=66084ms: Request done "http://127.0.0.1:1080/cgi-bin/nav.pl?in=home"  	[MsgId: MMSG-26000]
..\\..\\Library\\common_lib.h(141): Registered web_reg_find successful for "Text=Web Tours" (count=5)  	[MsgId: MMSG-26364]
..\\..\\Library\\common_lib.h(141): web_url("SignOff Button") was successful, 2170 body bytes, 584 header bytes, 24 chunking overhead bytes  	[MsgId: MMSG-26385]
..\\..\\Library\\common_lib.h(151): Notify: Transaction "Logout" ended with a "Pass" status (Duration: 7,1225 Think Time: 7,0055 Wasted Time: 0,0000).	[MsgId: MMSG-16870]
Action.c(155): Notify: Transaction "02_OneWayTicketPurchase" ended with a "Pass" status (Duration: 65,9336 Think Time: 59,0527 Wasted Time: 0,0013).	[MsgId: MMSG-16870]
Ending action Action.	[MsgId: MMSG-15918]
Action was aborted.	[MsgId: MMSG-10694]
Ending Vuser...	[MsgId: MMSG-15966]
Starting action vuser_end.	[MsgId: MMSG-15919]
Ending action vuser_end.	[MsgId: MMSG-15918]
Vuser Terminated.	[MsgId: MMSG-15963]
t=66084ms: Closed connection [0] to 127.0.0.1:1080 after completing 1 request(s)  	[MsgId: MMSG-26000]
t=66084ms: Closed connection [1] to 127.0.0.1:1080 after completing 1 request(s)  	[MsgId: MMSG-26000]
HTML-Mode memory management statistics: Reusable=7, NonReusable=0, CsMemBlockSize=4096, checks disabled  	[MsgId: MMSG-26000]
Vuser 2 (thread 17064), ended OK."	[MsgId: MMSG-10695]
..\\..\\Library\\common_lib.h(141): web_url("SignOff Button") started  	[MsgId: MMSG-26355]
..\\..\\Library\\common_lib.h(141): t=67613ms: Closed connection [0] to 127.0.0.1:1080 after completing 1 request(s)  	[MsgId: MMSG-26000]
..\\..\\Library\\common_lib.h(141): t=67613ms: Connecting [0] to host 127.0.0.1:1080  	[MsgId: MMSG-26000]
..\\..\\Library\\common_lib.h(141): t=67614ms: Connected socket [0] from 127.0.0.1:3916 to 127.0.0.1:1080 in 1 ms  	[MsgId: MMSG-26000]
..\\..\\Library\\common_lib.h(141): t=67614ms: 786-byte request headers for "http://127.0.0.1:1080/cgi-bin/welcome.pl?signOff=1" (RelFrameId=1, Internal ID=22)
..\\..\\Library\\common_lib.h(141):     GET /cgi-bin/welcome.pl?signOff=1 HTTP/1.1\r\n
..\\..\\Library\\common_lib.h(141):     Referer: http://127.0.0.1:1080/cgi-bin/nav.pl?page=menu&in=flights\r\n
..\\..\\Library\\common_lib.h(141):     Upgrade-Insecure-Requests: 1\r\n
..\\..\\Library\\common_lib.h(141):     DNT: 1\r\n
..\\..\\Library\\common_lib.h(141):     Sec-Fetch-Dest: frame\r\n
..\\..\\Library\\common_lib.h(141):     Sec-Fetch-Mode: navigate\r\n
..\\..\\Library\\common_lib.h(141):     Sec-Fetch-Site: same-origin\r\n
..\\..\\Library\\common_lib.h(141):     sec-ch-ua: " Not A;Brand";v="99", "Chromium";v="99", "Google Chrome";v="99"\r\n
..\\..\\Library\\common_lib.h(141):     sec-ch-ua-mobile: ?0\r\n
..\\..\\Library\\common_lib.h(141):     sec-ch-ua-platform: "Windows"\r\n
..\\..\\Library\\common_lib.h(141):     User-Agent: Mozilla/5.0 (Windows NT 10.0; Win64; x64) AppleWebKit/537.36 (KHTML, like Geck
..\\..\\Library\\common_lib.h(141):     o) Chrome/99.0.4844.82 Safari/537.36\r\n
..\\..\\Library\\common_lib.h(141):     Accept-Encoding: gzip, deflate, br\r\n
..\\..\\Library\\common_lib.h(141):     Accept-Language: ru-RU,ru;q=0.9,en-US;q=0.8,en;q=0.7\r\n
..\\..\\Library\\common_lib.h(141):     Accept: */*\r\n
..\\..\\Library\\common_lib.h(141):     Connection: Keep-Alive\r\n
..\\..\\Library\\common_lib.h(141):     Host: 127.0.0.1:1080\r\n
..\\..\\Library\\common_lib.h(141):     Cookie: MSO=SID&1648987440; MTUserInfo=firstName&Carlos&username&acrobat&address2&Brooklyn
..\\..\\Library\\common_lib.h(141):     &hash&84&address1&22%20Church%20Street&lastName&Watson%0A\r\n
..\\..\\Library\\common_lib.h(141):     \r\n
..\\..\\Library\\common_lib.h(141): t=67615ms: Inactive socket [1] was closed by 127.0.0.1:1080, probably due to Keep-Alive timeout  	[MsgId: MMSG-26000]
..\\..\\Library\\common_lib.h(141): t=67615ms: Closed connection [1] to 127.0.0.1:1080 after completing 1 request(s)  	[MsgId: MMSG-26000]
..\\..\\Library\\common_lib.h(141): t=67670ms: 328-byte response headers for "http://127.0.0.1:1080/cgi-bin/welcome.pl?signOff=1" (RelFrameId=1, Internal ID=22)
..\\..\\Library\\common_lib.h(141):     HTTP/1.1 200 OK\r\n
..\\..\\Library\\common_lib.h(141):     Date: Sun, 03 Apr 2022 12:05:08 GMT\r\n
..\\..\\Library\\common_lib.h(141):     Server: Apache/2.2.21 (Win32)\r\n
..\\..\\Library\\common_lib.h(141):     Set-Cookie: MSO=SID&1648987508; path=/\r\n
..\\..\\Library\\common_lib.h(141):     Set-Cookie: MTUserInfo=; path=/; expires=Sat, 02-Apr-2022 12:05:08 GMT\r\n
..\\..\\Library\\common_lib.h(141):     Keep-Alive: timeout=5, max=100\r\n
..\\..\\Library\\common_lib.h(141):     Connection: Keep-Alive\r\n
..\\..\\Library\\common_lib.h(141):     Transfer-Encoding: chunked\r\n
..\\..\\Library\\common_lib.h(141):     Content-Type: text/html; charset=ISO-8859-1\r\n
..\\..\\Library\\common_lib.h(141):     \r\n
..\\..\\Library\\common_lib.h(141): t=67671ms: 5-byte chunked response overhead for "http://127.0.0.1:1080/cgi-bin/welcome.pl?signOff=1" (RelFrameId=1, Internal ID=22)
..\\..\\Library\\common_lib.h(141):     2ae\r\n
..\\..\\Library\\common_lib.h(141): t=67671ms: 7-byte chunked response overhead for "http://127.0.0.1:1080/cgi-bin/welcome.pl?signOff=1" (RelFrameId=1, Internal ID=22)
..\\..\\Library\\common_lib.h(141):     \r\n
..\\..\\Library\\common_lib.h(141):     0\r\n
..\\..\\Library\\common_lib.h(141):     \r\n
..\\..\\Library\\common_lib.h(141): t=67671ms: 686-byte chunked response body for "http://127.0.0.1:1080/cgi-bin/welcome.pl?signOff=1" (RelFrameId=1, Internal ID=22)
..\\..\\Library\\common_lib.h(141):     <!-- \n
..\\..\\Library\\common_lib.h(141):      A Session ID has been created and loaded into a cookie called MSO.\n
..\\..\\Library\\common_lib.h(141):      Also, the server options have been loaded into the cookie called\n
..\\..\\Library\\common_lib.h(141):      MSO as well.  The server options can be set via the Admin page.\n
..\\..\\Library\\common_lib.h(141):      --->\n
..\\..\\Library\\common_lib.h(141):     \n
..\\..\\Library\\common_lib.h(141):     <html>\n
..\\..\\Library\\common_lib.h(141):     <title>Web Tours</title>\n
..\\..\\Library\\common_lib.h(141):        <!-- Frame Set -->\n
..\\..\\Library\\common_lib.h(141):        <frameset cols="160,*" border="1" frameborder="1">\n
..\\..\\Library\\common_lib.h(141):           <!-- Navigation Frame -->\n
..\\..\\Library\\common_lib.h(141):           <frame src="nav.pl?in=home" name="navbar" marginheight="2" marginwidth="2" \n
..\\..\\Library\\common_lib.h(141):                 noresize="noresize" scrolling="auto"/>\n
..\\..\\Library\\common_lib.h(141):           <!-- Home Frame -->\n
..\\..\\Library\\common_lib.h(141):           <frame src="/WebTours/home.html" name="info" marginheight="2" marginwidth="2" \n
..\\..\\Library\\common_lib.h(141):                 noresize="noresize" scrolling="auto"/>\n
..\\..\\Library\\common_lib.h(141):        </frameset>\n
..\\..\\Library\\common_lib.h(141):     </html>\n
..\\..\\Library\\common_lib.h(141):     \n
..\\..\\Library\\common_lib.h(141):     </body>\n
..\\..\\Library\\common_lib.h(141):     </html>
..\\..\\Library\\common_lib.h(141): Detected non-resource "http://127.0.0.1:1080/cgi-bin/nav.pl?in=home" in "http://127.0.0.1:1080/cgi-bin/welcome.pl?signOff=1"  	[MsgId: MMSG-26574]
..\\..\\Library\\common_lib.h(141): Detected non-resource "http://127.0.0.1:1080/WebTours/home.html" in "http://127.0.0.1:1080/cgi-bin/welcome.pl?signOff=1"  	[MsgId: MMSG-26574]
..\\..\\Library\\common_lib.h(141): Retrieving data from cache for "http://127.0.0.1:1080/WebTours/home.html"  	[MsgId: MMSG-26558]
..\\..\\Library\\common_lib.h(141): t=67671ms: 1361-byte response body retrieved from cache for "http://127.0.0.1:1080/WebTours/home.html" (RelFrameId=1.2, Internal ID=24)
..\\..\\Library\\common_lib.h(141):     <HTML>\n
..\\..\\Library\\common_lib.h(141):     <HEAD>\n
..\\..\\Library\\common_lib.h(141):     \t<title>Web Tours</title>\n
..\\..\\Library\\common_lib.h(141):     </HEAD>\n
..\\..\\Library\\common_lib.h(141):     <style>\n
..\\..\\Library\\common_lib.h(141):     \tblockquote {font-family: tahoma; font-size : 10pt}\n
..\\..\\Library\\common_lib.h(141):     \tH1 {font-family: tahoma; font-size : 22pt; color: #003366}\n
..\\..\\Library\\common_lib.h(141):     \tsmall {font-family: tahoma; font-size : 8pt}\n
..\\..\\Library\\common_lib.h(141):     \tH3{font-family: tahoma; font-size : 10pt; color: black}\n
..\\..\\Library\\common_lib.h(141):     \tA {FONT-WEIGHT: bold; FONT-SIZE: 10pt; COLOR: black; FONT-FAMILY: Tahoma; TEXT-DECORATIO
..\\..\\Library\\common_lib.h(141):     N: none}\n
..\\..\\Library\\common_lib.h(141):     \tA:hover{ FONT-WEIGHT: bold; FONT-SIZE: 10pt; COLOR: #993333; FONT-FAMILY: Tahoma;TEXT-DE
..\\..\\Library\\common_lib.h(141):     CORATION: underline}\n
..\\..\\Library\\common_lib.h(141):     \tTD {font-family: tahoma; font-size : 10pt; color: black}\n
..\\..\\Library\\common_lib.h(141):     </style>\n
..\\..\\Library\\common_lib.h(141):     <body bgcolor="#e0e7f1">\n
..\\..\\Library\\common_lib.h(141):     <BR/>\n
..\\..\\Library\\common_lib.h(141):     <BR/>\n
..\\..\\Library\\common_lib.h(141):     <BR/>\n
..\\..\\Library\\common_lib.h(141):     <br/>\n
..\\..\\Library\\common_lib.h(141):     <table border="0">\n
..\\..\\Library\\common_lib.h(141):     <tr><td></td></tr>\n
..\\..\\Library\\common_lib.h(141):     <TR><TD></TD></TR>\n
..\\..\\Library\\common_lib.h(141):     <TR><TD>\n
..\\..\\Library\\common_lib.h(141):     <blockquote>\n
..\\..\\Library\\common_lib.h(141):     <H1><b>Web Tours</b></H1>\n
..\\..\\Library\\common_lib.h(141):     Welcome to the Web Tours site.\n
..\\..\\Library\\common_lib.h(141):     <br/>\n
..\\..\\Library\\common_lib.h(141):     To make reservations,please enter your account information to the left.\n
..\\..\\Library\\common_lib.h(141):     <br/>\n
..\\..\\Library\\common_lib.h(141):     If you haven't registered yet, <A href="/cgi-bin/login.pl?username=&amp;password=&amp;getI
..\\..\\Library\\common_lib.h(141):     nfo=true" ><B>sign up now</B></A> to get access to all our resources.\n
..\\..\\Library\\common_lib.h(141):     <br/>\n
..\\..\\Library\\common_lib.h(141):     To configure the server options, use <A href="/cgi-bin/admin.pl" target="body" ><b>adminis
..\\..\\Library\\common_lib.h(141):     tration</b></A> link.\n
..\\..\\Library\\common_lib.h(141):     <br/><br/><br/><br/><br/><br/>\n
..\\..\\Library\\common_lib.h(141):     <br/><small>\n
..\\..\\Library\\common_lib.h(141):     This product uses parts of the SMT Kernel, Copyright (c) 1991-99 <A href="http://www.imati
..\\..\\Library\\common_lib.h(141):     x.com" target="new"><B><small>iMatix Corporation</small></B></A> \n
..\\..\\Library\\common_lib.h(141):     </small>\n
..\\..\\Library\\common_lib.h(141):     </blockquote></TD>\n
..\\..\\Library\\common_lib.h(141):     <TD></TD></TR>\n
..\\..\\Library\\common_lib.h(141):     </table>\n
..\\..\\Library\\common_lib.h(141):     </body>\n
..\\..\\Library\\common_lib.h(141):     </HTML>\n
..\\..\\Library\\common_lib.h(141): t=67672ms: Request done "http://127.0.0.1:1080/cgi-bin/welcome.pl?signOff=1"  	[MsgId: MMSG-26000]
..\\..\\Library\\common_lib.h(141): t=67672ms: Connecting [1] to host 127.0.0.1:1080  	[MsgId: MMSG-26000]
..\\..\\Library\\common_lib.h(141): t=67672ms: Connected socket [1] from 127.0.0.1:3917 to 127.0.0.1:1080 in 0 ms  	[MsgId: MMSG-26000]
..\\..\\Library\\common_lib.h(141): t=67673ms: 652-byte request headers for "http://127.0.0.1:1080/cgi-bin/nav.pl?in=home" (RelFrameId=1.1, Internal ID=23)
..\\..\\Library\\common_lib.h(141):     GET /cgi-bin/nav.pl?in=home HTTP/1.1\r\n
..\\..\\Library\\common_lib.h(141):     Referer: http://127.0.0.1:1080/cgi-bin/welcome.pl?signOff=1\r\n
..\\..\\Library\\common_lib.h(141):     Upgrade-Insecure-Requests: 1\r\n
..\\..\\Library\\common_lib.h(141):     DNT: 1\r\n
..\\..\\Library\\common_lib.h(141):     Sec-Fetch-Dest: frame\r\n
..\\..\\Library\\common_lib.h(141):     Sec-Fetch-Mode: navigate\r\n
..\\..\\Library\\common_lib.h(141):     Sec-Fetch-Site: same-origin\r\n
..\\..\\Library\\common_lib.h(141):     sec-ch-ua: " Not A;Brand";v="99", "Chromium";v="99", "Google Chrome";v="99"\r\n
..\\..\\Library\\common_lib.h(141):     sec-ch-ua-mobile: ?0\r\n
..\\..\\Library\\common_lib.h(141):     sec-ch-ua-platform: "Windows"\r\n
..\\..\\Library\\common_lib.h(141):     User-Agent: Mozilla/5.0 (Windows NT 10.0; Win64; x64) AppleWebKit/537.36 (KHTML, like Geck
..\\..\\Library\\common_lib.h(141):     o) Chrome/99.0.4844.82 Safari/537.36\r\n
..\\..\\Library\\common_lib.h(141):     Accept-Encoding: gzip, deflate, br\r\n
..\\..\\Library\\common_lib.h(141):     Accept-Language: ru-RU,ru;q=0.9,en-US;q=0.8,en;q=0.7\r\n
..\\..\\Library\\common_lib.h(141):     Accept: */*\r\n
..\\..\\Library\\common_lib.h(141):     Connection: Keep-Alive\r\n
..\\..\\Library\\common_lib.h(141):     Host: 127.0.0.1:1080\r\n
..\\..\\Library\\common_lib.h(141):     Cookie: MSO=SID&1648987508\r\n
..\\..\\Library\\common_lib.h(141):     \r\n
..\\..\\Library\\common_lib.h(141): t=67731ms: 256-byte response headers for "http://127.0.0.1:1080/cgi-bin/nav.pl?in=home" (RelFrameId=1.1, Internal ID=23)
..\\..\\Library\\common_lib.h(141):     HTTP/1.1 200 OK\r\n
..\\..\\Library\\common_lib.h(141):     Date: Sun, 03 Apr 2022 12:05:08 GMT\r\n
..\\..\\Library\\common_lib.h(141):     Server: Apache/2.2.21 (Win32)\r\n
..\\..\\Library\\common_lib.h(141):     Expires: Sat, 02 Apr 2022 12:05:08 GMT\r\n
..\\..\\Library\\common_lib.h(141):     Keep-Alive: timeout=5, max=100\r\n
..\\..\\Library\\common_lib.h(141):     Connection: Keep-Alive\r\n
..\\..\\Library\\common_lib.h(141):     Transfer-Encoding: chunked\r\n
..\\..\\Library\\common_lib.h(141):     Content-Type: text/html; charset=ISO-8859-1\r\n
..\\..\\Library\\common_lib.h(141):     \r\n
..\\..\\Library\\common_lib.h(141): t=67731ms: 5-byte chunked response overhead for "http://127.0.0.1:1080/cgi-bin/nav.pl?in=home" (RelFrameId=1.1, Internal ID=23)
..\\..\\Library\\common_lib.h(141):     5d0\r\n
..\\..\\Library\\common_lib.h(141): t=67731ms: 7-byte chunked response overhead for "http://127.0.0.1:1080/cgi-bin/nav.pl?in=home" (RelFrameId=1.1, Internal ID=23)
..\\..\\Library\\common_lib.h(141):     \r\n
..\\..\\Library\\common_lib.h(141):     0\r\n
..\\..\\Library\\common_lib.h(141):     \r\n
..\\..\\Library\\common_lib.h(141): t=67731ms: 1488-byte chunked response body for "http://127.0.0.1:1080/cgi-bin/nav.pl?in=home" (RelFrameId=1.1, Internal ID=23)
..\\..\\Library\\common_lib.h(141):     <!DOCTYPE html\n
..\\..\\Library\\common_lib.h(141):     \tPUBLIC "-//W3C//DTD XHTML 1.0 Transitional//EN"\n
..\\..\\Library\\common_lib.h(141):     \t "http://www.w3.org/TR/xhtml1/DTD/xhtml1-transitional.dtd">\n
..\\..\\Library\\common_lib.h(141):     <html xmlns="http://www.w3.org/1999/xhtml" lang="en-US" xml:lang="en-US">\n
..\\..\\Library\\common_lib.h(141):     <head>\n
..\\..\\Library\\common_lib.h(141):     <title>Web Tours Navigation Bar</title>\n
..\\..\\Library\\common_lib.h(141):     <meta http-equiv="Content-Type" content="text/html; charset=iso-8859-1" />\n
..\\..\\Library\\common_lib.h(141):     </head>\n
..\\..\\Library\\common_lib.h(141):     <body bgcolor="#E0E7F1">\n
..\\..\\Library\\common_lib.h(141):     <style>\n
..\\..\\Library\\common_lib.h(141):     blockquote {font-family: tahoma; font-size : 10pt}\n
..\\..\\Library\\common_lib.h(141):     H1 {font-family: tahoma; font-size : 22pt; color: #993333}\n
..\\..\\Library\\common_lib.h(141):     H3 {font-family: tahoma; font-size : 10pt; color: black}\n
..\\..\\Library\\common_lib.h(141):     small {font-family: tahoma; font-size : 8pt}\n
..\\..\\Library\\common_lib.h(141):     </style>\n
..\\..\\Library\\common_lib.h(141):     <form method="post" action="/cgi-bin/login.pl" target="body">\n
..\\..\\Library\\common_lib.h(141):     <input type="hidden" name="userSession" value="133575.334791414ziHAHiVpciDDDDDDtVcctpziHH"
..\\..\\Library\\common_lib.h(141):     />\n
..\\..\\Library\\common_lib.h(141):     <table border="0"><tr><td>&nbsp;</td>\n
..\\..\\Library\\common_lib.h(141):     <td>&nbsp;</td></tr>\n
..\\..\\Library\\common_lib.h(141):     <tr><td>&nbsp;</td>\n
..\\..\\Library\\common_lib.h(141):     <td>&nbsp;</td></tr>\n
..\\..\\Library\\common_lib.h(141):     <tr><td>&nbsp;</td>\n
..\\..\\Library\\common_lib.h(141):     <td><small>&nbsp;Username</small></td></tr>\n
..\\..\\Library\\common_lib.h(141):     <tr><td>&nbsp;</td>\n
..\\..\\Library\\common_lib.h(141):     <td><input type="text" name="username" value="" size="14" maxlength="14"/></td></tr>\n
..\\..\\Library\\common_lib.h(141):     <tr><td>&nbsp;</td>\n
..\\..\\Library\\common_lib.h(141):     <td><small>&nbsp;Password</small></td>\n
..\\..\\Library\\common_lib.h(141):     <tr><td>&nbsp;</td>\n
..\\..\\Library\\common_lib.h(141):     <td><input type="password" name="password" value="" size="14" maxlength="14"/></td></tr>\n
..\\..\\Library\\common_lib.h(141):     <tr><td>&nbsp;</td>\n
..\\..\\Library\\common_lib.h(141):     <td>&nbsp;</td></tr>\n
..\\..\\Library\\common_lib.h(141):     <tr><td>&nbsp;</td>\n
..\\..\\Library\\common_lib.h(141):     <td><input type="image" name="login" value="Login" alt="Login" border="1" \n
..\\..\\Library\\common_lib.h(141):     src="/WebTours/images/mer_login.gif"/></td></tr>\n
..\\..\\Library\\common_lib.h(141):     <tr><td>&nbsp;</td><td>&nbsp;</td></tr>\n
..\\..\\Library\\common_lib.h(141):     </table><input type="hidden" name="JSFormSubmit" value="off"/>\n
..\\..\\Library\\common_lib.h(141):     </form>\n
..\\..\\Library\\common_lib.h(141):     \n
..\\..\\Library\\common_lib.h(141):     </body>\n
..\\..\\Library\\common_lib.h(141):     </html>\n
..\\..\\Library\\common_lib.h(141): Resource "http://127.0.0.1:1080/WebTours/images/mer_login.gif" is in the cache already and will not be downloaded again  	[MsgId: MMSG-26655]
..\\..\\Library\\common_lib.h(141): t=67732ms: Request done "http://127.0.0.1:1080/cgi-bin/nav.pl?in=home"  	[MsgId: MMSG-26000]
..\\..\\Library\\common_lib.h(141): Registered web_reg_find successful for "Text=Web Tours" (count=5)  	[MsgId: MMSG-26364]
..\\..\\Library\\common_lib.h(141): web_url("SignOff Button") was successful, 2174 body bytes, 584 header bytes, 24 chunking overhead bytes  	[MsgId: MMSG-26385]
..\\..\\Library\\common_lib.h(151): Notify: Transaction "Logout" ended with a "Pass" status (Duration: 7,1475 Think Time: 7,0275 Wasted Time: 0,0000).	[MsgId: MMSG-16870]
Action.c(155): Notify: Transaction "02_OneWayTicketPurchase" ended with a "Pass" status (Duration: 67,5804 Think Time: 59,0655 Wasted Time: 0,0012).	[MsgId: MMSG-16870]
Ending action Action.	[MsgId: MMSG-15918]
Action was aborted.	[MsgId: MMSG-10694]
Ending Vuser...	[MsgId: MMSG-15966]
Starting action vuser_end.	[MsgId: MMSG-15919]
Ending action vuser_end.	[MsgId: MMSG-15918]
Vuser Terminated.	[MsgId: MMSG-15963]
t=67733ms: Closed connection [0] to 127.0.0.1:1080 after completing 1 request(s)  	[MsgId: MMSG-26000]
t=67733ms: Closed connection [1] to 127.0.0.1:1080 after completing 1 request(s)  	[MsgId: MMSG-26000]
HTML-Mode memory management statistics: Reusable=7, NonReusable=0, CsMemBlockSize=4096, checks disabled  	[MsgId: MMSG-26000]
Vuser 0 (thread 13324), ended OK."	[MsgId: MMSG-10695]
..\\..\\Library\\common_lib.h(141): web_url("SignOff Button") started  	[MsgId: MMSG-26355]
..\\..\\Library\\common_lib.h(141): t=67736ms: Closed connection [0] to 127.0.0.1:1080 after completing 1 request(s)  	[MsgId: MMSG-26000]
..\\..\\Library\\common_lib.h(141): t=67736ms: Connecting [0] to host 127.0.0.1:1080  	[MsgId: MMSG-26000]
..\\..\\Library\\common_lib.h(141): t=67736ms: Connected socket [0] from 127.0.0.1:3918 to 127.0.0.1:1080 in 0 ms  	[MsgId: MMSG-26000]
..\\..\\Library\\common_lib.h(141): t=67737ms: 786-byte request headers for "http://127.0.0.1:1080/cgi-bin/welcome.pl?signOff=1" (RelFrameId=1, Internal ID=22)
..\\..\\Library\\common_lib.h(141):     GET /cgi-bin/welcome.pl?signOff=1 HTTP/1.1\r\n
..\\..\\Library\\common_lib.h(141):     Referer: http://127.0.0.1:1080/cgi-bin/nav.pl?page=menu&in=flights\r\n
..\\..\\Library\\common_lib.h(141):     Upgrade-Insecure-Requests: 1\r\n
..\\..\\Library\\common_lib.h(141):     DNT: 1\r\n
..\\..\\Library\\common_lib.h(141):     Sec-Fetch-Dest: frame\r\n
..\\..\\Library\\common_lib.h(141):     Sec-Fetch-Mode: navigate\r\n
..\\..\\Library\\common_lib.h(141):     Sec-Fetch-Site: same-origin\r\n
..\\..\\Library\\common_lib.h(141):     sec-ch-ua: " Not A;Brand";v="99", "Chromium";v="99", "Google Chrome";v="99"\r\n
..\\..\\Library\\common_lib.h(141):     sec-ch-ua-mobile: ?0\r\n
..\\..\\Library\\common_lib.h(141):     sec-ch-ua-platform: "Windows"\r\n
..\\..\\Library\\common_lib.h(141):     User-Agent: Mozilla/5.0 (Windows NT 10.0; Win64; x64) AppleWebKit/537.36 (KHTML, like Geck
..\\..\\Library\\common_lib.h(141):     o) Chrome/99.0.4844.82 Safari/537.36\r\n
..\\..\\Library\\common_lib.h(141):     Accept-Encoding: gzip, deflate, br\r\n
..\\..\\Library\\common_lib.h(141):     Accept-Language: ru-RU,ru;q=0.9,en-US;q=0.8,en;q=0.7\r\n
..\\..\\Library\\common_lib.h(141):     Accept: */*\r\n
..\\..\\Library\\common_lib.h(141):     Connection: Keep-Alive\r\n
..\\..\\Library\\common_lib.h(141):     Host: 127.0.0.1:1080\r\n
..\\..\\Library\\common_lib.h(141):     Cookie: MSO=SID&1648987440; MTUserInfo=firstName&Carlos&username&acrobat&address2&Brooklyn
..\\..\\Library\\common_lib.h(141):     &hash&84&address1&22%20Church%20Street&lastName&Watson%0A\r\n
..\\..\\Library\\common_lib.h(141):     \r\n
..\\..\\Library\\common_lib.h(141): t=67737ms: Inactive socket [1] was closed by 127.0.0.1:1080, probably due to Keep-Alive timeout  	[MsgId: MMSG-26000]
..\\..\\Library\\common_lib.h(141): t=67737ms: Closed connection [1] to 127.0.0.1:1080 after completing 1 request(s)  	[MsgId: MMSG-26000]
..\\..\\Library\\common_lib.h(141): t=67794ms: 328-byte response headers for "http://127.0.0.1:1080/cgi-bin/welcome.pl?signOff=1" (RelFrameId=1, Internal ID=22)
..\\..\\Library\\common_lib.h(141):     HTTP/1.1 200 OK\r\n
..\\..\\Library\\common_lib.h(141):     Date: Sun, 03 Apr 2022 12:05:08 GMT\r\n
..\\..\\Library\\common_lib.h(141):     Server: Apache/2.2.21 (Win32)\r\n
..\\..\\Library\\common_lib.h(141):     Set-Cookie: MSO=SID&1648987508; path=/\r\n
..\\..\\Library\\common_lib.h(141):     Set-Cookie: MTUserInfo=; path=/; expires=Sat, 02-Apr-2022 12:05:08 GMT\r\n
..\\..\\Library\\common_lib.h(141):     Keep-Alive: timeout=5, max=100\r\n
..\\..\\Library\\common_lib.h(141):     Connection: Keep-Alive\r\n
..\\..\\Library\\common_lib.h(141):     Transfer-Encoding: chunked\r\n
..\\..\\Library\\common_lib.h(141):     Content-Type: text/html; charset=ISO-8859-1\r\n
..\\..\\Library\\common_lib.h(141):     \r\n
..\\..\\Library\\common_lib.h(141): t=67794ms: 5-byte chunked response overhead for "http://127.0.0.1:1080/cgi-bin/welcome.pl?signOff=1" (RelFrameId=1, Internal ID=22)
..\\..\\Library\\common_lib.h(141):     2ae\r\n
..\\..\\Library\\common_lib.h(141): t=67794ms: 7-byte chunked response overhead for "http://127.0.0.1:1080/cgi-bin/welcome.pl?signOff=1" (RelFrameId=1, Internal ID=22)
..\\..\\Library\\common_lib.h(141):     \r\n
..\\..\\Library\\common_lib.h(141):     0\r\n
..\\..\\Library\\common_lib.h(141):     \r\n
..\\..\\Library\\common_lib.h(141): t=67794ms: 686-byte chunked response body for "http://127.0.0.1:1080/cgi-bin/welcome.pl?signOff=1" (RelFrameId=1, Internal ID=22)
..\\..\\Library\\common_lib.h(141):     <!-- \n
..\\..\\Library\\common_lib.h(141):      A Session ID has been created and loaded into a cookie called MSO.\n
..\\..\\Library\\common_lib.h(141):      Also, the server options have been loaded into the cookie called\n
..\\..\\Library\\common_lib.h(141):      MSO as well.  The server options can be set via the Admin page.\n
..\\..\\Library\\common_lib.h(141):      --->\n
..\\..\\Library\\common_lib.h(141):     \n
..\\..\\Library\\common_lib.h(141):     <html>\n
..\\..\\Library\\common_lib.h(141):     <title>Web Tours</title>\n
..\\..\\Library\\common_lib.h(141):        <!-- Frame Set -->\n
..\\..\\Library\\common_lib.h(141):        <frameset cols="160,*" border="1" frameborder="1">\n
..\\..\\Library\\common_lib.h(141):           <!-- Navigation Frame -->\n
..\\..\\Library\\common_lib.h(141):           <frame src="nav.pl?in=home" name="navbar" marginheight="2" marginwidth="2" \n
..\\..\\Library\\common_lib.h(141):                 noresize="noresize" scrolling="auto"/>\n
..\\..\\Library\\common_lib.h(141):           <!-- Home Frame -->\n
..\\..\\Library\\common_lib.h(141):           <frame src="/WebTours/home.html" name="info" marginheight="2" marginwidth="2" \n
..\\..\\Library\\common_lib.h(141):                 noresize="noresize" scrolling="auto"/>\n
..\\..\\Library\\common_lib.h(141):        </frameset>\n
..\\..\\Library\\common_lib.h(141):     </html>\n
..\\..\\Library\\common_lib.h(141):     \n
..\\..\\Library\\common_lib.h(141):     </body>\n
..\\..\\Library\\common_lib.h(141):     </html>
..\\..\\Library\\common_lib.h(141): Detected non-resource "http://127.0.0.1:1080/cgi-bin/nav.pl?in=home" in "http://127.0.0.1:1080/cgi-bin/welcome.pl?signOff=1"  	[MsgId: MMSG-26574]
..\\..\\Library\\common_lib.h(141): Detected non-resource "http://127.0.0.1:1080/WebTours/home.html" in "http://127.0.0.1:1080/cgi-bin/welcome.pl?signOff=1"  	[MsgId: MMSG-26574]
..\\..\\Library\\common_lib.h(141): Retrieving data from cache for "http://127.0.0.1:1080/WebTours/home.html"  	[MsgId: MMSG-26558]
..\\..\\Library\\common_lib.h(141): t=67795ms: 1361-byte response body retrieved from cache for "http://127.0.0.1:1080/WebTours/home.html" (RelFrameId=1.2, Internal ID=24)
..\\..\\Library\\common_lib.h(141):     <HTML>\n
..\\..\\Library\\common_lib.h(141):     <HEAD>\n
..\\..\\Library\\common_lib.h(141):     \t<title>Web Tours</title>\n
..\\..\\Library\\common_lib.h(141):     </HEAD>\n
..\\..\\Library\\common_lib.h(141):     <style>\n
..\\..\\Library\\common_lib.h(141):     \tblockquote {font-family: tahoma; font-size : 10pt}\n
..\\..\\Library\\common_lib.h(141):     \tH1 {font-family: tahoma; font-size : 22pt; color: #003366}\n
..\\..\\Library\\common_lib.h(141):     \tsmall {font-family: tahoma; font-size : 8pt}\n
..\\..\\Library\\common_lib.h(141):     \tH3{font-family: tahoma; font-size : 10pt; color: black}\n
..\\..\\Library\\common_lib.h(141):     \tA {FONT-WEIGHT: bold; FONT-SIZE: 10pt; COLOR: black; FONT-FAMILY: Tahoma; TEXT-DECORATIO
..\\..\\Library\\common_lib.h(141):     N: none}\n
..\\..\\Library\\common_lib.h(141):     \tA:hover{ FONT-WEIGHT: bold; FONT-SIZE: 10pt; COLOR: #993333; FONT-FAMILY: Tahoma;TEXT-DE
..\\..\\Library\\common_lib.h(141):     CORATION: underline}\n
..\\..\\Library\\common_lib.h(141):     \tTD {font-family: tahoma; font-size : 10pt; color: black}\n
..\\..\\Library\\common_lib.h(141):     </style>\n
..\\..\\Library\\common_lib.h(141):     <body bgcolor="#e0e7f1">\n
..\\..\\Library\\common_lib.h(141):     <BR/>\n
..\\..\\Library\\common_lib.h(141):     <BR/>\n
..\\..\\Library\\common_lib.h(141):     <BR/>\n
..\\..\\Library\\common_lib.h(141):     <br/>\n
..\\..\\Library\\common_lib.h(141):     <table border="0">\n
..\\..\\Library\\common_lib.h(141):     <tr><td></td></tr>\n
..\\..\\Library\\common_lib.h(141):     <TR><TD></TD></TR>\n
..\\..\\Library\\common_lib.h(141):     <TR><TD>\n
..\\..\\Library\\common_lib.h(141):     <blockquote>\n
..\\..\\Library\\common_lib.h(141):     <H1><b>Web Tours</b></H1>\n
..\\..\\Library\\common_lib.h(141):     Welcome to the Web Tours site.\n
..\\..\\Library\\common_lib.h(141):     <br/>\n
..\\..\\Library\\common_lib.h(141):     To make reservations,please enter your account information to the left.\n
..\\..\\Library\\common_lib.h(141):     <br/>\n
..\\..\\Library\\common_lib.h(141):     If you haven't registered yet, <A href="/cgi-bin/login.pl?username=&amp;password=&amp;getI
..\\..\\Library\\common_lib.h(141):     nfo=true" ><B>sign up now</B></A> to get access to all our resources.\n
..\\..\\Library\\common_lib.h(141):     <br/>\n
..\\..\\Library\\common_lib.h(141):     To configure the server options, use <A href="/cgi-bin/admin.pl" target="body" ><b>adminis
..\\..\\Library\\common_lib.h(141):     tration</b></A> link.\n
..\\..\\Library\\common_lib.h(141):     <br/><br/><br/><br/><br/><br/>\n
..\\..\\Library\\common_lib.h(141):     <br/><small>\n
..\\..\\Library\\common_lib.h(141):     This product uses parts of the SMT Kernel, Copyright (c) 1991-99 <A href="http://www.imati
..\\..\\Library\\common_lib.h(141):     x.com" target="new"><B><small>iMatix Corporation</small></B></A> \n
..\\..\\Library\\common_lib.h(141):     </small>\n
..\\..\\Library\\common_lib.h(141):     </blockquote></TD>\n
..\\..\\Library\\common_lib.h(141):     <TD></TD></TR>\n
..\\..\\Library\\common_lib.h(141):     </table>\n
..\\..\\Library\\common_lib.h(141):     </body>\n
..\\..\\Library\\common_lib.h(141):     </HTML>\n
..\\..\\Library\\common_lib.h(141): t=67796ms: Request done "http://127.0.0.1:1080/cgi-bin/welcome.pl?signOff=1"  	[MsgId: MMSG-26000]
..\\..\\Library\\common_lib.h(141): t=67796ms: Connecting [1] to host 127.0.0.1:1080  	[MsgId: MMSG-26000]
..\\..\\Library\\common_lib.h(141): t=67796ms: Connected socket [1] from 127.0.0.1:3919 to 127.0.0.1:1080 in 0 ms  	[MsgId: MMSG-26000]
..\\..\\Library\\common_lib.h(141): t=67796ms: 652-byte request headers for "http://127.0.0.1:1080/cgi-bin/nav.pl?in=home" (RelFrameId=1.1, Internal ID=23)
..\\..\\Library\\common_lib.h(141):     GET /cgi-bin/nav.pl?in=home HTTP/1.1\r\n
..\\..\\Library\\common_lib.h(141):     Referer: http://127.0.0.1:1080/cgi-bin/welcome.pl?signOff=1\r\n
..\\..\\Library\\common_lib.h(141):     Upgrade-Insecure-Requests: 1\r\n
..\\..\\Library\\common_lib.h(141):     DNT: 1\r\n
..\\..\\Library\\common_lib.h(141):     Sec-Fetch-Dest: frame\r\n
..\\..\\Library\\common_lib.h(141):     Sec-Fetch-Mode: navigate\r\n
..\\..\\Library\\common_lib.h(141):     Sec-Fetch-Site: same-origin\r\n
..\\..\\Library\\common_lib.h(141):     sec-ch-ua: " Not A;Brand";v="99", "Chromium";v="99", "Google Chrome";v="99"\r\n
..\\..\\Library\\common_lib.h(141):     sec-ch-ua-mobile: ?0\r\n
..\\..\\Library\\common_lib.h(141):     sec-ch-ua-platform: "Windows"\r\n
..\\..\\Library\\common_lib.h(141):     User-Agent: Mozilla/5.0 (Windows NT 10.0; Win64; x64) AppleWebKit/537.36 (KHTML, like Geck
..\\..\\Library\\common_lib.h(141):     o) Chrome/99.0.4844.82 Safari/537.36\r\n
..\\..\\Library\\common_lib.h(141):     Accept-Encoding: gzip, deflate, br\r\n
..\\..\\Library\\common_lib.h(141):     Accept-Language: ru-RU,ru;q=0.9,en-US;q=0.8,en;q=0.7\r\n
..\\..\\Library\\common_lib.h(141):     Accept: */*\r\n
..\\..\\Library\\common_lib.h(141):     Connection: Keep-Alive\r\n
..\\..\\Library\\common_lib.h(141):     Host: 127.0.0.1:1080\r\n
..\\..\\Library\\common_lib.h(141):     Cookie: MSO=SID&1648987508\r\n
..\\..\\Library\\common_lib.h(141):     \r\n
..\\..\\Library\\common_lib.h(141): t=67851ms: 256-byte response headers for "http://127.0.0.1:1080/cgi-bin/nav.pl?in=home" (RelFrameId=1.1, Internal ID=23)
..\\..\\Library\\common_lib.h(141):     HTTP/1.1 200 OK\r\n
..\\..\\Library\\common_lib.h(141):     Date: Sun, 03 Apr 2022 12:05:08 GMT\r\n
..\\..\\Library\\common_lib.h(141):     Server: Apache/2.2.21 (Win32)\r\n
..\\..\\Library\\common_lib.h(141):     Expires: Sat, 02 Apr 2022 12:05:08 GMT\r\n
..\\..\\Library\\common_lib.h(141):     Keep-Alive: timeout=5, max=100\r\n
..\\..\\Library\\common_lib.h(141):     Connection: Keep-Alive\r\n
..\\..\\Library\\common_lib.h(141):     Transfer-Encoding: chunked\r\n
..\\..\\Library\\common_lib.h(141):     Content-Type: text/html; charset=ISO-8859-1\r\n
..\\..\\Library\\common_lib.h(141):     \r\n
..\\..\\Library\\common_lib.h(141): t=67852ms: 5-byte chunked response overhead for "http://127.0.0.1:1080/cgi-bin/nav.pl?in=home" (RelFrameId=1.1, Internal ID=23)
..\\..\\Library\\common_lib.h(141):     5d0\r\n
..\\..\\Library\\common_lib.h(141): t=67852ms: 7-byte chunked response overhead for "http://127.0.0.1:1080/cgi-bin/nav.pl?in=home" (RelFrameId=1.1, Internal ID=23)
..\\..\\Library\\common_lib.h(141):     \r\n
..\\..\\Library\\common_lib.h(141):     0\r\n
..\\..\\Library\\common_lib.h(141):     \r\n
..\\..\\Library\\common_lib.h(141): t=67852ms: 1488-byte chunked response body for "http://127.0.0.1:1080/cgi-bin/nav.pl?in=home" (RelFrameId=1.1, Internal ID=23)
..\\..\\Library\\common_lib.h(141):     <!DOCTYPE html\n
..\\..\\Library\\common_lib.h(141):     \tPUBLIC "-//W3C//DTD XHTML 1.0 Transitional//EN"\n
..\\..\\Library\\common_lib.h(141):     \t "http://www.w3.org/TR/xhtml1/DTD/xhtml1-transitional.dtd">\n
..\\..\\Library\\common_lib.h(141):     <html xmlns="http://www.w3.org/1999/xhtml" lang="en-US" xml:lang="en-US">\n
..\\..\\Library\\common_lib.h(141):     <head>\n
..\\..\\Library\\common_lib.h(141):     <title>Web Tours Navigation Bar</title>\n
..\\..\\Library\\common_lib.h(141):     <meta http-equiv="Content-Type" content="text/html; charset=iso-8859-1" />\n
..\\..\\Library\\common_lib.h(141):     </head>\n
..\\..\\Library\\common_lib.h(141):     <body bgcolor="#E0E7F1">\n
..\\..\\Library\\common_lib.h(141):     <style>\n
..\\..\\Library\\common_lib.h(141):     blockquote {font-family: tahoma; font-size : 10pt}\n
..\\..\\Library\\common_lib.h(141):     H1 {font-family: tahoma; font-size : 22pt; color: #993333}\n
..\\..\\Library\\common_lib.h(141):     H3 {font-family: tahoma; font-size : 10pt; color: black}\n
..\\..\\Library\\common_lib.h(141):     small {font-family: tahoma; font-size : 8pt}\n
..\\..\\Library\\common_lib.h(141):     </style>\n
..\\..\\Library\\common_lib.h(141):     <form method="post" action="/cgi-bin/login.pl" target="body">\n
..\\..\\Library\\common_lib.h(141):     <input type="hidden" name="userSession" value="133575.334791414ziHAHiVpciDDDDDDtVcctpziHH"
..\\..\\Library\\common_lib.h(141):     />\n
..\\..\\Library\\common_lib.h(141):     <table border="0"><tr><td>&nbsp;</td>\n
..\\..\\Library\\common_lib.h(141):     <td>&nbsp;</td></tr>\n
..\\..\\Library\\common_lib.h(141):     <tr><td>&nbsp;</td>\n
..\\..\\Library\\common_lib.h(141):     <td>&nbsp;</td></tr>\n
..\\..\\Library\\common_lib.h(141):     <tr><td>&nbsp;</td>\n
..\\..\\Library\\common_lib.h(141):     <td><small>&nbsp;Username</small></td></tr>\n
..\\..\\Library\\common_lib.h(141):     <tr><td>&nbsp;</td>\n
..\\..\\Library\\common_lib.h(141):     <td><input type="text" name="username" value="" size="14" maxlength="14"/></td></tr>\n
..\\..\\Library\\common_lib.h(141):     <tr><td>&nbsp;</td>\n
..\\..\\Library\\common_lib.h(141):     <td><small>&nbsp;Password</small></td>\n
..\\..\\Library\\common_lib.h(141):     <tr><td>&nbsp;</td>\n
..\\..\\Library\\common_lib.h(141):     <td><input type="password" name="password" value="" size="14" maxlength="14"/></td></tr>\n
..\\..\\Library\\common_lib.h(141):     <tr><td>&nbsp;</td>\n
..\\..\\Library\\common_lib.h(141):     <td>&nbsp;</td></tr>\n
..\\..\\Library\\common_lib.h(141):     <tr><td>&nbsp;</td>\n
..\\..\\Library\\common_lib.h(141):     <td><input type="image" name="login" value="Login" alt="Login" border="1" \n
..\\..\\Library\\common_lib.h(141):     src="/WebTours/images/mer_login.gif"/></td></tr>\n
..\\..\\Library\\common_lib.h(141):     <tr><td>&nbsp;</td><td>&nbsp;</td></tr>\n
..\\..\\Library\\common_lib.h(141):     </table><input type="hidden" name="JSFormSubmit" value="off"/>\n
..\\..\\Library\\common_lib.h(141):     </form>\n
..\\..\\Library\\common_lib.h(141):     \n
..\\..\\Library\\common_lib.h(141):     </body>\n
..\\..\\Library\\common_lib.h(141):     </html>\n
..\\..\\Library\\common_lib.h(141): Resource "http://127.0.0.1:1080/WebTours/images/mer_login.gif" is in the cache already and will not be downloaded again  	[MsgId: MMSG-26655]
..\\..\\Library\\common_lib.h(141): t=67852ms: Request done "http://127.0.0.1:1080/cgi-bin/nav.pl?in=home"  	[MsgId: MMSG-26000]
..\\..\\Library\\common_lib.h(141): Registered web_reg_find successful for "Text=Web Tours" (count=5)  	[MsgId: MMSG-26364]
..\\..\\Library\\common_lib.h(141): web_url("SignOff Button") was successful, 2174 body bytes, 584 header bytes, 24 chunking overhead bytes  	[MsgId: MMSG-26385]
..\\..\\Library\\common_lib.h(151): Notify: Transaction "Logout" ended with a "Pass" status (Duration: 7,1206 Think Time: 7,0028 Wasted Time: 0,0000).	[MsgId: MMSG-16870]
Action.c(155): Notify: Transaction "02_OneWayTicketPurchase" ended with a "Pass" status (Duration: 67,6631 Think Time: 59,0574 Wasted Time: 0,0020).	[MsgId: MMSG-16870]
Ending action Action.	[MsgId: MMSG-15918]
Action was aborted.	[MsgId: MMSG-10694]
Ending Vuser...	[MsgId: MMSG-15966]
Starting action vuser_end.	[MsgId: MMSG-15919]
Ending action vuser_end.	[MsgId: MMSG-15918]
Vuser Terminated.	[MsgId: MMSG-15963]
t=67853ms: Closed connection [0] to 127.0.0.1:1080 after completing 1 request(s)  	[MsgId: MMSG-26000]
t=67853ms: Closed connection [1] to 127.0.0.1:1080 after completing 1 request(s)  	[MsgId: MMSG-26000]
HTML-Mode memory management statistics: Reusable=7, NonReusable=0, CsMemBlockSize=4096, checks disabled  	[MsgId: MMSG-26000]
Vuser 3 (thread 11620), ended OK."	[MsgId: MMSG-10695]
