Action.c(74):     <head>\n
Action.c(74):     <title>Flight Reservation</title>\n
Action.c(74):     <meta http-equiv="Content-Type" content="text/html; charset=iso-8859-1" />\n
Action.c(74):     </head>\n
Action.c(74):     <body bgcolor="#E0E7F1">\n
Action.c(74):     <style>blockquote {font-family: tahoma; font-size : 10pt}H1 {font-family: tahoma; font-siz
Action.c(74):     e : 22pt; color: #993333}small {font-family: tahoma; font-size : 8pt}H3 {font-family: taho
Action.c(74):     ma; font-size : 10pt; color: black}TD {font-family: tahoma; font-size : 10pt; color: black
Action.c(74):     }</style><BR/><BR/><h1><font color="#003366">&nbsp;&nbsp;<b>Payment Details</font></b></h1
Action.c(74):     ><blockquote><form method="post" action="reservations.pl" enctype="application/x-www-form-
Action.c(74):     urlencoded" onsubmit="return true ;">\n
Action.c(74):     <table><tr><td align="right">First Name : <td><input type="text" name="firstName" value="S
Action.c(74):     teven" size="15" /><tr><td align="right">Last Name : <td><input type="text" name="lastName
Action.c(74):     " value="Cox&#10;" size="15" /><tr><td align="right">Street Address : <td colspan="3"><inp
Action.c(74):     ut type="text" name="address1" value="3062 Hardman Road" size="30" /><tr><td align="right"
Action.c(74):     >City/State/Zip : <td colspan="3"><input type="text" name="address2" value="Brattleboro" s
Action.c(74):     ize="30" /><tr><td align="right">Passenger Names : <td colspan="3"><input type="text" name
Action.c(74):     ="pass1" value="Steven Cox&#10;" size="30" /><tr><td height="10"><tr><td height="10" align
Action.c(74):     ="center" colspan="4">Total for 1 ticket(s) is = $ 71<tr><td align="right">Credit Card : <
Action.c(74):     td><input type="text" name="creditCard"  size="20" maxlength="20" /><td align="right">Exp 
Action.c(74):     Date : <td><input type="text" name="expDate" value="&#10;" size="5" maxlength="5" /><tr><T
Action.c(74):     D><td colspan="3" align="left"><label><input type="checkbox" name="saveCC" value="on" />Sa
Action.c(74):     ve this Credit Card Information</label><input type="hidden" name="oldCCOption" value=""  /
Action.c(74):     ></table><input type="hidden" name="numPassengers" value="1"  /><input type="hidden" name=
Action.c(74):     "seatType" value="Coach"  /><input type="hidden" name="seatPref" value="None"  /><input ty
Action.c(74):     pe="hidden" name="outboundFlight" value="562;71;04/06/2022"  /><input type="hidden" name="
Action.c(74):     advanceDiscount" value="0"  /><input type="hidden" name="returnFlight" value=""  /><input 
Action.c(74):     type="hidden" name="JSFormSubmit" value="off"  /><center><table width=80% cellspacing=1><t
Action.c(74):     r><td align=center>\n
Action.c(74):     <input type="image" name="buyFlights" src="/WebTours/images/button_next.gif" border="0" />
Action.c(74):     <div><input type="hidden" name=".cgifields" value="saveCC"  /></div></form>\n
Action.c(74):     <td>&nbsp;<td align=center><form method="post" action="reservations.pl" enctype="applicati
Action.c(74):     on/x-www-form-urlencoded" onsubmit="void(0);">\n
Action.c(74):     </form></table></center></blockquote>\n
Action.c(74):     </body>\n
Action.c(74):     </html>
Action.c(74): Resource "http://127.0.0.1:1080/WebTours/images/button_next.gif" is in the cache already and will not be downloaded again  	[MsgId: MMSG-26655]
Action.c(74): t=397737ms: 5-byte chunked response overhead for "http://127.0.0.1:1080/cgi-bin/reservations.pl" (RelFrameId=1, Internal ID=139)
Action.c(74):     0\r\n
Action.c(74):     \r\n
Action.c(74): t=397737ms: Request done "http://127.0.0.1:1080/cgi-bin/reservations.pl"  	[MsgId: MMSG-26000]
Action.c(74): Registered web_reg_find successful for "Text=Flight Reservation" (count=1)  	[MsgId: MMSG-26364]
Action.c(74): web_submit_data("reservations.pl_2") was successful, 2742 body bytes, 255 header bytes, 12 chunking overhead bytes  	[MsgId: MMSG-26385]
Action.c(92): Notify: Transaction "PaymentDetails" ended with a "Pass" status (Duration: 0,1076 Wasted Time: 0,0000).	[MsgId: MMSG-16871]
Action.c(96): Notify: Transaction "Confirmation" started.	[MsgId: MMSG-16999]
Action.c(98): web_reg_find started  	[MsgId: MMSG-26355]
Action.c(98): Registering web_reg_find was successful  	[MsgId: MMSG-26390]
Action.c(101): web_reg_find started  	[MsgId: MMSG-26355]
Action.c(101): Notify: Next row for parameter userCreditCard = 6 [table  = userCreditCard].	[MsgId: MMSG-13876]
Action.c(101): Notify: Parameter Substitution: parameter "userCreditCard" =  "5404368737356008"	[MsgId: MMSG-13992]
Action.c(101): Registering web_reg_find was successful  	[MsgId: MMSG-26390]
Action.c(104): web_remove_auto_header("Origin") started  	[MsgId: MMSG-26355]
Action.c(104): Previous automatically added web header for "Origin" removed  	[MsgId: MMSG-26587]
Action.c(104): web_remove/revert_auto_header("Origin") was successful  	[MsgId: MMSG-26392]
Action.c(106): web_remove_auto_header("Sec-Fetch-User") started  	[MsgId: MMSG-26355]
Action.c(106): Previous automatically added web header for "Sec-Fetch-User" removed  	[MsgId: MMSG-26587]
Action.c(106): web_remove/revert_auto_header("Sec-Fetch-User") was successful  	[MsgId: MMSG-26392]
Action.c(108): web_remove_auto_header("Upgrade-Insecure-Requests") started  	[MsgId: MMSG-26355]
Action.c(108): Previous automatically added web header for "Upgrade-Insecure-Requests" removed  	[MsgId: MMSG-26587]
Action.c(108): web_remove/revert_auto_header("Upgrade-Insecure-Requests") was successful  	[MsgId: MMSG-26392]
Action.c(110): web_add_header("Origin") started  	[MsgId: MMSG-26355]
Action.c(110): An unrecognized header ("Origin") is being added  	[MsgId: MMSG-26595]
Action.c(110): "Origin: http://127.0.0.1:1080" header registered for adding to requests from the immediately following Action function  	[MsgId: MMSG-26506]
Action.c(110): web_add_header("Origin") was successful  	[MsgId: MMSG-26392]
Action.c(113): web_add_auto_header("Sec-Fetch-User") started  	[MsgId: MMSG-26355]
Action.c(113): An unrecognized header ("Sec-Fetch-User") is being added  	[MsgId: MMSG-26595]
Action.c(113): "Sec-Fetch-User: ?1" header registered for adding to requests from all following Action functions  	[MsgId: MMSG-26505]
Action.c(113): web_add_auto_header("Sec-Fetch-User") was successful  	[MsgId: MMSG-26392]
Action.c(116): lr_think_time: 15,00 seconds.	[MsgId: MMSG-15948]
Action.c(118): web_submit_data("reservations.pl_3") started  	[MsgId: MMSG-26355]
Action.c(118): Notify: Next row for parameter userFirstName = 7 [table  = userFirstName].	[MsgId: MMSG-13876]
Action.c(118): Notify: Parameter Substitution: parameter "userFirstName" =  "Julie"	[MsgId: MMSG-13992]
Action.c(118): Notify: Next row for parameter userLastName = 7 [table  = userLastName].	[MsgId: MMSG-13876]
Action.c(118): Notify: Parameter Substitution: parameter "userLastName" =  "Williams"	[MsgId: MMSG-13992]
Action.c(118): Notify: Next row for parameter userAddress = 7 [table  = userAddress].	[MsgId: MMSG-13876]
Action.c(118): Notify: Parameter Substitution: parameter "userAddress" =  "1683 Musgrave Street"	[MsgId: MMSG-13992]
Action.c(118): Notify: Next row for parameter userCity = 7 [table  = userCity].	[MsgId: MMSG-13876]
Action.c(118): Notify: Parameter Substitution: parameter "userCity" =  "Oklahoma City"	[MsgId: MMSG-13992]
Action.c(118): Notify: Next row for parameter userPassengerNames = 7 [table  = userPassengerNames].	[MsgId: MMSG-13876]
Action.c(118): Notify: Parameter Substitution: parameter "userPassengerNames" =  "JULIE_WILLIAMS"	[MsgId: MMSG-13992]
Action.c(118): Notify: Next row for parameter userCreditCard = 7 [table  = userCreditCard].	[MsgId: MMSG-13876]
Action.c(118): Notify: Parameter Substitution: parameter "userCreditCard" =  "5404364030039813"	[MsgId: MMSG-13992]
Action.c(118): Notify: Next row for parameter userExpDate = 7 [table  = userExpDate].	[MsgId: MMSG-13876]
Action.c(118): Notify: Parameter Substitution: parameter "userExpDate" =  "07/23"	[MsgId: MMSG-13992]
Action.c(118): Notify: Parameter Substitution: parameter "placeType" =  "First"	[MsgId: MMSG-13992]
Action.c(118): Notify: Parameter Substitution: parameter "placePref" =  "Aisle"	[MsgId: MMSG-13992]
Action.c(118): Notify: Parameter Substitution: parameter "boundFlight" =  "671;145;04/06/2022"	[MsgId: MMSG-13992]
Action.c(118): t=412626ms: Closed connection [0] to 127.0.0.1:1080 after completing 2 request(s)  	[MsgId: MMSG-26000]
Action.c(118): t=412626ms: Connecting [0] to host 127.0.0.1:1080  	[MsgId: MMSG-26000]
Action.c(118): t=412626ms: Connected socket [0] from 127.0.0.1:2930 to 127.0.0.1:1080 in 0 ms  	[MsgId: MMSG-26000]
Action.c(118): t=412627ms: 899-byte request headers for "http://127.0.0.1:1080/cgi-bin/reservations.pl" (RelFrameId=1, Internal ID=164)
Action.c(118):     POST /cgi-bin/reservations.pl HTTP/1.1\r\n
Action.c(118):     Content-Type: application/x-www-form-urlencoded\r\n
Action.c(118):     Referer: http://127.0.0.1:1080/cgi-bin/reservations.pl\r\n
Action.c(118):     Origin: http://127.0.0.1:1080\r\n
Action.c(118):     DNT: 1\r\n
Action.c(118):     Sec-Fetch-Dest: frame\r\n
Action.c(118):     Sec-Fetch-Mode: navigate\r\n
Action.c(118):     Sec-Fetch-Site: same-origin\r\n
Action.c(118):     sec-ch-ua: " Not A;Brand";v="99", "Chromium";v="99", "Google Chrome";v="99"\r\n
Action.c(118):     sec-ch-ua-mobile: ?0\r\n
Action.c(118):     sec-ch-ua-platform: "Windows"\r\n
Action.c(118):     Sec-Fetch-User: ?1\r\n
Action.c(118):     User-Agent: Mozilla/5.0 (Windows NT 10.0; Win64; x64) AppleWebKit/537.36 (KHTML, like Geck
Action.c(118):     o) Chrome/99.0.4844.82 Safari/537.36\r\n
Action.c(118):     Accept-Encoding: gzip, deflate, br\r\n
Action.c(118):     Accept-Language: ru-RU,ru;q=0.9,en-US;q=0.8,en;q=0.7\r\n
Action.c(118):     Accept: */*\r\n
Action.c(118):     Connection: Keep-Alive\r\n
Action.c(118):     Host: 127.0.0.1:1080\r\n
Action.c(118):     Cookie: MSO=SID&1649138702; MTUserInfo=firstName&Julie&address2&Oklahoma%20City&username&s
Action.c(118):     earching&hash&39&lastName&Williams%0A&address1&1683%20Musgrave%20Street&creditCard&&expDat
Action.c(118):     e&%0A\r\n
Action.c(118):     Content-Length: 350\r\n
Action.c(118):     \r\n
Action.c(118): t=412627ms: 350-byte request body for "http://127.0.0.1:1080/cgi-bin/reservations.pl" (RelFrameId=1, Internal ID=164)
Action.c(118):     firstName=Julie&lastName=Williams&address1=1683+Musgrave+Street&address2=Oklahoma+City&pas
Action.c(118):     s1=JULIE_WILLIAMS&creditCard=5404364030039813&expDate=07%2F23&oldCCOption=&numPassengers=1
Action.c(118):     &seatType=First&seatPref=Aisle&outboundFlight=671%3B145%3B04%2F06%2F2022&advanceDiscount=0
Action.c(118):     &returnFlight=&JSFormSubmit=off&buyFlights.x=70&buyFlights.y=5&.cgifields=saveCC
Action.c(118): t=412671ms: 411-byte response headers for "http://127.0.0.1:1080/cgi-bin/reservations.pl" (RelFrameId=1, Internal ID=164)
Action.c(118):     HTTP/1.1 200 OK\r\n
Action.c(118):     Date: Tue, 05 Apr 2022 06:05:55 GMT\r\n
Action.c(118):     Server: Apache/2.2.21 (Win32)\r\n
Action.c(118):     Expires: Mon, 04 Apr 2022 06:05:55 GMT\r\n
Action.c(118):     Set-Cookie: MTUserInfo=firstName&Julie&username&searching&address2&Oklahoma%20City&hash&39
Action.c(118):     &address1&1683%20Musgrave%20Street&lastName&Williams%0A; path=/\r\n
Action.c(118):     Keep-Alive: timeout=5, max=100\r\n
Action.c(118):     Connection: Keep-Alive\r\n
Action.c(118):     Transfer-Encoding: chunked\r\n
Action.c(118):     Content-Type: text/html; charset=ISO-8859-1\r\n
Action.c(118):     \r\n
Action.c(118): t=412671ms: 5-byte chunked response overhead for "http://127.0.0.1:1080/cgi-bin/reservations.pl" (RelFrameId=1, Internal ID=164)
Action.c(118):     9c2\r\n
Action.c(118): t=412671ms: 2-byte chunked response overhead for "http://127.0.0.1:1080/cgi-bin/reservations.pl" (RelFrameId=1, Internal ID=164)
Action.c(118):     \r\n
Action.c(118): t=412671ms: 2498-byte chunked response body for "http://127.0.0.1:1080/cgi-bin/reservations.pl" (RelFrameId=1, Internal ID=164)
Action.c(118):     <!DOCTYPE html\n
Action.c(118):     \tPUBLIC "-//W3C//DTD XHTML 1.0 Transitional//EN"\n
Action.c(118):     \t "http://www.w3.org/TR/xhtml1/DTD/xhtml1-transitional.dtd">\n
Action.c(118):     <html xmlns="http://www.w3.org/1999/xhtml" lang="en-US" xml:lang="en-US">\n
Action.c(118):     <head>\n
Action.c(118):     <title>Reservation Made!</title>\n
Action.c(118):     <meta http-equiv="Content-Type" content="text/html; charset=iso-8859-1" />\n
Action.c(118):     </head>\n
Action.c(118):     <body bgcolor="#E0E7F1">\n
Action.c(118):     <style>blockquote {font-family: tahoma; font-size : 10pt}H1 {font-family: tahoma; font-siz
Action.c(118):     e : 22pt; color: #993333}small {font-family: tahoma; font-size : 8pt}H3 {font-family: taho
Action.c(118):     ma; font-size : 10pt; color: black}TD {font-family: tahoma; font-size : 10pt; color: black
Action.c(118):     }</style><BR/><BR/><h1><font color="#003366">&nbsp;&nbsp;<b>Invoice</font></b></h1><blockq
Action.c(118):     uote>\n
Action.c(118):     <CENTER>\n
Action.c(118):     <small><B>Thank you for booking through Web Tours.</B></small>\n
Action.c(118):     <BR/>\n
Action.c(118):     <BR/>\n
Action.c(118):     <!-- Customer Name header -->\n
Action.c(118):     <Table width="85%" border="0" cellspacing="0" >\n
Action.c(118):       <TR bgcolor="#5E7884">\n
Action.c(118):          <TD colspan="2" align="center">\n
Action.c(118):             <font color="white"><b>JulieWilliams's Flight Invoice</b></font>\n
Action.c(118):          </TD>\n
Action.c(118):          <TD width="160" align="right">\n
Action.c(118):              <font color="white"><small>Tue Apr  5 11:05:55 2022\n
Action.c(118):     </small>\n
Action.c(118):          </TD>\n
Action.c(118):       </TR>\n
Action.c(118):     </Table>\n
Action.c(118):     \n
Action.c(118):     <Table width="85%" border="0" cellspacing="1" >\n
Action.c(118):     <!-- Flight Item header -->\n
Action.c(118):       <TR bgcolor="#EFF2F7">\n
Action.c(118):          <TD colspan="2" align="left">\n
Action.c(118):              Flights Reservation Requests:\n
Action.c(118):         </TD>\n
Action.c(118):         <TD align="center">Cost\n
Action.c(118):         </TD>\n
Action.c(118):       </TR>\n
Action.c(118):     \n
Action.c(118):     <!-- Flight reserved -->\n
Action.c(118):     <TR bgcolor="#EFF2F7">\n
Action.c(118):         <TD valign="top">1.</TD>\n
Action.c(118):         <TD align="left">\n
Action.c(118):            A First Class ticket\n
Action.c(118):      from San Francisco to Seattle.</u></b>\n
Action.c(118):     <br/>\n
Action.c(118):     <center>\n
Action.c(118):            <i>\n
Action.c(118):               04/06/2022 :  1pm : Flight 671 leaves San Francisco  for Seattle.<br>\n
Action.c(118):            <br/>\n
Action.c(118):         </TD>\n
Action.c(118):         <TD valign="top">\n
Action.c(118):              $145\n
Action.c(118):         </TD>\n
Action.c(118):       </TR>\n
Action.c(118):     <!-- Total Cost -->\n
Action.c(118):       <TR bgcolor="#EFF2F7">\n
Action.c(118):         <TD>*\n
Action.c(118):         </TD>\n
Action.c(118):         <TD > Total Cost\n
Action.c(118):         </TD>\n
Action.c(118):         <TD>\n
Action.c(118):            <b> $145 </b>\n
Action.c(118):         </TD>\n
Action.c(118):       </TR>\n
Action.c(118):     \n
Action.c(118):       <TR bgcolor="#EFF2F7">\n
Action.c(118):         <TD>-\n
Action.c(118):         </TD>\n
Action.c(118):         <TD >\n
Action.c(118):            Total Charged to Credit Card # 5404364030039813\n
Action.c(118):         </TD>\n
Action.c(118):         <TD>\n
Action.c(118):            <b> $145 </b>\n
Action.c(118):         </TD>\n
Action.c(118):       </TR>\n
Action.c(118):     \n
Action.c(118):       <TR bgcolor="#EFF2F7">\n
Action.c(118):         <TD>*\n
Action.c(118):         </TD>\n
Action.c(118):         <TD >\n
Action.c(118):             Credit Account Balance\n
Action.c(118):         </TD>\n
Action.c(118):         <TD>\n
Action.c(118):            <b> $0.00 </b>\n
Action.c(118):         </TD>\n
Action.c(118):       </TR></Table>\n
Action.c(118):     <BR/>\n
Action.c(118):     <Table width="85%" border="0">\n
Action.c(118):       <tr>\n
Action.c(118):         <td align=right>\n
Action.c(118):     <form method="post" action="" enctype="application/x-www-form-urlencoded">\n
Action.c(118):     <input type="image" name="Book Another" src="/WebTours/images/bookanother.gif" border="0" 
Action.c(118):     /></form>    </td>\n
Action.c(118):       </tr>\n
Action.c(118):     </Table>\n
Action.c(118):     \n
Action.c(118):     </Center>\n
Action.c(118):     \n
Action.c(118):     </body>\n
Action.c(118):     </html>
Action.c(118): Found resource "http://127.0.0.1:1080/WebTours/images/bookanother.gif" in HTML "http://127.0.0.1:1080/cgi-bin/reservations.pl"  	[MsgId: MMSG-26659]
Action.c(118): t=412673ms: Connecting [1] to host 127.0.0.1:1080  	[MsgId: MMSG-26000]
Action.c(118): t=412674ms: 5-byte chunked response overhead for "http://127.0.0.1:1080/cgi-bin/reservations.pl" (RelFrameId=1, Internal ID=164)
Action.c(118):     0\r\n
Action.c(118):     \r\n
Action.c(118): t=412674ms: Request done "http://127.0.0.1:1080/cgi-bin/reservations.pl"  	[MsgId: MMSG-26000]
Action.c(118): t=412674ms: Connected socket [1] from 127.0.0.1:2931 to 127.0.0.1:1080 in 1 ms  	[MsgId: MMSG-26000]
Action.c(118): t=412674ms: 812-byte request headers for "http://127.0.0.1:1080/WebTours/images/bookanother.gif" (RelFrameId=, Internal ID=165)
Action.c(118):     GET /WebTours/images/bookanother.gif HTTP/1.1\r\n
Action.c(118):     Referer: http://127.0.0.1:1080/cgi-bin/reservations.pl\r\n
Action.c(118):     Origin: http://127.0.0.1:1080\r\n
Action.c(118):     DNT: 1\r\n
Action.c(118):     Sec-Fetch-Dest: frame\r\n
Action.c(118):     Sec-Fetch-Mode: navigate\r\n
Action.c(118):     Sec-Fetch-Site: same-origin\r\n
Action.c(118):     sec-ch-ua: " Not A;Brand";v="99", "Chromium";v="99", "Google Chrome";v="99"\r\n
Action.c(118):     sec-ch-ua-mobile: ?0\r\n
Action.c(118):     sec-ch-ua-platform: "Windows"\r\n
Action.c(118):     Sec-Fetch-User: ?1\r\n
Action.c(118):     User-Agent: Mozilla/5.0 (Windows NT 10.0; Win64; x64) AppleWebKit/537.36 (KHTML, like Geck
Action.c(118):     o) Chrome/99.0.4844.82 Safari/537.36\r\n
Action.c(118):     Accept-Encoding: gzip, deflate, br\r\n
Action.c(118):     Accept-Language: ru-RU,ru;q=0.9,en-US;q=0.8,en;q=0.7\r\n
Action.c(118):     Accept: */*\r\n
Action.c(118):     Connection: Keep-Alive\r\n
Action.c(118):     Host: 127.0.0.1:1080\r\n
Action.c(118):     Cookie: MSO=SID&1649138702; MTUserInfo=firstName&Julie&username&searching&address2&Oklahom
Action.c(118):     a%20City&hash&39&address1&1683%20Musgrave%20Street&lastName&Williams%0A\r\n
Action.c(118):     \r\n
Action.c(118): t=412675ms: 298-byte response headers for "http://127.0.0.1:1080/WebTours/images/bookanother.gif" (RelFrameId=, Internal ID=165)
Action.c(118):     HTTP/1.1 200 OK\r\n
Action.c(118):     Date: Tue, 05 Apr 2022 06:05:55 GMT\r\n
Action.c(118):     Server: Apache/2.2.21 (Win32)\r\n
Action.c(118):     Last-Modified: Sat, 26 Mar 2022 07:29:11 GMT\r\n
Action.c(118):     ETag: "600000001c673-326-5db1a0915b123"\r\n
Action.c(118):     Accept-Ranges: bytes\r\n
Action.c(118):     Content-Length: 806\r\n
Action.c(118):     Keep-Alive: timeout=5, max=100\r\n
Action.c(118):     Connection: Keep-Alive\r\n
Action.c(118):     Content-Type: image/gif\r\n
Action.c(118):     \r\n
Action.c(118): t=412675ms: 806-byte response body for "http://127.0.0.1:1080/WebTours/images/bookanother.gif" (RelFrameId=, Internal ID=165)
Action.c(118): t=412675ms: Request done "http://127.0.0.1:1080/WebTours/images/bookanother.gif"  	[MsgId: MMSG-26000]
Action.c(118): Registered web_reg_find successful for "Text=Reservation Made!" (count=1)  	[MsgId: MMSG-26364]
Action.c(118): Registered web_reg_find successful for "Text=Total Charged to Credit Card # 5404364030039813" (count=1)  	[MsgId: MMSG-26364]
Action.c(118): web_submit_data("reservations.pl_3") was successful, 3304 body bytes, 709 header bytes, 12 chunking overhead bytes  	[MsgId: MMSG-26385]
Action.c(147): Notify: Transaction "Confirmation" ended with a "Pass" status (Duration: 15,0524 Think Time: 15,0011 Wasted Time: 0,0000).	[MsgId: MMSG-16870]
..\\..\\Library\\common_lib.h(129): Notify: Transaction "Logout" started.	[MsgId: MMSG-16999]
..\\..\\Library\\common_lib.h(131): web_reg_find started  	[MsgId: MMSG-26355]
..\\..\\Library\\common_lib.h(131): Registering web_reg_find was successful  	[MsgId: MMSG-26390]
..\\..\\Library\\common_lib.h(134): web_remove_auto_header("Sec-Fetch-User") started  	[MsgId: MMSG-26355]
..\\..\\Library\\common_lib.h(134): Previous automatically added web header for "Sec-Fetch-User" removed  	[MsgId: MMSG-26587]
..\\..\\Library\\common_lib.h(134): web_remove/revert_auto_header("Sec-Fetch-User") was successful  	[MsgId: MMSG-26392]
..\\..\\Library\\common_lib.h(136): web_add_header("Upgrade-Insecure-Requests") started  	[MsgId: MMSG-26355]
..\\..\\Library\\common_lib.h(136): An unrecognized header ("Upgrade-Insecure-Requests") is being added  	[MsgId: MMSG-26595]
..\\..\\Library\\common_lib.h(136): "Upgrade-Insecure-Requests: 1" header registered for adding to requests from the immediately following Action function  	[MsgId: MMSG-26506]
..\\..\\Library\\common_lib.h(136): web_add_header("Upgrade-Insecure-Requests") was successful  	[MsgId: MMSG-26392]
..\\..\\Library\\common_lib.h(139): lr_think_time: 7,00 seconds.	[MsgId: MMSG-15948]
Action.c(118): web_submit_data("reservations.pl_3") started  	[MsgId: MMSG-26355]
Action.c(118): Notify: Next row for parameter userFirstName = 6 [table  = userFirstName].	[MsgId: MMSG-13876]
Action.c(118): Notify: Parameter Substitution: parameter "userFirstName" =  "Steven"	[MsgId: MMSG-13992]
Action.c(118): Notify: Next row for parameter userLastName = 6 [table  = userLastName].	[MsgId: MMSG-13876]
Action.c(118): Notify: Parameter Substitution: parameter "userLastName" =  "Cox"	[MsgId: MMSG-13992]
Action.c(118): Notify: Next row for parameter userAddress = 6 [table  = userAddress].	[MsgId: MMSG-13876]
Action.c(118): Notify: Parameter Substitution: parameter "userAddress" =  "3062 Hardman Road"	[MsgId: MMSG-13992]
Action.c(118): Notify: Next row for parameter userCity = 6 [table  = userCity].	[MsgId: MMSG-13876]
Action.c(118): Notify: Parameter Substitution: parameter "userCity" =  "Brattleboro"	[MsgId: MMSG-13992]
Action.c(118): Notify: Next row for parameter userPassengerNames = 6 [table  = userPassengerNames].	[MsgId: MMSG-13876]
Action.c(118): Notify: Parameter Substitution: parameter "userPassengerNames" =  "STEVEN_COX"	[MsgId: MMSG-13992]
Action.c(118): Notify: Next row for parameter userCreditCard = 6 [table  = userCreditCard].	[MsgId: MMSG-13876]
Action.c(118): Notify: Parameter Substitution: parameter "userCreditCard" =  "5404368737356008"	[MsgId: MMSG-13992]
Action.c(118): Notify: Next row for parameter userExpDate = 6 [table  = userExpDate].	[MsgId: MMSG-13876]
Action.c(118): Notify: Parameter Substitution: parameter "userExpDate" =  "06/24"	[MsgId: MMSG-13992]
Action.c(118): Notify: Parameter Substitution: parameter "placeType" =  "Coach"	[MsgId: MMSG-13992]
Action.c(118): Notify: Parameter Substitution: parameter "placePref" =  "None"	[MsgId: MMSG-13992]
Action.c(118): Notify: Parameter Substitution: parameter "boundFlight" =  "562;71;04/06/2022"	[MsgId: MMSG-13992]
Action.c(118): t=412751ms: Closed connection [0] to 127.0.0.1:1080 after completing 2 request(s)  	[MsgId: MMSG-26000]
Action.c(118): t=412751ms: Connecting [0] to host 127.0.0.1:1080  	[MsgId: MMSG-26000]
Action.c(118): t=412751ms: Connected socket [0] from 127.0.0.1:2932 to 127.0.0.1:1080 in 0 ms  	[MsgId: MMSG-26000]
Action.c(118): t=412751ms: 882-byte request headers for "http://127.0.0.1:1080/cgi-bin/reservations.pl" (RelFrameId=1, Internal ID=140)
Action.c(118):     POST /cgi-bin/reservations.pl HTTP/1.1\r\n
Action.c(118):     Content-Type: application/x-www-form-urlencoded\r\n
Action.c(118):     Referer: http://127.0.0.1:1080/cgi-bin/reservations.pl\r\n
Action.c(118):     Origin: http://127.0.0.1:1080\r\n
Action.c(118):     DNT: 1\r\n
Action.c(118):     Sec-Fetch-Dest: frame\r\n
Action.c(118):     Sec-Fetch-Mode: navigate\r\n
Action.c(118):     Sec-Fetch-Site: same-origin\r\n
Action.c(118):     sec-ch-ua: " Not A;Brand";v="99", "Chromium";v="99", "Google Chrome";v="99"\r\n
Action.c(118):     sec-ch-ua-mobile: ?0\r\n
Action.c(118):     sec-ch-ua-platform: "Windows"\r\n
Action.c(118):     Sec-Fetch-User: ?1\r\n
Action.c(118):     User-Agent: Mozilla/5.0 (Windows NT 10.0; Win64; x64) AppleWebKit/537.36 (KHTML, like Geck
Action.c(118):     o) Chrome/99.0.4844.82 Safari/537.36\r\n
Action.c(118):     Accept-Encoding: gzip, deflate, br\r\n
Action.c(118):     Accept-Language: ru-RU,ru;q=0.9,en-US;q=0.8,en;q=0.7\r\n
Action.c(118):     Accept: */*\r\n
Action.c(118):     Connection: Keep-Alive\r\n
Action.c(118):     Host: 127.0.0.1:1080\r\n
Action.c(118):     Cookie: MSO=SID&1649138702; MTUserInfo=firstName&Steven&address2&Brattleboro&username&vase
Action.c(118):     &hash&5&lastName&Cox%0A&address1&3062%20Hardman%20Road&creditCard&&expDate&%0A\r\n
Action.c(118):     Content-Length: 335\r\n
Action.c(118):     \r\n
Action.c(118): t=412752ms: 335-byte request body for "http://127.0.0.1:1080/cgi-bin/reservations.pl" (RelFrameId=1, Internal ID=140)
Action.c(118):     firstName=Steven&lastName=Cox&address1=3062+Hardman+Road&address2=Brattleboro&pass1=STEVEN
Action.c(118):     _COX&creditCard=5404368737356008&expDate=06%2F24&oldCCOption=&numPassengers=1&seatType=Coa
Action.c(118):     ch&seatPref=None&outboundFlight=562%3B71%3B04%2F06%2F2022&advanceDiscount=0&returnFlight=&
Action.c(118):     JSFormSubmit=off&buyFlights.x=70&buyFlights.y=5&.cgifields=saveCC
Action.c(118): t=412799ms: 394-byte response headers for "http://127.0.0.1:1080/cgi-bin/reservations.pl" (RelFrameId=1, Internal ID=140)
Action.c(118):     HTTP/1.1 200 OK\r\n
Action.c(118):     Date: Tue, 05 Apr 2022 06:05:55 GMT\r\n
Action.c(118):     Server: Apache/2.2.21 (Win32)\r\n
Action.c(118):     Expires: Mon, 04 Apr 2022 06:05:55 GMT\r\n
Action.c(118):     Set-Cookie: MTUserInfo=firstName&Steven&username&vase&address2&Brattleboro&hash&5&address1
Action.c(118):     &3062%20Hardman%20Road&lastName&Cox%0A; path=/\r\n
Action.c(118):     Keep-Alive: timeout=5, max=100\r\n
Action.c(118):     Connection: Keep-Alive\r\n
Action.c(118):     Transfer-Encoding: chunked\r\n
Action.c(118):     Content-Type: text/html; charset=ISO-8859-1\r\n
Action.c(118):     \r\n
Action.c(118): t=412800ms: 5-byte chunked response overhead for "http://127.0.0.1:1080/cgi-bin/reservations.pl" (RelFrameId=1, Internal ID=140)
Action.c(118):     9bd\r\n
Action.c(118): t=412800ms: 2-byte chunked response overhead for "http://127.0.0.1:1080/cgi-bin/reservations.pl" (RelFrameId=1, Internal ID=140)
Action.c(118):     \r\n
Action.c(118): t=412800ms: 2493-byte chunked response body for "http://127.0.0.1:1080/cgi-bin/reservations.pl" (RelFrameId=1, Internal ID=140)
Action.c(118):     <!DOCTYPE html\n
Action.c(118):     \tPUBLIC "-//W3C//DTD XHTML 1.0 Transitional//EN"\n
Action.c(118):     \t "http://www.w3.org/TR/xhtml1/DTD/xhtml1-transitional.dtd">\n
Action.c(118):     <html xmlns="http://www.w3.org/1999/xhtml" lang="en-US" xml:lang="en-US">\n
Action.c(118):     <head>\n
Action.c(118):     <title>Reservation Made!</title>\n
Action.c(118):     <meta http-equiv="Content-Type" content="text/html; charset=iso-8859-1" />\n
Action.c(118):     </head>\n
Action.c(118):     <body bgcolor="#E0E7F1">\n
Action.c(118):     <style>blockquote {font-family: tahoma; font-size : 10pt}H1 {font-family: tahoma; font-siz
Action.c(118):     e : 22pt; color: #993333}small {font-family: tahoma; font-size : 8pt}H3 {font-family: taho
Action.c(118):     ma; font-size : 10pt; color: black}TD {font-family: tahoma; font-size : 10pt; color: black
Action.c(118):     }</style><BR/><BR/><h1><font color="#003366">&nbsp;&nbsp;<b>Invoice</font></b></h1><blockq
Action.c(118):     uote>\n
Action.c(118):     <CENTER>\n
Action.c(118):     <small><B>Thank you for booking through Web Tours.</B></small>\n
Action.c(118):     <BR/>\n
Action.c(118):     <BR/>\n
Action.c(118):     <!-- Customer Name header -->\n
Action.c(118):     <Table width="85%" border="0" cellspacing="0" >\n
Action.c(118):       <TR bgcolor="#5E7884">\n
Action.c(118):          <TD colspan="2" align="center">\n
Action.c(118):             <font color="white"><b>StevenCox's Flight Invoice</b></font>\n
Action.c(118):          </TD>\n
Action.c(118):          <TD width="160" align="right">\n
Action.c(118):              <font color="white"><small>Tue Apr  5 11:05:55 2022\n
Action.c(118):     </small>\n
Action.c(118):          </TD>\n
Action.c(118):       </TR>\n
Action.c(118):     </Table>\n
Action.c(118):     \n
Action.c(118):     <Table width="85%" border="0" cellspacing="1" >\n
Action.c(118):     <!-- Flight Item header -->\n
Action.c(118):       <TR bgcolor="#EFF2F7">\n
Action.c(118):          <TD colspan="2" align="left">\n
Action.c(118):              Flights Reservation Requests:\n
Action.c(118):         </TD>\n
Action.c(118):         <TD align="center">Cost\n
Action.c(118):         </TD>\n
Action.c(118):       </TR>\n
Action.c(118):     \n
Action.c(118):     <!-- Flight reserved -->\n
Action.c(118):     <TR bgcolor="#EFF2F7">\n
Action.c(118):         <TD valign="top">1.</TD>\n
Action.c(118):         <TD align="left">\n
Action.c(118):            A Coach Class ticket\n
Action.c(118):      from Portland to San Francisco.</u></b>\n
Action.c(118):     <br/>\n
Action.c(118):     <center>\n
Action.c(118):            <i>\n
Action.c(118):               04/06/2022 :  5pm : Flight 562 leaves Portland  for San Francisco.<br>\n
Action.c(118):            <br/>\n
Action.c(118):         </TD>\n
Action.c(118):         <TD valign="top">\n
Action.c(118):              $71\n
Action.c(118):         </TD>\n
Action.c(118):       </TR>\n
Action.c(118):     <!-- Total Cost -->\n
Action.c(118):       <TR bgcolor="#EFF2F7">\n
Action.c(118):         <TD>*\n
Action.c(118):         </TD>\n
Action.c(118):         <TD > Total Cost\n
Action.c(118):         </TD>\n
Action.c(118):         <TD>\n
Action.c(118):            <b> $71 </b>\n
Action.c(118):         </TD>\n
Action.c(118):       </TR>\n
Action.c(118):     \n
Action.c(118):       <TR bgcolor="#EFF2F7">\n
Action.c(118):         <TD>-\n
Action.c(118):         </TD>\n
Action.c(118):         <TD >\n
Action.c(118):            Total Charged to Credit Card # 5404368737356008\n
Action.c(118):         </TD>\n
Action.c(118):         <TD>\n
Action.c(118):            <b> $71 </b>\n
Action.c(118):         </TD>\n
Action.c(118):       </TR>\n
Action.c(118):     \n
Action.c(118):       <TR bgcolor="#EFF2F7">\n
Action.c(118):         <TD>*\n
Action.c(118):         </TD>\n
Action.c(118):         <TD >\n
Action.c(118):             Credit Account Balance\n
Action.c(118):         </TD>\n
Action.c(118):         <TD>\n
Action.c(118):            <b> $0.00 </b>\n
Action.c(118):         </TD>\n
Action.c(118):       </TR></Table>\n
Action.c(118):     <BR/>\n
Action.c(118):     <Table width="85%" border="0">\n
Action.c(118):       <tr>\n
Action.c(118):         <td align=right>\n
Action.c(118):     <form method="post" action="" enctype="application/x-www-form-urlencoded">\n
Action.c(118):     <input type="image" name="Book Another" src="/WebTours/images/bookanother.gif" border="0" 
Action.c(118):     /></form>    </td>\n
Action.c(118):       </tr>\n
Action.c(118):     </Table>\n
Action.c(118):     \n
Action.c(118):     </Center>\n
Action.c(118):     \n
Action.c(118):     </body>\n
Action.c(118):     </html>
Action.c(118): Found resource "http://127.0.0.1:1080/WebTours/images/bookanother.gif" in HTML "http://127.0.0.1:1080/cgi-bin/reservations.pl"  	[MsgId: MMSG-26659]
Action.c(118): t=412802ms: Connecting [1] to host 127.0.0.1:1080  	[MsgId: MMSG-26000]
Action.c(118): t=412802ms: 5-byte chunked response overhead for "http://127.0.0.1:1080/cgi-bin/reservations.pl" (RelFrameId=1, Internal ID=140)
Action.c(118):     0\r\n
Action.c(118):     \r\n
Action.c(118): t=412802ms: Request done "http://127.0.0.1:1080/cgi-bin/reservations.pl"  	[MsgId: MMSG-26000]
Action.c(118): t=412802ms: Connected socket [1] from 127.0.0.1:2933 to 127.0.0.1:1080 in 0 ms  	[MsgId: MMSG-26000]
Action.c(118): t=412802ms: 795-byte request headers for "http://127.0.0.1:1080/WebTours/images/bookanother.gif" (RelFrameId=, Internal ID=141)
Action.c(118):     GET /WebTours/images/bookanother.gif HTTP/1.1\r\n
Action.c(118):     Referer: http://127.0.0.1:1080/cgi-bin/reservations.pl\r\n
Action.c(118):     Origin: http://127.0.0.1:1080\r\n
Action.c(118):     DNT: 1\r\n
Action.c(118):     Sec-Fetch-Dest: frame\r\n
Action.c(118):     Sec-Fetch-Mode: navigate\r\n
Action.c(118):     Sec-Fetch-Site: same-origin\r\n
Action.c(118):     sec-ch-ua: " Not A;Brand";v="99", "Chromium";v="99", "Google Chrome";v="99"\r\n
Action.c(118):     sec-ch-ua-mobile: ?0\r\n
Action.c(118):     sec-ch-ua-platform: "Windows"\r\n
Action.c(118):     Sec-Fetch-User: ?1\r\n
Action.c(118):     User-Agent: Mozilla/5.0 (Windows NT 10.0; Win64; x64) AppleWebKit/537.36 (KHTML, like Geck
Action.c(118):     o) Chrome/99.0.4844.82 Safari/537.36\r\n
Action.c(118):     Accept-Encoding: gzip, deflate, br\r\n
Action.c(118):     Accept-Language: ru-RU,ru;q=0.9,en-US;q=0.8,en;q=0.7\r\n
Action.c(118):     Accept: */*\r\n
Action.c(118):     Connection: Keep-Alive\r\n
Action.c(118):     Host: 127.0.0.1:1080\r\n
Action.c(118):     Cookie: MSO=SID&1649138702; MTUserInfo=firstName&Steven&username&vase&address2&Brattleboro
Action.c(118):     &hash&5&address1&3062%20Hardman%20Road&lastName&Cox%0A\r\n
Action.c(118):     \r\n
Action.c(118): t=412803ms: 298-byte response headers for "http://127.0.0.1:1080/WebTours/images/bookanother.gif" (RelFrameId=, Internal ID=141)
Action.c(118):     HTTP/1.1 200 OK\r\n
Action.c(118):     Date: Tue, 05 Apr 2022 06:05:55 GMT\r\n
Action.c(118):     Server: Apache/2.2.21 (Win32)\r\n
Action.c(118):     Last-Modified: Sat, 26 Mar 2022 07:29:11 GMT\r\n
Action.c(118):     ETag: "600000001c673-326-5db1a0915b123"\r\n
Action.c(118):     Accept-Ranges: bytes\r\n
Action.c(118):     Content-Length: 806\r\n
Action.c(118):     Keep-Alive: timeout=5, max=100\r\n
Action.c(118):     Connection: Keep-Alive\r\n
Action.c(118):     Content-Type: image/gif\r\n
Action.c(118):     \r\n
Action.c(118): t=412803ms: 806-byte response body for "http://127.0.0.1:1080/WebTours/images/bookanother.gif" (RelFrameId=, Internal ID=141)
Action.c(118): t=412803ms: Request done "http://127.0.0.1:1080/WebTours/images/bookanother.gif"  	[MsgId: MMSG-26000]
Action.c(118): Registered web_reg_find successful for "Text=Reservation Made!" (count=1)  	[MsgId: MMSG-26364]
Action.c(118): Registered web_reg_find successful for "Text=Total Charged to Credit Card # 5404368737356008" (count=1)  	[MsgId: MMSG-26364]
Action.c(118): web_submit_data("reservations.pl_3") was successful, 3299 body bytes, 692 header bytes, 12 chunking overhead bytes  	[MsgId: MMSG-26385]
Action.c(147): Notify: Transaction "Confirmation" ended with a "Pass" status (Duration: 15,0659 Think Time: 15,0111 Wasted Time: 0,0000).	[MsgId: MMSG-16870]
..\\..\\Library\\common_lib.h(129): Notify: Transaction "Logout" started.	[MsgId: MMSG-16999]
..\\..\\Library\\common_lib.h(131): web_reg_find started  	[MsgId: MMSG-26355]
..\\..\\Library\\common_lib.h(131): Registering web_reg_find was successful  	[MsgId: MMSG-26390]
..\\..\\Library\\common_lib.h(134): web_remove_auto_header("Sec-Fetch-User") started  	[MsgId: MMSG-26355]
..\\..\\Library\\common_lib.h(134): Previous automatically added web header for "Sec-Fetch-User" removed  	[MsgId: MMSG-26587]
..\\..\\Library\\common_lib.h(134): web_remove/revert_auto_header("Sec-Fetch-User") was successful  	[MsgId: MMSG-26392]
..\\..\\Library\\common_lib.h(136): web_add_header("Upgrade-Insecure-Requests") started  	[MsgId: MMSG-26355]
..\\..\\Library\\common_lib.h(136): An unrecognized header ("Upgrade-Insecure-Requests") is being added  	[MsgId: MMSG-26595]
..\\..\\Library\\common_lib.h(136): "Upgrade-Insecure-Requests: 1" header registered for adding to requests from the immediately following Action function  	[MsgId: MMSG-26506]
..\\..\\Library\\common_lib.h(136): web_add_header("Upgrade-Insecure-Requests") was successful  	[MsgId: MMSG-26392]
..\\..\\Library\\common_lib.h(139): lr_think_time: 7,00 seconds.	[MsgId: MMSG-15948]
..\\..\\Library\\common_lib.h(141): web_url("SignOff Button") started  	[MsgId: MMSG-26355]
..\\..\\Library\\common_lib.h(141): t=419686ms: Closed connection [0] to 127.0.0.1:1080 after completing 1 request(s)  	[MsgId: MMSG-26000]
..\\..\\Library\\common_lib.h(141): t=419687ms: Connecting [0] to host 127.0.0.1:1080  	[MsgId: MMSG-26000]
..\\..\\Library\\common_lib.h(141): t=419687ms: Connected socket [0] from 127.0.0.1:2944 to 127.0.0.1:1080 in 0 ms  	[MsgId: MMSG-26000]
..\\..\\Library\\common_lib.h(141): t=419687ms: 800-byte request headers for "http://127.0.0.1:1080/cgi-bin/welcome.pl?signOff=1" (RelFrameId=1, Internal ID=166)
..\\..\\Library\\common_lib.h(141):     GET /cgi-bin/welcome.pl?signOff=1 HTTP/1.1\r\n
..\\..\\Library\\common_lib.h(141):     Referer: http://127.0.0.1:1080/cgi-bin/nav.pl?page=menu&in=flights\r\n
..\\..\\Library\\common_lib.h(141):     Upgrade-Insecure-Requests: 1\r\n
..\\..\\Library\\common_lib.h(141):     DNT: 1\r\n
..\\..\\Library\\common_lib.h(141):     Sec-Fetch-Dest: frame\r\n
..\\..\\Library\\common_lib.h(141):     Sec-Fetch-Mode: navigate\r\n
..\\..\\Library\\common_lib.h(141):     Sec-Fetch-Site: same-origin\r\n
..\\..\\Library\\common_lib.h(141):     sec-ch-ua: " Not A;Brand";v="99", "Chromium";v="99", "Google Chrome";v="99"\r\n
..\\..\\Library\\common_lib.h(141):     sec-ch-ua-mobile: ?0\r\n
..\\..\\Library\\common_lib.h(141):     sec-ch-ua-platform: "Windows"\r\n
..\\..\\Library\\common_lib.h(141):     User-Agent: Mozilla/5.0 (Windows NT 10.0; Win64; x64) AppleWebKit/537.36 (KHTML, like Geck
..\\..\\Library\\common_lib.h(141):     o) Chrome/99.0.4844.82 Safari/537.36\r\n
..\\..\\Library\\common_lib.h(141):     Accept-Encoding: gzip, deflate, br\r\n
..\\..\\Library\\common_lib.h(141):     Accept-Language: ru-RU,ru;q=0.9,en-US;q=0.8,en;q=0.7\r\n
..\\..\\Library\\common_lib.h(141):     Accept: */*\r\n
..\\..\\Library\\common_lib.h(141):     Connection: Keep-Alive\r\n
..\\..\\Library\\common_lib.h(141):     Host: 127.0.0.1:1080\r\n
..\\..\\Library\\common_lib.h(141):     Cookie: MSO=SID&1649138702; MTUserInfo=firstName&Julie&username&searching&address2&Oklahom
..\\..\\Library\\common_lib.h(141):     a%20City&hash&39&address1&1683%20Musgrave%20Street&lastName&Williams%0A\r\n
..\\..\\Library\\common_lib.h(141):     \r\n
..\\..\\Library\\common_lib.h(141): t=419688ms: Inactive socket [1] was closed by 127.0.0.1:1080, probably due to Keep-Alive timeout  	[MsgId: MMSG-26000]
..\\..\\Library\\common_lib.h(141): t=419688ms: Closed connection [1] to 127.0.0.1:1080 after completing 1 request(s)  	[MsgId: MMSG-26000]
..\\..\\Library\\common_lib.h(141): t=419721ms: 328-byte response headers for "http://127.0.0.1:1080/cgi-bin/welcome.pl?signOff=1" (RelFrameId=1, Internal ID=166)
..\\..\\Library\\common_lib.h(141):     HTTP/1.1 200 OK\r\n
..\\..\\Library\\common_lib.h(141):     Date: Tue, 05 Apr 2022 06:06:02 GMT\r\n
..\\..\\Library\\common_lib.h(141):     Server: Apache/2.2.21 (Win32)\r\n
..\\..\\Library\\common_lib.h(141):     Set-Cookie: MSO=SID&1649138762; path=/\r\n
..\\..\\Library\\common_lib.h(141):     Set-Cookie: MTUserInfo=; path=/; expires=Mon, 04-Apr-2022 06:06:02 GMT\r\n
..\\..\\Library\\common_lib.h(141):     Keep-Alive: timeout=5, max=100\r\n
..\\..\\Library\\common_lib.h(141):     Connection: Keep-Alive\r\n
..\\..\\Library\\common_lib.h(141):     Transfer-Encoding: chunked\r\n
..\\..\\Library\\common_lib.h(141):     Content-Type: text/html; charset=ISO-8859-1\r\n
..\\..\\Library\\common_lib.h(141):     \r\n
..\\..\\Library\\common_lib.h(141): t=419721ms: 5-byte chunked response overhead for "http://127.0.0.1:1080/cgi-bin/welcome.pl?signOff=1" (RelFrameId=1, Internal ID=166)
..\\..\\Library\\common_lib.h(141):     2ae\r\n
..\\..\\Library\\common_lib.h(141): t=419721ms: 2-byte chunked response overhead for "http://127.0.0.1:1080/cgi-bin/welcome.pl?signOff=1" (RelFrameId=1, Internal ID=166)
..\\..\\Library\\common_lib.h(141):     \r\n
..\\..\\Library\\common_lib.h(141): t=419721ms: 686-byte chunked response body for "http://127.0.0.1:1080/cgi-bin/welcome.pl?signOff=1" (RelFrameId=1, Internal ID=166)
..\\..\\Library\\common_lib.h(141):     <!-- \n
..\\..\\Library\\common_lib.h(141):      A Session ID has been created and loaded into a cookie called MSO.\n
..\\..\\Library\\common_lib.h(141):      Also, the server options have been loaded into the cookie called\n
..\\..\\Library\\common_lib.h(141):      MSO as well.  The server options can be set via the Admin page.\n
..\\..\\Library\\common_lib.h(141):      --->\n
..\\..\\Library\\common_lib.h(141):     \n
..\\..\\Library\\common_lib.h(141):     <html>\n
..\\..\\Library\\common_lib.h(141):     <title>Web Tours</title>\n
..\\..\\Library\\common_lib.h(141):        <!-- Frame Set -->\n
..\\..\\Library\\common_lib.h(141):        <frameset cols="160,*" border="1" frameborder="1">\n
..\\..\\Library\\common_lib.h(141):           <!-- Navigation Frame -->\n
..\\..\\Library\\common_lib.h(141):           <frame src="nav.pl?in=home" name="navbar" marginheight="2" marginwidth="2" \n
..\\..\\Library\\common_lib.h(141):                 noresize="noresize" scrolling="auto"/>\n
..\\..\\Library\\common_lib.h(141):           <!-- Home Frame -->\n
..\\..\\Library\\common_lib.h(141):           <frame src="/WebTours/home.html" name="info" marginheight="2" marginwidth="2" \n
..\\..\\Library\\common_lib.h(141):                 noresize="noresize" scrolling="auto"/>\n
..\\..\\Library\\common_lib.h(141):        </frameset>\n
..\\..\\Library\\common_lib.h(141):     </html>\n
..\\..\\Library\\common_lib.h(141):     \n
..\\..\\Library\\common_lib.h(141):     </body>\n
..\\..\\Library\\common_lib.h(141):     </html>
..\\..\\Library\\common_lib.h(141): Detected non-resource "http://127.0.0.1:1080/cgi-bin/nav.pl?in=home" in "http://127.0.0.1:1080/cgi-bin/welcome.pl?signOff=1"  	[MsgId: MMSG-26574]
..\\..\\Library\\common_lib.h(141): Detected non-resource "http://127.0.0.1:1080/WebTours/home.html" in "http://127.0.0.1:1080/cgi-bin/welcome.pl?signOff=1"  	[MsgId: MMSG-26574]
..\\..\\Library\\common_lib.h(141): Retrieving data from cache for "http://127.0.0.1:1080/WebTours/home.html"  	[MsgId: MMSG-26558]
..\\..\\Library\\common_lib.h(141): t=419721ms: 1361-byte response body retrieved from cache for "http://127.0.0.1:1080/WebTours/home.html" (RelFrameId=1.2, Internal ID=168)
..\\..\\Library\\common_lib.h(141):     <HTML>\n
..\\..\\Library\\common_lib.h(141):     <HEAD>\n
..\\..\\Library\\common_lib.h(141):     \t<title>Web Tours</title>\n
..\\..\\Library\\common_lib.h(141):     </HEAD>\n
..\\..\\Library\\common_lib.h(141):     <style>\n
..\\..\\Library\\common_lib.h(141):     \tblockquote {font-family: tahoma; font-size : 10pt}\n
..\\..\\Library\\common_lib.h(141):     \tH1 {font-family: tahoma; font-size : 22pt; color: #003366}\n
..\\..\\Library\\common_lib.h(141):     \tsmall {font-family: tahoma; font-size : 8pt}\n
..\\..\\Library\\common_lib.h(141):     \tH3{font-family: tahoma; font-size : 10pt; color: black}\n
..\\..\\Library\\common_lib.h(141):     \tA {FONT-WEIGHT: bold; FONT-SIZE: 10pt; COLOR: black; FONT-FAMILY: Tahoma; TEXT-DECORATIO
..\\..\\Library\\common_lib.h(141):     N: none}\n
..\\..\\Library\\common_lib.h(141):     \tA:hover{ FONT-WEIGHT: bold; FONT-SIZE: 10pt; COLOR: #993333; FONT-FAMILY: Tahoma;TEXT-DE
..\\..\\Library\\common_lib.h(141):     CORATION: underline}\n
..\\..\\Library\\common_lib.h(141):     \tTD {font-family: tahoma; font-size : 10pt; color: black}\n
..\\..\\Library\\common_lib.h(141):     </style>\n
..\\..\\Library\\common_lib.h(141):     <body bgcolor="#e0e7f1">\n
..\\..\\Library\\common_lib.h(141):     <BR/>\n
..\\..\\Library\\common_lib.h(141):     <BR/>\n
..\\..\\Library\\common_lib.h(141):     <BR/>\n
..\\..\\Library\\common_lib.h(141):     <br/>\n
..\\..\\Library\\common_lib.h(141):     <table border="0">\n
..\\..\\Library\\common_lib.h(141):     <tr><td></td></tr>\n
..\\..\\Library\\common_lib.h(141):     <TR><TD></TD></TR>\n
..\\..\\Library\\common_lib.h(141):     <TR><TD>\n
..\\..\\Library\\common_lib.h(141):     <blockquote>\n
..\\..\\Library\\common_lib.h(141):     <H1><b>Web Tours</b></H1>\n
..\\..\\Library\\common_lib.h(141):     Welcome to the Web Tours site.\n
..\\..\\Library\\common_lib.h(141):     <br/>\n
..\\..\\Library\\common_lib.h(141):     To make reservations,please enter your account information to the left.\n
..\\..\\Library\\common_lib.h(141):     <br/>\n
..\\..\\Library\\common_lib.h(141):     If you haven't registered yet, <A href="/cgi-bin/login.pl?username=&amp;password=&amp;getI
..\\..\\Library\\common_lib.h(141):     nfo=true" ><B>sign up now</B></A> to get access to all our resources.\n
..\\..\\Library\\common_lib.h(141):     <br/>\n
..\\..\\Library\\common_lib.h(141):     To configure the server options, use <A href="/cgi-bin/admin.pl" target="body" ><b>adminis
..\\..\\Library\\common_lib.h(141):     tration</b></A> link.\n
..\\..\\Library\\common_lib.h(141):     <br/><br/><br/><br/><br/><br/>\n
..\\..\\Library\\common_lib.h(141):     <br/><small>\n
..\\..\\Library\\common_lib.h(141):     This product uses parts of the SMT Kernel, Copyright (c) 1991-99 <A href="http://www.imati
..\\..\\Library\\common_lib.h(141):     x.com" target="new"><B><small>iMatix Corporation</small></B></A> \n
..\\..\\Library\\common_lib.h(141):     </small>\n
..\\..\\Library\\common_lib.h(141):     </blockquote></TD>\n
..\\..\\Library\\common_lib.h(141):     <TD></TD></TR>\n
..\\..\\Library\\common_lib.h(141):     </table>\n
..\\..\\Library\\common_lib.h(141):     </body>\n
..\\..\\Library\\common_lib.h(141):     </HTML>\n
..\\..\\Library\\common_lib.h(141): t=419723ms: Connecting [1] to host 127.0.0.1:1080  	[MsgId: MMSG-26000]
..\\..\\Library\\common_lib.h(141): t=419723ms: Connected socket [1] from 127.0.0.1:2945 to 127.0.0.1:1080 in 0 ms  	[MsgId: MMSG-26000]
..\\..\\Library\\common_lib.h(141): t=419723ms: 652-byte request headers for "http://127.0.0.1:1080/cgi-bin/nav.pl?in=home" (RelFrameId=1.1, Internal ID=167)
..\\..\\Library\\common_lib.h(141):     GET /cgi-bin/nav.pl?in=home HTTP/1.1\r\n
..\\..\\Library\\common_lib.h(141):     Referer: http://127.0.0.1:1080/cgi-bin/welcome.pl?signOff=1\r\n
..\\..\\Library\\common_lib.h(141):     Upgrade-Insecure-Requests: 1\r\n
..\\..\\Library\\common_lib.h(141):     DNT: 1\r\n
..\\..\\Library\\common_lib.h(141):     Sec-Fetch-Dest: frame\r\n
..\\..\\Library\\common_lib.h(141):     Sec-Fetch-Mode: navigate\r\n
..\\..\\Library\\common_lib.h(141):     Sec-Fetch-Site: same-origin\r\n
..\\..\\Library\\common_lib.h(141):     sec-ch-ua: " Not A;Brand";v="99", "Chromium";v="99", "Google Chrome";v="99"\r\n
..\\..\\Library\\common_lib.h(141):     sec-ch-ua-mobile: ?0\r\n
..\\..\\Library\\common_lib.h(141):     sec-ch-ua-platform: "Windows"\r\n
..\\..\\Library\\common_lib.h(141):     User-Agent: Mozilla/5.0 (Windows NT 10.0; Win64; x64) AppleWebKit/537.36 (KHTML, like Geck
..\\..\\Library\\common_lib.h(141):     o) Chrome/99.0.4844.82 Safari/537.36\r\n
..\\..\\Library\\common_lib.h(141):     Accept-Encoding: gzip, deflate, br\r\n
..\\..\\Library\\common_lib.h(141):     Accept-Language: ru-RU,ru;q=0.9,en-US;q=0.8,en;q=0.7\r\n
..\\..\\Library\\common_lib.h(141):     Accept: */*\r\n
..\\..\\Library\\common_lib.h(141):     Connection: Keep-Alive\r\n
..\\..\\Library\\common_lib.h(141):     Host: 127.0.0.1:1080\r\n
..\\..\\Library\\common_lib.h(141):     Cookie: MSO=SID&1649138762\r\n
..\\..\\Library\\common_lib.h(141):     \r\n
..\\..\\Library\\common_lib.h(141): t=419724ms: 5-byte chunked response overhead for "http://127.0.0.1:1080/cgi-bin/welcome.pl?signOff=1" (RelFrameId=1, Internal ID=166)
..\\..\\Library\\common_lib.h(141):     0\r\n
..\\..\\Library\\common_lib.h(141):     \r\n
..\\..\\Library\\common_lib.h(141): t=419724ms: Request done "http://127.0.0.1:1080/cgi-bin/welcome.pl?signOff=1"  	[MsgId: MMSG-26000]
..\\..\\Library\\common_lib.h(141): t=419760ms: 256-byte response headers for "http://127.0.0.1:1080/cgi-bin/nav.pl?in=home" (RelFrameId=1.1, Internal ID=167)
..\\..\\Library\\common_lib.h(141):     HTTP/1.1 200 OK\r\n
..\\..\\Library\\common_lib.h(141):     Date: Tue, 05 Apr 2022 06:06:02 GMT\r\n
..\\..\\Library\\common_lib.h(141):     Server: Apache/2.2.21 (Win32)\r\n
..\\..\\Library\\common_lib.h(141):     Expires: Mon, 04 Apr 2022 06:06:02 GMT\r\n
..\\..\\Library\\common_lib.h(141):     Keep-Alive: timeout=5, max=100\r\n
..\\..\\Library\\common_lib.h(141):     Connection: Keep-Alive\r\n
..\\..\\Library\\common_lib.h(141):     Transfer-Encoding: chunked\r\n
..\\..\\Library\\common_lib.h(141):     Content-Type: text/html; charset=ISO-8859-1\r\n
..\\..\\Library\\common_lib.h(141):     \r\n
..\\..\\Library\\common_lib.h(141): t=419760ms: 5-byte chunked response overhead for "http://127.0.0.1:1080/cgi-bin/nav.pl?in=home" (RelFrameId=1.1, Internal ID=167)
..\\..\\Library\\common_lib.h(141):     5d1\r\n
..\\..\\Library\\common_lib.h(141): t=419760ms: 2-byte chunked response overhead for "http://127.0.0.1:1080/cgi-bin/nav.pl?in=home" (RelFrameId=1.1, Internal ID=167)
..\\..\\Library\\common_lib.h(141):     \r\n
..\\..\\Library\\common_lib.h(141): t=419760ms: 1489-byte chunked response body for "http://127.0.0.1:1080/cgi-bin/nav.pl?in=home" (RelFrameId=1.1, Internal ID=167)
..\\..\\Library\\common_lib.h(141):     <!DOCTYPE html\n
..\\..\\Library\\common_lib.h(141):     \tPUBLIC "-//W3C//DTD XHTML 1.0 Transitional//EN"\n
..\\..\\Library\\common_lib.h(141):     \t "http://www.w3.org/TR/xhtml1/DTD/xhtml1-transitional.dtd">\n
..\\..\\Library\\common_lib.h(141):     <html xmlns="http://www.w3.org/1999/xhtml" lang="en-US" xml:lang="en-US">\n
..\\..\\Library\\common_lib.h(141):     <head>\n
..\\..\\Library\\common_lib.h(141):     <title>Web Tours Navigation Bar</title>\n
..\\..\\Library\\common_lib.h(141):     <meta http-equiv="Content-Type" content="text/html; charset=iso-8859-1" />\n
..\\..\\Library\\common_lib.h(141):     </head>\n
..\\..\\Library\\common_lib.h(141):     <body bgcolor="#E0E7F1">\n
..\\..\\Library\\common_lib.h(141):     <style>\n
..\\..\\Library\\common_lib.h(141):     blockquote {font-family: tahoma; font-size : 10pt}\n
..\\..\\Library\\common_lib.h(141):     H1 {font-family: tahoma; font-size : 22pt; color: #993333}\n
..\\..\\Library\\common_lib.h(141):     H3 {font-family: tahoma; font-size : 10pt; color: black}\n
..\\..\\Library\\common_lib.h(141):     small {font-family: tahoma; font-size : 8pt}\n
..\\..\\Library\\common_lib.h(141):     </style>\n
..\\..\\Library\\common_lib.h(141):     <form method="post" action="/cgi-bin/login.pl" target="body">\n
..\\..\\Library\\common_lib.h(141):     <input type="hidden" name="userSession" value="133587.587039287ziHVtVVpfAiDDDDDtVcciptzQAf
..\\..\\Library\\common_lib.h(141):     "/>\n
..\\..\\Library\\common_lib.h(141):     <table border="0"><tr><td>&nbsp;</td>\n
..\\..\\Library\\common_lib.h(141):     <td>&nbsp;</td></tr>\n
..\\..\\Library\\common_lib.h(141):     <tr><td>&nbsp;</td>\n
..\\..\\Library\\common_lib.h(141):     <td>&nbsp;</td></tr>\n
..\\..\\Library\\common_lib.h(141):     <tr><td>&nbsp;</td>\n
..\\..\\Library\\common_lib.h(141):     <td><small>&nbsp;Username</small></td></tr>\n
..\\..\\Library\\common_lib.h(141):     <tr><td>&nbsp;</td>\n
..\\..\\Library\\common_lib.h(141):     <td><input type="text" name="username" value="" size="14" maxlength="14"/></td></tr>\n
..\\..\\Library\\common_lib.h(141):     <tr><td>&nbsp;</td>\n
..\\..\\Library\\common_lib.h(141):     <td><small>&nbsp;Password</small></td>\n
..\\..\\Library\\common_lib.h(141):     <tr><td>&nbsp;</td>\n
..\\..\\Library\\common_lib.h(141):     <td><input type="password" name="password" value="" size="14" maxlength="14"/></td></tr>\n
..\\..\\Library\\common_lib.h(141):     <tr><td>&nbsp;</td>\n
..\\..\\Library\\common_lib.h(141):     <td>&nbsp;</td></tr>\n
..\\..\\Library\\common_lib.h(141):     <tr><td>&nbsp;</td>\n
..\\..\\Library\\common_lib.h(141):     <td><input type="image" name="login" value="Login" alt="Login" border="1" \n
..\\..\\Library\\common_lib.h(141):     src="/WebTours/images/mer_login.gif"/></td></tr>\n
..\\..\\Library\\common_lib.h(141):     <tr><td>&nbsp;</td><td>&nbsp;</td></tr>\n
..\\..\\Library\\common_lib.h(141):     </table><input type="hidden" name="JSFormSubmit" value="off"/>\n
..\\..\\Library\\common_lib.h(141):     </form>\n
..\\..\\Library\\common_lib.h(141):     \n
..\\..\\Library\\common_lib.h(141):     </body>\n
..\\..\\Library\\common_lib.h(141):     </html>\n
..\\..\\Library\\common_lib.h(141): Resource "http://127.0.0.1:1080/WebTours/images/mer_login.gif" is in the cache already and will not be downloaded again  	[MsgId: MMSG-26655]
..\\..\\Library\\common_lib.h(141): t=419762ms: 5-byte chunked response overhead for "http://127.0.0.1:1080/cgi-bin/nav.pl?in=home" (RelFrameId=1.1, Internal ID=167)
..\\..\\Library\\common_lib.h(141):     0\r\n
..\\..\\Library\\common_lib.h(141):     \r\n
..\\..\\Library\\common_lib.h(141): t=419762ms: Request done "http://127.0.0.1:1080/cgi-bin/nav.pl?in=home"  	[MsgId: MMSG-26000]
..\\..\\Library\\common_lib.h(141): Registered web_reg_find successful for "Text=Web Tours" (count=5)  	[MsgId: MMSG-26364]
..\\..\\Library\\common_lib.h(141): web_url("SignOff Button") was successful, 2175 body bytes, 584 header bytes, 24 chunking overhead bytes  	[MsgId: MMSG-26385]
..\\..\\Library\\common_lib.h(151): Notify: Transaction "Logout" ended with a "Pass" status (Duration: 7,0869 Think Time: 7,0103 Wasted Time: 0,0000).	[MsgId: MMSG-16870]
Action.c(155): Notify: Transaction "02_OneWayTicketPurchase" ended with a "Pass" status (Duration: 59,6166 Think Time: 59,0367 Wasted Time: 0,0006).	[MsgId: MMSG-16870]
Ending action Action.	[MsgId: MMSG-15918]
Action was aborted.	[MsgId: MMSG-10694]
Ending Vuser...	[MsgId: MMSG-15966]
Starting action vuser_end.	[MsgId: MMSG-15919]
Ending action vuser_end.	[MsgId: MMSG-15918]
Vuser Terminated.	[MsgId: MMSG-15963]
t=419763ms: Closed connection [0] to 127.0.0.1:1080 after completing 1 request(s)  	[MsgId: MMSG-26000]
t=419763ms: Closed connection [1] to 127.0.0.1:1080 after completing 1 request(s)  	[MsgId: MMSG-26000]
HTML-Mode memory management statistics: Reusable=7, NonReusable=0, CsMemBlockSize=4096, checks disabled  	[MsgId: MMSG-26000]
Vuser 0 (thread 1356), ended OK."	[MsgId: MMSG-10695]
..\\..\\Library\\common_lib.h(141): web_url("SignOff Button") started  	[MsgId: MMSG-26355]
..\\..\\Library\\common_lib.h(141): t=419811ms: Closed connection [0] to 127.0.0.1:1080 after completing 1 request(s)  	[MsgId: MMSG-26000]
..\\..\\Library\\common_lib.h(141): t=419811ms: Connecting [0] to host 127.0.0.1:1080  	[MsgId: MMSG-26000]
..\\..\\Library\\common_lib.h(141): t=419812ms: Connected socket [0] from 127.0.0.1:2946 to 127.0.0.1:1080 in 1 ms  	[MsgId: MMSG-26000]
..\\..\\Library\\common_lib.h(141): t=419812ms: 783-byte request headers for "http://127.0.0.1:1080/cgi-bin/welcome.pl?signOff=1" (RelFrameId=1, Internal ID=142)
..\\..\\Library\\common_lib.h(141):     GET /cgi-bin/welcome.pl?signOff=1 HTTP/1.1\r\n
..\\..\\Library\\common_lib.h(141):     Referer: http://127.0.0.1:1080/cgi-bin/nav.pl?page=menu&in=flights\r\n
..\\..\\Library\\common_lib.h(141):     Upgrade-Insecure-Requests: 1\r\n
..\\..\\Library\\common_lib.h(141):     DNT: 1\r\n
..\\..\\Library\\common_lib.h(141):     Sec-Fetch-Dest: frame\r\n
..\\..\\Library\\common_lib.h(141):     Sec-Fetch-Mode: navigate\r\n
..\\..\\Library\\common_lib.h(141):     Sec-Fetch-Site: same-origin\r\n
..\\..\\Library\\common_lib.h(141):     sec-ch-ua: " Not A;Brand";v="99", "Chromium";v="99", "Google Chrome";v="99"\r\n
..\\..\\Library\\common_lib.h(141):     sec-ch-ua-mobile: ?0\r\n
..\\..\\Library\\common_lib.h(141):     sec-ch-ua-platform: "Windows"\r\n
..\\..\\Library\\common_lib.h(141):     User-Agent: Mozilla/5.0 (Windows NT 10.0; Win64; x64) AppleWebKit/537.36 (KHTML, like Geck
..\\..\\Library\\common_lib.h(141):     o) Chrome/99.0.4844.82 Safari/537.36\r\n
..\\..\\Library\\common_lib.h(141):     Accept-Encoding: gzip, deflate, br\r\n
..\\..\\Library\\common_lib.h(141):     Accept-Language: ru-RU,ru;q=0.9,en-US;q=0.8,en;q=0.7\r\n
..\\..\\Library\\common_lib.h(141):     Accept: */*\r\n
..\\..\\Library\\common_lib.h(141):     Connection: Keep-Alive\r\n
..\\..\\Library\\common_lib.h(141):     Host: 127.0.0.1:1080\r\n
..\\..\\Library\\common_lib.h(141):     Cookie: MSO=SID&1649138702; MTUserInfo=firstName&Steven&username&vase&address2&Brattleboro
..\\..\\Library\\common_lib.h(141):     &hash&5&address1&3062%20Hardman%20Road&lastName&Cox%0A\r\n
..\\..\\Library\\common_lib.h(141):     \r\n
..\\..\\Library\\common_lib.h(141): t=419812ms: Inactive socket [1] was closed by 127.0.0.1:1080, probably due to Keep-Alive timeout  	[MsgId: MMSG-26000]
..\\..\\Library\\common_lib.h(141): t=419812ms: Closed connection [1] to 127.0.0.1:1080 after completing 1 request(s)  	[MsgId: MMSG-26000]
..\\..\\Library\\common_lib.h(141): t=419845ms: 328-byte response headers for "http://127.0.0.1:1080/cgi-bin/welcome.pl?signOff=1" (RelFrameId=1, Internal ID=142)
..\\..\\Library\\common_lib.h(141):     HTTP/1.1 200 OK\r\n
..\\..\\Library\\common_lib.h(141):     Date: Tue, 05 Apr 2022 06:06:02 GMT\r\n
..\\..\\Library\\common_lib.h(141):     Server: Apache/2.2.21 (Win32)\r\n
..\\..\\Library\\common_lib.h(141):     Set-Cookie: MSO=SID&1649138762; path=/\r\n
..\\..\\Library\\common_lib.h(141):     Set-Cookie: MTUserInfo=; path=/; expires=Mon, 04-Apr-2022 06:06:02 GMT\r\n
..\\..\\Library\\common_lib.h(141):     Keep-Alive: timeout=5, max=100\r\n
..\\..\\Library\\common_lib.h(141):     Connection: Keep-Alive\r\n
..\\..\\Library\\common_lib.h(141):     Transfer-Encoding: chunked\r\n
..\\..\\Library\\common_lib.h(141):     Content-Type: text/html; charset=ISO-8859-1\r\n
..\\..\\Library\\common_lib.h(141):     \r\n
..\\..\\Library\\common_lib.h(141): t=419846ms: 5-byte chunked response overhead for "http://127.0.0.1:1080/cgi-bin/welcome.pl?signOff=1" (RelFrameId=1, Internal ID=142)
..\\..\\Library\\common_lib.h(141):     2ae\r\n
..\\..\\Library\\common_lib.h(141): t=419846ms: 2-byte chunked response overhead for "http://127.0.0.1:1080/cgi-bin/welcome.pl?signOff=1" (RelFrameId=1, Internal ID=142)
..\\..\\Library\\common_lib.h(141):     \r\n
..\\..\\Library\\common_lib.h(141): t=419846ms: 686-byte chunked response body for "http://127.0.0.1:1080/cgi-bin/welcome.pl?signOff=1" (RelFrameId=1, Internal ID=142)
..\\..\\Library\\common_lib.h(141):     <!-- \n
..\\..\\Library\\common_lib.h(141):      A Session ID has been created and loaded into a cookie called MSO.\n
..\\..\\Library\\common_lib.h(141):      Also, the server options have been loaded into the cookie called\n
..\\..\\Library\\common_lib.h(141):      MSO as well.  The server options can be set via the Admin page.\n
..\\..\\Library\\common_lib.h(141):      --->\n
..\\..\\Library\\common_lib.h(141):     \n
..\\..\\Library\\common_lib.h(141):     <html>\n
..\\..\\Library\\common_lib.h(141):     <title>Web Tours</title>\n
..\\..\\Library\\common_lib.h(141):        <!-- Frame Set -->\n
..\\..\\Library\\common_lib.h(141):        <frameset cols="160,*" border="1" frameborder="1">\n
..\\..\\Library\\common_lib.h(141):           <!-- Navigation Frame -->\n
..\\..\\Library\\common_lib.h(141):           <frame src="nav.pl?in=home" name="navbar" marginheight="2" marginwidth="2" \n
..\\..\\Library\\common_lib.h(141):                 noresize="noresize" scrolling="auto"/>\n
..\\..\\Library\\common_lib.h(141):           <!-- Home Frame -->\n
..\\..\\Library\\common_lib.h(141):           <frame src="/WebTours/home.html" name="info" marginheight="2" marginwidth="2" \n
..\\..\\Library\\common_lib.h(141):                 noresize="noresize" scrolling="auto"/>\n
..\\..\\Library\\common_lib.h(141):        </frameset>\n
..\\..\\Library\\common_lib.h(141):     </html>\n
..\\..\\Library\\common_lib.h(141):     \n
..\\..\\Library\\common_lib.h(141):     </body>\n
..\\..\\Library\\common_lib.h(141):     </html>
..\\..\\Library\\common_lib.h(141): Detected non-resource "http://127.0.0.1:1080/cgi-bin/nav.pl?in=home" in "http://127.0.0.1:1080/cgi-bin/welcome.pl?signOff=1"  	[MsgId: MMSG-26574]
..\\..\\Library\\common_lib.h(141): Detected non-resource "http://127.0.0.1:1080/WebTours/home.html" in "http://127.0.0.1:1080/cgi-bin/welcome.pl?signOff=1"  	[MsgId: MMSG-26574]
..\\..\\Library\\common_lib.h(141): Retrieving data from cache for "http://127.0.0.1:1080/WebTours/home.html"  	[MsgId: MMSG-26558]
..\\..\\Library\\common_lib.h(141): t=419846ms: 1361-byte response body retrieved from cache for "http://127.0.0.1:1080/WebTours/home.html" (RelFrameId=1.2, Internal ID=144)
..\\..\\Library\\common_lib.h(141):     <HTML>\n
..\\..\\Library\\common_lib.h(141):     <HEAD>\n
..\\..\\Library\\common_lib.h(141):     \t<title>Web Tours</title>\n
..\\..\\Library\\common_lib.h(141):     </HEAD>\n
..\\..\\Library\\common_lib.h(141):     <style>\n
..\\..\\Library\\common_lib.h(141):     \tblockquote {font-family: tahoma; font-size : 10pt}\n
..\\..\\Library\\common_lib.h(141):     \tH1 {font-family: tahoma; font-size : 22pt; color: #003366}\n
..\\..\\Library\\common_lib.h(141):     \tsmall {font-family: tahoma; font-size : 8pt}\n
..\\..\\Library\\common_lib.h(141):     \tH3{font-family: tahoma; font-size : 10pt; color: black}\n
..\\..\\Library\\common_lib.h(141):     \tA {FONT-WEIGHT: bold; FONT-SIZE: 10pt; COLOR: black; FONT-FAMILY: Tahoma; TEXT-DECORATIO
..\\..\\Library\\common_lib.h(141):     N: none}\n
..\\..\\Library\\common_lib.h(141):     \tA:hover{ FONT-WEIGHT: bold; FONT-SIZE: 10pt; COLOR: #993333; FONT-FAMILY: Tahoma;TEXT-DE
..\\..\\Library\\common_lib.h(141):     CORATION: underline}\n
..\\..\\Library\\common_lib.h(141):     \tTD {font-family: tahoma; font-size : 10pt; color: black}\n
..\\..\\Library\\common_lib.h(141):     </style>\n
..\\..\\Library\\common_lib.h(141):     <body bgcolor="#e0e7f1">\n
..\\..\\Library\\common_lib.h(141):     <BR/>\n
..\\..\\Library\\common_lib.h(141):     <BR/>\n
..\\..\\Library\\common_lib.h(141):     <BR/>\n
..\\..\\Library\\common_lib.h(141):     <br/>\n
..\\..\\Library\\common_lib.h(141):     <table border="0">\n
..\\..\\Library\\common_lib.h(141):     <tr><td></td></tr>\n
..\\..\\Library\\common_lib.h(141):     <TR><TD></TD></TR>\n
..\\..\\Library\\common_lib.h(141):     <TR><TD>\n
..\\..\\Library\\common_lib.h(141):     <blockquote>\n
..\\..\\Library\\common_lib.h(141):     <H1><b>Web Tours</b></H1>\n
..\\..\\Library\\common_lib.h(141):     Welcome to the Web Tours site.\n
..\\..\\Library\\common_lib.h(141):     <br/>\n
..\\..\\Library\\common_lib.h(141):     To make reservations,please enter your account information to the left.\n
..\\..\\Library\\common_lib.h(141):     <br/>\n
..\\..\\Library\\common_lib.h(141):     If you haven't registered yet, <A href="/cgi-bin/login.pl?username=&amp;password=&amp;getI
..\\..\\Library\\common_lib.h(141):     nfo=true" ><B>sign up now</B></A> to get access to all our resources.\n
..\\..\\Library\\common_lib.h(141):     <br/>\n
..\\..\\Library\\common_lib.h(141):     To configure the server options, use <A href="/cgi-bin/admin.pl" target="body" ><b>adminis
..\\..\\Library\\common_lib.h(141):     tration</b></A> link.\n
..\\..\\Library\\common_lib.h(141):     <br/><br/><br/><br/><br/><br/>\n
..\\..\\Library\\common_lib.h(141):     <br/><small>\n
..\\..\\Library\\common_lib.h(141):     This product uses parts of the SMT Kernel, Copyright (c) 1991-99 <A href="http://www.imati
..\\..\\Library\\common_lib.h(141):     x.com" target="new"><B><small>iMatix Corporation</small></B></A> \n
..\\..\\Library\\common_lib.h(141):     </small>\n
..\\..\\Library\\common_lib.h(141):     </blockquote></TD>\n
..\\..\\Library\\common_lib.h(141):     <TD></TD></TR>\n
..\\..\\Library\\common_lib.h(141):     </table>\n
..\\..\\Library\\common_lib.h(141):     </body>\n
..\\..\\Library\\common_lib.h(141):     </HTML>\n
..\\..\\Library\\common_lib.h(141): t=419847ms: Connecting [1] to host 127.0.0.1:1080  	[MsgId: MMSG-26000]
..\\..\\Library\\common_lib.h(141): t=419848ms: 5-byte chunked response overhead for "http://127.0.0.1:1080/cgi-bin/welcome.pl?signOff=1" (RelFrameId=1, Internal ID=142)
..\\..\\Library\\common_lib.h(141):     0\r\n
..\\..\\Library\\common_lib.h(141):     \r\n
..\\..\\Library\\common_lib.h(141): t=419848ms: Request done "http://127.0.0.1:1080/cgi-bin/welcome.pl?signOff=1"  	[MsgId: MMSG-26000]
..\\..\\Library\\common_lib.h(141): t=419848ms: Connected socket [1] from 127.0.0.1:2947 to 127.0.0.1:1080 in 1 ms  	[MsgId: MMSG-26000]
..\\..\\Library\\common_lib.h(141): t=419848ms: 652-byte request headers for "http://127.0.0.1:1080/cgi-bin/nav.pl?in=home" (RelFrameId=1.1, Internal ID=143)
..\\..\\Library\\common_lib.h(141):     GET /cgi-bin/nav.pl?in=home HTTP/1.1\r\n
..\\..\\Library\\common_lib.h(141):     Referer: http://127.0.0.1:1080/cgi-bin/welcome.pl?signOff=1\r\n
..\\..\\Library\\common_lib.h(141):     Upgrade-Insecure-Requests: 1\r\n
..\\..\\Library\\common_lib.h(141):     DNT: 1\r\n
..\\..\\Library\\common_lib.h(141):     Sec-Fetch-Dest: frame\r\n
..\\..\\Library\\common_lib.h(141):     Sec-Fetch-Mode: navigate\r\n
..\\..\\Library\\common_lib.h(141):     Sec-Fetch-Site: same-origin\r\n
..\\..\\Library\\common_lib.h(141):     sec-ch-ua: " Not A;Brand";v="99", "Chromium";v="99", "Google Chrome";v="99"\r\n
..\\..\\Library\\common_lib.h(141):     sec-ch-ua-mobile: ?0\r\n
..\\..\\Library\\common_lib.h(141):     sec-ch-ua-platform: "Windows"\r\n
..\\..\\Library\\common_lib.h(141):     User-Agent: Mozilla/5.0 (Windows NT 10.0; Win64; x64) AppleWebKit/537.36 (KHTML, like Geck
..\\..\\Library\\common_lib.h(141):     o) Chrome/99.0.4844.82 Safari/537.36\r\n
..\\..\\Library\\common_lib.h(141):     Accept-Encoding: gzip, deflate, br\r\n
..\\..\\Library\\common_lib.h(141):     Accept-Language: ru-RU,ru;q=0.9,en-US;q=0.8,en;q=0.7\r\n
..\\..\\Library\\common_lib.h(141):     Accept: */*\r\n
..\\..\\Library\\common_lib.h(141):     Connection: Keep-Alive\r\n
..\\..\\Library\\common_lib.h(141):     Host: 127.0.0.1:1080\r\n
..\\..\\Library\\common_lib.h(141):     Cookie: MSO=SID&1649138762\r\n
..\\..\\Library\\common_lib.h(141):     \r\n
..\\..\\Library\\common_lib.h(141): t=419882ms: 256-byte response headers for "http://127.0.0.1:1080/cgi-bin/nav.pl?in=home" (RelFrameId=1.1, Internal ID=143)
..\\..\\Library\\common_lib.h(141):     HTTP/1.1 200 OK\r\n
..\\..\\Library\\common_lib.h(141):     Date: Tue, 05 Apr 2022 06:06:02 GMT\r\n
..\\..\\Library\\common_lib.h(141):     Server: Apache/2.2.21 (Win32)\r\n
..\\..\\Library\\common_lib.h(141):     Expires: Mon, 04 Apr 2022 06:06:02 GMT\r\n
..\\..\\Library\\common_lib.h(141):     Keep-Alive: timeout=5, max=100\r\n
..\\..\\Library\\common_lib.h(141):     Connection: Keep-Alive\r\n
..\\..\\Library\\common_lib.h(141):     Transfer-Encoding: chunked\r\n
..\\..\\Library\\common_lib.h(141):     Content-Type: text/html; charset=ISO-8859-1\r\n
..\\..\\Library\\common_lib.h(141):     \r\n
..\\..\\Library\\common_lib.h(141): t=419882ms: 5-byte chunked response overhead for "http://127.0.0.1:1080/cgi-bin/nav.pl?in=home" (RelFrameId=1.1, Internal ID=143)
..\\..\\Library\\common_lib.h(141):     5d1\r\n
..\\..\\Library\\common_lib.h(141): t=419882ms: 2-byte chunked response overhead for "http://127.0.0.1:1080/cgi-bin/nav.pl?in=home" (RelFrameId=1.1, Internal ID=143)
..\\..\\Library\\common_lib.h(141):     \r\n
..\\..\\Library\\common_lib.h(141): t=419882ms: 1489-byte chunked response body for "http://127.0.0.1:1080/cgi-bin/nav.pl?in=home" (RelFrameId=1.1, Internal ID=143)
..\\..\\Library\\common_lib.h(141):     <!DOCTYPE html\n
..\\..\\Library\\common_lib.h(141):     \tPUBLIC "-//W3C//DTD XHTML 1.0 Transitional//EN"\n
..\\..\\Library\\common_lib.h(141):     \t "http://www.w3.org/TR/xhtml1/DTD/xhtml1-transitional.dtd">\n
..\\..\\Library\\common_lib.h(141):     <html xmlns="http://www.w3.org/1999/xhtml" lang="en-US" xml:lang="en-US">\n
..\\..\\Library\\common_lib.h(141):     <head>\n
..\\..\\Library\\common_lib.h(141):     <title>Web Tours Navigation Bar</title>\n
..\\..\\Library\\common_lib.h(141):     <meta http-equiv="Content-Type" content="text/html; charset=iso-8859-1" />\n
..\\..\\Library\\common_lib.h(141):     </head>\n
..\\..\\Library\\common_lib.h(141):     <body bgcolor="#E0E7F1">\n
..\\..\\Library\\common_lib.h(141):     <style>\n
..\\..\\Library\\common_lib.h(141):     blockquote {font-family: tahoma; font-size : 10pt}\n
..\\..\\Library\\common_lib.h(141):     H1 {font-family: tahoma; font-size : 22pt; color: #993333}\n
..\\..\\Library\\common_lib.h(141):     H3 {font-family: tahoma; font-size : 10pt; color: black}\n
..\\..\\Library\\common_lib.h(141):     small {font-family: tahoma; font-size : 8pt}\n
..\\..\\Library\\common_lib.h(141):     </style>\n
..\\..\\Library\\common_lib.h(141):     <form method="post" action="/cgi-bin/login.pl" target="body">\n
..\\..\\Library\\common_lib.h(141):     <input type="hidden" name="userSession" value="133587.587039287ziHVtVVpfAiDDDDDtVcciptzQAf
..\\..\\Library\\common_lib.h(141):     "/>\n
..\\..\\Library\\common_lib.h(141):     <table border="0"><tr><td>&nbsp;</td>\n
..\\..\\Library\\common_lib.h(141):     <td>&nbsp;</td></tr>\n
..\\..\\Library\\common_lib.h(141):     <tr><td>&nbsp;</td>\n
..\\..\\Library\\common_lib.h(141):     <td>&nbsp;</td></tr>\n
..\\..\\Library\\common_lib.h(141):     <tr><td>&nbsp;</td>\n
..\\..\\Library\\common_lib.h(141):     <td><small>&nbsp;Username</small></td></tr>\n
..\\..\\Library\\common_lib.h(141):     <tr><td>&nbsp;</td>\n
..\\..\\Library\\common_lib.h(141):     <td><input type="text" name="username" value="" size="14" maxlength="14"/></td></tr>\n
..\\..\\Library\\common_lib.h(141):     <tr><td>&nbsp;</td>\n
..\\..\\Library\\common_lib.h(141):     <td><small>&nbsp;Password</small></td>\n
..\\..\\Library\\common_lib.h(141):     <tr><td>&nbsp;</td>\n
..\\..\\Library\\common_lib.h(141):     <td><input type="password" name="password" value="" size="14" maxlength="14"/></td></tr>\n
..\\..\\Library\\common_lib.h(141):     <tr><td>&nbsp;</td>\n
..\\..\\Library\\common_lib.h(141):     <td>&nbsp;</td></tr>\n
..\\..\\Library\\common_lib.h(141):     <tr><td>&nbsp;</td>\n
..\\..\\Library\\common_lib.h(141):     <td><input type="image" name="login" value="Login" alt="Login" border="1" \n
..\\..\\Library\\common_lib.h(141):     src="/WebTours/images/mer_login.gif"/></td></tr>\n
..\\..\\Library\\common_lib.h(141):     <tr><td>&nbsp;</td><td>&nbsp;</td></tr>\n
..\\..\\Library\\common_lib.h(141):     </table><input type="hidden" name="JSFormSubmit" value="off"/>\n
..\\..\\Library\\common_lib.h(141):     </form>\n
..\\..\\Library\\common_lib.h(141):     \n
..\\..\\Library\\common_lib.h(141):     </body>\n
..\\..\\Library\\common_lib.h(141):     </html>\n
..\\..\\Library\\common_lib.h(141): Resource "http://127.0.0.1:1080/WebTours/images/mer_login.gif" is in the cache already and will not be downloaded again  	[MsgId: MMSG-26655]
..\\..\\Library\\common_lib.h(141): t=419884ms: 5-byte chunked response overhead for "http://127.0.0.1:1080/cgi-bin/nav.pl?in=home" (RelFrameId=1.1, Internal ID=143)
..\\..\\Library\\common_lib.h(141):     0\r\n
..\\..\\Library\\common_lib.h(141):     \r\n
..\\..\\Library\\common_lib.h(141): t=419884ms: Request done "http://127.0.0.1:1080/cgi-bin/nav.pl?in=home"  	[MsgId: MMSG-26000]
..\\..\\Library\\common_lib.h(141): Registered web_reg_find successful for "Text=Web Tours" (count=5)  	[MsgId: MMSG-26364]
..\\..\\Library\\common_lib.h(141): web_url("SignOff Button") was successful, 2175 body bytes, 584 header bytes, 24 chunking overhead bytes  	[MsgId: MMSG-26385]
..\\..\\Library\\common_lib.h(151): Notify: Transaction "Logout" ended with a "Pass" status (Duration: 7,0809 Think Time: 7,0068 Wasted Time: 0,0000).	[MsgId: MMSG-16870]
Action.c(155): Notify: Transaction "02_OneWayTicketPurchase" ended with a "Pass" status (Duration: 59,6448 Think Time: 59,0359 Wasted Time: 0,0006).	[MsgId: MMSG-16870]
Ending action Action.	[MsgId: MMSG-15918]
Action was aborted.	[MsgId: MMSG-10694]
Ending Vuser...	[MsgId: MMSG-15966]
Starting action vuser_end.	[MsgId: MMSG-15919]
Ending action vuser_end.	[MsgId: MMSG-15918]
Vuser Terminated.	[MsgId: MMSG-15963]
t=419885ms: Closed connection [0] to 127.0.0.1:1080 after completing 1 request(s)  	[MsgId: MMSG-26000]
t=419885ms: Closed connection [1] to 127.0.0.1:1080 after completing 1 request(s)  	[MsgId: MMSG-26000]
HTML-Mode memory management statistics: Reusable=7, NonReusable=0, CsMemBlockSize=4096, checks disabled  	[MsgId: MMSG-26000]
Vuser 1 (thread 13416), ended OK."	[MsgId: MMSG-10695]
