..\\..\\Library\\common_lib.h(81):     Accept-Encoding: gzip, deflate, br\r\n
..\\..\\Library\\common_lib.h(81):     Accept-Language: ru-RU,ru;q=0.9,en-US;q=0.8,en;q=0.7\r\n
..\\..\\Library\\common_lib.h(81):     Accept: */*\r\n
..\\..\\Library\\common_lib.h(81):     Connection: Keep-Alive\r\n
..\\..\\Library\\common_lib.h(81):     Host: 127.0.0.1:1080\r\n
..\\..\\Library\\common_lib.h(81):     Cookie: MSO=SID&1649001764\r\n
..\\..\\Library\\common_lib.h(81):     Content-Length: 124\r\n
..\\..\\Library\\common_lib.h(81):     \r\n
..\\..\\Library\\common_lib.h(81): t=333468ms: 124-byte request body for "http://127.0.0.1:1080/cgi-bin/login.pl" (RelFrameId=1, Internal ID=57)
..\\..\\Library\\common_lib.h(81):     userSession=133576.489590927ziHAitApziDDDDDDtVccfpAttV&username=vase&password=68447799&log
..\\..\\Library\\common_lib.h(81):     in.x=66&login.y=9&JSFormSubmit=off
..\\..\\Library\\common_lib.h(81): t=333468ms: Inactive socket [1] was closed by 127.0.0.1:1080, probably due to Keep-Alive timeout  	[MsgId: MMSG-26000]
..\\..\\Library\\common_lib.h(81): t=333468ms: Closed connection [1] to 127.0.0.1:1080 after completing 1 request(s)  	[MsgId: MMSG-26000]
..\\..\\Library\\common_lib.h(81): t=333469ms: Inactive socket [2] was closed by 127.0.0.1:1080, probably due to Keep-Alive timeout  	[MsgId: MMSG-26000]
..\\..\\Library\\common_lib.h(81): t=333469ms: Closed connection [2] to 127.0.0.1:1080 after completing 1 request(s)  	[MsgId: MMSG-26000]
..\\..\\Library\\common_lib.h(81): t=333544ms: 229-byte response headers for "http://127.0.0.1:1080/cgi-bin/login.pl" (RelFrameId=1, Internal ID=57)
..\\..\\Library\\common_lib.h(81):     HTTP/1.1 200 OK\r\n
..\\..\\Library\\common_lib.h(81):     Date: Sun, 03 Apr 2022 16:02:57 GMT\r\n
..\\..\\Library\\common_lib.h(81):     Server: Apache/2.2.21 (Win32)\r\n
..\\..\\Library\\common_lib.h(81):     Expires: 5s\r\n
..\\..\\Library\\common_lib.h(81):     Keep-Alive: timeout=5, max=100\r\n
..\\..\\Library\\common_lib.h(81):     Connection: Keep-Alive\r\n
..\\..\\Library\\common_lib.h(81):     Transfer-Encoding: chunked\r\n
..\\..\\Library\\common_lib.h(81):     Content-Type: text/html; charset=ISO-8859-1\r\n
..\\..\\Library\\common_lib.h(81):     \r\n
..\\..\\Library\\common_lib.h(81): t=333544ms: 5-byte chunked response overhead for "http://127.0.0.1:1080/cgi-bin/login.pl" (RelFrameId=1, Internal ID=57)
..\\..\\Library\\common_lib.h(81):     1c8\r\n
..\\..\\Library\\common_lib.h(81): t=333545ms: 7-byte chunked response overhead for "http://127.0.0.1:1080/cgi-bin/login.pl" (RelFrameId=1, Internal ID=57)
..\\..\\Library\\common_lib.h(81):     \r\n
..\\..\\Library\\common_lib.h(81):     0\r\n
..\\..\\Library\\common_lib.h(81):     \r\n
..\\..\\Library\\common_lib.h(81): t=333545ms: 456-byte chunked response body for "http://127.0.0.1:1080/cgi-bin/login.pl" (RelFrameId=1, Internal ID=57)
..\\..\\Library\\common_lib.h(81):     <!--\n
..\\..\\Library\\common_lib.h(81):     User password was incorrect.  Prompt the user to fix password or sign-up...\n
..\\..\\Library\\common_lib.h(81):     --->\n
..\\..\\Library\\common_lib.h(81):     \n
..\\..\\Library\\common_lib.h(81):     <html>\n
..\\..\\Library\\common_lib.h(81):     <title>Web Tours</title>\n
..\\..\\Library\\common_lib.h(81):     <frameset cols="160,*" border=1 frameborder=1>\n
..\\..\\Library\\common_lib.h(81):     <frame src="nav.pl?username=vase&password=68447799" name="navbar" marginheight="2" marginw
..\\..\\Library\\common_lib.h(81):     idth="2" noresize="noresize" scrolling="auto"/>\n
..\\..\\Library\\common_lib.h(81):     <frame src="error.pl?error=badPassword" name="info" marginheight="2" marginwidth="2" nores
..\\..\\Library\\common_lib.h(81):     ize="noresize" scrolling="auto"/>\n
..\\..\\Library\\common_lib.h(81):     </frameset>\n
..\\..\\Library\\common_lib.h(81):     \n
..\\..\\Library\\common_lib.h(81):     </body>\n
..\\..\\Library\\common_lib.h(81):     </html>
..\\..\\Library\\common_lib.h(81): Detected non-resource "http://127.0.0.1:1080/cgi-bin/nav.pl?username=vase&password=68447799" in "http://127.0.0.1:1080/cgi-bin/login.pl"  	[MsgId: MMSG-26574]
..\\..\\Library\\common_lib.h(81): Detected non-resource "http://127.0.0.1:1080/cgi-bin/error.pl?error=badPassword" in "http://127.0.0.1:1080/cgi-bin/login.pl"  	[MsgId: MMSG-26574]
..\\..\\Library\\common_lib.h(81): t=333545ms: Request done "http://127.0.0.1:1080/cgi-bin/login.pl"  	[MsgId: MMSG-26000]
..\\..\\Library\\common_lib.h(81): t=333545ms: Connecting [1] to host 127.0.0.1:1080  	[MsgId: MMSG-26000]
..\\..\\Library\\common_lib.h(81): t=333546ms: Connecting [2] to host 127.0.0.1:1080  	[MsgId: MMSG-26000]
..\\..\\Library\\common_lib.h(81): t=333546ms: Connected socket [1] from 127.0.0.1:12925 to 127.0.0.1:1080 in 1 ms  	[MsgId: MMSG-26000]
..\\..\\Library\\common_lib.h(81): t=333546ms: 715-byte request headers for "http://127.0.0.1:1080/cgi-bin/nav.pl?username=vase&password=68447799" (RelFrameId=1.1, Internal ID=58)
..\\..\\Library\\common_lib.h(81):     GET /cgi-bin/nav.pl?username=vase&password=68447799 HTTP/1.1\r\n
..\\..\\Library\\common_lib.h(81):     Referer: http://127.0.0.1:1080/cgi-bin/login.pl\r\n
..\\..\\Library\\common_lib.h(81):     Origin: http://127.0.0.1:1080\r\n
..\\..\\Library\\common_lib.h(81):     DNT: 1\r\n
..\\..\\Library\\common_lib.h(81):     Sec-Fetch-Dest: frame\r\n
..\\..\\Library\\common_lib.h(81):     Sec-Fetch-Mode: navigate\r\n
..\\..\\Library\\common_lib.h(81):     Sec-Fetch-Site: same-origin\r\n
..\\..\\Library\\common_lib.h(81):     Upgrade-Insecure-Requests: 1\r\n
..\\..\\Library\\common_lib.h(81):     sec-ch-ua: " Not A;Brand";v="99", "Chromium";v="99", "Google Chrome";v="99"\r\n
..\\..\\Library\\common_lib.h(81):     sec-ch-ua-mobile: ?0\r\n
..\\..\\Library\\common_lib.h(81):     sec-ch-ua-platform: "Windows"\r\n
..\\..\\Library\\common_lib.h(81):     Sec-Fetch-User: ?1\r\n
..\\..\\Library\\common_lib.h(81):     User-Agent: Mozilla/5.0 (Windows NT 10.0; Win64; x64) AppleWebKit/537.36 (KHTML, like Geck
..\\..\\Library\\common_lib.h(81):     o) Chrome/99.0.4844.82 Safari/537.36\r\n
..\\..\\Library\\common_lib.h(81):     Accept-Encoding: gzip, deflate, br\r\n
..\\..\\Library\\common_lib.h(81):     Accept-Language: ru-RU,ru;q=0.9,en-US;q=0.8,en;q=0.7\r\n
..\\..\\Library\\common_lib.h(81):     Accept: */*\r\n
..\\..\\Library\\common_lib.h(81):     Connection: Keep-Alive\r\n
..\\..\\Library\\common_lib.h(81):     Host: 127.0.0.1:1080\r\n
..\\..\\Library\\common_lib.h(81):     Cookie: MSO=SID&1649001764\r\n
..\\..\\Library\\common_lib.h(81):     \r\n
..\\..\\Library\\common_lib.h(81): t=333546ms: Connected socket [2] from 127.0.0.1:12926 to 127.0.0.1:1080 in 0 ms  	[MsgId: MMSG-26000]
..\\..\\Library\\common_lib.h(81): t=333546ms: 703-byte request headers for "http://127.0.0.1:1080/cgi-bin/error.pl?error=badPassword" (RelFrameId=1.2, Internal ID=59)
..\\..\\Library\\common_lib.h(81):     GET /cgi-bin/error.pl?error=badPassword HTTP/1.1\r\n
..\\..\\Library\\common_lib.h(81):     Referer: http://127.0.0.1:1080/cgi-bin/login.pl\r\n
..\\..\\Library\\common_lib.h(81):     Origin: http://127.0.0.1:1080\r\n
..\\..\\Library\\common_lib.h(81):     DNT: 1\r\n
..\\..\\Library\\common_lib.h(81):     Sec-Fetch-Dest: frame\r\n
..\\..\\Library\\common_lib.h(81):     Sec-Fetch-Mode: navigate\r\n
..\\..\\Library\\common_lib.h(81):     Sec-Fetch-Site: same-origin\r\n
..\\..\\Library\\common_lib.h(81):     Upgrade-Insecure-Requests: 1\r\n
..\\..\\Library\\common_lib.h(81):     sec-ch-ua: " Not A;Brand";v="99", "Chromium";v="99", "Google Chrome";v="99"\r\n
..\\..\\Library\\common_lib.h(81):     sec-ch-ua-mobile: ?0\r\n
..\\..\\Library\\common_lib.h(81):     sec-ch-ua-platform: "Windows"\r\n
..\\..\\Library\\common_lib.h(81):     Sec-Fetch-User: ?1\r\n
..\\..\\Library\\common_lib.h(81):     User-Agent: Mozilla/5.0 (Windows NT 10.0; Win64; x64) AppleWebKit/537.36 (KHTML, like Geck
..\\..\\Library\\common_lib.h(81):     o) Chrome/99.0.4844.82 Safari/537.36\r\n
..\\..\\Library\\common_lib.h(81):     Accept-Encoding: gzip, deflate, br\r\n
..\\..\\Library\\common_lib.h(81):     Accept-Language: ru-RU,ru;q=0.9,en-US;q=0.8,en;q=0.7\r\n
..\\..\\Library\\common_lib.h(81):     Accept: */*\r\n
..\\..\\Library\\common_lib.h(81):     Connection: Keep-Alive\r\n
..\\..\\Library\\common_lib.h(81):     Host: 127.0.0.1:1080\r\n
..\\..\\Library\\common_lib.h(81):     Cookie: MSO=SID&1649001764\r\n
..\\..\\Library\\common_lib.h(81):     \r\n
..\\..\\Library\\common_lib.h(81): t=333613ms: 256-byte response headers for "http://127.0.0.1:1080/cgi-bin/nav.pl?username=vase&password=68447799" (RelFrameId=1.1, Internal ID=58)
..\\..\\Library\\common_lib.h(81):     HTTP/1.1 200 OK\r\n
..\\..\\Library\\common_lib.h(81):     Date: Sun, 03 Apr 2022 16:02:57 GMT\r\n
..\\..\\Library\\common_lib.h(81):     Server: Apache/2.2.21 (Win32)\r\n
..\\..\\Library\\common_lib.h(81):     Expires: Sat, 02 Apr 2022 16:02:57 GMT\r\n
..\\..\\Library\\common_lib.h(81):     Keep-Alive: timeout=5, max=100\r\n
..\\..\\Library\\common_lib.h(81):     Connection: Keep-Alive\r\n
..\\..\\Library\\common_lib.h(81):     Transfer-Encoding: chunked\r\n
..\\..\\Library\\common_lib.h(81):     Content-Type: text/html; charset=ISO-8859-1\r\n
..\\..\\Library\\common_lib.h(81):     \r\n
..\\..\\Library\\common_lib.h(81): t=333614ms: 5-byte chunked response overhead for "http://127.0.0.1:1080/cgi-bin/nav.pl?username=vase&password=68447799" (RelFrameId=1.1, Internal ID=58)
..\\..\\Library\\common_lib.h(81):     5dc\r\n
..\\..\\Library\\common_lib.h(81): t=333614ms: 7-byte chunked response overhead for "http://127.0.0.1:1080/cgi-bin/nav.pl?username=vase&password=68447799" (RelFrameId=1.1, Internal ID=58)
..\\..\\Library\\common_lib.h(81):     \r\n
..\\..\\Library\\common_lib.h(81):     0\r\n
..\\..\\Library\\common_lib.h(81):     \r\n
..\\..\\Library\\common_lib.h(81): t=333614ms: 1500-byte chunked response body for "http://127.0.0.1:1080/cgi-bin/nav.pl?username=vase&password=68447799" (RelFrameId=1.1, Internal ID=58)
..\\..\\Library\\common_lib.h(81):     <!DOCTYPE html\n
..\\..\\Library\\common_lib.h(81):     \tPUBLIC "-//W3C//DTD XHTML 1.0 Transitional//EN"\n
..\\..\\Library\\common_lib.h(81):     \t "http://www.w3.org/TR/xhtml1/DTD/xhtml1-transitional.dtd">\n
..\\..\\Library\\common_lib.h(81):     <html xmlns="http://www.w3.org/1999/xhtml" lang="en-US" xml:lang="en-US">\n
..\\..\\Library\\common_lib.h(81):     <head>\n
..\\..\\Library\\common_lib.h(81):     <title>Web Tours Navigation Bar</title>\n
..\\..\\Library\\common_lib.h(81):     <meta http-equiv="Content-Type" content="text/html; charset=iso-8859-1" />\n
..\\..\\Library\\common_lib.h(81):     </head>\n
..\\..\\Library\\common_lib.h(81):     <body bgcolor="#E0E7F1">\n
..\\..\\Library\\common_lib.h(81):     <style>\n
..\\..\\Library\\common_lib.h(81):     blockquote {font-family: tahoma; font-size : 10pt}\n
..\\..\\Library\\common_lib.h(81):     H1 {font-family: tahoma; font-size : 22pt; color: #993333}\n
..\\..\\Library\\common_lib.h(81):     H3 {font-family: tahoma; font-size : 10pt; color: black}\n
..\\..\\Library\\common_lib.h(81):     small {font-family: tahoma; font-size : 8pt}\n
..\\..\\Library\\common_lib.h(81):     </style>\n
..\\..\\Library\\common_lib.h(81):     <form method="post" action="/cgi-bin/login.pl" target="body">\n
..\\..\\Library\\common_lib.h(81):     <input type="hidden" name="userSession" value="133576.489590927ziHAitApziDDDDDDtVccfpAttV"
..\\..\\Library\\common_lib.h(81):     />\n
..\\..\\Library\\common_lib.h(81):     <table border="0"><tr><td>&nbsp;</td>\n
..\\..\\Library\\common_lib.h(81):     <td>&nbsp;</td></tr>\n
..\\..\\Library\\common_lib.h(81):     <tr><td>&nbsp;</td>\n
..\\..\\Library\\common_lib.h(81):     <td>&nbsp;</td></tr>\n
..\\..\\Library\\common_lib.h(81):     <tr><td>&nbsp;</td>\n
..\\..\\Library\\common_lib.h(81):     <td><small>&nbsp;Username</small></td></tr>\n
..\\..\\Library\\common_lib.h(81):     <tr><td>&nbsp;</td>\n
..\\..\\Library\\common_lib.h(81):     <td><input type="text" name="username" value="vase" size="14" maxlength="14"/></td></tr>\n
..\\..\\Library\\common_lib.h(81):     <tr><td>&nbsp;</td>\n
..\\..\\Library\\common_lib.h(81):     <td><small>&nbsp;Password</small></td>\n
..\\..\\Library\\common_lib.h(81):     <tr><td>&nbsp;</td>\n
..\\..\\Library\\common_lib.h(81):     <td><input type="password" name="password" value="68447799" size="14" maxlength="14"/></td
..\\..\\Library\\common_lib.h(81):     ></tr>\n
..\\..\\Library\\common_lib.h(81):     <tr><td>&nbsp;</td>\n
..\\..\\Library\\common_lib.h(81):     <td>&nbsp;</td></tr>\n
..\\..\\Library\\common_lib.h(81):     <tr><td>&nbsp;</td>\n
..\\..\\Library\\common_lib.h(81):     <td><input type="image" name="login" value="Login" alt="Login" border="1" \n
..\\..\\Library\\common_lib.h(81):     src="/WebTours/images/mer_login.gif"/></td></tr>\n
..\\..\\Library\\common_lib.h(81):     <tr><td>&nbsp;</td><td>&nbsp;</td></tr>\n
..\\..\\Library\\common_lib.h(81):     </table><input type="hidden" name="JSFormSubmit" value="off"/>\n
..\\..\\Library\\common_lib.h(81):     </form>\n
..\\..\\Library\\common_lib.h(81):     \n
..\\..\\Library\\common_lib.h(81):     </body>\n
..\\..\\Library\\common_lib.h(81):     </html>\n
..\\..\\Library\\common_lib.h(81): Resource "http://127.0.0.1:1080/WebTours/images/mer_login.gif" is in the cache already and will not be downloaded again  	[MsgId: MMSG-26655]
..\\..\\Library\\common_lib.h(81): t=333615ms: Request done "http://127.0.0.1:1080/cgi-bin/nav.pl?username=vase&password=68447799"  	[MsgId: MMSG-26000]
..\\..\\Library\\common_lib.h(81): t=333619ms: 216-byte response headers for "http://127.0.0.1:1080/cgi-bin/error.pl?error=badPassword" (RelFrameId=1.2, Internal ID=59)
..\\..\\Library\\common_lib.h(81):     HTTP/1.1 200 OK\r\n
..\\..\\Library\\common_lib.h(81):     Date: Sun, 03 Apr 2022 16:02:57 GMT\r\n
..\\..\\Library\\common_lib.h(81):     Server: Apache/2.2.21 (Win32)\r\n
..\\..\\Library\\common_lib.h(81):     Keep-Alive: timeout=5, max=100\r\n
..\\..\\Library\\common_lib.h(81):     Connection: Keep-Alive\r\n
..\\..\\Library\\common_lib.h(81):     Transfer-Encoding: chunked\r\n
..\\..\\Library\\common_lib.h(81):     Content-Type: text/html; charset=ISO-8859-1\r\n
..\\..\\Library\\common_lib.h(81):     \r\n
..\\..\\Library\\common_lib.h(81): t=333620ms: 5-byte chunked response overhead for "http://127.0.0.1:1080/cgi-bin/error.pl?error=badPassword" (RelFrameId=1.2, Internal ID=59)
..\\..\\Library\\common_lib.h(81):     406\r\n
..\\..\\Library\\common_lib.h(81): t=333620ms: 7-byte chunked response overhead for "http://127.0.0.1:1080/cgi-bin/error.pl?error=badPassword" (RelFrameId=1.2, Internal ID=59)
..\\..\\Library\\common_lib.h(81):     \r\n
..\\..\\Library\\common_lib.h(81):     0\r\n
..\\..\\Library\\common_lib.h(81):     \r\n
..\\..\\Library\\common_lib.h(81): t=333620ms: 1030-byte chunked response body for "http://127.0.0.1:1080/cgi-bin/error.pl?error=badPassword" (RelFrameId=1.2, Internal ID=59)
..\\..\\Library\\common_lib.h(81):     <!DOCTYPE html\n
..\\..\\Library\\common_lib.h(81):     \tPUBLIC "-//W3C//DTD XHTML 1.0 Transitional//EN"\n
..\\..\\Library\\common_lib.h(81):     \t "http://www.w3.org/TR/xhtml1/DTD/xhtml1-transitional.dtd">\n
..\\..\\Library\\common_lib.h(81):     <html xmlns="http://www.w3.org/1999/xhtml" lang="en-US" xml:lang="en-US">\n
..\\..\\Library\\common_lib.h(81):     <head>\n
..\\..\\Library\\common_lib.h(81):     <title>Web Tours Error - Incorrect Password</title>\n
..\\..\\Library\\common_lib.h(81):     <meta http-equiv="Content-Type" content="text/html; charset=iso-8859-1" />\n
..\\..\\Library\\common_lib.h(81):     </head>\n
..\\..\\Library\\common_lib.h(81):     <body bgcolor="#E0E7F1">\n
..\\..\\Library\\common_lib.h(81):     <style>blockquote {font-family: tahoma; font-size : 10pt}H1 {font-family: tahoma; font-siz
..\\..\\Library\\common_lib.h(81):     e : 22pt; color: #003366}small {font-family: tahoma; font-size : 8pt}H3 {font-family: taho
..\\..\\Library\\common_lib.h(81):     ma; font-size : 10pt; color: black}TD {font-family: tahoma; font-size : 8pt; color: black}
..\\..\\Library\\common_lib.h(81):     </style><BR><BR><h1>&nbsp;&nbsp;<b>Error</b></h1><blockquote><center><h3><font color=red>W
..\\..\\Library\\common_lib.h(81):     eb Tours Error - Incorrect Password</font></h3></center><blockquote>\n
..\\..\\Library\\common_lib.h(81):     The username/password combination you've entered is invalid.  \n
..\\..\\Library\\common_lib.h(81):      Please double check your entry.  If it still does not work, you might \n
..\\..\\Library\\common_lib.h(81):      need to re-register with our site. <p /> Thank you for your patience.\n
..\\..\\Library\\common_lib.h(81):     </blockquote>\n
..\\..\\Library\\common_lib.h(81):     </body>\n
..\\..\\Library\\common_lib.h(81):     </html>
..\\..\\Library\\common_lib.h(81): t=333620ms: Request done "http://127.0.0.1:1080/cgi-bin/error.pl?error=badPassword"  	[MsgId: MMSG-26000]
..\\..\\Library\\common_lib.h(81): Registered web_reg_find successful for "Text=Illegal Access"  	[MsgId: MMSG-26362]
..\\..\\Library\\common_lib.h(81): Error -26366: "Text=User password was correct" not found for web_reg_find  	[MsgId: MERR-26366]
..\\..\\Library\\common_lib.h(81): web_submit_data("login.pl") highest severity level was "ERROR", 2986 body bytes, 701 header bytes, 36 chunking overhead bytes  	[MsgId: MMSG-26387]
..\\..\\Library\\common_lib.h(81): Notify: Transaction "Login" ended with a "Fail" status (Duration: 13,1596 Think Time: 13,0044 Wasted Time: 0,0000).	[MsgId: MMSG-16870]
..\\..\\Library\\common_lib.h(81): Notify: Transaction "Login" has 1 error message(s).	[MsgId: MMSG-16818]
..\\..\\Library\\common_lib.h(81): Notify: The 1st error message associated with transaction "Login" is "Error -26366: "Text=User password was correct" not found for web_reg_find"	[MsgId: MMSG-16819]
..\\..\\Library\\common_lib.h(81): Notify: Transaction "02_OneWayTicketPurchase" ended with a "Fail" status (Duration: 13,2725 Think Time: 13,0044 Wasted Time: 0,0003).	[MsgId: MMSG-16870]
..\\..\\Library\\common_lib.h(81): Notify: Transaction "02_OneWayTicketPurchase" has 1 error message(s).	[MsgId: MMSG-16818]
..\\..\\Library\\common_lib.h(81): Notify: The 1st error message associated with transaction "02_OneWayTicketPurchase" is "Error -26366: "Text=User password was correct" not found for web_reg_find"	[MsgId: MMSG-16819]
Ending action Action.	[MsgId: MMSG-15918]
Ending iteration 6.	[MsgId: MMSG-15965]
Waiting 46,7250 seconds for iteration pacing.	[MsgId: MMSG-15996]
Starting iteration 6.	[MsgId: MMSG-15968]
..\\..\\Library\\common_lib.h(81): t=340444ms: Closed connection [0] to 127.0.0.1:1080 after completing 1 request(s)  	[MsgId: MMSG-26000]
..\\..\\Library\\common_lib.h(81): t=340444ms: Closed connection [1] to 127.0.0.1:1080 after completing 1 request(s)  	[MsgId: MMSG-26000]
..\\..\\Library\\common_lib.h(81): t=340444ms: Closed connection [2] to 127.0.0.1:1080 after completing 1 request(s)  	[MsgId: MMSG-26000]
..\\..\\Library\\common_lib.h(81): Resetting all proxy auto-configuration information  	[MsgId: MMSG-26000]
Notify: Next row for parameter citiesArrive = 6 [table  = citiesArrive].	[MsgId: MMSG-13876]
Notify: Getting new value for parameter 'citiesArrive': table = '..\..\Parameters\cities.dat' column = '1' row = '6'.	[MsgId: MMSG-13877]
Notify: Next row for parameter userLogin = 6 [table  = userLogin].	[MsgId: MMSG-13876]
Notify: Getting new value for parameter 'userLogin': table = '..\..\Parameters\user.dat' column = '0' row = '6'.	[MsgId: MMSG-13877]
Notify: Next row for parameter citiesDepart = 6 [table  = citiesDepart].	[MsgId: MMSG-13876]
Notify: Getting new value for parameter 'citiesDepart': table = '..\..\Parameters\cities.dat' column = '0' row = '6'.	[MsgId: MMSG-13877]
Notify: Next row for parameter placePref = 3 [table  = placePref].	[MsgId: MMSG-13876]
Notify: Getting new value for parameter 'placePref': table = '..\..\Parameters\place.dat' column = '0' row = '3'.	[MsgId: MMSG-13877]
Notify: Next row for parameter placeType = 3 [table  = placeType].	[MsgId: MMSG-13876]
Notify: Getting new value for parameter 'placeType': table = '..\..\Parameters\place.dat' column = '1' row = '3'.	[MsgId: MMSG-13877]
Notify: Next row for parameter userPassword = 6 [table  = userPassword].	[MsgId: MMSG-13876]
Notify: Getting new value for parameter 'userPassword': table = '..\..\Parameters\user.dat' column = '1' row = '6'.	[MsgId: MMSG-13877]
Notify: Next row for parameter userPassengerNames = 6 [table  = userPassengerNames].	[MsgId: MMSG-13876]
Notify: Getting new value for parameter 'userPassengerNames': table = '..\..\Parameters\user.dat' column = '6' row = '6'.	[MsgId: MMSG-13877]
Notify: Next row for parameter userAddress = 6 [table  = userAddress].	[MsgId: MMSG-13876]
Notify: Getting new value for parameter 'userAddress': table = '..\..\Parameters\user.dat' column = '4' row = '6'.	[MsgId: MMSG-13877]
Notify: Next row for parameter userCity = 6 [table  = userCity].	[MsgId: MMSG-13876]
Notify: Getting new value for parameter 'userCity': table = '..\..\Parameters\user.dat' column = '5' row = '6'.	[MsgId: MMSG-13877]
Notify: Next row for parameter userLastName = 6 [table  = userLastName].	[MsgId: MMSG-13876]
Notify: Getting new value for parameter 'userLastName': table = '..\..\Parameters\user.dat' column = '3' row = '6'.	[MsgId: MMSG-13877]
Notify: Next row for parameter userCreditCard = 6 [table  = userCreditCard].	[MsgId: MMSG-13876]
Notify: Getting new value for parameter 'userCreditCard': table = '..\..\Parameters\user.dat' column = '7' row = '6'.	[MsgId: MMSG-13877]
Notify: Next row for parameter userFirstName = 6 [table  = userFirstName].	[MsgId: MMSG-13876]
Notify: Getting new value for parameter 'userFirstName': table = '..\..\Parameters\user.dat' column = '2' row = '6'.	[MsgId: MMSG-13877]
Notify: Next row for parameter userExpDate = 6 [table  = userExpDate].	[MsgId: MMSG-13876]
Notify: Getting new value for parameter 'userExpDate': table = '..\..\Parameters\user.dat' column = '8' row = '6'.	[MsgId: MMSG-13877]
Starting action Action.	[MsgId: MMSG-15919]
Action.c(4): Notify: Transaction "02_OneWayTicketPurchase" started.	[MsgId: MMSG-16999]
..\\..\\Library\\common_lib.h(3): Notify: Transaction "HomePage" started.	[MsgId: MMSG-16999]
..\\..\\Library\\common_lib.h(5): web_reg_find started  	[MsgId: MMSG-26355]
..\\..\\Library\\common_lib.h(5): Registering web_reg_find was successful  	[MsgId: MMSG-26390]
..\\..\\Library\\common_lib.h(8): web_set_sockets_option started  	[MsgId: MMSG-26355]
..\\..\\Library\\common_lib.h(8): web_set_sockets_option was successful  	[MsgId: MMSG-26392]
..\\..\\Library\\common_lib.h(10): web_add_cookie started  	[MsgId: MMSG-26355]
..\\..\\Library\\common_lib.h(10): web_add_cookie was successful  	[MsgId: MMSG-26392]
..\\..\\Library\\common_lib.h(12): web_add_auto_header("DNT") started  	[MsgId: MMSG-26355]
..\\..\\Library\\common_lib.h(12): An unrecognized header ("DNT") is being added  	[MsgId: MMSG-26595]
..\\..\\Library\\common_lib.h(12): "DNT: 1" header registered for adding to requests from all following Action functions  	[MsgId: MMSG-26505]
..\\..\\Library\\common_lib.h(12): web_add_auto_header("DNT") was successful  	[MsgId: MMSG-26392]
..\\..\\Library\\common_lib.h(15): web_add_auto_header("Sec-Fetch-Dest") started  	[MsgId: MMSG-26355]
..\\..\\Library\\common_lib.h(15): An unrecognized header ("Sec-Fetch-Dest") is being added  	[MsgId: MMSG-26595]
..\\..\\Library\\common_lib.h(15): "Sec-Fetch-Dest: frame" header registered for adding to requests from all following Action functions  	[MsgId: MMSG-26505]
..\\..\\Library\\common_lib.h(15): web_add_auto_header("Sec-Fetch-Dest") was successful  	[MsgId: MMSG-26392]
..\\..\\Library\\common_lib.h(18): web_add_auto_header("Sec-Fetch-Mode") started  	[MsgId: MMSG-26355]
..\\..\\Library\\common_lib.h(18): An unrecognized header ("Sec-Fetch-Mode") is being added  	[MsgId: MMSG-26595]
..\\..\\Library\\common_lib.h(18): "Sec-Fetch-Mode: navigate" header registered for adding to requests from all following Action functions  	[MsgId: MMSG-26505]
..\\..\\Library\\common_lib.h(18): web_add_auto_header("Sec-Fetch-Mode") was successful  	[MsgId: MMSG-26392]
..\\..\\Library\\common_lib.h(21): web_add_auto_header("Sec-Fetch-Site") started  	[MsgId: MMSG-26355]
..\\..\\Library\\common_lib.h(21): An unrecognized header ("Sec-Fetch-Site") is being added  	[MsgId: MMSG-26595]
..\\..\\Library\\common_lib.h(21): "Sec-Fetch-Site: same-origin" header registered for adding to requests from all following Action functions  	[MsgId: MMSG-26505]
..\\..\\Library\\common_lib.h(21): web_add_auto_header("Sec-Fetch-Site") was successful  	[MsgId: MMSG-26392]
..\\..\\Library\\common_lib.h(24): web_add_auto_header("Upgrade-Insecure-Requests") started  	[MsgId: MMSG-26355]
..\\..\\Library\\common_lib.h(24): An unrecognized header ("Upgrade-Insecure-Requests") is being added  	[MsgId: MMSG-26595]
..\\..\\Library\\common_lib.h(24): "Upgrade-Insecure-Requests: 1" header registered for adding to requests from all following Action functions  	[MsgId: MMSG-26505]
..\\..\\Library\\common_lib.h(24): web_add_auto_header("Upgrade-Insecure-Requests") was successful  	[MsgId: MMSG-26392]
..\\..\\Library\\common_lib.h(27): web_add_auto_header("sec-ch-ua") started  	[MsgId: MMSG-26355]
..\\..\\Library\\common_lib.h(27): An unrecognized header ("sec-ch-ua") is being added  	[MsgId: MMSG-26595]
..\\..\\Library\\common_lib.h(27): "sec-ch-ua: " Not A;Brand";v="99", "Chromium";v="99", "Google Chrome";v="99"" header registered for adding to requests from all following Action functions  	[MsgId: MMSG-26505]
..\\..\\Library\\common_lib.h(27): web_add_auto_header("sec-ch-ua") was successful  	[MsgId: MMSG-26392]
..\\..\\Library\\common_lib.h(30): web_add_auto_header("sec-ch-ua-mobile") started  	[MsgId: MMSG-26355]
..\\..\\Library\\common_lib.h(30): An unrecognized header ("sec-ch-ua-mobile") is being added  	[MsgId: MMSG-26595]
..\\..\\Library\\common_lib.h(30): "sec-ch-ua-mobile: ?0" header registered for adding to requests from all following Action functions  	[MsgId: MMSG-26505]
..\\..\\Library\\common_lib.h(30): web_add_auto_header("sec-ch-ua-mobile") was successful  	[MsgId: MMSG-26392]
..\\..\\Library\\common_lib.h(33): web_add_auto_header("sec-ch-ua-platform") started  	[MsgId: MMSG-26355]
..\\..\\Library\\common_lib.h(33): An unrecognized header ("sec-ch-ua-platform") is being added  	[MsgId: MMSG-26595]
..\\..\\Library\\common_lib.h(33): "sec-ch-ua-platform: "Windows"" header registered for adding to requests from all following Action functions  	[MsgId: MMSG-26505]
..\\..\\Library\\common_lib.h(33): web_add_auto_header("sec-ch-ua-platform") was successful  	[MsgId: MMSG-26392]
..\\..\\Library\\common_lib.h(37): web_reg_save_param_attrib started  	[MsgId: MMSG-26355]
..\\..\\Library\\common_lib.h(37): Registering web_reg_save_param_attrib was successful  	[MsgId: MMSG-26390]
..\\..\\Library\\common_lib.h(48): web_url("welcome.pl") started  	[MsgId: MMSG-26355]
..\\..\\Library\\common_lib.h(48): t=340447ms: Connecting [0] to host 127.0.0.1:1080  	[MsgId: MMSG-26000]
..\\..\\Library\\common_lib.h(48): t=340447ms: Connected socket [0] from 127.0.0.1:12946 to 127.0.0.1:1080 in 0 ms  	[MsgId: MMSG-26000]
..\\..\\Library\\common_lib.h(48): t=340447ms: 642-byte request headers for "http://127.0.0.1:1080/cgi-bin/welcome.pl?signOff=true" (RelFrameId=1, Internal ID=53)
..\\..\\Library\\common_lib.h(48):     GET /cgi-bin/welcome.pl?signOff=true HTTP/1.1\r\n
..\\..\\Library\\common_lib.h(48):     Referer: http://127.0.0.1:1080/WebTours/\r\n
..\\..\\Library\\common_lib.h(48):     DNT: 1\r\n
..\\..\\Library\\common_lib.h(48):     Sec-Fetch-Dest: frame\r\n
..\\..\\Library\\common_lib.h(48):     Sec-Fetch-Mode: navigate\r\n
..\\..\\Library\\common_lib.h(48):     Sec-Fetch-Site: same-origin\r\n
..\\..\\Library\\common_lib.h(48):     Upgrade-Insecure-Requests: 1\r\n
..\\..\\Library\\common_lib.h(48):     sec-ch-ua: " Not A;Brand";v="99", "Chromium";v="99", "Google Chrome";v="99"\r\n
..\\..\\Library\\common_lib.h(48):     sec-ch-ua-mobile: ?0\r\n
..\\..\\Library\\common_lib.h(48):     sec-ch-ua-platform: "Windows"\r\n
..\\..\\Library\\common_lib.h(48):     User-Agent: Mozilla/5.0 (Windows NT 10.0; Win64; x64) AppleWebKit/537.36 (KHTML, like Geck
..\\..\\Library\\common_lib.h(48):     o) Chrome/99.0.4844.82 Safari/537.36\r\n
..\\..\\Library\\common_lib.h(48):     Accept-Encoding: gzip, deflate, br\r\n
..\\..\\Library\\common_lib.h(48):     Accept-Language: ru-RU,ru;q=0.9,en-US;q=0.8,en;q=0.7\r\n
..\\..\\Library\\common_lib.h(48):     Accept: */*\r\n
..\\..\\Library\\common_lib.h(48):     Connection: Keep-Alive\r\n
..\\..\\Library\\common_lib.h(48):     Host: 127.0.0.1:1080\r\n
..\\..\\Library\\common_lib.h(48):     Cookie: MSO=SID&1648654384\r\n
..\\..\\Library\\common_lib.h(48):     \r\n
..\\..\\Library\\common_lib.h(48): t=340502ms: 328-byte response headers for "http://127.0.0.1:1080/cgi-bin/welcome.pl?signOff=true" (RelFrameId=1, Internal ID=53)
..\\..\\Library\\common_lib.h(48):     HTTP/1.1 200 OK\r\n
..\\..\\Library\\common_lib.h(48):     Date: Sun, 03 Apr 2022 16:03:04 GMT\r\n
..\\..\\Library\\common_lib.h(48):     Server: Apache/2.2.21 (Win32)\r\n
..\\..\\Library\\common_lib.h(48):     Set-Cookie: MSO=SID&1649001784; path=/\r\n
..\\..\\Library\\common_lib.h(48):     Set-Cookie: MTUserInfo=; path=/; expires=Sat, 02-Apr-2022 16:03:04 GMT\r\n
..\\..\\Library\\common_lib.h(48):     Keep-Alive: timeout=5, max=100\r\n
..\\..\\Library\\common_lib.h(48):     Connection: Keep-Alive\r\n
..\\..\\Library\\common_lib.h(48):     Transfer-Encoding: chunked\r\n
..\\..\\Library\\common_lib.h(48):     Content-Type: text/html; charset=ISO-8859-1\r\n
..\\..\\Library\\common_lib.h(48):     \r\n
..\\..\\Library\\common_lib.h(48): t=340502ms: 5-byte chunked response overhead for "http://127.0.0.1:1080/cgi-bin/welcome.pl?signOff=true" (RelFrameId=1, Internal ID=53)
..\\..\\Library\\common_lib.h(48):     2ae\r\n
..\\..\\Library\\common_lib.h(48): t=340502ms: 7-byte chunked response overhead for "http://127.0.0.1:1080/cgi-bin/welcome.pl?signOff=true" (RelFrameId=1, Internal ID=53)
..\\..\\Library\\common_lib.h(48):     \r\n
..\\..\\Library\\common_lib.h(48):     0\r\n
..\\..\\Library\\common_lib.h(48):     \r\n
..\\..\\Library\\common_lib.h(48): t=340502ms: 686-byte chunked response body for "http://127.0.0.1:1080/cgi-bin/welcome.pl?signOff=true" (RelFrameId=1, Internal ID=53)
..\\..\\Library\\common_lib.h(48):     <!-- \n
..\\..\\Library\\common_lib.h(48):      A Session ID has been created and loaded into a cookie called MSO.\n
..\\..\\Library\\common_lib.h(48):      Also, the server options have been loaded into the cookie called\n
..\\..\\Library\\common_lib.h(48):      MSO as well.  The server options can be set via the Admin page.\n
..\\..\\Library\\common_lib.h(48):      --->\n
..\\..\\Library\\common_lib.h(48):     \n
..\\..\\Library\\common_lib.h(48):     <html>\n
..\\..\\Library\\common_lib.h(48):     <title>Web Tours</title>\n
..\\..\\Library\\common_lib.h(48):        <!-- Frame Set -->\n
..\\..\\Library\\common_lib.h(48):        <frameset cols="160,*" border="1" frameborder="1">\n
..\\..\\Library\\common_lib.h(48):           <!-- Navigation Frame -->\n
..\\..\\Library\\common_lib.h(48):           <frame src="nav.pl?in=home" name="navbar" marginheight="2" marginwidth="2" \n
..\\..\\Library\\common_lib.h(48):                 noresize="noresize" scrolling="auto"/>\n
..\\..\\Library\\common_lib.h(48):           <!-- Home Frame -->\n
..\\..\\Library\\common_lib.h(48):           <frame src="/WebTours/home.html" name="info" marginheight="2" marginwidth="2" \n
..\\..\\Library\\common_lib.h(48):                 noresize="noresize" scrolling="auto"/>\n
..\\..\\Library\\common_lib.h(48):        </frameset>\n
..\\..\\Library\\common_lib.h(48):     </html>\n
..\\..\\Library\\common_lib.h(48):     \n
..\\..\\Library\\common_lib.h(48):     </body>\n
..\\..\\Library\\common_lib.h(48):     </html>
..\\..\\Library\\common_lib.h(48): Detected non-resource "http://127.0.0.1:1080/cgi-bin/nav.pl?in=home" in "http://127.0.0.1:1080/cgi-bin/welcome.pl?signOff=true"  	[MsgId: MMSG-26574]
..\\..\\Library\\common_lib.h(48): Detected non-resource "http://127.0.0.1:1080/WebTours/home.html" in "http://127.0.0.1:1080/cgi-bin/welcome.pl?signOff=true"  	[MsgId: MMSG-26574]
..\\..\\Library\\common_lib.h(48): t=340503ms: Request done "http://127.0.0.1:1080/cgi-bin/welcome.pl?signOff=true"  	[MsgId: MMSG-26000]
..\\..\\Library\\common_lib.h(48): Search registration for "userSession" parameter is filtered by "Request URL"  	[MsgId: MMSG-26000]
..\\..\\Library\\common_lib.h(48): t=340503ms: Connecting [1] to host 127.0.0.1:1080  	[MsgId: MMSG-26000]
..\\..\\Library\\common_lib.h(48): t=340503ms: Connecting [2] to host 127.0.0.1:1080  	[MsgId: MMSG-26000]
..\\..\\Library\\common_lib.h(48): t=340504ms: Connected socket [1] from 127.0.0.1:12947 to 127.0.0.1:1080 in 1 ms  	[MsgId: MMSG-26000]
..\\..\\Library\\common_lib.h(48): t=340504ms: 655-byte request headers for "http://127.0.0.1:1080/cgi-bin/nav.pl?in=home" (RelFrameId=1.1, Internal ID=54)
..\\..\\Library\\common_lib.h(48):     GET /cgi-bin/nav.pl?in=home HTTP/1.1\r\n
..\\..\\Library\\common_lib.h(48):     Referer: http://127.0.0.1:1080/cgi-bin/welcome.pl?signOff=true\r\n
..\\..\\Library\\common_lib.h(48):     DNT: 1\r\n
..\\..\\Library\\common_lib.h(48):     Sec-Fetch-Dest: frame\r\n
..\\..\\Library\\common_lib.h(48):     Sec-Fetch-Mode: navigate\r\n
..\\..\\Library\\common_lib.h(48):     Sec-Fetch-Site: same-origin\r\n
..\\..\\Library\\common_lib.h(48):     Upgrade-Insecure-Requests: 1\r\n
..\\..\\Library\\common_lib.h(48):     sec-ch-ua: " Not A;Brand";v="99", "Chromium";v="99", "Google Chrome";v="99"\r\n
..\\..\\Library\\common_lib.h(48):     sec-ch-ua-mobile: ?0\r\n
..\\..\\Library\\common_lib.h(48):     sec-ch-ua-platform: "Windows"\r\n
..\\..\\Library\\common_lib.h(48):     User-Agent: Mozilla/5.0 (Windows NT 10.0; Win64; x64) AppleWebKit/537.36 (KHTML, like Geck
..\\..\\Library\\common_lib.h(48):     o) Chrome/99.0.4844.82 Safari/537.36\r\n
..\\..\\Library\\common_lib.h(48):     Accept-Encoding: gzip, deflate, br\r\n
..\\..\\Library\\common_lib.h(48):     Accept-Language: ru-RU,ru;q=0.9,en-US;q=0.8,en;q=0.7\r\n
..\\..\\Library\\common_lib.h(48):     Accept: */*\r\n
..\\..\\Library\\common_lib.h(48):     Connection: Keep-Alive\r\n
..\\..\\Library\\common_lib.h(48):     Host: 127.0.0.1:1080\r\n
..\\..\\Library\\common_lib.h(48):     Cookie: MSO=SID&1649001784\r\n
..\\..\\Library\\common_lib.h(48):     \r\n
..\\..\\Library\\common_lib.h(48): t=340504ms: Connected socket [2] from 127.0.0.1:12948 to 127.0.0.1:1080 in 1 ms  	[MsgId: MMSG-26000]
..\\..\\Library\\common_lib.h(48): t=340504ms: 651-byte request headers for "http://127.0.0.1:1080/WebTours/home.html" (RelFrameId=1.2, Internal ID=55)
..\\..\\Library\\common_lib.h(48):     GET /WebTours/home.html HTTP/1.1\r\n
..\\..\\Library\\common_lib.h(48):     Referer: http://127.0.0.1:1080/cgi-bin/welcome.pl?signOff=true\r\n
..\\..\\Library\\common_lib.h(48):     DNT: 1\r\n
..\\..\\Library\\common_lib.h(48):     Sec-Fetch-Dest: frame\r\n
..\\..\\Library\\common_lib.h(48):     Sec-Fetch-Mode: navigate\r\n
..\\..\\Library\\common_lib.h(48):     Sec-Fetch-Site: same-origin\r\n
..\\..\\Library\\common_lib.h(48):     Upgrade-Insecure-Requests: 1\r\n
..\\..\\Library\\common_lib.h(48):     sec-ch-ua: " Not A;Brand";v="99", "Chromium";v="99", "Google Chrome";v="99"\r\n
..\\..\\Library\\common_lib.h(48):     sec-ch-ua-mobile: ?0\r\n
..\\..\\Library\\common_lib.h(48):     sec-ch-ua-platform: "Windows"\r\n
..\\..\\Library\\common_lib.h(48):     User-Agent: Mozilla/5.0 (Windows NT 10.0; Win64; x64) AppleWebKit/537.36 (KHTML, like Geck
..\\..\\Library\\common_lib.h(48):     o) Chrome/99.0.4844.82 Safari/537.36\r\n
..\\..\\Library\\common_lib.h(48):     Accept-Encoding: gzip, deflate, br\r\n
..\\..\\Library\\common_lib.h(48):     Accept-Language: ru-RU,ru;q=0.9,en-US;q=0.8,en;q=0.7\r\n
..\\..\\Library\\common_lib.h(48):     Accept: */*\r\n
..\\..\\Library\\common_lib.h(48):     Connection: Keep-Alive\r\n
..\\..\\Library\\common_lib.h(48):     Host: 127.0.0.1:1080\r\n
..\\..\\Library\\common_lib.h(48):     Cookie: MSO=SID&1649001784\r\n
..\\..\\Library\\common_lib.h(48):     \r\n
..\\..\\Library\\common_lib.h(48): t=340507ms: 299-byte response headers for "http://127.0.0.1:1080/WebTours/home.html" (RelFrameId=1.2, Internal ID=55)
..\\..\\Library\\common_lib.h(48):     HTTP/1.1 200 OK\r\n
..\\..\\Library\\common_lib.h(48):     Date: Sun, 03 Apr 2022 16:03:04 GMT\r\n
..\\..\\Library\\common_lib.h(48):     Server: Apache/2.2.21 (Win32)\r\n
..\\..\\Library\\common_lib.h(48):     Last-Modified: Sat, 26 Mar 2022 07:29:11 GMT\r\n
..\\..\\Library\\common_lib.h(48):     ETag: "600000001c664-551-5db1a0912e433"\r\n
..\\..\\Library\\common_lib.h(48):     Accept-Ranges: bytes\r\n
..\\..\\Library\\common_lib.h(48):     Content-Length: 1361\r\n
..\\..\\Library\\common_lib.h(48):     Keep-Alive: timeout=5, max=100\r\n
..\\..\\Library\\common_lib.h(48):     Connection: Keep-Alive\r\n
..\\..\\Library\\common_lib.h(48):     Content-Type: text/html\r\n
..\\..\\Library\\common_lib.h(48):     \r\n
..\\..\\Library\\common_lib.h(48): t=340508ms: 1361-byte response body for "http://127.0.0.1:1080/WebTours/home.html" (RelFrameId=1.2, Internal ID=55)
..\\..\\Library\\common_lib.h(48):     <HTML>\n
..\\..\\Library\\common_lib.h(48):     <HEAD>\n
..\\..\\Library\\common_lib.h(48):     \t<title>Web Tours</title>\n
..\\..\\Library\\common_lib.h(48):     </HEAD>\n
..\\..\\Library\\common_lib.h(48):     <style>\n
..\\..\\Library\\common_lib.h(48):     \tblockquote {font-family: tahoma; font-size : 10pt}\n
..\\..\\Library\\common_lib.h(48):     \tH1 {font-family: tahoma; font-size : 22pt; color: #003366}\n
..\\..\\Library\\common_lib.h(48):     \tsmall {font-family: tahoma; font-size : 8pt}\n
..\\..\\Library\\common_lib.h(48):     \tH3{font-family: tahoma; font-size : 10pt; color: black}\n
..\\..\\Library\\common_lib.h(48):     \tA {FONT-WEIGHT: bold; FONT-SIZE: 10pt; COLOR: black; FONT-FAMILY: Tahoma; TEXT-DECORATIO
..\\..\\Library\\common_lib.h(48):     N: none}\n
..\\..\\Library\\common_lib.h(48):     \tA:hover{ FONT-WEIGHT: bold; FONT-SIZE: 10pt; COLOR: #993333; FONT-FAMILY: Tahoma;TEXT-DE
..\\..\\Library\\common_lib.h(48):     CORATION: underline}\n
..\\..\\Library\\common_lib.h(48):     \tTD {font-family: tahoma; font-size : 10pt; color: black}\n
..\\..\\Library\\common_lib.h(48):     </style>\n
..\\..\\Library\\common_lib.h(48):     <body bgcolor="#e0e7f1">\n
..\\..\\Library\\common_lib.h(48):     <BR/>\n
..\\..\\Library\\common_lib.h(48):     <BR/>\n
..\\..\\Library\\common_lib.h(48):     <BR/>\n
..\\..\\Library\\common_lib.h(48):     <br/>\n
..\\..\\Library\\common_lib.h(48):     <table border="0">\n
..\\..\\Library\\common_lib.h(48):     <tr><td></td></tr>\n
..\\..\\Library\\common_lib.h(48):     <TR><TD></TD></TR>\n
..\\..\\Library\\common_lib.h(48):     <TR><TD>\n
..\\..\\Library\\common_lib.h(48):     <blockquote>\n
..\\..\\Library\\common_lib.h(48):     <H1><b>Web Tours</b></H1>\n
..\\..\\Library\\common_lib.h(48):     Welcome to the Web Tours site.\n
..\\..\\Library\\common_lib.h(48):     <br/>\n
..\\..\\Library\\common_lib.h(48):     To make reservations,please enter your account information to the left.\n
..\\..\\Library\\common_lib.h(48):     <br/>\n
..\\..\\Library\\common_lib.h(48):     If you haven't registered yet, <A href="/cgi-bin/login.pl?username=&amp;password=&amp;getI
..\\..\\Library\\common_lib.h(48):     nfo=true" ><B>sign up now</B></A> to get access to all our resources.\n
..\\..\\Library\\common_lib.h(48):     <br/>\n
..\\..\\Library\\common_lib.h(48):     To configure the server options, use <A href="/cgi-bin/admin.pl" target="body" ><b>adminis
..\\..\\Library\\common_lib.h(48):     tration</b></A> link.\n
..\\..\\Library\\common_lib.h(48):     <br/><br/><br/><br/><br/><br/>\n
..\\..\\Library\\common_lib.h(48):     <br/><small>\n
..\\..\\Library\\common_lib.h(48):     This product uses parts of the SMT Kernel, Copyright (c) 1991-99 <A href="http://www.imati
..\\..\\Library\\common_lib.h(48):     x.com" target="new"><B><small>iMatix Corporation</small></B></A> \n
..\\..\\Library\\common_lib.h(48):     </small>\n
..\\..\\Library\\common_lib.h(48):     </blockquote></TD>\n
..\\..\\Library\\common_lib.h(48):     <TD></TD></TR>\n
..\\..\\Library\\common_lib.h(48):     </table>\n
..\\..\\Library\\common_lib.h(48):     </body>\n
..\\..\\Library\\common_lib.h(48):     </HTML>\n
..\\..\\Library\\common_lib.h(48): t=340509ms: Request done "http://127.0.0.1:1080/WebTours/home.html"  	[MsgId: MMSG-26000]
..\\..\\Library\\common_lib.h(48): Search registration for "userSession" parameter is filtered by "Request URL"  	[MsgId: MMSG-26000]
..\\..\\Library\\common_lib.h(48): t=340565ms: 256-byte response headers for "http://127.0.0.1:1080/cgi-bin/nav.pl?in=home" (RelFrameId=1.1, Internal ID=54)
..\\..\\Library\\common_lib.h(48):     HTTP/1.1 200 OK\r\n
..\\..\\Library\\common_lib.h(48):     Date: Sun, 03 Apr 2022 16:03:04 GMT\r\n
..\\..\\Library\\common_lib.h(48):     Server: Apache/2.2.21 (Win32)\r\n
..\\..\\Library\\common_lib.h(48):     Expires: Sat, 02 Apr 2022 16:03:04 GMT\r\n
..\\..\\Library\\common_lib.h(48):     Keep-Alive: timeout=5, max=100\r\n
..\\..\\Library\\common_lib.h(48):     Connection: Keep-Alive\r\n
..\\..\\Library\\common_lib.h(48):     Transfer-Encoding: chunked\r\n
..\\..\\Library\\common_lib.h(48):     Content-Type: text/html; charset=ISO-8859-1\r\n
..\\..\\Library\\common_lib.h(48):     \r\n
..\\..\\Library\\common_lib.h(48): t=340565ms: 5-byte chunked response overhead for "http://127.0.0.1:1080/cgi-bin/nav.pl?in=home" (RelFrameId=1.1, Internal ID=54)
..\\..\\Library\\common_lib.h(48):     5d0\r\n
..\\..\\Library\\common_lib.h(48): t=340565ms: 7-byte chunked response overhead for "http://127.0.0.1:1080/cgi-bin/nav.pl?in=home" (RelFrameId=1.1, Internal ID=54)
..\\..\\Library\\common_lib.h(48):     \r\n
..\\..\\Library\\common_lib.h(48):     0\r\n
..\\..\\Library\\common_lib.h(48):     \r\n
..\\..\\Library\\common_lib.h(48): t=340565ms: 1488-byte chunked response body for "http://127.0.0.1:1080/cgi-bin/nav.pl?in=home" (RelFrameId=1.1, Internal ID=54)
..\\..\\Library\\common_lib.h(48):     <!DOCTYPE html\n
..\\..\\Library\\common_lib.h(48):     \tPUBLIC "-//W3C//DTD XHTML 1.0 Transitional//EN"\n
..\\..\\Library\\common_lib.h(48):     \t "http://www.w3.org/TR/xhtml1/DTD/xhtml1-transitional.dtd">\n
..\\..\\Library\\common_lib.h(48):     <html xmlns="http://www.w3.org/1999/xhtml" lang="en-US" xml:lang="en-US">\n
..\\..\\Library\\common_lib.h(48):     <head>\n
..\\..\\Library\\common_lib.h(48):     <title>Web Tours Navigation Bar</title>\n
..\\..\\Library\\common_lib.h(48):     <meta http-equiv="Content-Type" content="text/html; charset=iso-8859-1" />\n
..\\..\\Library\\common_lib.h(48):     </head>\n
..\\..\\Library\\common_lib.h(48):     <body bgcolor="#E0E7F1">\n
..\\..\\Library\\common_lib.h(48):     <style>\n
..\\..\\Library\\common_lib.h(48):     blockquote {font-family: tahoma; font-size : 10pt}\n
..\\..\\Library\\common_lib.h(48):     H1 {font-family: tahoma; font-size : 22pt; color: #993333}\n
..\\..\\Library\\common_lib.h(48):     H3 {font-family: tahoma; font-size : 10pt; color: black}\n
..\\..\\Library\\common_lib.h(48):     small {font-family: tahoma; font-size : 8pt}\n
..\\..\\Library\\common_lib.h(48):     </style>\n
..\\..\\Library\\common_lib.h(48):     <form method="post" action="/cgi-bin/login.pl" target="body">\n
..\\..\\Library\\common_lib.h(48):     <input type="hidden" name="userSession" value="133576.491211017ziHAitApHzzzzzzHtVccfpAttz"
..\\..\\Library\\common_lib.h(48):     />\n
..\\..\\Library\\common_lib.h(48):     <table border="0"><tr><td>&nbsp;</td>\n
..\\..\\Library\\common_lib.h(48):     <td>&nbsp;</td></tr>\n
..\\..\\Library\\common_lib.h(48):     <tr><td>&nbsp;</td>\n
..\\..\\Library\\common_lib.h(48):     <td>&nbsp;</td></tr>\n
..\\..\\Library\\common_lib.h(48):     <tr><td>&nbsp;</td>\n
..\\..\\Library\\common_lib.h(48):     <td><small>&nbsp;Username</small></td></tr>\n
..\\..\\Library\\common_lib.h(48):     <tr><td>&nbsp;</td>\n
..\\..\\Library\\common_lib.h(48):     <td><input type="text" name="username" value="" size="14" maxlength="14"/></td></tr>\n
..\\..\\Library\\common_lib.h(48):     <tr><td>&nbsp;</td>\n
..\\..\\Library\\common_lib.h(48):     <td><small>&nbsp;Password</small></td>\n
..\\..\\Library\\common_lib.h(48):     <tr><td>&nbsp;</td>\n
..\\..\\Library\\common_lib.h(48):     <td><input type="password" name="password" value="" size="14" maxlength="14"/></td></tr>\n
..\\..\\Library\\common_lib.h(48):     <tr><td>&nbsp;</td>\n
..\\..\\Library\\common_lib.h(48):     <td>&nbsp;</td></tr>\n
..\\..\\Library\\common_lib.h(48):     <tr><td>&nbsp;</td>\n
..\\..\\Library\\common_lib.h(48):     <td><input type="image" name="login" value="Login" alt="Login" border="1" \n
..\\..\\Library\\common_lib.h(48):     src="/WebTours/images/mer_login.gif"/></td></tr>\n
..\\..\\Library\\common_lib.h(48):     <tr><td>&nbsp;</td><td>&nbsp;</td></tr>\n
..\\..\\Library\\common_lib.h(48):     </table><input type="hidden" name="JSFormSubmit" value="off"/>\n
..\\..\\Library\\common_lib.h(48):     </form>\n
..\\..\\Library\\common_lib.h(48):     \n
..\\..\\Library\\common_lib.h(48):     </body>\n
..\\..\\Library\\common_lib.h(48):     </html>\n
..\\..\\Library\\common_lib.h(48): Found resource "http://127.0.0.1:1080/WebTours/images/mer_login.gif" in HTML "http://127.0.0.1:1080/cgi-bin/nav.pl?in=home"  	[MsgId: MMSG-26659]
..\\..\\Library\\common_lib.h(48): t=340566ms: Request done "http://127.0.0.1:1080/cgi-bin/nav.pl?in=home"  	[MsgId: MMSG-26000]
..\\..\\Library\\common_lib.h(48): Notify: Saving Parameter "userSession = 133576.491211017ziHAitApHzzzzzzHtVccfpAttz".	[MsgId: MMSG-13798]
..\\..\\Library\\common_lib.h(48): t=340566ms: Already connected [0] to 127.0.0.1:1080  	[MsgId: MMSG-26000]
..\\..\\Library\\common_lib.h(48): t=340566ms: 653-byte request headers for "http://127.0.0.1:1080/WebTours/images/mer_login.gif" (RelFrameId=, Internal ID=56)
..\\..\\Library\\common_lib.h(48):     GET /WebTours/images/mer_login.gif HTTP/1.1\r\n
..\\..\\Library\\common_lib.h(48):     Referer: http://127.0.0.1:1080/cgi-bin/nav.pl?in=home\r\n
..\\..\\Library\\common_lib.h(48):     DNT: 1\r\n
..\\..\\Library\\common_lib.h(48):     Sec-Fetch-Dest: frame\r\n
..\\..\\Library\\common_lib.h(48):     Sec-Fetch-Mode: navigate\r\n
..\\..\\Library\\common_lib.h(48):     Sec-Fetch-Site: same-origin\r\n
..\\..\\Library\\common_lib.h(48):     Upgrade-Insecure-Requests: 1\r\n
..\\..\\Library\\common_lib.h(48):     sec-ch-ua: " Not A;Brand";v="99", "Chromium";v="99", "Google Chrome";v="99"\r\n
..\\..\\Library\\common_lib.h(48):     sec-ch-ua-mobile: ?0\r\n
..\\..\\Library\\common_lib.h(48):     sec-ch-ua-platform: "Windows"\r\n
..\\..\\Library\\common_lib.h(48):     User-Agent: Mozilla/5.0 (Windows NT 10.0; Win64; x64) AppleWebKit/537.36 (KHTML, like Geck
..\\..\\Library\\common_lib.h(48):     o) Chrome/99.0.4844.82 Safari/537.36\r\n
..\\..\\Library\\common_lib.h(48):     Accept-Encoding: gzip, deflate, br\r\n
..\\..\\Library\\common_lib.h(48):     Accept-Language: ru-RU,ru;q=0.9,en-US;q=0.8,en;q=0.7\r\n
..\\..\\Library\\common_lib.h(48):     Accept: */*\r\n
..\\..\\Library\\common_lib.h(48):     Connection: Keep-Alive\r\n
..\\..\\Library\\common_lib.h(48):     Host: 127.0.0.1:1080\r\n
..\\..\\Library\\common_lib.h(48):     Cookie: MSO=SID&1649001784\r\n
..\\..\\Library\\common_lib.h(48):     \r\n
..\\..\\Library\\common_lib.h(48): t=340568ms: 297-byte response headers for "http://127.0.0.1:1080/WebTours/images/mer_login.gif" (RelFrameId=, Internal ID=56)
..\\..\\Library\\common_lib.h(48):     HTTP/1.1 200 OK\r\n
..\\..\\Library\\common_lib.h(48):     Date: Sun, 03 Apr 2022 16:03:04 GMT\r\n
..\\..\\Library\\common_lib.h(48):     Server: Apache/2.2.21 (Win32)\r\n
..\\..\\Library\\common_lib.h(48):     Last-Modified: Sat, 26 Mar 2022 07:29:11 GMT\r\n
..\\..\\Library\\common_lib.h(48):     ETag: "500000001c684-2a7-5db1a0918c7fd"\r\n
..\\..\\Library\\common_lib.h(48):     Accept-Ranges: bytes\r\n
..\\..\\Library\\common_lib.h(48):     Content-Length: 679\r\n
..\\..\\Library\\common_lib.h(48):     Keep-Alive: timeout=5, max=99\r\n
..\\..\\Library\\common_lib.h(48):     Connection: Keep-Alive\r\n
..\\..\\Library\\common_lib.h(48):     Content-Type: image/gif\r\n
..\\..\\Library\\common_lib.h(48):     \r\n
..\\..\\Library\\common_lib.h(48): t=340568ms: 679-byte response body for "http://127.0.0.1:1080/WebTours/images/mer_login.gif" (RelFrameId=, Internal ID=56)
..\\..\\Library\\common_lib.h(48): t=340568ms: Request done "http://127.0.0.1:1080/WebTours/images/mer_login.gif"  	[MsgId: MMSG-26000]
..\\..\\Library\\common_lib.h(48): Registered web_reg_find successful for "Text=Web Tours" (count=5)  	[MsgId: MMSG-26364]
..\\..\\Library\\common_lib.h(48): web_url("welcome.pl") was successful, 4214 body bytes, 1180 header bytes, 24 chunking overhead bytes  	[MsgId: MMSG-26385]
..\\..\\Library\\common_lib.h(58): Notify: Transaction "HomePage" ended with a "Pass" status (Duration: 0,1233 Wasted Time: 0,0003).	[MsgId: MMSG-16871]
..\\..\\Library\\common_lib.h(64): Notify: Transaction "Login" started.	[MsgId: MMSG-16999]
..\\..\\Library\\common_lib.h(66): web_reg_find started  	[MsgId: MMSG-26355]
..\\..\\Library\\common_lib.h(66): Registering web_reg_find was successful  	[MsgId: MMSG-26390]
..\\..\\Library\\common_lib.h(70): web_reg_find started  	[MsgId: MMSG-26355]
..\\..\\Library\\common_lib.h(70): Registering web_reg_find was successful  	[MsgId: MMSG-26390]
..\\..\\Library\\common_lib.h(73): web_add_header("Origin") started  	[MsgId: MMSG-26355]
..\\..\\Library\\common_lib.h(73): An unrecognized header ("Origin") is being added  	[MsgId: MMSG-26595]
..\\..\\Library\\common_lib.h(73): "Origin: http://127.0.0.1:1080" header registered for adding to requests from the immediately following Action function  	[MsgId: MMSG-26506]
..\\..\\Library\\common_lib.h(73): web_add_header("Origin") was successful  	[MsgId: MMSG-26392]
..\\..\\Library\\common_lib.h(76): web_add_auto_header("Sec-Fetch-User") started  	[MsgId: MMSG-26355]
..\\..\\Library\\common_lib.h(76): An unrecognized header ("Sec-Fetch-User") is being added  	[MsgId: MMSG-26595]
..\\..\\Library\\common_lib.h(76): "Sec-Fetch-User: ?1" header registered for adding to requests from all following Action functions  	[MsgId: MMSG-26505]
..\\..\\Library\\common_lib.h(76): web_add_auto_header("Sec-Fetch-User") was successful  	[MsgId: MMSG-26392]
..\\..\\Library\\common_lib.h(79): lr_think_time: 13,00 seconds.	[MsgId: MMSG-15948]
Action was aborted.	[MsgId: MMSG-10694]
Action was aborted.	[MsgId: MMSG-10694]
Action was aborted.	[MsgId: MMSG-10694]
Ending Vuser...	[MsgId: MMSG-15966]
Ending Vuser...	[MsgId: MMSG-15966]
Starting action vuser_end.	[MsgId: MMSG-15919]
Ending Vuser...	[MsgId: MMSG-15966]
Starting action vuser_end.	[MsgId: MMSG-15919]
Starting action vuser_end.	[MsgId: MMSG-15919]
Ending action vuser_end.	[MsgId: MMSG-15918]
Ending action vuser_end.	[MsgId: MMSG-15918]
Ending action vuser_end.	[MsgId: MMSG-15918]
Vuser Terminated.	[MsgId: MMSG-15963]
Vuser Terminated.	[MsgId: MMSG-15963]
Vuser Terminated.	[MsgId: MMSG-15963]
..\\..\\Library\\common_lib.h(81): t=342242ms: Closed connection [0] to 127.0.0.1:1080 after completing 1 request(s)  	[MsgId: MMSG-26000]
..\\..\\Library\\common_lib.h(81): t=342242ms: Closed connection [0] to 127.0.0.1:1080 after completing 1 request(s)  	[MsgId: MMSG-26000]
..\\..\\Library\\common_lib.h(81): t=342242ms: Closed connection [0] to 127.0.0.1:1080 after completing 1 request(s)  	[MsgId: MMSG-26000]
..\\..\\Library\\common_lib.h(81): t=342242ms: Closed connection [1] to 127.0.0.1:1080 after completing 1 request(s)  	[MsgId: MMSG-26000]
..\\..\\Library\\common_lib.h(81): t=342242ms: Closed connection [1] to 127.0.0.1:1080 after completing 1 request(s)  	[MsgId: MMSG-26000]
..\\..\\Library\\common_lib.h(81): t=342243ms: Closed connection [1] to 127.0.0.1:1080 after completing 1 request(s)  	[MsgId: MMSG-26000]
..\\..\\Library\\common_lib.h(81): t=342243ms: Closed connection [2] to 127.0.0.1:1080 after completing 1 request(s)  	[MsgId: MMSG-26000]
..\\..\\Library\\common_lib.h(81): t=342243ms: Closed connection [2] to 127.0.0.1:1080 after completing 1 request(s)  	[MsgId: MMSG-26000]
..\\..\\Library\\common_lib.h(81): t=342243ms: Closed connection [2] to 127.0.0.1:1080 after completing 1 request(s)  	[MsgId: MMSG-26000]
HTML-Mode memory management statistics: Reusable=7, NonReusable=0, CsMemBlockSize=4096, checks disabled  	[MsgId: MMSG-26000]
HTML-Mode memory management statistics: Reusable=7, NonReusable=0, CsMemBlockSize=4096, checks disabled  	[MsgId: MMSG-26000]
HTML-Mode memory management statistics: Reusable=7, NonReusable=0, CsMemBlockSize=4096, checks disabled  	[MsgId: MMSG-26000]
Vuser 1 (thread 17860), ended OK."	[MsgId: MMSG-10695]
Vuser 0 (thread 6240), ended OK."	[MsgId: MMSG-10695]
Vuser 2 (thread 11712), ended OK."	[MsgId: MMSG-10695]
..\\..\\Library\\common_lib.h(81): web_submit_data("login.pl") started  	[MsgId: MMSG-26355]
..\\..\\Library\\common_lib.h(81): Notify: Parameter Substitution: parameter "userSession" =  "133576.490400972ziHAitApHcftVccfpAttDf"	[MsgId: MMSG-13992]
..\\..\\Library\\common_lib.h(81): Notify: Parameter Substitution: parameter "userLogin" =  "vase"	[MsgId: MMSG-13992]
..\\..\\Library\\common_lib.h(81): Notify: Next row for parameter userPassword = 6 [table  = userPassword].	[MsgId: MMSG-13876]
..\\..\\Library\\common_lib.h(81): Notify: Parameter Substitution: parameter "userPassword" =  "68447799"	[MsgId: MMSG-13992]
..\\..\\Library\\common_lib.h(81): t=343555ms: Closed connection [0] to 127.0.0.1:1080 after completing 2 request(s)  	[MsgId: MMSG-26000]
..\\..\\Library\\common_lib.h(81): t=343555ms: Connecting [0] to host 127.0.0.1:1080  	[MsgId: MMSG-26000]
..\\..\\Library\\common_lib.h(81): t=343556ms: Connected socket [0] from 127.0.0.1:12950 to 127.0.0.1:1080 in 1 ms  	[MsgId: MMSG-26000]
..\\..\\Library\\common_lib.h(81): t=343556ms: 762-byte request headers for "http://127.0.0.1:1080/cgi-bin/login.pl" (RelFrameId=1, Internal ID=57)
..\\..\\Library\\common_lib.h(81):     POST /cgi-bin/login.pl HTTP/1.1\r\n
..\\..\\Library\\common_lib.h(81):     Content-Type: application/x-www-form-urlencoded\r\n
..\\..\\Library\\common_lib.h(81):     Referer: http://127.0.0.1:1080/cgi-bin/nav.pl?in=home\r\n
..\\..\\Library\\common_lib.h(81):     Origin: http://127.0.0.1:1080\r\n
..\\..\\Library\\common_lib.h(81):     DNT: 1\r\n
..\\..\\Library\\common_lib.h(81):     Sec-Fetch-Dest: frame\r\n
..\\..\\Library\\common_lib.h(81):     Sec-Fetch-Mode: navigate\r\n
..\\..\\Library\\common_lib.h(81):     Sec-Fetch-Site: same-origin\r\n
..\\..\\Library\\common_lib.h(81):     Upgrade-Insecure-Requests: 1\r\n
..\\..\\Library\\common_lib.h(81):     sec-ch-ua: " Not A;Brand";v="99", "Chromium";v="99", "Google Chrome";v="99"\r\n
..\\..\\Library\\common_lib.h(81):     sec-ch-ua-mobile: ?0\r\n
..\\..\\Library\\common_lib.h(81):     sec-ch-ua-platform: "Windows"\r\n
..\\..\\Library\\common_lib.h(81):     Sec-Fetch-User: ?1\r\n
..\\..\\Library\\common_lib.h(81):     User-Agent: Mozilla/5.0 (Windows NT 10.0; Win64; x64) AppleWebKit/537.36 (KHTML, like Geck
..\\..\\Library\\common_lib.h(81):     o) Chrome/99.0.4844.82 Safari/537.36\r\n
..\\..\\Library\\common_lib.h(81):     Accept-Encoding: gzip, deflate, br\r\n
..\\..\\Library\\common_lib.h(81):     Accept-Language: ru-RU,ru;q=0.9,en-US;q=0.8,en;q=0.7\r\n
..\\..\\Library\\common_lib.h(81):     Accept: */*\r\n
..\\..\\Library\\common_lib.h(81):     Connection: Keep-Alive\r\n
..\\..\\Library\\common_lib.h(81):     Host: 127.0.0.1:1080\r\n
..\\..\\Library\\common_lib.h(81):     Cookie: MSO=SID&1649001774\r\n
..\\..\\Library\\common_lib.h(81):     Content-Length: 120\r\n
..\\..\\Library\\common_lib.h(81):     \r\n
..\\..\\Library\\common_lib.h(81): t=343556ms: 120-byte request body for "http://127.0.0.1:1080/cgi-bin/login.pl" (RelFrameId=1, Internal ID=57)
..\\..\\Library\\common_lib.h(81):     userSession=133576.490400972ziHAitApHcftVccfpAttDf&username=vase&password=68447799&login.x
..\\..\\Library\\common_lib.h(81):     =66&login.y=9&JSFormSubmit=off
..\\..\\Library\\common_lib.h(81): t=343556ms: Inactive socket [1] was closed by 127.0.0.1:1080, probably due to Keep-Alive timeout  	[MsgId: MMSG-26000]
..\\..\\Library\\common_lib.h(81): t=343556ms: Closed connection [1] to 127.0.0.1:1080 after completing 1 request(s)  	[MsgId: MMSG-26000]
..\\..\\Library\\common_lib.h(81): t=343556ms: Inactive socket [2] was closed by 127.0.0.1:1080, probably due to Keep-Alive timeout  	[MsgId: MMSG-26000]
..\\..\\Library\\common_lib.h(81): t=343556ms: Closed connection [2] to 127.0.0.1:1080 after completing 1 request(s)  	[MsgId: MMSG-26000]
..\\..\\Library\\common_lib.h(81): t=343626ms: 229-byte response headers for "http://127.0.0.1:1080/cgi-bin/login.pl" (RelFrameId=1, Internal ID=57)
..\\..\\Library\\common_lib.h(81):     HTTP/1.1 200 OK\r\n
..\\..\\Library\\common_lib.h(81):     Date: Sun, 03 Apr 2022 16:03:07 GMT\r\n
..\\..\\Library\\common_lib.h(81):     Server: Apache/2.2.21 (Win32)\r\n
..\\..\\Library\\common_lib.h(81):     Expires: 5s\r\n
..\\..\\Library\\common_lib.h(81):     Keep-Alive: timeout=5, max=100\r\n
..\\..\\Library\\common_lib.h(81):     Connection: Keep-Alive\r\n
..\\..\\Library\\common_lib.h(81):     Transfer-Encoding: chunked\r\n
..\\..\\Library\\common_lib.h(81):     Content-Type: text/html; charset=ISO-8859-1\r\n
..\\..\\Library\\common_lib.h(81):     \r\n
..\\..\\Library\\common_lib.h(81): t=343626ms: 5-byte chunked response overhead for "http://127.0.0.1:1080/cgi-bin/login.pl" (RelFrameId=1, Internal ID=57)
..\\..\\Library\\common_lib.h(81):     1c8\r\n
..\\..\\Library\\common_lib.h(81): t=343626ms: 7-byte chunked response overhead for "http://127.0.0.1:1080/cgi-bin/login.pl" (RelFrameId=1, Internal ID=57)
..\\..\\Library\\common_lib.h(81):     \r\n
..\\..\\Library\\common_lib.h(81):     0\r\n
..\\..\\Library\\common_lib.h(81):     \r\n
..\\..\\Library\\common_lib.h(81): t=343626ms: 456-byte chunked response body for "http://127.0.0.1:1080/cgi-bin/login.pl" (RelFrameId=1, Internal ID=57)
..\\..\\Library\\common_lib.h(81):     <!--\n
..\\..\\Library\\common_lib.h(81):     User password was incorrect.  Prompt the user to fix password or sign-up...\n
..\\..\\Library\\common_lib.h(81):     --->\n
..\\..\\Library\\common_lib.h(81):     \n
..\\..\\Library\\common_lib.h(81):     <html>\n
..\\..\\Library\\common_lib.h(81):     <title>Web Tours</title>\n
..\\..\\Library\\common_lib.h(81):     <frameset cols="160,*" border=1 frameborder=1>\n
..\\..\\Library\\common_lib.h(81):     <frame src="nav.pl?username=vase&password=68447799" name="navbar" marginheight="2" marginw
..\\..\\Library\\common_lib.h(81):     idth="2" noresize="noresize" scrolling="auto"/>\n
..\\..\\Library\\common_lib.h(81):     <frame src="error.pl?error=badPassword" name="info" marginheight="2" marginwidth="2" nores
..\\..\\Library\\common_lib.h(81):     ize="noresize" scrolling="auto"/>\n
..\\..\\Library\\common_lib.h(81):     </frameset>\n
..\\..\\Library\\common_lib.h(81):     \n
..\\..\\Library\\common_lib.h(81):     </body>\n
..\\..\\Library\\common_lib.h(81):     </html>
..\\..\\Library\\common_lib.h(81): Detected non-resource "http://127.0.0.1:1080/cgi-bin/nav.pl?username=vase&password=68447799" in "http://127.0.0.1:1080/cgi-bin/login.pl"  	[MsgId: MMSG-26574]
..\\..\\Library\\common_lib.h(81): Detected non-resource "http://127.0.0.1:1080/cgi-bin/error.pl?error=badPassword" in "http://127.0.0.1:1080/cgi-bin/login.pl"  	[MsgId: MMSG-26574]
..\\..\\Library\\common_lib.h(81): t=343626ms: Request done "http://127.0.0.1:1080/cgi-bin/login.pl"  	[MsgId: MMSG-26000]
..\\..\\Library\\common_lib.h(81): t=343626ms: Connecting [1] to host 127.0.0.1:1080  	[MsgId: MMSG-26000]
..\\..\\Library\\common_lib.h(81): t=343627ms: Connecting [2] to host 127.0.0.1:1080  	[MsgId: MMSG-26000]
..\\..\\Library\\common_lib.h(81): t=343627ms: Connected socket [1] from 127.0.0.1:12951 to 127.0.0.1:1080 in 1 ms  	[MsgId: MMSG-26000]
..\\..\\Library\\common_lib.h(81): t=343627ms: 715-byte request headers for "http://127.0.0.1:1080/cgi-bin/nav.pl?username=vase&password=68447799" (RelFrameId=1.1, Internal ID=58)
..\\..\\Library\\common_lib.h(81):     GET /cgi-bin/nav.pl?username=vase&password=68447799 HTTP/1.1\r\n
..\\..\\Library\\common_lib.h(81):     Referer: http://127.0.0.1:1080/cgi-bin/login.pl\r\n
..\\..\\Library\\common_lib.h(81):     Origin: http://127.0.0.1:1080\r\n
..\\..\\Library\\common_lib.h(81):     DNT: 1\r\n
..\\..\\Library\\common_lib.h(81):     Sec-Fetch-Dest: frame\r\n
..\\..\\Library\\common_lib.h(81):     Sec-Fetch-Mode: navigate\r\n
..\\..\\Library\\common_lib.h(81):     Sec-Fetch-Site: same-origin\r\n
..\\..\\Library\\common_lib.h(81):     Upgrade-Insecure-Requests: 1\r\n
..\\..\\Library\\common_lib.h(81):     sec-ch-ua: " Not A;Brand";v="99", "Chromium";v="99", "Google Chrome";v="99"\r\n
..\\..\\Library\\common_lib.h(81):     sec-ch-ua-mobile: ?0\r\n
..\\..\\Library\\common_lib.h(81):     sec-ch-ua-platform: "Windows"\r\n
..\\..\\Library\\common_lib.h(81):     Sec-Fetch-User: ?1\r\n
..\\..\\Library\\common_lib.h(81):     User-Agent: Mozilla/5.0 (Windows NT 10.0; Win64; x64) AppleWebKit/537.36 (KHTML, like Geck
..\\..\\Library\\common_lib.h(81):     o) Chrome/99.0.4844.82 Safari/537.36\r\n
..\\..\\Library\\common_lib.h(81):     Accept-Encoding: gzip, deflate, br\r\n
..\\..\\Library\\common_lib.h(81):     Accept-Language: ru-RU,ru;q=0.9,en-US;q=0.8,en;q=0.7\r\n
..\\..\\Library\\common_lib.h(81):     Accept: */*\r\n
..\\..\\Library\\common_lib.h(81):     Connection: Keep-Alive\r\n
..\\..\\Library\\common_lib.h(81):     Host: 127.0.0.1:1080\r\n
..\\..\\Library\\common_lib.h(81):     Cookie: MSO=SID&1649001774\r\n
..\\..\\Library\\common_lib.h(81):     \r\n
..\\..\\Library\\common_lib.h(81): t=343628ms: Connected socket [2] from 127.0.0.1:12952 to 127.0.0.1:1080 in 1 ms  	[MsgId: MMSG-26000]
..\\..\\Library\\common_lib.h(81): t=343628ms: 703-byte request headers for "http://127.0.0.1:1080/cgi-bin/error.pl?error=badPassword" (RelFrameId=1.2, Internal ID=59)
..\\..\\Library\\common_lib.h(81):     GET /cgi-bin/error.pl?error=badPassword HTTP/1.1\r\n
..\\..\\Library\\common_lib.h(81):     Referer: http://127.0.0.1:1080/cgi-bin/login.pl\r\n
..\\..\\Library\\common_lib.h(81):     Origin: http://127.0.0.1:1080\r\n
..\\..\\Library\\common_lib.h(81):     DNT: 1\r\n
..\\..\\Library\\common_lib.h(81):     Sec-Fetch-Dest: frame\r\n
..\\..\\Library\\common_lib.h(81):     Sec-Fetch-Mode: navigate\r\n
..\\..\\Library\\common_lib.h(81):     Sec-Fetch-Site: same-origin\r\n
..\\..\\Library\\common_lib.h(81):     Upgrade-Insecure-Requests: 1\r\n
..\\..\\Library\\common_lib.h(81):     sec-ch-ua: " Not A;Brand";v="99", "Chromium";v="99", "Google Chrome";v="99"\r\n
..\\..\\Library\\common_lib.h(81):     sec-ch-ua-mobile: ?0\r\n
..\\..\\Library\\common_lib.h(81):     sec-ch-ua-platform: "Windows"\r\n
..\\..\\Library\\common_lib.h(81):     Sec-Fetch-User: ?1\r\n
..\\..\\Library\\common_lib.h(81):     User-Agent: Mozilla/5.0 (Windows NT 10.0; Win64; x64) AppleWebKit/537.36 (KHTML, like Geck
..\\..\\Library\\common_lib.h(81):     o) Chrome/99.0.4844.82 Safari/537.36\r\n
..\\..\\Library\\common_lib.h(81):     Accept-Encoding: gzip, deflate, br\r\n
..\\..\\Library\\common_lib.h(81):     Accept-Language: ru-RU,ru;q=0.9,en-US;q=0.8,en;q=0.7\r\n
..\\..\\Library\\common_lib.h(81):     Accept: */*\r\n
..\\..\\Library\\common_lib.h(81):     Connection: Keep-Alive\r\n
..\\..\\Library\\common_lib.h(81):     Host: 127.0.0.1:1080\r\n
..\\..\\Library\\common_lib.h(81):     Cookie: MSO=SID&1649001774\r\n
..\\..\\Library\\common_lib.h(81):     \r\n
..\\..\\Library\\common_lib.h(81): t=343685ms: 256-byte response headers for "http://127.0.0.1:1080/cgi-bin/nav.pl?username=vase&password=68447799" (RelFrameId=1.1, Internal ID=58)
..\\..\\Library\\common_lib.h(81):     HTTP/1.1 200 OK\r\n
..\\..\\Library\\common_lib.h(81):     Date: Sun, 03 Apr 2022 16:03:07 GMT\r\n
..\\..\\Library\\common_lib.h(81):     Server: Apache/2.2.21 (Win32)\r\n
..\\..\\Library\\common_lib.h(81):     Expires: Sat, 02 Apr 2022 16:03:07 GMT\r\n
..\\..\\Library\\common_lib.h(81):     Keep-Alive: timeout=5, max=100\r\n
..\\..\\Library\\common_lib.h(81):     Connection: Keep-Alive\r\n
..\\..\\Library\\common_lib.h(81):     Transfer-Encoding: chunked\r\n
..\\..\\Library\\common_lib.h(81):     Content-Type: text/html; charset=ISO-8859-1\r\n
..\\..\\Library\\common_lib.h(81):     \r\n
..\\..\\Library\\common_lib.h(81): t=343685ms: 5-byte chunked response overhead for "http://127.0.0.1:1080/cgi-bin/nav.pl?username=vase&password=68447799" (RelFrameId=1.1, Internal ID=58)
..\\..\\Library\\common_lib.h(81):     5d8\r\n
..\\..\\Library\\common_lib.h(81): t=343685ms: 7-byte chunked response overhead for "http://127.0.0.1:1080/cgi-bin/nav.pl?username=vase&password=68447799" (RelFrameId=1.1, Internal ID=58)
..\\..\\Library\\common_lib.h(81):     \r\n
..\\..\\Library\\common_lib.h(81):     0\r\n
..\\..\\Library\\common_lib.h(81):     \r\n
..\\..\\Library\\common_lib.h(81): t=343686ms: 1496-byte chunked response body for "http://127.0.0.1:1080/cgi-bin/nav.pl?username=vase&password=68447799" (RelFrameId=1.1, Internal ID=58)
..\\..\\Library\\common_lib.h(81):     <!DOCTYPE html\n
..\\..\\Library\\common_lib.h(81):     \tPUBLIC "-//W3C//DTD XHTML 1.0 Transitional//EN"\n
..\\..\\Library\\common_lib.h(81):     \t "http://www.w3.org/TR/xhtml1/DTD/xhtml1-transitional.dtd">\n
..\\..\\Library\\common_lib.h(81):     <html xmlns="http://www.w3.org/1999/xhtml" lang="en-US" xml:lang="en-US">\n
..\\..\\Library\\common_lib.h(81):     <head>\n
..\\..\\Library\\common_lib.h(81):     <title>Web Tours Navigation Bar</title>\n
..\\..\\Library\\common_lib.h(81):     <meta http-equiv="Content-Type" content="text/html; charset=iso-8859-1" />\n
..\\..\\Library\\common_lib.h(81):     </head>\n
..\\..\\Library\\common_lib.h(81):     <body bgcolor="#E0E7F1">\n
..\\..\\Library\\common_lib.h(81):     <style>\n
..\\..\\Library\\common_lib.h(81):     blockquote {font-family: tahoma; font-size : 10pt}\n
..\\..\\Library\\common_lib.h(81):     H1 {font-family: tahoma; font-size : 22pt; color: #993333}\n
..\\..\\Library\\common_lib.h(81):     H3 {font-family: tahoma; font-size : 10pt; color: black}\n
..\\..\\Library\\common_lib.h(81):     small {font-family: tahoma; font-size : 8pt}\n
..\\..\\Library\\common_lib.h(81):     </style>\n
..\\..\\Library\\common_lib.h(81):     <form method="post" action="/cgi-bin/login.pl" target="body">\n
..\\..\\Library\\common_lib.h(81):     <input type="hidden" name="userSession" value="133576.490400972ziHAitApHcftVccfpAttDf"/>\n
..\\..\\Library\\common_lib.h(81):     <table border="0"><tr><td>&nbsp;</td>\n
..\\..\\Library\\common_lib.h(81):     <td>&nbsp;</td></tr>\n
..\\..\\Library\\common_lib.h(81):     <tr><td>&nbsp;</td>\n
..\\..\\Library\\common_lib.h(81):     <td>&nbsp;</td></tr>\n
..\\..\\Library\\common_lib.h(81):     <tr><td>&nbsp;</td>\n
..\\..\\Library\\common_lib.h(81):     <td><small>&nbsp;Username</small></td></tr>\n
..\\..\\Library\\common_lib.h(81):     <tr><td>&nbsp;</td>\n
..\\..\\Library\\common_lib.h(81):     <td><input type="text" name="username" value="vase" size="14" maxlength="14"/></td></tr>\n
..\\..\\Library\\common_lib.h(81):     <tr><td>&nbsp;</td>\n
..\\..\\Library\\common_lib.h(81):     <td><small>&nbsp;Password</small></td>\n
..\\..\\Library\\common_lib.h(81):     <tr><td>&nbsp;</td>\n
..\\..\\Library\\common_lib.h(81):     <td><input type="password" name="password" value="68447799" size="14" maxlength="14"/></td
..\\..\\Library\\common_lib.h(81):     ></tr>\n
..\\..\\Library\\common_lib.h(81):     <tr><td>&nbsp;</td>\n
..\\..\\Library\\common_lib.h(81):     <td>&nbsp;</td></tr>\n
..\\..\\Library\\common_lib.h(81):     <tr><td>&nbsp;</td>\n
..\\..\\Library\\common_lib.h(81):     <td><input type="image" name="login" value="Login" alt="Login" border="1" \n
..\\..\\Library\\common_lib.h(81):     src="/WebTours/images/mer_login.gif"/></td></tr>\n
..\\..\\Library\\common_lib.h(81):     <tr><td>&nbsp;</td><td>&nbsp;</td></tr>\n
..\\..\\Library\\common_lib.h(81):     </table><input type="hidden" name="JSFormSubmit" value="off"/>\n
..\\..\\Library\\common_lib.h(81):     </form>\n
..\\..\\Library\\common_lib.h(81):     \n
..\\..\\Library\\common_lib.h(81):     </body>\n
..\\..\\Library\\common_lib.h(81):     </html>\n
..\\..\\Library\\common_lib.h(81): Resource "http://127.0.0.1:1080/WebTours/images/mer_login.gif" is in the cache already and will not be downloaded again  	[MsgId: MMSG-26655]
..\\..\\Library\\common_lib.h(81): t=343687ms: Request done "http://127.0.0.1:1080/cgi-bin/nav.pl?username=vase&password=68447799"  	[MsgId: MMSG-26000]
..\\..\\Library\\common_lib.h(81): t=343691ms: 216-byte response headers for "http://127.0.0.1:1080/cgi-bin/error.pl?error=badPassword" (RelFrameId=1.2, Internal ID=59)
..\\..\\Library\\common_lib.h(81):     HTTP/1.1 200 OK\r\n
..\\..\\Library\\common_lib.h(81):     Date: Sun, 03 Apr 2022 16:03:07 GMT\r\n
..\\..\\Library\\common_lib.h(81):     Server: Apache/2.2.21 (Win32)\r\n
..\\..\\Library\\common_lib.h(81):     Keep-Alive: timeout=5, max=100\r\n
..\\..\\Library\\common_lib.h(81):     Connection: Keep-Alive\r\n
..\\..\\Library\\common_lib.h(81):     Transfer-Encoding: chunked\r\n
..\\..\\Library\\common_lib.h(81):     Content-Type: text/html; charset=ISO-8859-1\r\n
..\\..\\Library\\common_lib.h(81):     \r\n
..\\..\\Library\\common_lib.h(81): t=343691ms: 5-byte chunked response overhead for "http://127.0.0.1:1080/cgi-bin/error.pl?error=badPassword" (RelFrameId=1.2, Internal ID=59)
..\\..\\Library\\common_lib.h(81):     406\r\n
..\\..\\Library\\common_lib.h(81): t=343691ms: 7-byte chunked response overhead for "http://127.0.0.1:1080/cgi-bin/error.pl?error=badPassword" (RelFrameId=1.2, Internal ID=59)
..\\..\\Library\\common_lib.h(81):     \r\n
..\\..\\Library\\common_lib.h(81):     0\r\n
..\\..\\Library\\common_lib.h(81):     \r\n
..\\..\\Library\\common_lib.h(81): t=343691ms: 1030-byte chunked response body for "http://127.0.0.1:1080/cgi-bin/error.pl?error=badPassword" (RelFrameId=1.2, Internal ID=59)
..\\..\\Library\\common_lib.h(81):     <!DOCTYPE html\n
..\\..\\Library\\common_lib.h(81):     \tPUBLIC "-//W3C//DTD XHTML 1.0 Transitional//EN"\n
..\\..\\Library\\common_lib.h(81):     \t "http://www.w3.org/TR/xhtml1/DTD/xhtml1-transitional.dtd">\n
..\\..\\Library\\common_lib.h(81):     <html xmlns="http://www.w3.org/1999/xhtml" lang="en-US" xml:lang="en-US">\n
..\\..\\Library\\common_lib.h(81):     <head>\n
..\\..\\Library\\common_lib.h(81):     <title>Web Tours Error - Incorrect Password</title>\n
..\\..\\Library\\common_lib.h(81):     <meta http-equiv="Content-Type" content="text/html; charset=iso-8859-1" />\n
..\\..\\Library\\common_lib.h(81):     </head>\n
..\\..\\Library\\common_lib.h(81):     <body bgcolor="#E0E7F1">\n
..\\..\\Library\\common_lib.h(81):     <style>blockquote {font-family: tahoma; font-size : 10pt}H1 {font-family: tahoma; font-siz
..\\..\\Library\\common_lib.h(81):     e : 22pt; color: #003366}small {font-family: tahoma; font-size : 8pt}H3 {font-family: taho
..\\..\\Library\\common_lib.h(81):     ma; font-size : 10pt; color: black}TD {font-family: tahoma; font-size : 8pt; color: black}
..\\..\\Library\\common_lib.h(81):     </style><BR><BR><h1>&nbsp;&nbsp;<b>Error</b></h1><blockquote><center><h3><font color=red>W
..\\..\\Library\\common_lib.h(81):     eb Tours Error - Incorrect Password</font></h3></center><blockquote>\n
..\\..\\Library\\common_lib.h(81):     The username/password combination you've entered is invalid.  \n
..\\..\\Library\\common_lib.h(81):      Please double check your entry.  If it still does not work, you might \n
..\\..\\Library\\common_lib.h(81):      need to re-register with our site. <p /> Thank you for your patience.\n
..\\..\\Library\\common_lib.h(81):     </blockquote>\n
..\\..\\Library\\common_lib.h(81):     </body>\n
..\\..\\Library\\common_lib.h(81):     </html>
..\\..\\Library\\common_lib.h(81): t=343692ms: Request done "http://127.0.0.1:1080/cgi-bin/error.pl?error=badPassword"  	[MsgId: MMSG-26000]
..\\..\\Library\\common_lib.h(81): Registered web_reg_find successful for "Text=Illegal Access"  	[MsgId: MMSG-26362]
..\\..\\Library\\common_lib.h(81): Error -26366: "Text=User password was correct" not found for web_reg_find  	[MsgId: MERR-26366]
..\\..\\Library\\common_lib.h(81): web_submit_data("login.pl") highest severity level was "ERROR", 2982 body bytes, 701 header bytes, 36 chunking overhead bytes  	[MsgId: MMSG-26387]
..\\..\\Library\\common_lib.h(81): Notify: Transaction "Login" ended with a "Fail" status (Duration: 13,1431 Think Time: 13,0050 Wasted Time: 0,0000).	[MsgId: MMSG-16870]
..\\..\\Library\\common_lib.h(81): Notify: Transaction "Login" has 1 error message(s).	[MsgId: MMSG-16818]
..\\..\\Library\\common_lib.h(81): Notify: The 1st error message associated with transaction "Login" is "Error -26366: "Text=User password was correct" not found for web_reg_find"	[MsgId: MMSG-16819]
..\\..\\Library\\common_lib.h(81): Notify: Transaction "02_OneWayTicketPurchase" ended with a "Fail" status (Duration: 13,2803 Think Time: 13,0050 Wasted Time: 0,0004).	[MsgId: MMSG-16870]
..\\..\\Library\\common_lib.h(81): Notify: Transaction "02_OneWayTicketPurchase" has 1 error message(s).	[MsgId: MMSG-16818]
..\\..\\Library\\common_lib.h(81): Notify: The 1st error message associated with transaction "02_OneWayTicketPurchase" is "Error -26366: "Text=User password was correct" not found for web_reg_find"	[MsgId: MMSG-16819]
Ending action Action.	[MsgId: MMSG-15918]
Action was aborted.	[MsgId: MMSG-10694]
Ending Vuser...	[MsgId: MMSG-15966]
Starting action vuser_end.	[MsgId: MMSG-15919]
Ending action vuser_end.	[MsgId: MMSG-15918]
Vuser Terminated.	[MsgId: MMSG-15963]
..\\..\\Library\\common_lib.h(81): t=343692ms: Closed connection [0] to 127.0.0.1:1080 after completing 1 request(s)  	[MsgId: MMSG-26000]
..\\..\\Library\\common_lib.h(81): t=343692ms: Closed connection [1] to 127.0.0.1:1080 after completing 1 request(s)  	[MsgId: MMSG-26000]
..\\..\\Library\\common_lib.h(81): t=343693ms: Closed connection [2] to 127.0.0.1:1080 after completing 1 request(s)  	[MsgId: MMSG-26000]
HTML-Mode memory management statistics: Reusable=7, NonReusable=0, CsMemBlockSize=4096, checks disabled  	[MsgId: MMSG-26000]
Vuser 3 (thread 2488), ended OK."	[MsgId: MMSG-10695]
..\\..\\Library\\common_lib.h(79): Notify: Transaction "Login" ended with a "Stop" status (Duration: 5,9413).	[MsgId: MMSG-16873]
..\\..\\Library\\common_lib.h(79): Notify: Transaction "02_OneWayTicketPurchase" ended with a "Stop" status (Duration: 6,0647 Wasted Time: 0,0003).	[MsgId: MMSG-16871]
Abort was called from an action.	[MsgId: MMSG-10447]
Ending Vuser...	[MsgId: MMSG-15966]
Starting action vuser_end.	[MsgId: MMSG-15919]
Ending action vuser_end.	[MsgId: MMSG-15918]
Vuser Terminated.	[MsgId: MMSG-15963]
..\\..\\Library\\common_lib.h(79): t=346511ms: Closed connection [0] to 127.0.0.1:1080 after completing 2 request(s)  	[MsgId: MMSG-26000]
..\\..\\Library\\common_lib.h(79): t=346511ms: Closed connection [1] to 127.0.0.1:1080 after completing 1 request(s)  	[MsgId: MMSG-26000]
..\\..\\Library\\common_lib.h(79): t=346511ms: Closed connection [2] to 127.0.0.1:1080 after completing 1 request(s)  	[MsgId: MMSG-26000]
HTML-Mode memory management statistics: Reusable=7, NonReusable=0, CsMemBlockSize=4096, checks disabled  	[MsgId: MMSG-26000]
Vuser 4 (thread 12180), ended OK."	[MsgId: MMSG-10695]
