..\\..\\Library\\common_lib.h(141):     o) Chrome/99.0.4844.82 Safari/537.36\r\n
..\\..\\Library\\common_lib.h(141):     Accept-Encoding: gzip, deflate, br\r\n
..\\..\\Library\\common_lib.h(141):     Accept-Language: ru-RU,ru;q=0.9,en-US;q=0.8,en;q=0.7\r\n
..\\..\\Library\\common_lib.h(141):     Accept: */*\r\n
..\\..\\Library\\common_lib.h(141):     Connection: Keep-Alive\r\n
..\\..\\Library\\common_lib.h(141):     Host: 127.0.0.1:1080\r\n
..\\..\\Library\\common_lib.h(141):     Cookie: MSO=SID&1649137851\r\n
..\\..\\Library\\common_lib.h(141):     \r\n
..\\..\\Library\\common_lib.h(141): t=2161647ms: 256-byte response headers for "http://127.0.0.1:1080/cgi-bin/nav.pl?in=home" (RelFrameId=1.1, Internal ID=119)
..\\..\\Library\\common_lib.h(141):     HTTP/1.1 200 OK\r\n
..\\..\\Library\\common_lib.h(141):     Date: Tue, 05 Apr 2022 05:50:51 GMT\r\n
..\\..\\Library\\common_lib.h(141):     Server: Apache/2.2.21 (Win32)\r\n
..\\..\\Library\\common_lib.h(141):     Expires: Mon, 04 Apr 2022 05:50:51 GMT\r\n
..\\..\\Library\\common_lib.h(141):     Keep-Alive: timeout=5, max=100\r\n
..\\..\\Library\\common_lib.h(141):     Connection: Keep-Alive\r\n
..\\..\\Library\\common_lib.h(141):     Transfer-Encoding: chunked\r\n
..\\..\\Library\\common_lib.h(141):     Content-Type: text/html; charset=ISO-8859-1\r\n
..\\..\\Library\\common_lib.h(141):     \r\n
..\\..\\Library\\common_lib.h(141): t=2161648ms: 5-byte chunked response overhead for "http://127.0.0.1:1080/cgi-bin/nav.pl?in=home" (RelFrameId=1.1, Internal ID=119)
..\\..\\Library\\common_lib.h(141):     5ce\r\n
..\\..\\Library\\common_lib.h(141): t=2161648ms: 2-byte chunked response overhead for "http://127.0.0.1:1080/cgi-bin/nav.pl?in=home" (RelFrameId=1.1, Internal ID=119)
..\\..\\Library\\common_lib.h(141):     \r\n
..\\..\\Library\\common_lib.h(141): t=2161648ms: 1486-byte chunked response body for "http://127.0.0.1:1080/cgi-bin/nav.pl?in=home" (RelFrameId=1.1, Internal ID=119)
..\\..\\Library\\common_lib.h(141):     <!DOCTYPE html\n
..\\..\\Library\\common_lib.h(141):     \tPUBLIC "-//W3C//DTD XHTML 1.0 Transitional//EN"\n
..\\..\\Library\\common_lib.h(141):     \t "http://www.w3.org/TR/xhtml1/DTD/xhtml1-transitional.dtd">\n
..\\..\\Library\\common_lib.h(141):     <html xmlns="http://www.w3.org/1999/xhtml" lang="en-US" xml:lang="en-US">\n
..\\..\\Library\\common_lib.h(141):     <head>\n
..\\..\\Library\\common_lib.h(141):     <title>Web Tours Navigation Bar</title>\n
..\\..\\Library\\common_lib.h(141):     <meta http-equiv="Content-Type" content="text/html; charset=iso-8859-1" />\n
..\\..\\Library\\common_lib.h(141):     </head>\n
..\\..\\Library\\common_lib.h(141):     <body bgcolor="#E0E7F1">\n
..\\..\\Library\\common_lib.h(141):     <style>\n
..\\..\\Library\\common_lib.h(141):     blockquote {font-family: tahoma; font-size : 10pt}\n
..\\..\\Library\\common_lib.h(141):     H1 {font-family: tahoma; font-size : 22pt; color: #993333}\n
..\\..\\Library\\common_lib.h(141):     H3 {font-family: tahoma; font-size : 10pt; color: black}\n
..\\..\\Library\\common_lib.h(141):     small {font-family: tahoma; font-size : 8pt}\n
..\\..\\Library\\common_lib.h(141):     </style>\n
..\\..\\Library\\common_lib.h(141):     <form method="post" action="/cgi-bin/login.pl" target="body">\n
..\\..\\Library\\common_lib.h(141):     <input type="hidden" name="userSession" value="133587.513244228ziHVtAHpHVcftVccipttzcHf"/>
..\\..\\Library\\common_lib.h(141):     \n
..\\..\\Library\\common_lib.h(141):     <table border="0"><tr><td>&nbsp;</td>\n
..\\..\\Library\\common_lib.h(141):     <td>&nbsp;</td></tr>\n
..\\..\\Library\\common_lib.h(141):     <tr><td>&nbsp;</td>\n
..\\..\\Library\\common_lib.h(141):     <td>&nbsp;</td></tr>\n
..\\..\\Library\\common_lib.h(141):     <tr><td>&nbsp;</td>\n
..\\..\\Library\\common_lib.h(141):     <td><small>&nbsp;Username</small></td></tr>\n
..\\..\\Library\\common_lib.h(141):     <tr><td>&nbsp;</td>\n
..\\..\\Library\\common_lib.h(141):     <td><input type="text" name="username" value="" size="14" maxlength="14"/></td></tr>\n
..\\..\\Library\\common_lib.h(141):     <tr><td>&nbsp;</td>\n
..\\..\\Library\\common_lib.h(141):     <td><small>&nbsp;Password</small></td>\n
..\\..\\Library\\common_lib.h(141):     <tr><td>&nbsp;</td>\n
..\\..\\Library\\common_lib.h(141):     <td><input type="password" name="password" value="" size="14" maxlength="14"/></td></tr>\n
..\\..\\Library\\common_lib.h(141):     <tr><td>&nbsp;</td>\n
..\\..\\Library\\common_lib.h(141):     <td>&nbsp;</td></tr>\n
..\\..\\Library\\common_lib.h(141):     <tr><td>&nbsp;</td>\n
..\\..\\Library\\common_lib.h(141):     <td><input type="image" name="login" value="Login" alt="Login" border="1" \n
..\\..\\Library\\common_lib.h(141):     src="/WebTours/images/mer_login.gif"/></td></tr>\n
..\\..\\Library\\common_lib.h(141):     <tr><td>&nbsp;</td><td>&nbsp;</td></tr>\n
..\\..\\Library\\common_lib.h(141):     </table><input type="hidden" name="JSFormSubmit" value="off"/>\n
..\\..\\Library\\common_lib.h(141):     </form>\n
..\\..\\Library\\common_lib.h(141):     \n
..\\..\\Library\\common_lib.h(141):     </body>\n
..\\..\\Library\\common_lib.h(141):     </html>\n
..\\..\\Library\\common_lib.h(141): Resource "http://127.0.0.1:1080/WebTours/images/mer_login.gif" is in the cache already and will not be downloaded again  	[MsgId: MMSG-26655]
..\\..\\Library\\common_lib.h(141): t=2161650ms: 5-byte chunked response overhead for "http://127.0.0.1:1080/cgi-bin/nav.pl?in=home" (RelFrameId=1.1, Internal ID=119)
..\\..\\Library\\common_lib.h(141):     0\r\n
..\\..\\Library\\common_lib.h(141):     \r\n
..\\..\\Library\\common_lib.h(141): t=2161650ms: Request done "http://127.0.0.1:1080/cgi-bin/nav.pl?in=home"  	[MsgId: MMSG-26000]
..\\..\\Library\\common_lib.h(141): Registered web_reg_find successful for "Text=Web Tours" (count=5)  	[MsgId: MMSG-26364]
..\\..\\Library\\common_lib.h(141): web_url("SignOff Button") was successful, 2172 body bytes, 584 header bytes, 24 chunking overhead bytes  	[MsgId: MMSG-26385]
..\\..\\Library\\common_lib.h(151): Notify: Transaction "Logout" ended with a "Pass" status (Duration: 7,0883 Think Time: 7,0111 Wasted Time: 0,0000).	[MsgId: MMSG-16870]
Action.c(221): Notify: Transaction "04_MultiplePassengerTicketPurchase" ended with a "Pass" status (Duration: 141,5848 Think Time: 141,0335 Wasted Time: 0,0006).	[MsgId: MMSG-16870]
Ending action Action.	[MsgId: MMSG-15918]
Action was aborted.	[MsgId: MMSG-10694]
Ending Vuser...	[MsgId: MMSG-15966]
Starting action vuser_end.	[MsgId: MMSG-15919]
Ending action vuser_end.	[MsgId: MMSG-15918]
Vuser Terminated.	[MsgId: MMSG-15963]
t=2161650ms: Closed connection [0] to 127.0.0.1:1080 after completing 1 request(s)  	[MsgId: MMSG-26000]
t=2161650ms: Closed connection [1] to 127.0.0.1:1080 after completing 1 request(s)  	[MsgId: MMSG-26000]
HTML-Mode memory management statistics: Reusable=7, NonReusable=0, CsMemBlockSize=4096, checks disabled  	[MsgId: MMSG-26000]
Vuser 14 (thread 11124), ended OK."	[MsgId: MMSG-10695]
Action.c(106): Notify: Transaction "Confirmation" started.	[MsgId: MMSG-16999]
Action.c(108): web_reg_find started  	[MsgId: MMSG-26355]
Action.c(108): Registering web_reg_find was successful  	[MsgId: MMSG-26390]
Action.c(111): Notify: Parameter Substitution: parameter "NoOfPassengers" =  "3"	[MsgId: MMSG-13992]
Action.c(144): Notify: Parameter Substitution: parameter "NoOfPassengers" =  "3"	[MsgId: MMSG-13992]
Action.c(178): Notify: Parameter Substitution: parameter "NoOfPassengers" =  "3"	[MsgId: MMSG-13992]
Action.c(180): web_submit_data("reservations.pl_3") started  	[MsgId: MMSG-26355]
Action.c(180): Notify: Next row for parameter userFirstName = 5 [table  = userFirstName].	[MsgId: MMSG-13876]
Action.c(180): Notify: Parameter Substitution: parameter "userFirstName" =  "James"	[MsgId: MMSG-13992]
Action.c(180): Notify: Next row for parameter userLastName = 5 [table  = userLastName].	[MsgId: MMSG-13876]
Action.c(180): Notify: Parameter Substitution: parameter "userLastName" =  "Obrien"	[MsgId: MMSG-13992]
Action.c(180): Notify: Next row for parameter userAddress = 5 [table  = userAddress].	[MsgId: MMSG-13876]
Action.c(180): Notify: Parameter Substitution: parameter "userAddress" =  "4481 Poplar Avenue"	[MsgId: MMSG-13992]
Action.c(180): Notify: Next row for parameter userCity = 5 [table  = userCity].	[MsgId: MMSG-13876]
Action.c(180): Notify: Parameter Substitution: parameter "userCity" =  "Imperial Beach"	[MsgId: MMSG-13992]
Action.c(180): Notify: Next row for parameter userPassengerNames_1 = 5 [table  = userPassengerNames_1].	[MsgId: MMSG-13876]
Action.c(180): Notify: Parameter Substitution: parameter "userPassengerNames_1" =  "JAMES_OBRIEN"	[MsgId: MMSG-13992]
Action.c(180): Notify: Parameter Substitution: parameter "userPassengerNames_2" =  "STEVEN_COX"	[MsgId: MMSG-13992]
Action.c(180): Notify: Parameter Substitution: parameter "userPassengerNames_3" =  "JULIE_WILLIAMS"	[MsgId: MMSG-13992]
Action.c(180): Notify: Next row for parameter userCreditCard = 5 [table  = userCreditCard].	[MsgId: MMSG-13876]
Action.c(180): Notify: Parameter Substitution: parameter "userCreditCard" =  "5404363699138957"	[MsgId: MMSG-13992]
Action.c(180): Notify: Next row for parameter userExpDate = 5 [table  = userExpDate].	[MsgId: MMSG-13876]
Action.c(180): Notify: Parameter Substitution: parameter "userExpDate" =  "05/25"	[MsgId: MMSG-13992]
Action.c(180): Notify: Parameter Substitution: parameter "NoOfPassengers" =  "3"	[MsgId: MMSG-13992]
Action.c(180): Notify: Parameter Substitution: parameter "placeType" =  "Business"	[MsgId: MMSG-13992]
Action.c(180): Notify: Parameter Substitution: parameter "placePref" =  "Window"	[MsgId: MMSG-13992]
Action.c(180): Notify: Parameter Substitution: parameter "boundFlight" =  "453;737;04/06/2022"	[MsgId: MMSG-13992]
Action.c(180): Connection to 127.0.0.1:1080 closed after being inactive for 60 seconds, exceeding the "HTTP Keep-Alive timeout" Runtime Setting (60 seconds). URL="http://127.0.0.1:1080/cgi-bin/reservations.pl"  	[MsgId: MMSG-27647]
Action.c(180): t=2177574ms: Closed connection [0] to 127.0.0.1:1080 after completing 1 request(s)  	[MsgId: MMSG-26000]
Action.c(180): t=2177575ms: Connecting [0] to host 127.0.0.1:1080  	[MsgId: MMSG-26000]
Action.c(180): t=2177575ms: Connected socket [0] from 127.0.0.1:1946 to 127.0.0.1:1080 in 0 ms  	[MsgId: MMSG-26000]
Action.c(180): t=2177575ms: 928-byte request headers for "http://127.0.0.1:1080/cgi-bin/reservations.pl" (RelFrameId=1, Internal ID=116)
Action.c(180):     POST /cgi-bin/reservations.pl HTTP/1.1\r\n
Action.c(180):     Content-Type: application/x-www-form-urlencoded\r\n
Action.c(180):     Referer: http://127.0.0.1:1080/cgi-bin/reservations.pl\r\n
Action.c(180):     DNT: 1\r\n
Action.c(180):     Sec-Fetch-Dest: frame\r\n
Action.c(180):     Sec-Fetch-Mode: navigate\r\n
Action.c(180):     Sec-Fetch-Site: same-origin\r\n
Action.c(180):     Upgrade-Insecure-Requests: 1\r\n
Action.c(180):     sec-ch-ua: " Not A;Brand";v="99", "Chromium";v="99", "Google Chrome";v="99"\r\n
Action.c(180):     sec-ch-ua-mobile: ?0\r\n
Action.c(180):     sec-ch-ua-platform: "Windows"\r\n
Action.c(180):     Origin: http://127.0.0.1:1080\r\n
Action.c(180):     Sec-Fetch-User: ?1\r\n
Action.c(180):     User-Agent: Mozilla/5.0 (Windows NT 10.0; Win64; x64) AppleWebKit/537.36 (KHTML, like Geck
Action.c(180):     o) Chrome/99.0.4844.82 Safari/537.36\r\n
Action.c(180):     Accept-Encoding: gzip, deflate, br\r\n
Action.c(180):     Accept-Language: ru-RU,ru;q=0.9,en-US;q=0.8,en;q=0.7\r\n
Action.c(180):     Accept: */*\r\n
Action.c(180):     Connection: Keep-Alive\r\n
Action.c(180):     Host: 127.0.0.1:1080\r\n
Action.c(180):     Cookie: MSO=SID&1649137733; MTUserInfo=firstName&James&address2&Imperial%20Beach&username&
Action.c(180):     impertinent&hash&52&lastName&Obrien%0A&address1&4481%20Poplar%20Avenue&creditCard&&expDate
Action.c(180):     &%0A\r\n
Action.c(180):     Content-Length: 388\r\n
Action.c(180):     \r\n
Action.c(180): t=2177575ms: 388-byte request body for "http://127.0.0.1:1080/cgi-bin/reservations.pl" (RelFrameId=1, Internal ID=116)
Action.c(180):     firstName=James&lastName=Obrien&address1=4481+Poplar+Avenue&address2=Imperial+Beach&pass1=
Action.c(180):     JAMES_OBRIEN&pass2=STEVEN_COX&pass3=JULIE_WILLIAMS&creditCard=5404363699138957&expDate=05%
Action.c(180):     2F25&oldCCOption=&numPassengers=3&seatType=Business&seatPref=Window&outboundFlight=453%3B7
Action.c(180):     37%3B04%2F06%2F2022&advanceDiscount=0&returnFlight=&JSFormSubmit=off&buyFlights.x=58&buyFl
Action.c(180):     ights.y=11&.cgifields=saveCC
Action.c(180): t=2177618ms: 410-byte response headers for "http://127.0.0.1:1080/cgi-bin/reservations.pl" (RelFrameId=1, Internal ID=116)
Action.c(180):     HTTP/1.1 200 OK\r\n
Action.c(180):     Date: Tue, 05 Apr 2022 05:51:07 GMT\r\n
Action.c(180):     Server: Apache/2.2.21 (Win32)\r\n
Action.c(180):     Expires: Mon, 04 Apr 2022 05:51:07 GMT\r\n
Action.c(180):     Set-Cookie: MTUserInfo=firstName&James&username&impertinent&address2&Imperial%20Beach&hash
Action.c(180):     &52&address1&4481%20Poplar%20Avenue&lastName&Obrien%0A; path=/\r\n
Action.c(180):     Keep-Alive: timeout=5, max=100\r\n
Action.c(180):     Connection: Keep-Alive\r\n
Action.c(180):     Transfer-Encoding: chunked\r\n
Action.c(180):     Content-Type: text/html; charset=ISO-8859-1\r\n
Action.c(180):     \r\n
Action.c(180): t=2177618ms: 5-byte chunked response overhead for "http://127.0.0.1:1080/cgi-bin/reservations.pl" (RelFrameId=1, Internal ID=116)
Action.c(180):     9bf\r\n
Action.c(180): t=2177618ms: 2-byte chunked response overhead for "http://127.0.0.1:1080/cgi-bin/reservations.pl" (RelFrameId=1, Internal ID=116)
Action.c(180):     \r\n
Action.c(180): t=2177618ms: 2495-byte chunked response body for "http://127.0.0.1:1080/cgi-bin/reservations.pl" (RelFrameId=1, Internal ID=116)
Action.c(180):     <!DOCTYPE html\n
Action.c(180):     \tPUBLIC "-//W3C//DTD XHTML 1.0 Transitional//EN"\n
Action.c(180):     \t "http://www.w3.org/TR/xhtml1/DTD/xhtml1-transitional.dtd">\n
Action.c(180):     <html xmlns="http://www.w3.org/1999/xhtml" lang="en-US" xml:lang="en-US">\n
Action.c(180):     <head>\n
Action.c(180):     <title>Reservation Made!</title>\n
Action.c(180):     <meta http-equiv="Content-Type" content="text/html; charset=iso-8859-1" />\n
Action.c(180):     </head>\n
Action.c(180):     <body bgcolor="#E0E7F1">\n
Action.c(180):     <style>blockquote {font-family: tahoma; font-size : 10pt}H1 {font-family: tahoma; font-siz
Action.c(180):     e : 22pt; color: #993333}small {font-family: tahoma; font-size : 8pt}H3 {font-family: taho
Action.c(180):     ma; font-size : 10pt; color: black}TD {font-family: tahoma; font-size : 10pt; color: black
Action.c(180):     }</style><BR/><BR/><h1><font color="#003366">&nbsp;&nbsp;<b>Invoice</font></b></h1><blockq
Action.c(180):     uote>\n
Action.c(180):     <CENTER>\n
Action.c(180):     <small><B>Thank you for booking through Web Tours.</B></small>\n
Action.c(180):     <BR/>\n
Action.c(180):     <BR/>\n
Action.c(180):     <!-- Customer Name header -->\n
Action.c(180):     <Table width="85%" border="0" cellspacing="0" >\n
Action.c(180):       <TR bgcolor="#5E7884">\n
Action.c(180):          <TD colspan="2" align="center">\n
Action.c(180):             <font color="white"><b>JamesObrien's Flight Invoice</b></font>\n
Action.c(180):          </TD>\n
Action.c(180):          <TD width="160" align="right">\n
Action.c(180):              <font color="white"><small>Tue Apr  5 10:51:07 2022\n
Action.c(180):     </small>\n
Action.c(180):          </TD>\n
Action.c(180):       </TR>\n
Action.c(180):     </Table>\n
Action.c(180):     \n
Action.c(180):     <Table width="85%" border="0" cellspacing="1" >\n
Action.c(180):     <!-- Flight Item header -->\n
Action.c(180):       <TR bgcolor="#EFF2F7">\n
Action.c(180):          <TD colspan="2" align="left">\n
Action.c(180):              Flights Reservation Requests:\n
Action.c(180):         </TD>\n
Action.c(180):         <TD align="center">Cost\n
Action.c(180):         </TD>\n
Action.c(180):       </TR>\n
Action.c(180):     \n
Action.c(180):     <!-- Flight reserved -->\n
Action.c(180):     <TR bgcolor="#EFF2F7">\n
Action.c(180):         <TD valign="top">1.</TD>\n
Action.c(180):         <TD align="left">\n
Action.c(180):            <b><u>3 Business Class tickets from Paris to Portland.</u></b>\n
Action.c(180):     <br/>\n
Action.c(180):     <center>\n
Action.c(180):            <i>\n
Action.c(180):               04/06/2022 :  11pm : Flight 453 leaves Paris  for Portland.<br>\n
Action.c(180):            <br/>\n
Action.c(180):         </TD>\n
Action.c(180):         <TD valign="top">\n
Action.c(180):              $2211\n
Action.c(180):         </TD>\n
Action.c(180):       </TR>\n
Action.c(180):     <!-- Total Cost -->\n
Action.c(180):       <TR bgcolor="#EFF2F7">\n
Action.c(180):         <TD>*\n
Action.c(180):         </TD>\n
Action.c(180):         <TD > Total Cost\n
Action.c(180):         </TD>\n
Action.c(180):         <TD>\n
Action.c(180):            <b> $2211 </b>\n
Action.c(180):         </TD>\n
Action.c(180):       </TR>\n
Action.c(180):     \n
Action.c(180):       <TR bgcolor="#EFF2F7">\n
Action.c(180):         <TD>-\n
Action.c(180):         </TD>\n
Action.c(180):         <TD >\n
Action.c(180):            Total Charged to Credit Card # 5404363699138957\n
Action.c(180):         </TD>\n
Action.c(180):         <TD>\n
Action.c(180):            <b> $2211 </b>\n
Action.c(180):         </TD>\n
Action.c(180):       </TR>\n
Action.c(180):     \n
Action.c(180):       <TR bgcolor="#EFF2F7">\n
Action.c(180):         <TD>*\n
Action.c(180):         </TD>\n
Action.c(180):         <TD >\n
Action.c(180):             Credit Account Balance\n
Action.c(180):         </TD>\n
Action.c(180):         <TD>\n
Action.c(180):            <b> $0.00 </b>\n
Action.c(180):         </TD>\n
Action.c(180):       </TR></Table>\n
Action.c(180):     <BR/>\n
Action.c(180):     <Table width="85%" border="0">\n
Action.c(180):       <tr>\n
Action.c(180):         <td align=right>\n
Action.c(180):     <form method="post" action="" enctype="application/x-www-form-urlencoded">\n
Action.c(180):     <input type="image" name="Book Another" src="/WebTours/images/bookanother.gif" border="0" 
Action.c(180):     /></form>    </td>\n
Action.c(180):       </tr>\n
Action.c(180):     </Table>\n
Action.c(180):     \n
Action.c(180):     </Center>\n
Action.c(180):     \n
Action.c(180):     </body>\n
Action.c(180):     </html>
Action.c(180): Found resource "http://127.0.0.1:1080/WebTours/images/bookanother.gif" in HTML "http://127.0.0.1:1080/cgi-bin/reservations.pl"  	[MsgId: MMSG-26659]
Action.c(180): t=2177620ms: Connecting [1] to host 127.0.0.1:1080  	[MsgId: MMSG-26000]
Action.c(180): t=2177621ms: 5-byte chunked response overhead for "http://127.0.0.1:1080/cgi-bin/reservations.pl" (RelFrameId=1, Internal ID=116)
Action.c(180):     0\r\n
Action.c(180):     \r\n
Action.c(180): t=2177621ms: Request done "http://127.0.0.1:1080/cgi-bin/reservations.pl"  	[MsgId: MMSG-26000]
Action.c(180): t=2177621ms: Connected socket [1] from 127.0.0.1:1947 to 127.0.0.1:1080 in 1 ms  	[MsgId: MMSG-26000]
Action.c(180): t=2177621ms: 841-byte request headers for "http://127.0.0.1:1080/WebTours/images/bookanother.gif" (RelFrameId=, Internal ID=117)
Action.c(180):     GET /WebTours/images/bookanother.gif HTTP/1.1\r\n
Action.c(180):     Referer: http://127.0.0.1:1080/cgi-bin/reservations.pl\r\n
Action.c(180):     DNT: 1\r\n
Action.c(180):     Sec-Fetch-Dest: frame\r\n
Action.c(180):     Sec-Fetch-Mode: navigate\r\n
Action.c(180):     Sec-Fetch-Site: same-origin\r\n
Action.c(180):     Upgrade-Insecure-Requests: 1\r\n
Action.c(180):     sec-ch-ua: " Not A;Brand";v="99", "Chromium";v="99", "Google Chrome";v="99"\r\n
Action.c(180):     sec-ch-ua-mobile: ?0\r\n
Action.c(180):     sec-ch-ua-platform: "Windows"\r\n
Action.c(180):     Origin: http://127.0.0.1:1080\r\n
Action.c(180):     Sec-Fetch-User: ?1\r\n
Action.c(180):     User-Agent: Mozilla/5.0 (Windows NT 10.0; Win64; x64) AppleWebKit/537.36 (KHTML, like Geck
Action.c(180):     o) Chrome/99.0.4844.82 Safari/537.36\r\n
Action.c(180):     Accept-Encoding: gzip, deflate, br\r\n
Action.c(180):     Accept-Language: ru-RU,ru;q=0.9,en-US;q=0.8,en;q=0.7\r\n
Action.c(180):     Accept: */*\r\n
Action.c(180):     Connection: Keep-Alive\r\n
Action.c(180):     Host: 127.0.0.1:1080\r\n
Action.c(180):     Cookie: MSO=SID&1649137733; MTUserInfo=firstName&James&username&impertinent&address2&Imper
Action.c(180):     ial%20Beach&hash&52&address1&4481%20Poplar%20Avenue&lastName&Obrien%0A\r\n
Action.c(180):     \r\n
Action.c(180): t=2177622ms: 298-byte response headers for "http://127.0.0.1:1080/WebTours/images/bookanother.gif" (RelFrameId=, Internal ID=117)
Action.c(180):     HTTP/1.1 200 OK\r\n
Action.c(180):     Date: Tue, 05 Apr 2022 05:51:07 GMT\r\n
Action.c(180):     Server: Apache/2.2.21 (Win32)\r\n
Action.c(180):     Last-Modified: Sat, 26 Mar 2022 07:29:11 GMT\r\n
Action.c(180):     ETag: "600000001c673-326-5db1a0915b123"\r\n
Action.c(180):     Accept-Ranges: bytes\r\n
Action.c(180):     Content-Length: 806\r\n
Action.c(180):     Keep-Alive: timeout=5, max=100\r\n
Action.c(180):     Connection: Keep-Alive\r\n
Action.c(180):     Content-Type: image/gif\r\n
Action.c(180):     \r\n
Action.c(180): t=2177622ms: 806-byte response body for "http://127.0.0.1:1080/WebTours/images/bookanother.gif" (RelFrameId=, Internal ID=117)
Action.c(180): t=2177622ms: Request done "http://127.0.0.1:1080/WebTours/images/bookanother.gif"  	[MsgId: MMSG-26000]
Action.c(180): Registered web_reg_find successful for "Text=Thank you for booking through Web Tours" (count=1)  	[MsgId: MMSG-26364]
Action.c(180): web_submit_data("reservations.pl_3") was successful, 3301 body bytes, 708 header bytes, 12 chunking overhead bytes  	[MsgId: MMSG-26385]
Action.c(213): Notify: Transaction "Confirmation" ended with a "Pass" status (Duration: 0,0493 Wasted Time: 0,0000).	[MsgId: MMSG-16871]
..\\..\\Library\\common_lib.h(129): Notify: Transaction "Logout" started.	[MsgId: MMSG-16999]
..\\..\\Library\\common_lib.h(131): web_reg_find started  	[MsgId: MMSG-26355]
..\\..\\Library\\common_lib.h(131): Registering web_reg_find was successful  	[MsgId: MMSG-26390]
..\\..\\Library\\common_lib.h(134): web_remove_auto_header("Sec-Fetch-User") started  	[MsgId: MMSG-26355]
..\\..\\Library\\common_lib.h(134): Previous automatically added web header for "Sec-Fetch-User" removed  	[MsgId: MMSG-26587]
..\\..\\Library\\common_lib.h(134): web_remove/revert_auto_header("Sec-Fetch-User") was successful  	[MsgId: MMSG-26392]
..\\..\\Library\\common_lib.h(136): web_add_header("Upgrade-Insecure-Requests") started  	[MsgId: MMSG-26355]
..\\..\\Library\\common_lib.h(136): An unrecognized header ("Upgrade-Insecure-Requests") is being added  	[MsgId: MMSG-26595]
..\\..\\Library\\common_lib.h(136): "Upgrade-Insecure-Requests: 1" header registered for adding to requests from the immediately following Action function  	[MsgId: MMSG-26506]
..\\..\\Library\\common_lib.h(136): web_add_header("Upgrade-Insecure-Requests") was successful  	[MsgId: MMSG-26392]
..\\..\\Library\\common_lib.h(139): lr_think_time: 7,00 seconds.	[MsgId: MMSG-15948]
..\\..\\Library\\common_lib.h(141): web_url("SignOff Button") started  	[MsgId: MMSG-26355]
..\\..\\Library\\common_lib.h(141): t=2184627ms: Closed connection [0] to 127.0.0.1:1080 after completing 1 request(s)  	[MsgId: MMSG-26000]
..\\..\\Library\\common_lib.h(141): t=2184627ms: Connecting [0] to host 127.0.0.1:1080  	[MsgId: MMSG-26000]
..\\..\\Library\\common_lib.h(141): t=2184628ms: Connected socket [0] from 127.0.0.1:1950 to 127.0.0.1:1080 in 1 ms  	[MsgId: MMSG-26000]
..\\..\\Library\\common_lib.h(141): t=2184628ms: 830-byte request headers for "http://127.0.0.1:1080/cgi-bin/welcome.pl?signOff=1" (RelFrameId=1, Internal ID=118)
..\\..\\Library\\common_lib.h(141):     GET /cgi-bin/welcome.pl?signOff=1 HTTP/1.1\r\n
..\\..\\Library\\common_lib.h(141):     Referer: http://127.0.0.1:1080/cgi-bin/nav.pl?page=menu&in=flights\r\n
..\\..\\Library\\common_lib.h(141):     Upgrade-Insecure-Requests: 1\r\n
..\\..\\Library\\common_lib.h(141):     DNT: 1\r\n
..\\..\\Library\\common_lib.h(141):     Sec-Fetch-Dest: frame\r\n
..\\..\\Library\\common_lib.h(141):     Sec-Fetch-Mode: navigate\r\n
..\\..\\Library\\common_lib.h(141):     Sec-Fetch-Site: same-origin\r\n
..\\..\\Library\\common_lib.h(141):     sec-ch-ua: " Not A;Brand";v="99", "Chromium";v="99", "Google Chrome";v="99"\r\n
..\\..\\Library\\common_lib.h(141):     sec-ch-ua-mobile: ?0\r\n
..\\..\\Library\\common_lib.h(141):     sec-ch-ua-platform: "Windows"\r\n
..\\..\\Library\\common_lib.h(141):     Origin: http://127.0.0.1:1080\r\n
..\\..\\Library\\common_lib.h(141):     User-Agent: Mozilla/5.0 (Windows NT 10.0; Win64; x64) AppleWebKit/537.36 (KHTML, like Geck
..\\..\\Library\\common_lib.h(141):     o) Chrome/99.0.4844.82 Safari/537.36\r\n
..\\..\\Library\\common_lib.h(141):     Accept-Encoding: gzip, deflate, br\r\n
..\\..\\Library\\common_lib.h(141):     Accept-Language: ru-RU,ru;q=0.9,en-US;q=0.8,en;q=0.7\r\n
..\\..\\Library\\common_lib.h(141):     Accept: */*\r\n
..\\..\\Library\\common_lib.h(141):     Connection: Keep-Alive\r\n
..\\..\\Library\\common_lib.h(141):     Host: 127.0.0.1:1080\r\n
..\\..\\Library\\common_lib.h(141):     Cookie: MSO=SID&1649137733; MTUserInfo=firstName&James&username&impertinent&address2&Imper
..\\..\\Library\\common_lib.h(141):     ial%20Beach&hash&52&address1&4481%20Poplar%20Avenue&lastName&Obrien%0A\r\n
..\\..\\Library\\common_lib.h(141):     \r\n
..\\..\\Library\\common_lib.h(141): t=2184628ms: Inactive socket [1] was closed by 127.0.0.1:1080, probably due to Keep-Alive timeout  	[MsgId: MMSG-26000]
..\\..\\Library\\common_lib.h(141): t=2184628ms: Closed connection [1] to 127.0.0.1:1080 after completing 1 request(s)  	[MsgId: MMSG-26000]
..\\..\\Library\\common_lib.h(141): t=2184661ms: 328-byte response headers for "http://127.0.0.1:1080/cgi-bin/welcome.pl?signOff=1" (RelFrameId=1, Internal ID=118)
..\\..\\Library\\common_lib.h(141):     HTTP/1.1 200 OK\r\n
..\\..\\Library\\common_lib.h(141):     Date: Tue, 05 Apr 2022 05:51:14 GMT\r\n
..\\..\\Library\\common_lib.h(141):     Server: Apache/2.2.21 (Win32)\r\n
..\\..\\Library\\common_lib.h(141):     Set-Cookie: MSO=SID&1649137874; path=/\r\n
..\\..\\Library\\common_lib.h(141):     Set-Cookie: MTUserInfo=; path=/; expires=Mon, 04-Apr-2022 05:51:14 GMT\r\n
..\\..\\Library\\common_lib.h(141):     Keep-Alive: timeout=5, max=100\r\n
..\\..\\Library\\common_lib.h(141):     Connection: Keep-Alive\r\n
..\\..\\Library\\common_lib.h(141):     Transfer-Encoding: chunked\r\n
..\\..\\Library\\common_lib.h(141):     Content-Type: text/html; charset=ISO-8859-1\r\n
..\\..\\Library\\common_lib.h(141):     \r\n
..\\..\\Library\\common_lib.h(141): t=2184661ms: 5-byte chunked response overhead for "http://127.0.0.1:1080/cgi-bin/welcome.pl?signOff=1" (RelFrameId=1, Internal ID=118)
..\\..\\Library\\common_lib.h(141):     2ae\r\n
..\\..\\Library\\common_lib.h(141): t=2184661ms: 2-byte chunked response overhead for "http://127.0.0.1:1080/cgi-bin/welcome.pl?signOff=1" (RelFrameId=1, Internal ID=118)
..\\..\\Library\\common_lib.h(141):     \r\n
..\\..\\Library\\common_lib.h(141): t=2184661ms: 686-byte chunked response body for "http://127.0.0.1:1080/cgi-bin/welcome.pl?signOff=1" (RelFrameId=1, Internal ID=118)
..\\..\\Library\\common_lib.h(141):     <!-- \n
..\\..\\Library\\common_lib.h(141):      A Session ID has been created and loaded into a cookie called MSO.\n
..\\..\\Library\\common_lib.h(141):      Also, the server options have been loaded into the cookie called\n
..\\..\\Library\\common_lib.h(141):      MSO as well.  The server options can be set via the Admin page.\n
..\\..\\Library\\common_lib.h(141):      --->\n
..\\..\\Library\\common_lib.h(141):     \n
..\\..\\Library\\common_lib.h(141):     <html>\n
..\\..\\Library\\common_lib.h(141):     <title>Web Tours</title>\n
..\\..\\Library\\common_lib.h(141):        <!-- Frame Set -->\n
..\\..\\Library\\common_lib.h(141):        <frameset cols="160,*" border="1" frameborder="1">\n
..\\..\\Library\\common_lib.h(141):           <!-- Navigation Frame -->\n
..\\..\\Library\\common_lib.h(141):           <frame src="nav.pl?in=home" name="navbar" marginheight="2" marginwidth="2" \n
..\\..\\Library\\common_lib.h(141):                 noresize="noresize" scrolling="auto"/>\n
..\\..\\Library\\common_lib.h(141):           <!-- Home Frame -->\n
..\\..\\Library\\common_lib.h(141):           <frame src="/WebTours/home.html" name="info" marginheight="2" marginwidth="2" \n
..\\..\\Library\\common_lib.h(141):                 noresize="noresize" scrolling="auto"/>\n
..\\..\\Library\\common_lib.h(141):        </frameset>\n
..\\..\\Library\\common_lib.h(141):     </html>\n
..\\..\\Library\\common_lib.h(141):     \n
..\\..\\Library\\common_lib.h(141):     </body>\n
..\\..\\Library\\common_lib.h(141):     </html>
..\\..\\Library\\common_lib.h(141): Detected non-resource "http://127.0.0.1:1080/cgi-bin/nav.pl?in=home" in "http://127.0.0.1:1080/cgi-bin/welcome.pl?signOff=1"  	[MsgId: MMSG-26574]
..\\..\\Library\\common_lib.h(141): Detected non-resource "http://127.0.0.1:1080/WebTours/home.html" in "http://127.0.0.1:1080/cgi-bin/welcome.pl?signOff=1"  	[MsgId: MMSG-26574]
..\\..\\Library\\common_lib.h(141): Retrieving data from cache for "http://127.0.0.1:1080/WebTours/home.html"  	[MsgId: MMSG-26558]
..\\..\\Library\\common_lib.h(141): t=2184662ms: 1361-byte response body retrieved from cache for "http://127.0.0.1:1080/WebTours/home.html" (RelFrameId=1.2, Internal ID=120)
..\\..\\Library\\common_lib.h(141):     <HTML>\n
..\\..\\Library\\common_lib.h(141):     <HEAD>\n
..\\..\\Library\\common_lib.h(141):     \t<title>Web Tours</title>\n
..\\..\\Library\\common_lib.h(141):     </HEAD>\n
..\\..\\Library\\common_lib.h(141):     <style>\n
..\\..\\Library\\common_lib.h(141):     \tblockquote {font-family: tahoma; font-size : 10pt}\n
..\\..\\Library\\common_lib.h(141):     \tH1 {font-family: tahoma; font-size : 22pt; color: #003366}\n
..\\..\\Library\\common_lib.h(141):     \tsmall {font-family: tahoma; font-size : 8pt}\n
..\\..\\Library\\common_lib.h(141):     \tH3{font-family: tahoma; font-size : 10pt; color: black}\n
..\\..\\Library\\common_lib.h(141):     \tA {FONT-WEIGHT: bold; FONT-SIZE: 10pt; COLOR: black; FONT-FAMILY: Tahoma; TEXT-DECORATIO
..\\..\\Library\\common_lib.h(141):     N: none}\n
..\\..\\Library\\common_lib.h(141):     \tA:hover{ FONT-WEIGHT: bold; FONT-SIZE: 10pt; COLOR: #993333; FONT-FAMILY: Tahoma;TEXT-DE
..\\..\\Library\\common_lib.h(141):     CORATION: underline}\n
..\\..\\Library\\common_lib.h(141):     \tTD {font-family: tahoma; font-size : 10pt; color: black}\n
..\\..\\Library\\common_lib.h(141):     </style>\n
..\\..\\Library\\common_lib.h(141):     <body bgcolor="#e0e7f1">\n
..\\..\\Library\\common_lib.h(141):     <BR/>\n
..\\..\\Library\\common_lib.h(141):     <BR/>\n
..\\..\\Library\\common_lib.h(141):     <BR/>\n
..\\..\\Library\\common_lib.h(141):     <br/>\n
..\\..\\Library\\common_lib.h(141):     <table border="0">\n
..\\..\\Library\\common_lib.h(141):     <tr><td></td></tr>\n
..\\..\\Library\\common_lib.h(141):     <TR><TD></TD></TR>\n
..\\..\\Library\\common_lib.h(141):     <TR><TD>\n
..\\..\\Library\\common_lib.h(141):     <blockquote>\n
..\\..\\Library\\common_lib.h(141):     <H1><b>Web Tours</b></H1>\n
..\\..\\Library\\common_lib.h(141):     Welcome to the Web Tours site.\n
..\\..\\Library\\common_lib.h(141):     <br/>\n
..\\..\\Library\\common_lib.h(141):     To make reservations,please enter your account information to the left.\n
..\\..\\Library\\common_lib.h(141):     <br/>\n
..\\..\\Library\\common_lib.h(141):     If you haven't registered yet, <A href="/cgi-bin/login.pl?username=&amp;password=&amp;getI
..\\..\\Library\\common_lib.h(141):     nfo=true" ><B>sign up now</B></A> to get access to all our resources.\n
..\\..\\Library\\common_lib.h(141):     <br/>\n
..\\..\\Library\\common_lib.h(141):     To configure the server options, use <A href="/cgi-bin/admin.pl" target="body" ><b>adminis
..\\..\\Library\\common_lib.h(141):     tration</b></A> link.\n
..\\..\\Library\\common_lib.h(141):     <br/><br/><br/><br/><br/><br/>\n
..\\..\\Library\\common_lib.h(141):     <br/><small>\n
..\\..\\Library\\common_lib.h(141):     This product uses parts of the SMT Kernel, Copyright (c) 1991-99 <A href="http://www.imati
..\\..\\Library\\common_lib.h(141):     x.com" target="new"><B><small>iMatix Corporation</small></B></A> \n
..\\..\\Library\\common_lib.h(141):     </small>\n
..\\..\\Library\\common_lib.h(141):     </blockquote></TD>\n
..\\..\\Library\\common_lib.h(141):     <TD></TD></TR>\n
..\\..\\Library\\common_lib.h(141):     </table>\n
..\\..\\Library\\common_lib.h(141):     </body>\n
..\\..\\Library\\common_lib.h(141):     </HTML>\n
..\\..\\Library\\common_lib.h(141): t=2184663ms: Connecting [1] to host 127.0.0.1:1080  	[MsgId: MMSG-26000]
..\\..\\Library\\common_lib.h(141): t=2184664ms: 5-byte chunked response overhead for "http://127.0.0.1:1080/cgi-bin/welcome.pl?signOff=1" (RelFrameId=1, Internal ID=118)
..\\..\\Library\\common_lib.h(141):     0\r\n
..\\..\\Library\\common_lib.h(141):     \r\n
..\\..\\Library\\common_lib.h(141): t=2184664ms: Request done "http://127.0.0.1:1080/cgi-bin/welcome.pl?signOff=1"  	[MsgId: MMSG-26000]
..\\..\\Library\\common_lib.h(141): t=2184664ms: Connected socket [1] from 127.0.0.1:1951 to 127.0.0.1:1080 in 1 ms  	[MsgId: MMSG-26000]
..\\..\\Library\\common_lib.h(141): t=2184664ms: 683-byte request headers for "http://127.0.0.1:1080/cgi-bin/nav.pl?in=home" (RelFrameId=1.1, Internal ID=119)
..\\..\\Library\\common_lib.h(141):     GET /cgi-bin/nav.pl?in=home HTTP/1.1\r\n
..\\..\\Library\\common_lib.h(141):     Referer: http://127.0.0.1:1080/cgi-bin/welcome.pl?signOff=1\r\n
..\\..\\Library\\common_lib.h(141):     Upgrade-Insecure-Requests: 1\r\n
..\\..\\Library\\common_lib.h(141):     DNT: 1\r\n
..\\..\\Library\\common_lib.h(141):     Sec-Fetch-Dest: frame\r\n
..\\..\\Library\\common_lib.h(141):     Sec-Fetch-Mode: navigate\r\n
..\\..\\Library\\common_lib.h(141):     Sec-Fetch-Site: same-origin\r\n
..\\..\\Library\\common_lib.h(141):     sec-ch-ua: " Not A;Brand";v="99", "Chromium";v="99", "Google Chrome";v="99"\r\n
..\\..\\Library\\common_lib.h(141):     sec-ch-ua-mobile: ?0\r\n
..\\..\\Library\\common_lib.h(141):     sec-ch-ua-platform: "Windows"\r\n
..\\..\\Library\\common_lib.h(141):     Origin: http://127.0.0.1:1080\r\n
..\\..\\Library\\common_lib.h(141):     User-Agent: Mozilla/5.0 (Windows NT 10.0; Win64; x64) AppleWebKit/537.36 (KHTML, like Geck
..\\..\\Library\\common_lib.h(141):     o) Chrome/99.0.4844.82 Safari/537.36\r\n
..\\..\\Library\\common_lib.h(141):     Accept-Encoding: gzip, deflate, br\r\n
..\\..\\Library\\common_lib.h(141):     Accept-Language: ru-RU,ru;q=0.9,en-US;q=0.8,en;q=0.7\r\n
..\\..\\Library\\common_lib.h(141):     Accept: */*\r\n
..\\..\\Library\\common_lib.h(141):     Connection: Keep-Alive\r\n
..\\..\\Library\\common_lib.h(141):     Host: 127.0.0.1:1080\r\n
..\\..\\Library\\common_lib.h(141):     Cookie: MSO=SID&1649137874\r\n
..\\..\\Library\\common_lib.h(141):     \r\n
..\\..\\Library\\common_lib.h(141): t=2184697ms: 256-byte response headers for "http://127.0.0.1:1080/cgi-bin/nav.pl?in=home" (RelFrameId=1.1, Internal ID=119)
..\\..\\Library\\common_lib.h(141):     HTTP/1.1 200 OK\r\n
..\\..\\Library\\common_lib.h(141):     Date: Tue, 05 Apr 2022 05:51:14 GMT\r\n
..\\..\\Library\\common_lib.h(141):     Server: Apache/2.2.21 (Win32)\r\n
..\\..\\Library\\common_lib.h(141):     Expires: Mon, 04 Apr 2022 05:51:14 GMT\r\n
..\\..\\Library\\common_lib.h(141):     Keep-Alive: timeout=5, max=100\r\n
..\\..\\Library\\common_lib.h(141):     Connection: Keep-Alive\r\n
..\\..\\Library\\common_lib.h(141):     Transfer-Encoding: chunked\r\n
..\\..\\Library\\common_lib.h(141):     Content-Type: text/html; charset=ISO-8859-1\r\n
..\\..\\Library\\common_lib.h(141):     \r\n
..\\..\\Library\\common_lib.h(141): t=2184698ms: 5-byte chunked response overhead for "http://127.0.0.1:1080/cgi-bin/nav.pl?in=home" (RelFrameId=1.1, Internal ID=119)
..\\..\\Library\\common_lib.h(141):     5d1\r\n
..\\..\\Library\\common_lib.h(141): t=2184698ms: 2-byte chunked response overhead for "http://127.0.0.1:1080/cgi-bin/nav.pl?in=home" (RelFrameId=1.1, Internal ID=119)
..\\..\\Library\\common_lib.h(141):     \r\n
..\\..\\Library\\common_lib.h(141): t=2184698ms: 1489-byte chunked response body for "http://127.0.0.1:1080/cgi-bin/nav.pl?in=home" (RelFrameId=1.1, Internal ID=119)
..\\..\\Library\\common_lib.h(141):     <!DOCTYPE html\n
..\\..\\Library\\common_lib.h(141):     \tPUBLIC "-//W3C//DTD XHTML 1.0 Transitional//EN"\n
..\\..\\Library\\common_lib.h(141):     \t "http://www.w3.org/TR/xhtml1/DTD/xhtml1-transitional.dtd">\n
..\\..\\Library\\common_lib.h(141):     <html xmlns="http://www.w3.org/1999/xhtml" lang="en-US" xml:lang="en-US">\n
..\\..\\Library\\common_lib.h(141):     <head>\n
..\\..\\Library\\common_lib.h(141):     <title>Web Tours Navigation Bar</title>\n
..\\..\\Library\\common_lib.h(141):     <meta http-equiv="Content-Type" content="text/html; charset=iso-8859-1" />\n
..\\..\\Library\\common_lib.h(141):     </head>\n
..\\..\\Library\\common_lib.h(141):     <body bgcolor="#E0E7F1">\n
..\\..\\Library\\common_lib.h(141):     <style>\n
..\\..\\Library\\common_lib.h(141):     blockquote {font-family: tahoma; font-size : 10pt}\n
..\\..\\Library\\common_lib.h(141):     H1 {font-family: tahoma; font-size : 22pt; color: #993333}\n
..\\..\\Library\\common_lib.h(141):     H3 {font-family: tahoma; font-size : 10pt; color: black}\n
..\\..\\Library\\common_lib.h(141):     small {font-family: tahoma; font-size : 8pt}\n
..\\..\\Library\\common_lib.h(141):     </style>\n
..\\..\\Library\\common_lib.h(141):     <form method="post" action="/cgi-bin/login.pl" target="body">\n
..\\..\\Library\\common_lib.h(141):     <input type="hidden" name="userSession" value="133587.515107331ziHVtAHpiAiDDDDDtVccipttzif
..\\..\\Library\\common_lib.h(141):     "/>\n
..\\..\\Library\\common_lib.h(141):     <table border="0"><tr><td>&nbsp;</td>\n
..\\..\\Library\\common_lib.h(141):     <td>&nbsp;</td></tr>\n
..\\..\\Library\\common_lib.h(141):     <tr><td>&nbsp;</td>\n
..\\..\\Library\\common_lib.h(141):     <td>&nbsp;</td></tr>\n
..\\..\\Library\\common_lib.h(141):     <tr><td>&nbsp;</td>\n
..\\..\\Library\\common_lib.h(141):     <td><small>&nbsp;Username</small></td></tr>\n
..\\..\\Library\\common_lib.h(141):     <tr><td>&nbsp;</td>\n
..\\..\\Library\\common_lib.h(141):     <td><input type="text" name="username" value="" size="14" maxlength="14"/></td></tr>\n
..\\..\\Library\\common_lib.h(141):     <tr><td>&nbsp;</td>\n
..\\..\\Library\\common_lib.h(141):     <td><small>&nbsp;Password</small></td>\n
..\\..\\Library\\common_lib.h(141):     <tr><td>&nbsp;</td>\n
..\\..\\Library\\common_lib.h(141):     <td><input type="password" name="password" value="" size="14" maxlength="14"/></td></tr>\n
..\\..\\Library\\common_lib.h(141):     <tr><td>&nbsp;</td>\n
..\\..\\Library\\common_lib.h(141):     <td>&nbsp;</td></tr>\n
..\\..\\Library\\common_lib.h(141):     <tr><td>&nbsp;</td>\n
..\\..\\Library\\common_lib.h(141):     <td><input type="image" name="login" value="Login" alt="Login" border="1" \n
..\\..\\Library\\common_lib.h(141):     src="/WebTours/images/mer_login.gif"/></td></tr>\n
..\\..\\Library\\common_lib.h(141):     <tr><td>&nbsp;</td><td>&nbsp;</td></tr>\n
..\\..\\Library\\common_lib.h(141):     </table><input type="hidden" name="JSFormSubmit" value="off"/>\n
..\\..\\Library\\common_lib.h(141):     </form>\n
..\\..\\Library\\common_lib.h(141):     \n
..\\..\\Library\\common_lib.h(141):     </body>\n
..\\..\\Library\\common_lib.h(141):     </html>\n
..\\..\\Library\\common_lib.h(141): Resource "http://127.0.0.1:1080/WebTours/images/mer_login.gif" is in the cache already and will not be downloaded again  	[MsgId: MMSG-26655]
..\\..\\Library\\common_lib.h(141): t=2184700ms: 5-byte chunked response overhead for "http://127.0.0.1:1080/cgi-bin/nav.pl?in=home" (RelFrameId=1.1, Internal ID=119)
..\\..\\Library\\common_lib.h(141):     0\r\n
..\\..\\Library\\common_lib.h(141):     \r\n
..\\..\\Library\\common_lib.h(141): t=2184700ms: Request done "http://127.0.0.1:1080/cgi-bin/nav.pl?in=home"  	[MsgId: MMSG-26000]
..\\..\\Library\\common_lib.h(141): Registered web_reg_find successful for "Text=Web Tours" (count=5)  	[MsgId: MMSG-26364]
..\\..\\Library\\common_lib.h(141): web_url("SignOff Button") was successful, 2175 body bytes, 584 header bytes, 24 chunking overhead bytes  	[MsgId: MMSG-26385]
..\\..\\Library\\common_lib.h(151): Notify: Transaction "Logout" ended with a "Pass" status (Duration: 7,0774 Think Time: 7,0039 Wasted Time: 0,0000).	[MsgId: MMSG-16870]
Action.c(221): Notify: Transaction "04_MultiplePassengerTicketPurchase" ended with a "Pass" status (Duration: 141,5700 Think Time: 141,0325 Wasted Time: 0,0006).	[MsgId: MMSG-16870]
Ending action Action.	[MsgId: MMSG-15918]
Action was aborted.	[MsgId: MMSG-10694]
Ending Vuser...	[MsgId: MMSG-15966]
Starting action vuser_end.	[MsgId: MMSG-15919]
Ending action vuser_end.	[MsgId: MMSG-15918]
Vuser Terminated.	[MsgId: MMSG-15963]
t=2184700ms: Closed connection [0] to 127.0.0.1:1080 after completing 1 request(s)  	[MsgId: MMSG-26000]
t=2184700ms: Closed connection [1] to 127.0.0.1:1080 after completing 1 request(s)  	[MsgId: MMSG-26000]
HTML-Mode memory management statistics: Reusable=7, NonReusable=0, CsMemBlockSize=4096, checks disabled  	[MsgId: MMSG-26000]
Vuser 15 (thread 12004), ended OK."	[MsgId: MMSG-10695]
Action.c(106): Notify: Transaction "Confirmation" started.	[MsgId: MMSG-16999]
Action.c(108): web_reg_find started  	[MsgId: MMSG-26355]
Action.c(108): Registering web_reg_find was successful  	[MsgId: MMSG-26390]
Action.c(111): Notify: Parameter Substitution: parameter "NoOfPassengers" =  "2"	[MsgId: MMSG-13992]
Action.c(144): Notify: Parameter Substitution: parameter "NoOfPassengers" =  "2"	[MsgId: MMSG-13992]
Action.c(146): web_submit_data("reservations.pl_3") started  	[MsgId: MMSG-26355]
Action.c(146): Notify: Next row for parameter userFirstName = 5 [table  = userFirstName].	[MsgId: MMSG-13876]
Action.c(146): Notify: Parameter Substitution: parameter "userFirstName" =  "James"	[MsgId: MMSG-13992]
Action.c(146): Notify: Next row for parameter userLastName = 5 [table  = userLastName].	[MsgId: MMSG-13876]
Action.c(146): Notify: Parameter Substitution: parameter "userLastName" =  "Obrien"	[MsgId: MMSG-13992]
Action.c(146): Notify: Next row for parameter userAddress = 5 [table  = userAddress].	[MsgId: MMSG-13876]
Action.c(146): Notify: Parameter Substitution: parameter "userAddress" =  "4481 Poplar Avenue"	[MsgId: MMSG-13992]
Action.c(146): Notify: Next row for parameter userCity = 5 [table  = userCity].	[MsgId: MMSG-13876]
Action.c(146): Notify: Parameter Substitution: parameter "userCity" =  "Imperial Beach"	[MsgId: MMSG-13992]
Action.c(146): Notify: Next row for parameter userPassengerNames_1 = 5 [table  = userPassengerNames_1].	[MsgId: MMSG-13876]
Action.c(146): Notify: Parameter Substitution: parameter "userPassengerNames_1" =  "JAMES_OBRIEN"	[MsgId: MMSG-13992]
Action.c(146): Notify: Parameter Substitution: parameter "userPassengerNames_2" =  "STEVEN_COX"	[MsgId: MMSG-13992]
Action.c(146): Notify: Next row for parameter userCreditCard = 5 [table  = userCreditCard].	[MsgId: MMSG-13876]
Action.c(146): Notify: Parameter Substitution: parameter "userCreditCard" =  "5404363699138957"	[MsgId: MMSG-13992]
Action.c(146): Notify: Next row for parameter userExpDate = 5 [table  = userExpDate].	[MsgId: MMSG-13876]
Action.c(146): Notify: Parameter Substitution: parameter "userExpDate" =  "05/25"	[MsgId: MMSG-13992]
Action.c(146): Notify: Parameter Substitution: parameter "NoOfPassengers" =  "2"	[MsgId: MMSG-13992]
Action.c(146): Notify: Parameter Substitution: parameter "placeType" =  "Business"	[MsgId: MMSG-13992]
Action.c(146): Notify: Parameter Substitution: parameter "placePref" =  "Window"	[MsgId: MMSG-13992]
Action.c(146): Notify: Parameter Substitution: parameter "boundFlight" =  "452;852;04/06/2022"	[MsgId: MMSG-13992]
Action.c(146): Connection to 127.0.0.1:1080 closed after being inactive for 60 seconds, exceeding the "HTTP Keep-Alive timeout" Runtime Setting (60 seconds). URL="http://127.0.0.1:1080/cgi-bin/reservations.pl"  	[MsgId: MMSG-27647]
Action.c(146): t=2186945ms: Closed connection [0] to 127.0.0.1:1080 after completing 1 request(s)  	[MsgId: MMSG-26000]
Action.c(146): t=2186946ms: Connecting [0] to host 127.0.0.1:1080  	[MsgId: MMSG-26000]
Action.c(146): t=2186946ms: Connected socket [0] from 127.0.0.1:1953 to 127.0.0.1:1080 in 0 ms  	[MsgId: MMSG-26000]
Action.c(146): t=2186946ms: 928-byte request headers for "http://127.0.0.1:1080/cgi-bin/reservations.pl" (RelFrameId=1, Internal ID=116)
Action.c(146):     POST /cgi-bin/reservations.pl HTTP/1.1\r\n
Action.c(146):     Content-Type: application/x-www-form-urlencoded\r\n
Action.c(146):     Referer: http://127.0.0.1:1080/cgi-bin/reservations.pl\r\n
Action.c(146):     DNT: 1\r\n
Action.c(146):     Sec-Fetch-Dest: frame\r\n
Action.c(146):     Sec-Fetch-Mode: navigate\r\n
Action.c(146):     Sec-Fetch-Site: same-origin\r\n
Action.c(146):     Upgrade-Insecure-Requests: 1\r\n
Action.c(146):     sec-ch-ua: " Not A;Brand";v="99", "Chromium";v="99", "Google Chrome";v="99"\r\n
Action.c(146):     sec-ch-ua-mobile: ?0\r\n
Action.c(146):     sec-ch-ua-platform: "Windows"\r\n
Action.c(146):     Origin: http://127.0.0.1:1080\r\n
Action.c(146):     Sec-Fetch-User: ?1\r\n
Action.c(146):     User-Agent: Mozilla/5.0 (Windows NT 10.0; Win64; x64) AppleWebKit/537.36 (KHTML, like Geck
Action.c(146):     o) Chrome/99.0.4844.82 Safari/537.36\r\n
Action.c(146):     Accept-Encoding: gzip, deflate, br\r\n
Action.c(146):     Accept-Language: ru-RU,ru;q=0.9,en-US;q=0.8,en;q=0.7\r\n
Action.c(146):     Accept: */*\r\n
Action.c(146):     Connection: Keep-Alive\r\n
Action.c(146):     Host: 127.0.0.1:1080\r\n
Action.c(146):     Cookie: MSO=SID&1649137742; MTUserInfo=firstName&James&address2&Imperial%20Beach&username&
Action.c(146):     impertinent&hash&52&lastName&Obrien%0A&address1&4481%20Poplar%20Avenue&creditCard&&expDate
Action.c(146):     &%0A\r\n
Action.c(146):     Content-Length: 367\r\n
Action.c(146):     \r\n
Action.c(146): t=2186946ms: 367-byte request body for "http://127.0.0.1:1080/cgi-bin/reservations.pl" (RelFrameId=1, Internal ID=116)
Action.c(146):     firstName=James&lastName=Obrien&address1=4481+Poplar+Avenue&address2=Imperial+Beach&pass1=
Action.c(146):     JAMES_OBRIEN&pass2=STEVEN_COX&creditCard=5404363699138957&expDate=05%2F25&oldCCOption=&num
Action.c(146):     Passengers=2&seatType=Business&seatPref=Window&outboundFlight=452%3B852%3B04%2F06%2F2022&a
Action.c(146):     dvanceDiscount=0&returnFlight=&JSFormSubmit=off&buyFlights.x=58&buyFlights.y=11&.cgifields
Action.c(146):     =saveCC
Action.c(146): t=2186989ms: 410-byte response headers for "http://127.0.0.1:1080/cgi-bin/reservations.pl" (RelFrameId=1, Internal ID=116)
Action.c(146):     HTTP/1.1 200 OK\r\n
Action.c(146):     Date: Tue, 05 Apr 2022 05:51:16 GMT\r\n
Action.c(146):     Server: Apache/2.2.21 (Win32)\r\n
Action.c(146):     Expires: Mon, 04 Apr 2022 05:51:16 GMT\r\n
Action.c(146):     Set-Cookie: MTUserInfo=firstName&James&username&impertinent&address2&Imperial%20Beach&hash
Action.c(146):     &52&address1&4481%20Poplar%20Avenue&lastName&Obrien%0A; path=/\r\n
Action.c(146):     Keep-Alive: timeout=5, max=100\r\n
Action.c(146):     Connection: Keep-Alive\r\n
Action.c(146):     Transfer-Encoding: chunked\r\n
Action.c(146):     Content-Type: text/html; charset=ISO-8859-1\r\n
Action.c(146):     \r\n
Action.c(146): t=2186989ms: 5-byte chunked response overhead for "http://127.0.0.1:1080/cgi-bin/reservations.pl" (RelFrameId=1, Internal ID=116)
Action.c(146):     9be\r\n
Action.c(146): t=2186989ms: 2-byte chunked response overhead for "http://127.0.0.1:1080/cgi-bin/reservations.pl" (RelFrameId=1, Internal ID=116)
Action.c(146):     \r\n
Action.c(146): t=2186989ms: 2494-byte chunked response body for "http://127.0.0.1:1080/cgi-bin/reservations.pl" (RelFrameId=1, Internal ID=116)
Action.c(146):     <!DOCTYPE html\n
Action.c(146):     \tPUBLIC "-//W3C//DTD XHTML 1.0 Transitional//EN"\n
Action.c(146):     \t "http://www.w3.org/TR/xhtml1/DTD/xhtml1-transitional.dtd">\n
Action.c(146):     <html xmlns="http://www.w3.org/1999/xhtml" lang="en-US" xml:lang="en-US">\n
Action.c(146):     <head>\n
Action.c(146):     <title>Reservation Made!</title>\n
Action.c(146):     <meta http-equiv="Content-Type" content="text/html; charset=iso-8859-1" />\n
Action.c(146):     </head>\n
Action.c(146):     <body bgcolor="#E0E7F1">\n
Action.c(146):     <style>blockquote {font-family: tahoma; font-size : 10pt}H1 {font-family: tahoma; font-siz
Action.c(146):     e : 22pt; color: #993333}small {font-family: tahoma; font-size : 8pt}H3 {font-family: taho
Action.c(146):     ma; font-size : 10pt; color: black}TD {font-family: tahoma; font-size : 10pt; color: black
Action.c(146):     }</style><BR/><BR/><h1><font color="#003366">&nbsp;&nbsp;<b>Invoice</font></b></h1><blockq
Action.c(146):     uote>\n
Action.c(146):     <CENTER>\n
Action.c(146):     <small><B>Thank you for booking through Web Tours.</B></small>\n
Action.c(146):     <BR/>\n
Action.c(146):     <BR/>\n
Action.c(146):     <!-- Customer Name header -->\n
Action.c(146):     <Table width="85%" border="0" cellspacing="0" >\n
Action.c(146):       <TR bgcolor="#5E7884">\n
Action.c(146):          <TD colspan="2" align="center">\n
Action.c(146):             <font color="white"><b>JamesObrien's Flight Invoice</b></font>\n
Action.c(146):          </TD>\n
Action.c(146):          <TD width="160" align="right">\n
Action.c(146):              <font color="white"><small>Tue Apr  5 10:51:16 2022\n
Action.c(146):     </small>\n
Action.c(146):          </TD>\n
Action.c(146):       </TR>\n
Action.c(146):     </Table>\n
Action.c(146):     \n
Action.c(146):     <Table width="85%" border="0" cellspacing="1" >\n
Action.c(146):     <!-- Flight Item header -->\n
Action.c(146):       <TR bgcolor="#EFF2F7">\n
Action.c(146):          <TD colspan="2" align="left">\n
Action.c(146):              Flights Reservation Requests:\n
Action.c(146):         </TD>\n
Action.c(146):         <TD align="center">Cost\n
Action.c(146):         </TD>\n
Action.c(146):       </TR>\n
Action.c(146):     \n
Action.c(146):     <!-- Flight reserved -->\n
Action.c(146):     <TR bgcolor="#EFF2F7">\n
Action.c(146):         <TD valign="top">1.</TD>\n
Action.c(146):         <TD align="left">\n
Action.c(146):            <b><u>2 Business Class tickets from Paris to Portland.</u></b>\n
Action.c(146):     <br/>\n
Action.c(146):     <center>\n
Action.c(146):            <i>\n
Action.c(146):               04/06/2022 :  5pm : Flight 452 leaves Paris  for Portland.<br>\n
Action.c(146):            <br/>\n
Action.c(146):         </TD>\n
Action.c(146):         <TD valign="top">\n
Action.c(146):              $1704\n
Action.c(146):         </TD>\n
Action.c(146):       </TR>\n
Action.c(146):     <!-- Total Cost -->\n
Action.c(146):       <TR bgcolor="#EFF2F7">\n
Action.c(146):         <TD>*\n
Action.c(146):         </TD>\n
Action.c(146):         <TD > Total Cost\n
Action.c(146):         </TD>\n
Action.c(146):         <TD>\n
Action.c(146):            <b> $1704 </b>\n
Action.c(146):         </TD>\n
Action.c(146):       </TR>\n
Action.c(146):     \n
Action.c(146):       <TR bgcolor="#EFF2F7">\n
Action.c(146):         <TD>-\n
Action.c(146):         </TD>\n
Action.c(146):         <TD >\n
Action.c(146):            Total Charged to Credit Card # 5404363699138957\n
Action.c(146):         </TD>\n
Action.c(146):         <TD>\n
Action.c(146):            <b> $1704 </b>\n
Action.c(146):         </TD>\n
Action.c(146):       </TR>\n
Action.c(146):     \n
Action.c(146):       <TR bgcolor="#EFF2F7">\n
Action.c(146):         <TD>*\n
Action.c(146):         </TD>\n
Action.c(146):         <TD >\n
Action.c(146):             Credit Account Balance\n
Action.c(146):         </TD>\n
Action.c(146):         <TD>\n
Action.c(146):            <b> $0.00 </b>\n
Action.c(146):         </TD>\n
Action.c(146):       </TR></Table>\n
Action.c(146):     <BR/>\n
Action.c(146):     <Table width="85%" border="0">\n
Action.c(146):       <tr>\n
Action.c(146):         <td align=right>\n
Action.c(146):     <form method="post" action="" enctype="application/x-www-form-urlencoded">\n
Action.c(146):     <input type="image" name="Book Another" src="/WebTours/images/bookanother.gif" border="0" 
Action.c(146):     /></form>    </td>\n
Action.c(146):       </tr>\n
Action.c(146):     </Table>\n
Action.c(146):     \n
Action.c(146):     </Center>\n
Action.c(146):     \n
Action.c(146):     </body>\n
Action.c(146):     </html>
Action.c(146): Found resource "http://127.0.0.1:1080/WebTours/images/bookanother.gif" in HTML "http://127.0.0.1:1080/cgi-bin/reservations.pl"  	[MsgId: MMSG-26659]
Action.c(146): t=2186991ms: Connecting [1] to host 127.0.0.1:1080  	[MsgId: MMSG-26000]
Action.c(146): t=2186992ms: 5-byte chunked response overhead for "http://127.0.0.1:1080/cgi-bin/reservations.pl" (RelFrameId=1, Internal ID=116)
Action.c(146):     0\r\n
Action.c(146):     \r\n
Action.c(146): t=2186992ms: Request done "http://127.0.0.1:1080/cgi-bin/reservations.pl"  	[MsgId: MMSG-26000]
Action.c(146): t=2186992ms: Connected socket [1] from 127.0.0.1:1954 to 127.0.0.1:1080 in 1 ms  	[MsgId: MMSG-26000]
Action.c(146): t=2186992ms: 841-byte request headers for "http://127.0.0.1:1080/WebTours/images/bookanother.gif" (RelFrameId=, Internal ID=117)
Action.c(146):     GET /WebTours/images/bookanother.gif HTTP/1.1\r\n
Action.c(146):     Referer: http://127.0.0.1:1080/cgi-bin/reservations.pl\r\n
Action.c(146):     DNT: 1\r\n
Action.c(146):     Sec-Fetch-Dest: frame\r\n
Action.c(146):     Sec-Fetch-Mode: navigate\r\n
Action.c(146):     Sec-Fetch-Site: same-origin\r\n
Action.c(146):     Upgrade-Insecure-Requests: 1\r\n
Action.c(146):     sec-ch-ua: " Not A;Brand";v="99", "Chromium";v="99", "Google Chrome";v="99"\r\n
Action.c(146):     sec-ch-ua-mobile: ?0\r\n
Action.c(146):     sec-ch-ua-platform: "Windows"\r\n
Action.c(146):     Origin: http://127.0.0.1:1080\r\n
Action.c(146):     Sec-Fetch-User: ?1\r\n
Action.c(146):     User-Agent: Mozilla/5.0 (Windows NT 10.0; Win64; x64) AppleWebKit/537.36 (KHTML, like Geck
Action.c(146):     o) Chrome/99.0.4844.82 Safari/537.36\r\n
Action.c(146):     Accept-Encoding: gzip, deflate, br\r\n
Action.c(146):     Accept-Language: ru-RU,ru;q=0.9,en-US;q=0.8,en;q=0.7\r\n
Action.c(146):     Accept: */*\r\n
Action.c(146):     Connection: Keep-Alive\r\n
Action.c(146):     Host: 127.0.0.1:1080\r\n
Action.c(146):     Cookie: MSO=SID&1649137742; MTUserInfo=firstName&James&username&impertinent&address2&Imper
Action.c(146):     ial%20Beach&hash&52&address1&4481%20Poplar%20Avenue&lastName&Obrien%0A\r\n
Action.c(146):     \r\n
Action.c(146): t=2186993ms: 298-byte response headers for "http://127.0.0.1:1080/WebTours/images/bookanother.gif" (RelFrameId=, Internal ID=117)
Action.c(146):     HTTP/1.1 200 OK\r\n
Action.c(146):     Date: Tue, 05 Apr 2022 05:51:16 GMT\r\n
Action.c(146):     Server: Apache/2.2.21 (Win32)\r\n
Action.c(146):     Last-Modified: Sat, 26 Mar 2022 07:29:11 GMT\r\n
Action.c(146):     ETag: "600000001c673-326-5db1a0915b123"\r\n
Action.c(146):     Accept-Ranges: bytes\r\n
Action.c(146):     Content-Length: 806\r\n
Action.c(146):     Keep-Alive: timeout=5, max=100\r\n
Action.c(146):     Connection: Keep-Alive\r\n
Action.c(146):     Content-Type: image/gif\r\n
Action.c(146):     \r\n
Action.c(146): t=2186993ms: 806-byte response body for "http://127.0.0.1:1080/WebTours/images/bookanother.gif" (RelFrameId=, Internal ID=117)
Action.c(146): t=2186993ms: Request done "http://127.0.0.1:1080/WebTours/images/bookanother.gif"  	[MsgId: MMSG-26000]
Action.c(146): Registered web_reg_find successful for "Text=Thank you for booking through Web Tours" (count=1)  	[MsgId: MMSG-26364]
Action.c(146): web_submit_data("reservations.pl_3") was successful, 3300 body bytes, 708 header bytes, 12 chunking overhead bytes  	[MsgId: MMSG-26385]
Action.c(213): Notify: Transaction "Confirmation" ended with a "Pass" status (Duration: 0,0486 Wasted Time: 0,0000).	[MsgId: MMSG-16871]
..\\..\\Library\\common_lib.h(129): Notify: Transaction "Logout" started.	[MsgId: MMSG-16999]
..\\..\\Library\\common_lib.h(131): web_reg_find started  	[MsgId: MMSG-26355]
..\\..\\Library\\common_lib.h(131): Registering web_reg_find was successful  	[MsgId: MMSG-26390]
..\\..\\Library\\common_lib.h(134): web_remove_auto_header("Sec-Fetch-User") started  	[MsgId: MMSG-26355]
..\\..\\Library\\common_lib.h(134): Previous automatically added web header for "Sec-Fetch-User" removed  	[MsgId: MMSG-26587]
..\\..\\Library\\common_lib.h(134): web_remove/revert_auto_header("Sec-Fetch-User") was successful  	[MsgId: MMSG-26392]
..\\..\\Library\\common_lib.h(136): web_add_header("Upgrade-Insecure-Requests") started  	[MsgId: MMSG-26355]
..\\..\\Library\\common_lib.h(136): An unrecognized header ("Upgrade-Insecure-Requests") is being added  	[MsgId: MMSG-26595]
..\\..\\Library\\common_lib.h(136): "Upgrade-Insecure-Requests: 1" header registered for adding to requests from the immediately following Action function  	[MsgId: MMSG-26506]
..\\..\\Library\\common_lib.h(136): web_add_header("Upgrade-Insecure-Requests") was successful  	[MsgId: MMSG-26392]
..\\..\\Library\\common_lib.h(139): lr_think_time: 7,00 seconds.	[MsgId: MMSG-15948]
..\\..\\Library\\common_lib.h(141): web_url("SignOff Button") started  	[MsgId: MMSG-26355]
..\\..\\Library\\common_lib.h(141): t=2194006ms: Closed connection [0] to 127.0.0.1:1080 after completing 1 request(s)  	[MsgId: MMSG-26000]
..\\..\\Library\\common_lib.h(141): t=2194007ms: Connecting [0] to host 127.0.0.1:1080  	[MsgId: MMSG-26000]
..\\..\\Library\\common_lib.h(141): t=2194007ms: Connected socket [0] from 127.0.0.1:1957 to 127.0.0.1:1080 in 0 ms  	[MsgId: MMSG-26000]
..\\..\\Library\\common_lib.h(141): t=2194007ms: 830-byte request headers for "http://127.0.0.1:1080/cgi-bin/welcome.pl?signOff=1" (RelFrameId=1, Internal ID=118)
..\\..\\Library\\common_lib.h(141):     GET /cgi-bin/welcome.pl?signOff=1 HTTP/1.1\r\n
..\\..\\Library\\common_lib.h(141):     Referer: http://127.0.0.1:1080/cgi-bin/nav.pl?page=menu&in=flights\r\n
..\\..\\Library\\common_lib.h(141):     Upgrade-Insecure-Requests: 1\r\n
..\\..\\Library\\common_lib.h(141):     DNT: 1\r\n
..\\..\\Library\\common_lib.h(141):     Sec-Fetch-Dest: frame\r\n
..\\..\\Library\\common_lib.h(141):     Sec-Fetch-Mode: navigate\r\n
..\\..\\Library\\common_lib.h(141):     Sec-Fetch-Site: same-origin\r\n
..\\..\\Library\\common_lib.h(141):     sec-ch-ua: " Not A;Brand";v="99", "Chromium";v="99", "Google Chrome";v="99"\r\n
..\\..\\Library\\common_lib.h(141):     sec-ch-ua-mobile: ?0\r\n
..\\..\\Library\\common_lib.h(141):     sec-ch-ua-platform: "Windows"\r\n
..\\..\\Library\\common_lib.h(141):     Origin: http://127.0.0.1:1080\r\n
..\\..\\Library\\common_lib.h(141):     User-Agent: Mozilla/5.0 (Windows NT 10.0; Win64; x64) AppleWebKit/537.36 (KHTML, like Geck
..\\..\\Library\\common_lib.h(141):     o) Chrome/99.0.4844.82 Safari/537.36\r\n
..\\..\\Library\\common_lib.h(141):     Accept-Encoding: gzip, deflate, br\r\n
..\\..\\Library\\common_lib.h(141):     Accept-Language: ru-RU,ru;q=0.9,en-US;q=0.8,en;q=0.7\r\n
..\\..\\Library\\common_lib.h(141):     Accept: */*\r\n
..\\..\\Library\\common_lib.h(141):     Connection: Keep-Alive\r\n
..\\..\\Library\\common_lib.h(141):     Host: 127.0.0.1:1080\r\n
..\\..\\Library\\common_lib.h(141):     Cookie: MSO=SID&1649137742; MTUserInfo=firstName&James&username&impertinent&address2&Imper
..\\..\\Library\\common_lib.h(141):     ial%20Beach&hash&52&address1&4481%20Poplar%20Avenue&lastName&Obrien%0A\r\n
..\\..\\Library\\common_lib.h(141):     \r\n
..\\..\\Library\\common_lib.h(141): t=2194008ms: Inactive socket [1] was closed by 127.0.0.1:1080, probably due to Keep-Alive timeout  	[MsgId: MMSG-26000]
..\\..\\Library\\common_lib.h(141): t=2194008ms: Closed connection [1] to 127.0.0.1:1080 after completing 1 request(s)  	[MsgId: MMSG-26000]
..\\..\\Library\\common_lib.h(141): t=2194042ms: 328-byte response headers for "http://127.0.0.1:1080/cgi-bin/welcome.pl?signOff=1" (RelFrameId=1, Internal ID=118)
..\\..\\Library\\common_lib.h(141):     HTTP/1.1 200 OK\r\n
..\\..\\Library\\common_lib.h(141):     Date: Tue, 05 Apr 2022 05:51:23 GMT\r\n
..\\..\\Library\\common_lib.h(141):     Server: Apache/2.2.21 (Win32)\r\n
..\\..\\Library\\common_lib.h(141):     Set-Cookie: MSO=SID&1649137883; path=/\r\n
..\\..\\Library\\common_lib.h(141):     Set-Cookie: MTUserInfo=; path=/; expires=Mon, 04-Apr-2022 05:51:23 GMT\r\n
..\\..\\Library\\common_lib.h(141):     Keep-Alive: timeout=5, max=100\r\n
..\\..\\Library\\common_lib.h(141):     Connection: Keep-Alive\r\n
..\\..\\Library\\common_lib.h(141):     Transfer-Encoding: chunked\r\n
..\\..\\Library\\common_lib.h(141):     Content-Type: text/html; charset=ISO-8859-1\r\n
..\\..\\Library\\common_lib.h(141):     \r\n
..\\..\\Library\\common_lib.h(141): t=2194043ms: 5-byte chunked response overhead for "http://127.0.0.1:1080/cgi-bin/welcome.pl?signOff=1" (RelFrameId=1, Internal ID=118)
..\\..\\Library\\common_lib.h(141):     2ae\r\n
..\\..\\Library\\common_lib.h(141): t=2194043ms: 2-byte chunked response overhead for "http://127.0.0.1:1080/cgi-bin/welcome.pl?signOff=1" (RelFrameId=1, Internal ID=118)
..\\..\\Library\\common_lib.h(141):     \r\n
..\\..\\Library\\common_lib.h(141): t=2194043ms: 686-byte chunked response body for "http://127.0.0.1:1080/cgi-bin/welcome.pl?signOff=1" (RelFrameId=1, Internal ID=118)
..\\..\\Library\\common_lib.h(141):     <!-- \n
..\\..\\Library\\common_lib.h(141):      A Session ID has been created and loaded into a cookie called MSO.\n
..\\..\\Library\\common_lib.h(141):      Also, the server options have been loaded into the cookie called\n
..\\..\\Library\\common_lib.h(141):      MSO as well.  The server options can be set via the Admin page.\n
..\\..\\Library\\common_lib.h(141):      --->\n
..\\..\\Library\\common_lib.h(141):     \n
..\\..\\Library\\common_lib.h(141):     <html>\n
..\\..\\Library\\common_lib.h(141):     <title>Web Tours</title>\n
..\\..\\Library\\common_lib.h(141):        <!-- Frame Set -->\n
..\\..\\Library\\common_lib.h(141):        <frameset cols="160,*" border="1" frameborder="1">\n
..\\..\\Library\\common_lib.h(141):           <!-- Navigation Frame -->\n
..\\..\\Library\\common_lib.h(141):           <frame src="nav.pl?in=home" name="navbar" marginheight="2" marginwidth="2" \n
..\\..\\Library\\common_lib.h(141):                 noresize="noresize" scrolling="auto"/>\n
..\\..\\Library\\common_lib.h(141):           <!-- Home Frame -->\n
..\\..\\Library\\common_lib.h(141):           <frame src="/WebTours/home.html" name="info" marginheight="2" marginwidth="2" \n
..\\..\\Library\\common_lib.h(141):                 noresize="noresize" scrolling="auto"/>\n
..\\..\\Library\\common_lib.h(141):        </frameset>\n
..\\..\\Library\\common_lib.h(141):     </html>\n
..\\..\\Library\\common_lib.h(141):     \n
..\\..\\Library\\common_lib.h(141):     </body>\n
..\\..\\Library\\common_lib.h(141):     </html>
..\\..\\Library\\common_lib.h(141): Detected non-resource "http://127.0.0.1:1080/cgi-bin/nav.pl?in=home" in "http://127.0.0.1:1080/cgi-bin/welcome.pl?signOff=1"  	[MsgId: MMSG-26574]
..\\..\\Library\\common_lib.h(141): Detected non-resource "http://127.0.0.1:1080/WebTours/home.html" in "http://127.0.0.1:1080/cgi-bin/welcome.pl?signOff=1"  	[MsgId: MMSG-26574]
..\\..\\Library\\common_lib.h(141): Retrieving data from cache for "http://127.0.0.1:1080/WebTours/home.html"  	[MsgId: MMSG-26558]
..\\..\\Library\\common_lib.h(141): t=2194043ms: 1361-byte response body retrieved from cache for "http://127.0.0.1:1080/WebTours/home.html" (RelFrameId=1.2, Internal ID=120)
..\\..\\Library\\common_lib.h(141):     <HTML>\n
..\\..\\Library\\common_lib.h(141):     <HEAD>\n
..\\..\\Library\\common_lib.h(141):     \t<title>Web Tours</title>\n
..\\..\\Library\\common_lib.h(141):     </HEAD>\n
..\\..\\Library\\common_lib.h(141):     <style>\n
..\\..\\Library\\common_lib.h(141):     \tblockquote {font-family: tahoma; font-size : 10pt}\n
..\\..\\Library\\common_lib.h(141):     \tH1 {font-family: tahoma; font-size : 22pt; color: #003366}\n
..\\..\\Library\\common_lib.h(141):     \tsmall {font-family: tahoma; font-size : 8pt}\n
..\\..\\Library\\common_lib.h(141):     \tH3{font-family: tahoma; font-size : 10pt; color: black}\n
..\\..\\Library\\common_lib.h(141):     \tA {FONT-WEIGHT: bold; FONT-SIZE: 10pt; COLOR: black; FONT-FAMILY: Tahoma; TEXT-DECORATIO
..\\..\\Library\\common_lib.h(141):     N: none}\n
..\\..\\Library\\common_lib.h(141):     \tA:hover{ FONT-WEIGHT: bold; FONT-SIZE: 10pt; COLOR: #993333; FONT-FAMILY: Tahoma;TEXT-DE
..\\..\\Library\\common_lib.h(141):     CORATION: underline}\n
..\\..\\Library\\common_lib.h(141):     \tTD {font-family: tahoma; font-size : 10pt; color: black}\n
..\\..\\Library\\common_lib.h(141):     </style>\n
..\\..\\Library\\common_lib.h(141):     <body bgcolor="#e0e7f1">\n
..\\..\\Library\\common_lib.h(141):     <BR/>\n
..\\..\\Library\\common_lib.h(141):     <BR/>\n
..\\..\\Library\\common_lib.h(141):     <BR/>\n
..\\..\\Library\\common_lib.h(141):     <br/>\n
..\\..\\Library\\common_lib.h(141):     <table border="0">\n
..\\..\\Library\\common_lib.h(141):     <tr><td></td></tr>\n
..\\..\\Library\\common_lib.h(141):     <TR><TD></TD></TR>\n
..\\..\\Library\\common_lib.h(141):     <TR><TD>\n
..\\..\\Library\\common_lib.h(141):     <blockquote>\n
..\\..\\Library\\common_lib.h(141):     <H1><b>Web Tours</b></H1>\n
..\\..\\Library\\common_lib.h(141):     Welcome to the Web Tours site.\n
..\\..\\Library\\common_lib.h(141):     <br/>\n
..\\..\\Library\\common_lib.h(141):     To make reservations,please enter your account information to the left.\n
..\\..\\Library\\common_lib.h(141):     <br/>\n
..\\..\\Library\\common_lib.h(141):     If you haven't registered yet, <A href="/cgi-bin/login.pl?username=&amp;password=&amp;getI
..\\..\\Library\\common_lib.h(141):     nfo=true" ><B>sign up now</B></A> to get access to all our resources.\n
..\\..\\Library\\common_lib.h(141):     <br/>\n
..\\..\\Library\\common_lib.h(141):     To configure the server options, use <A href="/cgi-bin/admin.pl" target="body" ><b>adminis
..\\..\\Library\\common_lib.h(141):     tration</b></A> link.\n
..\\..\\Library\\common_lib.h(141):     <br/><br/><br/><br/><br/><br/>\n
..\\..\\Library\\common_lib.h(141):     <br/><small>\n
..\\..\\Library\\common_lib.h(141):     This product uses parts of the SMT Kernel, Copyright (c) 1991-99 <A href="http://www.imati
..\\..\\Library\\common_lib.h(141):     x.com" target="new"><B><small>iMatix Corporation</small></B></A> \n
..\\..\\Library\\common_lib.h(141):     </small>\n
..\\..\\Library\\common_lib.h(141):     </blockquote></TD>\n
..\\..\\Library\\common_lib.h(141):     <TD></TD></TR>\n
..\\..\\Library\\common_lib.h(141):     </table>\n
..\\..\\Library\\common_lib.h(141):     </body>\n
..\\..\\Library\\common_lib.h(141):     </HTML>\n
..\\..\\Library\\common_lib.h(141): t=2194044ms: Connecting [1] to host 127.0.0.1:1080  	[MsgId: MMSG-26000]
..\\..\\Library\\common_lib.h(141): t=2194045ms: 5-byte chunked response overhead for "http://127.0.0.1:1080/cgi-bin/welcome.pl?signOff=1" (RelFrameId=1, Internal ID=118)
..\\..\\Library\\common_lib.h(141):     0\r\n
..\\..\\Library\\common_lib.h(141):     \r\n
..\\..\\Library\\common_lib.h(141): t=2194045ms: Request done "http://127.0.0.1:1080/cgi-bin/welcome.pl?signOff=1"  	[MsgId: MMSG-26000]
..\\..\\Library\\common_lib.h(141): t=2194045ms: Connected socket [1] from 127.0.0.1:1958 to 127.0.0.1:1080 in 1 ms  	[MsgId: MMSG-26000]
..\\..\\Library\\common_lib.h(141): t=2194045ms: 683-byte request headers for "http://127.0.0.1:1080/cgi-bin/nav.pl?in=home" (RelFrameId=1.1, Internal ID=119)
..\\..\\Library\\common_lib.h(141):     GET /cgi-bin/nav.pl?in=home HTTP/1.1\r\n
..\\..\\Library\\common_lib.h(141):     Referer: http://127.0.0.1:1080/cgi-bin/welcome.pl?signOff=1\r\n
..\\..\\Library\\common_lib.h(141):     Upgrade-Insecure-Requests: 1\r\n
..\\..\\Library\\common_lib.h(141):     DNT: 1\r\n
..\\..\\Library\\common_lib.h(141):     Sec-Fetch-Dest: frame\r\n
..\\..\\Library\\common_lib.h(141):     Sec-Fetch-Mode: navigate\r\n
..\\..\\Library\\common_lib.h(141):     Sec-Fetch-Site: same-origin\r\n
..\\..\\Library\\common_lib.h(141):     sec-ch-ua: " Not A;Brand";v="99", "Chromium";v="99", "Google Chrome";v="99"\r\n
..\\..\\Library\\common_lib.h(141):     sec-ch-ua-mobile: ?0\r\n
..\\..\\Library\\common_lib.h(141):     sec-ch-ua-platform: "Windows"\r\n
..\\..\\Library\\common_lib.h(141):     Origin: http://127.0.0.1:1080\r\n
..\\..\\Library\\common_lib.h(141):     User-Agent: Mozilla/5.0 (Windows NT 10.0; Win64; x64) AppleWebKit/537.36 (KHTML, like Geck
..\\..\\Library\\common_lib.h(141):     o) Chrome/99.0.4844.82 Safari/537.36\r\n
..\\..\\Library\\common_lib.h(141):     Accept-Encoding: gzip, deflate, br\r\n
..\\..\\Library\\common_lib.h(141):     Accept-Language: ru-RU,ru;q=0.9,en-US;q=0.8,en;q=0.7\r\n
..\\..\\Library\\common_lib.h(141):     Accept: */*\r\n
..\\..\\Library\\common_lib.h(141):     Connection: Keep-Alive\r\n
..\\..\\Library\\common_lib.h(141):     Host: 127.0.0.1:1080\r\n
..\\..\\Library\\common_lib.h(141):     Cookie: MSO=SID&1649137883\r\n
..\\..\\Library\\common_lib.h(141):     \r\n
..\\..\\Library\\common_lib.h(141): t=2194079ms: 256-byte response headers for "http://127.0.0.1:1080/cgi-bin/nav.pl?in=home" (RelFrameId=1.1, Internal ID=119)
..\\..\\Library\\common_lib.h(141):     HTTP/1.1 200 OK\r\n
..\\..\\Library\\common_lib.h(141):     Date: Tue, 05 Apr 2022 05:51:23 GMT\r\n
..\\..\\Library\\common_lib.h(141):     Server: Apache/2.2.21 (Win32)\r\n
..\\..\\Library\\common_lib.h(141):     Expires: Mon, 04 Apr 2022 05:51:24 GMT\r\n
..\\..\\Library\\common_lib.h(141):     Keep-Alive: timeout=5, max=100\r\n
..\\..\\Library\\common_lib.h(141):     Connection: Keep-Alive\r\n
..\\..\\Library\\common_lib.h(141):     Transfer-Encoding: chunked\r\n
..\\..\\Library\\common_lib.h(141):     Content-Type: text/html; charset=ISO-8859-1\r\n
..\\..\\Library\\common_lib.h(141):     \r\n
..\\..\\Library\\common_lib.h(141): t=2194079ms: 5-byte chunked response overhead for "http://127.0.0.1:1080/cgi-bin/nav.pl?in=home" (RelFrameId=1.1, Internal ID=119)
..\\..\\Library\\common_lib.h(141):     5d2\r\n
..\\..\\Library\\common_lib.h(141): t=2194079ms: 2-byte chunked response overhead for "http://127.0.0.1:1080/cgi-bin/nav.pl?in=home" (RelFrameId=1.1, Internal ID=119)
..\\..\\Library\\common_lib.h(141):     \r\n
..\\..\\Library\\common_lib.h(141): t=2194079ms: 1490-byte chunked response body for "http://127.0.0.1:1080/cgi-bin/nav.pl?in=home" (RelFrameId=1.1, Internal ID=119)
..\\..\\Library\\common_lib.h(141):     <!DOCTYPE html\n
..\\..\\Library\\common_lib.h(141):     \tPUBLIC "-//W3C//DTD XHTML 1.0 Transitional//EN"\n
..\\..\\Library\\common_lib.h(141):     \t "http://www.w3.org/TR/xhtml1/DTD/xhtml1-transitional.dtd">\n
..\\..\\Library\\common_lib.h(141):     <html xmlns="http://www.w3.org/1999/xhtml" lang="en-US" xml:lang="en-US">\n
..\\..\\Library\\common_lib.h(141):     <head>\n
..\\..\\Library\\common_lib.h(141):     <title>Web Tours Navigation Bar</title>\n
..\\..\\Library\\common_lib.h(141):     <meta http-equiv="Content-Type" content="text/html; charset=iso-8859-1" />\n
..\\..\\Library\\common_lib.h(141):     </head>\n
..\\..\\Library\\common_lib.h(141):     <body bgcolor="#E0E7F1">\n
..\\..\\Library\\common_lib.h(141):     <style>\n
..\\..\\Library\\common_lib.h(141):     blockquote {font-family: tahoma; font-size : 10pt}\n
..\\..\\Library\\common_lib.h(141):     H1 {font-family: tahoma; font-size : 22pt; color: #993333}\n
..\\..\\Library\\common_lib.h(141):     H3 {font-family: tahoma; font-size : 10pt; color: black}\n
..\\..\\Library\\common_lib.h(141):     small {font-family: tahoma; font-size : 8pt}\n
..\\..\\Library\\common_lib.h(141):     </style>\n
..\\..\\Library\\common_lib.h(141):     <form method="post" action="/cgi-bin/login.pl" target="body">\n
..\\..\\Library\\common_lib.h(141):     <input type="hidden" name="userSession" value="133587.515836371ziHVtAHpitfiDDDDtVccipttHAH
..\\..\\Library\\common_lib.h(141):     f"/>\n
..\\..\\Library\\common_lib.h(141):     <table border="0"><tr><td>&nbsp;</td>\n
..\\..\\Library\\common_lib.h(141):     <td>&nbsp;</td></tr>\n
..\\..\\Library\\common_lib.h(141):     <tr><td>&nbsp;</td>\n
..\\..\\Library\\common_lib.h(141):     <td>&nbsp;</td></tr>\n
..\\..\\Library\\common_lib.h(141):     <tr><td>&nbsp;</td>\n
..\\..\\Library\\common_lib.h(141):     <td><small>&nbsp;Username</small></td></tr>\n
..\\..\\Library\\common_lib.h(141):     <tr><td>&nbsp;</td>\n
..\\..\\Library\\common_lib.h(141):     <td><input type="text" name="username" value="" size="14" maxlength="14"/></td></tr>\n
..\\..\\Library\\common_lib.h(141):     <tr><td>&nbsp;</td>\n
..\\..\\Library\\common_lib.h(141):     <td><small>&nbsp;Password</small></td>\n
..\\..\\Library\\common_lib.h(141):     <tr><td>&nbsp;</td>\n
..\\..\\Library\\common_lib.h(141):     <td><input type="password" name="password" value="" size="14" maxlength="14"/></td></tr>\n
..\\..\\Library\\common_lib.h(141):     <tr><td>&nbsp;</td>\n
..\\..\\Library\\common_lib.h(141):     <td>&nbsp;</td></tr>\n
..\\..\\Library\\common_lib.h(141):     <tr><td>&nbsp;</td>\n
..\\..\\Library\\common_lib.h(141):     <td><input type="image" name="login" value="Login" alt="Login" border="1" \n
..\\..\\Library\\common_lib.h(141):     src="/WebTours/images/mer_login.gif"/></td></tr>\n
..\\..\\Library\\common_lib.h(141):     <tr><td>&nbsp;</td><td>&nbsp;</td></tr>\n
..\\..\\Library\\common_lib.h(141):     </table><input type="hidden" name="JSFormSubmit" value="off"/>\n
..\\..\\Library\\common_lib.h(141):     </form>\n
..\\..\\Library\\common_lib.h(141):     \n
..\\..\\Library\\common_lib.h(141):     </body>\n
..\\..\\Library\\common_lib.h(141):     </html>\n
..\\..\\Library\\common_lib.h(141): Resource "http://127.0.0.1:1080/WebTours/images/mer_login.gif" is in the cache already and will not be downloaded again  	[MsgId: MMSG-26655]
..\\..\\Library\\common_lib.h(141): t=2194081ms: 5-byte chunked response overhead for "http://127.0.0.1:1080/cgi-bin/nav.pl?in=home" (RelFrameId=1.1, Internal ID=119)
..\\..\\Library\\common_lib.h(141):     0\r\n
..\\..\\Library\\common_lib.h(141):     \r\n
..\\..\\Library\\common_lib.h(141): t=2194081ms: Request done "http://127.0.0.1:1080/cgi-bin/nav.pl?in=home"  	[MsgId: MMSG-26000]
..\\..\\Library\\common_lib.h(141): Registered web_reg_find successful for "Text=Web Tours" (count=5)  	[MsgId: MMSG-26364]
..\\..\\Library\\common_lib.h(141): web_url("SignOff Button") was successful, 2176 body bytes, 584 header bytes, 24 chunking overhead bytes  	[MsgId: MMSG-26385]
..\\..\\Library\\common_lib.h(151): Notify: Transaction "Logout" ended with a "Pass" status (Duration: 7,0883 Think Time: 7,0127 Wasted Time: 0,0000).	[MsgId: MMSG-16870]
Action.c(221): Notify: Transaction "04_MultiplePassengerTicketPurchase" ended with a "Pass" status (Duration: 141,6025 Think Time: 141,0520 Wasted Time: 0,0006).	[MsgId: MMSG-16870]
Ending action Action.	[MsgId: MMSG-15918]
Action was aborted.	[MsgId: MMSG-10694]
Ending Vuser...	[MsgId: MMSG-15966]
Starting action vuser_end.	[MsgId: MMSG-15919]
Ending action vuser_end.	[MsgId: MMSG-15918]
Vuser Terminated.	[MsgId: MMSG-15963]
t=2194082ms: Closed connection [0] to 127.0.0.1:1080 after completing 1 request(s)  	[MsgId: MMSG-26000]
t=2194082ms: Closed connection [1] to 127.0.0.1:1080 after completing 1 request(s)  	[MsgId: MMSG-26000]
HTML-Mode memory management statistics: Reusable=7, NonReusable=0, CsMemBlockSize=4096, checks disabled  	[MsgId: MMSG-26000]
Vuser 16 (thread 14340), ended OK."	[MsgId: MMSG-10695]
