..\\..\\Library\\common_lib.h(113):     <option value="Frankfurt">Frankfurt</option>\n
..\\..\\Library\\common_lib.h(113):     <option value="London">London</option>\n
..\\..\\Library\\common_lib.h(113):     <option value="Los Angeles">Los Angeles</option>\n
..\\..\\Library\\common_lib.h(113):     <option value="Paris">Paris</option>\n
..\\..\\Library\\common_lib.h(113):     <option value="Portland">Portland</option>\n
..\\..\\Library\\common_lib.h(113):     <option value="San Francisco">San Francisco</option>\n
..\\..\\Library\\common_lib.h(113):     <option value="Seattle">Seattle</option>\n
..\\..\\Library\\common_lib.h(113):     <option value="Sydney">Sydney</option>\n
..\\..\\Library\\common_lib.h(113):     <option value="Zurich">Zurich</option>\n
..\\..\\Library\\common_lib.h(113):     </select></td> <td align="left">Return Date :</td> <td><input type="text" name="returnDate
..\\..\\Library\\common_lib.h(113):     " value="04/09/2022" size="10" maxlength="10" /> \n
..\\..\\Library\\common_lib.h(113):     <!-- Return Date Applet -->\n
..\\..\\Library\\common_lib.h(113):     <APPLET CODEBASE="/WebTours/classes/" CODE="FormDateUpdate.class" MAYSCRIPT Width=26 Heigh
..\\..\\Library\\common_lib.h(113):     t=28 BORDER=0>\n
..\\..\\Library\\common_lib.h(113):        <PARAM NAME=CalenderTitle  VALUE="Select Return Date">\n
..\\..\\Library\\common_lib.h(113):        <PARAM NAME=HtmlFormIndex  VALUE=0>\n
..\\..\\Library\\common_lib.h(113):        <PARAM NAME=HtmlEditIndex  VALUE=4>\n
..\\..\\Library\\common_lib.h(113):        <PARAM NAME=AutoClose      VALUE=1>\n
..\\..\\Library\\common_lib.h(113):        <PARAM NAME=Label          VALUE="...">\n
..\\..\\Library\\common_lib.h(113):     </APPLET>\n
..\\..\\Library\\common_lib.h(113):     </td></tr> <tr><td align="left">No. of Passengers : </td> <td><input type="text" name="num
..\\..\\Library\\common_lib.h(113):     Passengers" value="1" size="3" maxlength="8" /></td> <td colspan="2"><label><input type="c
..\\..\\Library\\common_lib.h(113):     heckbox" name="roundtrip" value="on" />Roundtrip ticket</label></td></tr> <tr><td>Seating 
..\\..\\Library\\common_lib.h(113):     Preference</td> <td /> <td>Type of Seat</td></tr> <tr><td><label><input type="radio" name=
..\\..\\Library\\common_lib.h(113):     "seatPref" value="Aisle" />Aisle</label><br /> <label><input type="radio" name="seatPref" 
..\\..\\Library\\common_lib.h(113):     value="Window" />Window</label><br /> <label><input type="radio" name="seatPref" value="No
..\\..\\Library\\common_lib.h(113):     ne" checked="checked" />None</label><br /></td> <td /> <td><label><input type="radio" name
..\\..\\Library\\common_lib.h(113):     ="seatType" value="First" />First</label><br /> <label><input type="radio" name="seatType"
..\\..\\Library\\common_lib.h(113):      value="Business" />Business</label><br /> <label><input type="radio" name="seatType" valu
..\\..\\Library\\common_lib.h(113):     e="Coach" checked="checked" />Coach</label><br /></td></tr> <tr><td height="10" /></tr> <t
..\\..\\Library\\common_lib.h(113):     r><td align="center" colspan="4"><input type="image" name="findFlights" src="/WebTours/ima
..\\..\\Library\\common_lib.h(113):     ges/button_next.gif" border="0" /></td></tr></table><div><input type="hidden" name=".cgifi
..\\..\\Library\\common_lib.h(113):     elds" value="roundtrip"  /><input type="hidden" name=".cgifields" value="seatType"  /><inp
..\\..\\Library\\common_lib.h(113):     ut type="hidden" name=".cgifields" value="seatPref"  /></div></form>\n
..\\..\\Library\\common_lib.h(113):     </blockquote>\n
..\\..\\Library\\common_lib.h(113):     \n
..\\..\\Library\\common_lib.h(113):     </body>\n
..\\..\\Library\\common_lib.h(113):     </html>\n
..\\..\\Library\\common_lib.h(113): Found resource "http://127.0.0.1:1080/WebTours/images/button_next.gif" in HTML "http://127.0.0.1:1080/cgi-bin/reservations.pl?page=welcome"  	[MsgId: MMSG-26659]
..\\..\\Library\\common_lib.h(113): t=1414113ms: Request done "http://127.0.0.1:1080/cgi-bin/reservations.pl?page=welcome"  	[MsgId: MMSG-26000]
..\\..\\Library\\common_lib.h(113): t=1414113ms: Already connected [0] to 127.0.0.1:1080  	[MsgId: MMSG-26000]
..\\..\\Library\\common_lib.h(113): t=1414113ms: 817-byte request headers for "http://127.0.0.1:1080/WebTours/images/button_next.gif" (RelFrameId=, Internal ID=653)
..\\..\\Library\\common_lib.h(113):     GET /WebTours/images/button_next.gif HTTP/1.1\r\n
..\\..\\Library\\common_lib.h(113):     Referer: http://127.0.0.1:1080/cgi-bin/reservations.pl?page=welcome\r\n
..\\..\\Library\\common_lib.h(113):     DNT: 1\r\n
..\\..\\Library\\common_lib.h(113):     Sec-Fetch-Dest: frame\r\n
..\\..\\Library\\common_lib.h(113):     Sec-Fetch-Mode: navigate\r\n
..\\..\\Library\\common_lib.h(113):     Sec-Fetch-Site: same-origin\r\n
..\\..\\Library\\common_lib.h(113):     Upgrade-Insecure-Requests: 1\r\n
..\\..\\Library\\common_lib.h(113):     sec-ch-ua: " Not A;Brand";v="99", "Chromium";v="99", "Google Chrome";v="99"\r\n
..\\..\\Library\\common_lib.h(113):     sec-ch-ua-mobile: ?0\r\n
..\\..\\Library\\common_lib.h(113):     sec-ch-ua-platform: "Windows"\r\n
..\\..\\Library\\common_lib.h(113):     User-Agent: Mozilla/5.0 (Windows NT 10.0; Win64; x64) AppleWebKit/537.36 (KHTML, like Geck
..\\..\\Library\\common_lib.h(113):     o) Chrome/99.0.4844.82 Safari/537.36\r\n
..\\..\\Library\\common_lib.h(113):     Accept-Encoding: gzip, deflate, br\r\n
..\\..\\Library\\common_lib.h(113):     Accept-Language: ru-RU,ru;q=0.9,en-US;q=0.8,en;q=0.7\r\n
..\\..\\Library\\common_lib.h(113):     Accept: */*\r\n
..\\..\\Library\\common_lib.h(113):     Connection: Keep-Alive\r\n
..\\..\\Library\\common_lib.h(113):     Host: 127.0.0.1:1080\r\n
..\\..\\Library\\common_lib.h(113):     Cookie: MSO=SID&1649328936; MTUserInfo=firstName&Oscar&address2&Elmsford&username&precauti
..\\..\\Library\\common_lib.h(113):     on&hash&14&lastName&Jefferson%0A&address1&1099%20Elm%20Drive&creditCard&&expDate&%0A\r\n
..\\..\\Library\\common_lib.h(113):     \r\n
..\\..\\Library\\common_lib.h(113): t=1414116ms: 297-byte response headers for "http://127.0.0.1:1080/WebTours/images/button_next.gif" (RelFrameId=, Internal ID=653)
..\\..\\Library\\common_lib.h(113):     HTTP/1.1 200 OK\r\n
..\\..\\Library\\common_lib.h(113):     Date: Thu, 07 Apr 2022 10:55:50 GMT\r\n
..\\..\\Library\\common_lib.h(113):     Server: Apache/2.2.21 (Win32)\r\n
..\\..\\Library\\common_lib.h(113):     Last-Modified: Sat, 26 Mar 2022 07:29:11 GMT\r\n
..\\..\\Library\\common_lib.h(113):     ETag: "600000001c674-2f6-5db1a0915dfc7"\r\n
..\\..\\Library\\common_lib.h(113):     Accept-Ranges: bytes\r\n
..\\..\\Library\\common_lib.h(113):     Content-Length: 758\r\n
..\\..\\Library\\common_lib.h(113):     Keep-Alive: timeout=5, max=98\r\n
..\\..\\Library\\common_lib.h(113):     Connection: Keep-Alive\r\n
..\\..\\Library\\common_lib.h(113):     Content-Type: image/gif\r\n
..\\..\\Library\\common_lib.h(113):     \r\n
..\\..\\Library\\common_lib.h(113): t=1414116ms: 758-byte response body for "http://127.0.0.1:1080/WebTours/images/button_next.gif" (RelFrameId=, Internal ID=653)
..\\..\\Library\\common_lib.h(113): t=1414116ms: Request done "http://127.0.0.1:1080/WebTours/images/button_next.gif"  	[MsgId: MMSG-26000]
..\\..\\Library\\common_lib.h(113): Registered web_reg_find successful for "Text=Flight Selections" (count=1)  	[MsgId: MMSG-26364]
..\\..\\Library\\common_lib.h(113): web_url("Search Flights Button") was successful, 7828 body bytes, 1322 header bytes, 43 chunking overhead bytes  	[MsgId: MMSG-26385]
..\\..\\Library\\common_lib.h(123): Notify: Transaction "Flights" ended with a "Pass" status (Duration: 5,1727 Think Time: 5,0027 Wasted Time: 0,0000).	[MsgId: MMSG-16870]
Action.c(38): Notify: Transaction "FlightTime" started.	[MsgId: MMSG-16999]
Action.c(40): web_reg_find started  	[MsgId: MMSG-26355]
Action.c(40): Notify: Parameter Substitution: parameter "citiesDepart" =  "Zurich"	[MsgId: MMSG-13992]
Action.c(40): Notify: Next row for parameter citiesArrive = 20 [table  = citiesArrive].	[MsgId: MMSG-13876]
Action.c(40): Notify: Parameter Substitution: parameter "citiesArrive" =  "Frankfurt"	[MsgId: MMSG-13992]
Action.c(40): Registering web_reg_find was successful  	[MsgId: MMSG-26390]
Action.c(43): web_add_auto_header("Origin") started  	[MsgId: MMSG-26355]
Action.c(43): An unrecognized header ("Origin") is being added  	[MsgId: MMSG-26595]
Action.c(43): "Origin: http://127.0.0.1:1080" header registered for adding to requests from all following Action functions  	[MsgId: MMSG-26505]
Action.c(43): web_add_auto_header("Origin") was successful  	[MsgId: MMSG-26392]
Action.c(46): web_add_auto_header("Sec-Fetch-User") started  	[MsgId: MMSG-26355]
Action.c(46): An unrecognized header ("Sec-Fetch-User") is being added  	[MsgId: MMSG-26595]
Action.c(46): "Sec-Fetch-User: ?1" header registered for adding to requests from all following Action functions  	[MsgId: MMSG-26505]
Action.c(46): web_add_auto_header("Sec-Fetch-User") was successful  	[MsgId: MMSG-26392]
Action.c(49): lr_think_time: 3,00 seconds.	[MsgId: MMSG-15948]
Action.c(51): web_reg_save_param started  	[MsgId: MMSG-26355]
Action.c(51): Registering web_reg_save_param was successful  	[MsgId: MMSG-26390]
Action.c(57): web_submit_data("reservations.pl") started  	[MsgId: MMSG-26355]
Action.c(57): Notify: Parameter Substitution: parameter "citiesDepart" =  "Zurich"	[MsgId: MMSG-13992]
Action.c(57): Notify: Parameter Substitution: parameter "departDate" =  "04/08/2022"	[MsgId: MMSG-13992]
Action.c(57): Notify: Next row for parameter citiesArrive = 20 [table  = citiesArrive].	[MsgId: MMSG-13876]
Action.c(57): Notify: Parameter Substitution: parameter "citiesArrive" =  "Frankfurt"	[MsgId: MMSG-13992]
Action.c(57): Notify: Parameter Substitution: parameter "returnDate" =  "04/09/2022"	[MsgId: MMSG-13992]
Action.c(57): Notify: Parameter Substitution: parameter "NoOfPassengers" =  "2"	[MsgId: MMSG-13992]
Action.c(57): Notify: Parameter Substitution: parameter "placePref" =  "Aisle"	[MsgId: MMSG-13992]
Action.c(57): Notify: Parameter Substitution: parameter "placeType" =  "First"	[MsgId: MMSG-13992]
Action.c(57): t=1417123ms: Already connected [0] to 127.0.0.1:1080  	[MsgId: MMSG-26000]
Action.c(57): t=1417123ms: 931-byte request headers for "http://127.0.0.1:1080/cgi-bin/reservations.pl" (RelFrameId=1, Internal ID=654)
Action.c(57):     POST /cgi-bin/reservations.pl HTTP/1.1\r\n
Action.c(57):     Content-Type: application/x-www-form-urlencoded\r\n
Action.c(57):     Referer: http://127.0.0.1:1080/cgi-bin/reservations.pl?page=welcome\r\n
Action.c(57):     DNT: 1\r\n
Action.c(57):     Sec-Fetch-Dest: frame\r\n
Action.c(57):     Sec-Fetch-Mode: navigate\r\n
Action.c(57):     Sec-Fetch-Site: same-origin\r\n
Action.c(57):     Upgrade-Insecure-Requests: 1\r\n
Action.c(57):     sec-ch-ua: " Not A;Brand";v="99", "Chromium";v="99", "Google Chrome";v="99"\r\n
Action.c(57):     sec-ch-ua-mobile: ?0\r\n
Action.c(57):     sec-ch-ua-platform: "Windows"\r\n
Action.c(57):     Origin: http://127.0.0.1:1080\r\n
Action.c(57):     Sec-Fetch-User: ?1\r\n
Action.c(57):     User-Agent: Mozilla/5.0 (Windows NT 10.0; Win64; x64) AppleWebKit/537.36 (KHTML, like Geck
Action.c(57):     o) Chrome/99.0.4844.82 Safari/537.36\r\n
Action.c(57):     Accept-Encoding: gzip, deflate, br\r\n
Action.c(57):     Accept-Language: ru-RU,ru;q=0.9,en-US;q=0.8,en;q=0.7\r\n
Action.c(57):     Accept: */*\r\n
Action.c(57):     Connection: Keep-Alive\r\n
Action.c(57):     Host: 127.0.0.1:1080\r\n
Action.c(57):     Cookie: MSO=SID&1649328936; MTUserInfo=firstName&Oscar&address2&Elmsford&username&precauti
Action.c(57):     on&hash&14&lastName&Jefferson%0A&address1&1099%20Elm%20Drive&creditCard&&expDate&%0A\r\n
Action.c(57):     Content-Length: 241\r\n
Action.c(57):     \r\n
Action.c(57): t=1417124ms: 241-byte request body for "http://127.0.0.1:1080/cgi-bin/reservations.pl" (RelFrameId=1, Internal ID=654)
Action.c(57):     advanceDiscount=0&depart=Zurich&departDate=04%2F08%2F2022&arrive=Frankfurt&returnDate=04%2
Action.c(57):     F09%2F2022&numPassengers=2&seatPref=Aisle&seatType=First&findFlights.x=51&findFlights.y=14
Action.c(57):     &.cgifields=roundtrip&.cgifields=seatType&.cgifields=seatPref
Action.c(57): t=1417275ms: 255-byte response headers for "http://127.0.0.1:1080/cgi-bin/reservations.pl" (RelFrameId=1, Internal ID=654)
Action.c(57):     HTTP/1.1 200 OK\r\n
Action.c(57):     Date: Thu, 07 Apr 2022 10:55:53 GMT\r\n
Action.c(57):     Server: Apache/2.2.21 (Win32)\r\n
Action.c(57):     Expires: Wed, 06 Apr 2022 10:55:53 GMT\r\n
Action.c(57):     Keep-Alive: timeout=5, max=97\r\n
Action.c(57):     Connection: Keep-Alive\r\n
Action.c(57):     Transfer-Encoding: chunked\r\n
Action.c(57):     Content-Type: text/html; charset=ISO-8859-1\r\n
Action.c(57):     \r\n
Action.c(57): t=1417275ms: 5-byte chunked response overhead for "http://127.0.0.1:1080/cgi-bin/reservations.pl" (RelFrameId=1, Internal ID=654)
Action.c(57):     98b\r\n
Action.c(57): t=1417275ms: 7-byte chunked response overhead for "http://127.0.0.1:1080/cgi-bin/reservations.pl" (RelFrameId=1, Internal ID=654)
Action.c(57):     \r\n
Action.c(57):     0\r\n
Action.c(57):     \r\n
Action.c(57): t=1417275ms: 2443-byte chunked response body for "http://127.0.0.1:1080/cgi-bin/reservations.pl" (RelFrameId=1, Internal ID=654)
Action.c(57):     <!DOCTYPE html\n
Action.c(57):     \tPUBLIC "-//W3C//DTD XHTML 1.0 Transitional//EN"\n
Action.c(57):     \t "http://www.w3.org/TR/xhtml1/DTD/xhtml1-transitional.dtd">\n
Action.c(57):     <html xmlns="http://www.w3.org/1999/xhtml" lang="en-US" xml:lang="en-US">\n
Action.c(57):     <head>\n
Action.c(57):     <title>Flight Selections</title>\n
Action.c(57):     <meta http-equiv="Content-Type" content="text/html; charset=iso-8859-1" />\n
Action.c(57):     </head>\n
Action.c(57):     <body bgcolor="#E0E7F1">\n
Action.c(57):     <style>blockquote {font-family: tahoma; font-size : 10pt}H1 {font-family: tahoma; font-siz
Action.c(57):     e : 22pt; color: #993333}small {font-family: tahoma; font-size : 8pt}H3 {font-family: taho
Action.c(57):     ma; font-size : 10pt; color: black}TD {font-family: tahoma; font-size : 10pt; color: black
Action.c(57):     }</style><BR/><BR/><h1><font color="#003366">&nbsp;&nbsp;<b>Find Flight</font></b></h1><bl
Action.c(57):     ockquote>\n
Action.c(57):     <form method="post" action="reservations.pl" enctype="application/x-www-form-urlencoded">\n
Action.c(57):     \n
Action.c(57):     <center>\n
Action.c(57):     <!-- From Zurich (9) To Frankfurt (1) -->\n
Action.c(57):     <table cellspacing="2" border="0" width="50%">\n
Action.c(57):     <blockquote>Flight departing from <B>Zurich</B> to <B>Frankfurt</B> on <B>04/08/2022</B><B
Action.c(57):     R/><BR/><tr bgcolor="#5E7884"><td align="center"><font color="white"><B>Flight</B></font>\n
Action.c(57):           \t\t<td align="center"><font color="white"><B>Departure time</B>\n
Action.c(57):           \t\t<td align="center"><font color="white"><B>Cost</B>\n
Action.c(57):     <tr bgcolor="#EFF2F7"><td align="center"><input type="radio" name="outboundFlight" value="
Action.c(57):     910;371;04/08/2022" checked="checked" >Blue Sky Air 910<td align="center">8am<td align="ce
Action.c(57):     nter">$ 371</TD></TR><tr bgcolor="#EFF2F7"><td align="center"><input type="radio" name="ou
Action.c(57):     tboundFlight" value="911;330;04/08/2022">Blue Sky Air 911<td align="center">1pm<td align="
Action.c(57):     center">$ 330</TD></TR><tr bgcolor="#EFF2F7"><td align="center"><input type="radio" name="
Action.c(57):     outboundFlight" value="912;351;04/08/2022">Blue Sky Air 912<td align="center">5pm<td align
Action.c(57):     ="center">$ 351</TD></TR><tr bgcolor="#EFF2F7"><td align="center"><input type="radio" name
Action.c(57):     ="outboundFlight" value="913;303;04/08/2022">Blue Sky Air 913<td align="center">11pm<td al
Action.c(57):     ign="center">$ 303</TD></TR></table>\n
Action.c(57):     \n
Action.c(57):     <input type="hidden" name="numPassengers" value="2"  /><input type="hidden" name="advanceD
Action.c(57):     iscount" value="0"  /><input type="hidden" name="seatType" value="First"  /><input type="h
Action.c(57):     idden" name="seatPref" value="Aisle"  />\n
Action.c(57):     <P><center><table width=80% cellspacing=1><tr><td align=center>\n
Action.c(57):     <input type="image" name="reserveFlights" src="/WebTours/images/button_next.gif" border="0
Action.c(57):     " />\n
Action.c(57):     <td>&nbsp;<td align=center></table></center></form></center>\n
Action.c(57):     </blockquote>\n
Action.c(57):     \n
Action.c(57):     </body>\n
Action.c(57):     </html>
Action.c(57): Notify: Saving Parameter "outboundFlight_1 = 910;371;04/08/2022".	[MsgId: MMSG-13798]
Action.c(57): Notify: Saving Parameter "outboundFlight_2 = 911;330;04/08/2022".	[MsgId: MMSG-13798]
Action.c(57): Notify: Saving Parameter "outboundFlight_3 = 912;351;04/08/2022".	[MsgId: MMSG-13798]
Action.c(57): Notify: Saving Parameter "outboundFlight_4 = 913;303;04/08/2022".	[MsgId: MMSG-13798]
Action.c(57): Resource "http://127.0.0.1:1080/WebTours/images/button_next.gif" is in the cache already and will not be downloaded again  	[MsgId: MMSG-26655]
Action.c(57): t=1417276ms: Request done "http://127.0.0.1:1080/cgi-bin/reservations.pl"  	[MsgId: MMSG-26000]
Action.c(57): Registered web_reg_find successful for "Text=from <B>Zurich</B> to <B>Frankfurt</B>" (count=1)  	[MsgId: MMSG-26364]
Action.c(57): Notify: Saving Parameter "outboundFlight_count = 4".	[MsgId: MMSG-13798]
Action.c(57): web_submit_data("reservations.pl") was successful, 2443 body bytes, 255 header bytes, 12 chunking overhead bytes  	[MsgId: MMSG-26385]
Action.c(81): Notify: Transaction "FlightTime" ended with a "Pass" status (Duration: 3,1595 Think Time: 3,0016 Wasted Time: 0,0001).	[MsgId: MMSG-16870]
Action.c(83): lr_think_time: 4,00 seconds.	[MsgId: MMSG-15948]
Action.c(87): Notify: Transaction "PaymentDetails" started.	[MsgId: MMSG-16999]
Action.c(89): web_reg_find started  	[MsgId: MMSG-26355]
Action.c(89): Registering web_reg_find was successful  	[MsgId: MMSG-26390]
Action.c(92): web_reg_find started  	[MsgId: MMSG-26355]
Action.c(92): Notify: Parameter Substitution: parameter "placeType" =  "First"	[MsgId: MMSG-13992]
Action.c(92): Registering web_reg_find was successful  	[MsgId: MMSG-26390]
Action.c(95): web_reg_find started  	[MsgId: MMSG-26355]
Action.c(95): Notify: Parameter Substitution: parameter "placePref" =  "Aisle"	[MsgId: MMSG-13992]
Action.c(95): Registering web_reg_find was successful  	[MsgId: MMSG-26390]
Action.c(98): Notify: Parameter Substitution: parameter "outboundFlight_count" =  "4"	[MsgId: MMSG-13992]
Action.c(98): Notify: Parameter Substitution: parameter "outboundFlight_2" =  "911;330;04/08/2022"	[MsgId: MMSG-13992]
Action.c(98): Notify: Saving Parameter "boundFlight = 911;330;04/08/2022".	[MsgId: MMSG-13798]
Action.c(100): web_submit_data("reservations.pl_2") started  	[MsgId: MMSG-26355]
Action.c(100): Notify: Parameter Substitution: parameter "boundFlight" =  "911;330;04/08/2022"	[MsgId: MMSG-13992]
Action.c(100): Notify: Parameter Substitution: parameter "NoOfPassengers" =  "2"	[MsgId: MMSG-13992]
Action.c(100): Notify: Parameter Substitution: parameter "placeType" =  "First"	[MsgId: MMSG-13992]
Action.c(100): Notify: Parameter Substitution: parameter "placePref" =  "Aisle"	[MsgId: MMSG-13992]
Action.c(100): t=1421287ms: Already connected [0] to 127.0.0.1:1080  	[MsgId: MMSG-26000]
Action.c(100): t=1421287ms: 918-byte request headers for "http://127.0.0.1:1080/cgi-bin/reservations.pl" (RelFrameId=1, Internal ID=655)
Action.c(100):     POST /cgi-bin/reservations.pl HTTP/1.1\r\n
Action.c(100):     Content-Type: application/x-www-form-urlencoded\r\n
Action.c(100):     Referer: http://127.0.0.1:1080/cgi-bin/reservations.pl\r\n
Action.c(100):     DNT: 1\r\n
Action.c(100):     Sec-Fetch-Dest: frame\r\n
Action.c(100):     Sec-Fetch-Mode: navigate\r\n
Action.c(100):     Sec-Fetch-Site: same-origin\r\n
Action.c(100):     Upgrade-Insecure-Requests: 1\r\n
Action.c(100):     sec-ch-ua: " Not A;Brand";v="99", "Chromium";v="99", "Google Chrome";v="99"\r\n
Action.c(100):     sec-ch-ua-mobile: ?0\r\n
Action.c(100):     sec-ch-ua-platform: "Windows"\r\n
Action.c(100):     Origin: http://127.0.0.1:1080\r\n
Action.c(100):     Sec-Fetch-User: ?1\r\n
Action.c(100):     User-Agent: Mozilla/5.0 (Windows NT 10.0; Win64; x64) AppleWebKit/537.36 (KHTML, like Geck
Action.c(100):     o) Chrome/99.0.4844.82 Safari/537.36\r\n
Action.c(100):     Accept-Encoding: gzip, deflate, br\r\n
Action.c(100):     Accept-Language: ru-RU,ru;q=0.9,en-US;q=0.8,en;q=0.7\r\n
Action.c(100):     Accept: */*\r\n
Action.c(100):     Connection: Keep-Alive\r\n
Action.c(100):     Host: 127.0.0.1:1080\r\n
Action.c(100):     Cookie: MSO=SID&1649328936; MTUserInfo=firstName&Oscar&address2&Elmsford&username&precauti
Action.c(100):     on&hash&14&lastName&Jefferson%0A&address1&1099%20Elm%20Drive&creditCard&&expDate&%0A\r\n
Action.c(100):     Content-Length: 145\r\n
Action.c(100):     \r\n
Action.c(100): t=1421287ms: 145-byte request body for "http://127.0.0.1:1080/cgi-bin/reservations.pl" (RelFrameId=1, Internal ID=655)
Action.c(100):     outboundFlight=911%3B330%3B04%2F08%2F2022&numPassengers=2&advanceDiscount=0&seatType=First
Action.c(100):     &seatPref=Aisle&reserveFlights.x=65&reserveFlights.y=11
Action.c(100): t=1421287ms: Inactive socket [1] was closed by 127.0.0.1:1080, probably due to Keep-Alive timeout  	[MsgId: MMSG-26000]
Action.c(100): t=1421287ms: Closed connection [1] to 127.0.0.1:1080 after completing 1 request(s)  	[MsgId: MMSG-26000]
Action.c(100): t=1421287ms: Inactive socket [2] was closed by 127.0.0.1:1080, probably due to Keep-Alive timeout  	[MsgId: MMSG-26000]
Action.c(100): t=1421288ms: Closed connection [2] to 127.0.0.1:1080 after completing 1 request(s)  	[MsgId: MMSG-26000]
Action.c(100): t=1421398ms: 255-byte response headers for "http://127.0.0.1:1080/cgi-bin/reservations.pl" (RelFrameId=1, Internal ID=655)
Action.c(100):     HTTP/1.1 200 OK\r\n
Action.c(100):     Date: Thu, 07 Apr 2022 10:55:57 GMT\r\n
Action.c(100):     Server: Apache/2.2.21 (Win32)\r\n
Action.c(100):     Expires: Wed, 06 Apr 2022 10:55:57 GMT\r\n
Action.c(100):     Keep-Alive: timeout=5, max=96\r\n
Action.c(100):     Connection: Keep-Alive\r\n
Action.c(100):     Transfer-Encoding: chunked\r\n
Action.c(100):     Content-Type: text/html; charset=ISO-8859-1\r\n
Action.c(100):     \r\n
Action.c(100): t=1421398ms: 5-byte chunked response overhead for "http://127.0.0.1:1080/cgi-bin/reservations.pl" (RelFrameId=1, Internal ID=655)
Action.c(100):     b02\r\n
Action.c(100): t=1421398ms: 7-byte chunked response overhead for "http://127.0.0.1:1080/cgi-bin/reservations.pl" (RelFrameId=1, Internal ID=655)
Action.c(100):     \r\n
Action.c(100):     0\r\n
Action.c(100):     \r\n
Action.c(100): t=1421398ms: 2818-byte chunked response body for "http://127.0.0.1:1080/cgi-bin/reservations.pl" (RelFrameId=1, Internal ID=655)
Action.c(100):     <!DOCTYPE html\n
Action.c(100):     \tPUBLIC "-//W3C//DTD XHTML 1.0 Transitional//EN"\n
Action.c(100):     \t "http://www.w3.org/TR/xhtml1/DTD/xhtml1-transitional.dtd">\n
Action.c(100):     <html xmlns="http://www.w3.org/1999/xhtml" lang="en-US" xml:lang="en-US">\n
Action.c(100):     <head>\n
Action.c(100):     <title>Flight Reservation</title>\n
Action.c(100):     <meta http-equiv="Content-Type" content="text/html; charset=iso-8859-1" />\n
Action.c(100):     </head>\n
Action.c(100):     <body bgcolor="#E0E7F1">\n
Action.c(100):     <style>blockquote {font-family: tahoma; font-size : 10pt}H1 {font-family: tahoma; font-siz
Action.c(100):     e : 22pt; color: #993333}small {font-family: tahoma; font-size : 8pt}H3 {font-family: taho
Action.c(100):     ma; font-size : 10pt; color: black}TD {font-family: tahoma; font-size : 10pt; color: black
Action.c(100):     }</style><BR/><BR/><h1><font color="#003366">&nbsp;&nbsp;<b>Payment Details</font></b></h1
Action.c(100):     ><blockquote><form method="post" action="reservations.pl" enctype="application/x-www-form-
Action.c(100):     urlencoded" onsubmit="return true ;">\n
Action.c(100):     <table><tr><td align="right">First Name : <td><input type="text" name="firstName" value="O
Action.c(100):     scar" size="15" /><tr><td align="right">Last Name : <td><input type="text" name="lastName"
Action.c(100):      value="Jefferson&#10;" size="15" /><tr><td align="right">Street Address : <td colspan="3"
Action.c(100):     ><input type="text" name="address1" value="1099 Elm Drive" size="30" /><tr><td align="righ
Action.c(100):     t">City/State/Zip : <td colspan="3"><input type="text" name="address2" value="Elmsford" si
Action.c(100):     ze="30" /><tr><td align="right">Passenger Names : <td colspan="3"><input type="text" name=
Action.c(100):     "pass1" value="Oscar Jefferson&#10;" size="30" /><tr><td><td colspan="3"><input type="text
Action.c(100):     " name="pass2"  size="30" /><tr><td height="10"><tr><td height="10" align="center" colspan
Action.c(100):     ="4">Total for 2 ticket(s) is = $ 660<tr><td align="right">Credit Card : <td><input type="
Action.c(100):     text" name="creditCard"  size="20" maxlength="20" /><td align="right">Exp Date : <td><inpu
Action.c(100):     t type="text" name="expDate" value="&#10;" size="5" maxlength="5" /><tr><TD><td colspan="3
Action.c(100):     " align="left"><label><input type="checkbox" name="saveCC" value="on" />Save this Credit C
Action.c(100):     ard Information</label><input type="hidden" name="oldCCOption" value=""  /></table><input 
Action.c(100):     type="hidden" name="numPassengers" value="2"  /><input type="hidden" name="seatType" value
Action.c(100):     ="First"  /><input type="hidden" name="seatPref" value="Aisle"  /><input type="hidden" nam
Action.c(100):     e="outboundFlight" value="911;330;04/08/2022"  /><input type="hidden" name="advanceDiscoun
Action.c(100):     t" value="0"  /><input type="hidden" name="returnFlight" value=""  /><input type="hidden" 
Action.c(100):     name="JSFormSubmit" value="off"  /><center><table width=80% cellspacing=1><tr><td align=ce
Action.c(100):     nter>\n
Action.c(100):     <input type="image" name="buyFlights" src="/WebTours/images/button_next.gif" border="0" />
Action.c(100):     <div><input type="hidden" name=".cgifields" value="saveCC"  /></div></form>\n
Action.c(100):     <td>&nbsp;<td align=center><form method="post" action="reservations.pl" enctype="applicati
Action.c(100):     on/x-www-form-urlencoded" onsubmit="void(0);">\n
Action.c(100):     </form></table></center></blockquote>\n
Action.c(100):     </body>\n
Action.c(100):     </html>
Action.c(100): Resource "http://127.0.0.1:1080/WebTours/images/button_next.gif" is in the cache already and will not be downloaded again  	[MsgId: MMSG-26655]
Action.c(100): t=1421400ms: Request done "http://127.0.0.1:1080/cgi-bin/reservations.pl"  	[MsgId: MMSG-26000]
Action.c(100): Registered web_reg_find successful for "Text=Flight Reservation" (count=1)  	[MsgId: MMSG-26364]
Action.c(100): Registered web_reg_find successful for "Text=name="seatType" value="First"" (count=1)  	[MsgId: MMSG-26364]
Action.c(100): Registered web_reg_find successful for "Text=name="seatPref" value="Aisle"" (count=1)  	[MsgId: MMSG-26364]
Action.c(100): web_submit_data("reservations.pl_2") was successful, 2818 body bytes, 255 header bytes, 12 chunking overhead bytes  	[MsgId: MMSG-26385]
Action.c(118): Notify: Transaction "PaymentDetails" ended with a "Pass" status (Duration: 0,1137 Wasted Time: 0,0000).	[MsgId: MMSG-16871]
Action.c(120): lr_think_time: 5,00 seconds.	[MsgId: MMSG-15948]
Action.c(124): Notify: Transaction "Confirmation" started.	[MsgId: MMSG-16999]
Action.c(126): web_reg_find started  	[MsgId: MMSG-26355]
Action.c(126): Registering web_reg_find was successful  	[MsgId: MMSG-26390]
Action.c(129): Notify: Parameter Substitution: parameter "NoOfPassengers" =  "2"	[MsgId: MMSG-13992]
Action.c(162): Notify: Parameter Substitution: parameter "NoOfPassengers" =  "2"	[MsgId: MMSG-13992]
Action.c(164): web_submit_data("reservations.pl_3") started  	[MsgId: MMSG-26355]
Action.c(164): Notify: Next row for parameter userFirstName = 8 [table  = userFirstName].	[MsgId: MMSG-13876]
Action.c(164): Notify: Parameter Substitution: parameter "userFirstName" =  "Oscar"	[MsgId: MMSG-13992]
Action.c(164): Notify: Next row for parameter userLastName = 8 [table  = userLastName].	[MsgId: MMSG-13876]
Action.c(164): Notify: Parameter Substitution: parameter "userLastName" =  "Jefferson"	[MsgId: MMSG-13992]
Action.c(164): Notify: Next row for parameter userAddress = 8 [table  = userAddress].	[MsgId: MMSG-13876]
Action.c(164): Notify: Parameter Substitution: parameter "userAddress" =  "1099 Elm Drive"	[MsgId: MMSG-13992]
Action.c(164): Notify: Next row for parameter userCity = 8 [table  = userCity].	[MsgId: MMSG-13876]
Action.c(164): Notify: Parameter Substitution: parameter "userCity" =  "Elmsford"	[MsgId: MMSG-13992]
Action.c(164): Notify: Next row for parameter userPassengerNames_1 = 8 [table  = userPassengerNames_1].	[MsgId: MMSG-13876]
Action.c(164): Notify: Parameter Substitution: parameter "userPassengerNames_1" =  "OSCAR_JEFFERSON"	[MsgId: MMSG-13992]
Action.c(164): Notify: Parameter Substitution: parameter "userPassengerNames_2" =  "MARK_MOORE"	[MsgId: MMSG-13992]
Action.c(164): Notify: Next row for parameter userCreditCard = 8 [table  = userCreditCard].	[MsgId: MMSG-13876]
Action.c(164): Notify: Parameter Substitution: parameter "userCreditCard" =  "5404365135024899"	[MsgId: MMSG-13992]
Action.c(164): Notify: Next row for parameter userExpDate = 8 [table  = userExpDate].	[MsgId: MMSG-13876]
Action.c(164): Notify: Parameter Substitution: parameter "userExpDate" =  "08/24"	[MsgId: MMSG-13992]
Action.c(164): Notify: Parameter Substitution: parameter "NoOfPassengers" =  "2"	[MsgId: MMSG-13992]
Action.c(164): Notify: Parameter Substitution: parameter "placeType" =  "First"	[MsgId: MMSG-13992]
Action.c(164): Notify: Parameter Substitution: parameter "placePref" =  "Aisle"	[MsgId: MMSG-13992]
Action.c(164): Notify: Parameter Substitution: parameter "boundFlight" =  "911;330;04/08/2022"	[MsgId: MMSG-13992]
Action.c(164): t=1426415ms: Already connected [0] to 127.0.0.1:1080  	[MsgId: MMSG-26000]
Action.c(164): t=1426415ms: 918-byte request headers for "http://127.0.0.1:1080/cgi-bin/reservations.pl" (RelFrameId=1, Internal ID=656)
Action.c(164):     POST /cgi-bin/reservations.pl HTTP/1.1\r\n
Action.c(164):     Content-Type: application/x-www-form-urlencoded\r\n
Action.c(164):     Referer: http://127.0.0.1:1080/cgi-bin/reservations.pl\r\n
Action.c(164):     DNT: 1\r\n
Action.c(164):     Sec-Fetch-Dest: frame\r\n
Action.c(164):     Sec-Fetch-Mode: navigate\r\n
Action.c(164):     Sec-Fetch-Site: same-origin\r\n
Action.c(164):     Upgrade-Insecure-Requests: 1\r\n
Action.c(164):     sec-ch-ua: " Not A;Brand";v="99", "Chromium";v="99", "Google Chrome";v="99"\r\n
Action.c(164):     sec-ch-ua-mobile: ?0\r\n
Action.c(164):     sec-ch-ua-platform: "Windows"\r\n
Action.c(164):     Origin: http://127.0.0.1:1080\r\n
Action.c(164):     Sec-Fetch-User: ?1\r\n
Action.c(164):     User-Agent: Mozilla/5.0 (Windows NT 10.0; Win64; x64) AppleWebKit/537.36 (KHTML, like Geck
Action.c(164):     o) Chrome/99.0.4844.82 Safari/537.36\r\n
Action.c(164):     Accept-Encoding: gzip, deflate, br\r\n
Action.c(164):     Accept-Language: ru-RU,ru;q=0.9,en-US;q=0.8,en;q=0.7\r\n
Action.c(164):     Accept: */*\r\n
Action.c(164):     Connection: Keep-Alive\r\n
Action.c(164):     Host: 127.0.0.1:1080\r\n
Action.c(164):     Cookie: MSO=SID&1649328936; MTUserInfo=firstName&Oscar&address2&Elmsford&username&precauti
Action.c(164):     on&hash&14&lastName&Jefferson%0A&address1&1099%20Elm%20Drive&creditCard&&expDate&%0A\r\n
Action.c(164):     Content-Length: 359\r\n
Action.c(164):     \r\n
Action.c(164): t=1426415ms: 359-byte request body for "http://127.0.0.1:1080/cgi-bin/reservations.pl" (RelFrameId=1, Internal ID=656)
Action.c(164):     firstName=Oscar&lastName=Jefferson&address1=1099+Elm+Drive&address2=Elmsford&pass1=OSCAR_J
Action.c(164):     EFFERSON&pass2=MARK_MOORE&creditCard=5404365135024899&expDate=08%2F24&oldCCOption=&numPass
Action.c(164):     engers=2&seatType=First&seatPref=Aisle&outboundFlight=911%3B330%3B04%2F08%2F2022&advanceDi
Action.c(164):     scount=0&returnFlight=&JSFormSubmit=off&buyFlights.x=58&buyFlights.y=11&.cgifields=saveCC
Action.c(164): t=1426525ms: 399-byte response headers for "http://127.0.0.1:1080/cgi-bin/reservations.pl" (RelFrameId=1, Internal ID=656)
Action.c(164):     HTTP/1.1 200 OK\r\n
Action.c(164):     Date: Thu, 07 Apr 2022 10:56:02 GMT\r\n
Action.c(164):     Server: Apache/2.2.21 (Win32)\r\n
Action.c(164):     Expires: Wed, 06 Apr 2022 10:56:02 GMT\r\n
Action.c(164):     Set-Cookie: MTUserInfo=firstName&Oscar&username&precaution&address2&Elmsford&hash&14&addre
Action.c(164):     ss1&1099%20Elm%20Drive&lastName&Jefferson%0A; path=/\r\n
Action.c(164):     Keep-Alive: timeout=5, max=95\r\n
Action.c(164):     Connection: Keep-Alive\r\n
Action.c(164):     Transfer-Encoding: chunked\r\n
Action.c(164):     Content-Type: text/html; charset=ISO-8859-1\r\n
Action.c(164):     \r\n
Action.c(164): t=1426525ms: 5-byte chunked response overhead for "http://127.0.0.1:1080/cgi-bin/reservations.pl" (RelFrameId=1, Internal ID=656)
Action.c(164):     9bf\r\n
Action.c(164): t=1426525ms: 7-byte chunked response overhead for "http://127.0.0.1:1080/cgi-bin/reservations.pl" (RelFrameId=1, Internal ID=656)
Action.c(164):     \r\n
Action.c(164):     0\r\n
Action.c(164):     \r\n
Action.c(164): t=1426525ms: 2495-byte chunked response body for "http://127.0.0.1:1080/cgi-bin/reservations.pl" (RelFrameId=1, Internal ID=656)
Action.c(164):     <!DOCTYPE html\n
Action.c(164):     \tPUBLIC "-//W3C//DTD XHTML 1.0 Transitional//EN"\n
Action.c(164):     \t "http://www.w3.org/TR/xhtml1/DTD/xhtml1-transitional.dtd">\n
Action.c(164):     <html xmlns="http://www.w3.org/1999/xhtml" lang="en-US" xml:lang="en-US">\n
Action.c(164):     <head>\n
Action.c(164):     <title>Reservation Made!</title>\n
Action.c(164):     <meta http-equiv="Content-Type" content="text/html; charset=iso-8859-1" />\n
Action.c(164):     </head>\n
Action.c(164):     <body bgcolor="#E0E7F1">\n
Action.c(164):     <style>blockquote {font-family: tahoma; font-size : 10pt}H1 {font-family: tahoma; font-siz
Action.c(164):     e : 22pt; color: #993333}small {font-family: tahoma; font-size : 8pt}H3 {font-family: taho
Action.c(164):     ma; font-size : 10pt; color: black}TD {font-family: tahoma; font-size : 10pt; color: black
Action.c(164):     }</style><BR/><BR/><h1><font color="#003366">&nbsp;&nbsp;<b>Invoice</font></b></h1><blockq
Action.c(164):     uote>\n
Action.c(164):     <CENTER>\n
Action.c(164):     <small><B>Thank you for booking through Web Tours.</B></small>\n
Action.c(164):     <BR/>\n
Action.c(164):     <BR/>\n
Action.c(164):     <!-- Customer Name header -->\n
Action.c(164):     <Table width="85%" border="0" cellspacing="0" >\n
Action.c(164):       <TR bgcolor="#5E7884">\n
Action.c(164):          <TD colspan="2" align="center">\n
Action.c(164):             <font color="white"><b>OscarJefferson's Flight Invoice</b></font>\n
Action.c(164):          </TD>\n
Action.c(164):          <TD width="160" align="right">\n
Action.c(164):              <font color="white"><small>Thu Apr  7 15:56:02 2022\n
Action.c(164):     </small>\n
Action.c(164):          </TD>\n
Action.c(164):       </TR>\n
Action.c(164):     </Table>\n
Action.c(164):     \n
Action.c(164):     <Table width="85%" border="0" cellspacing="1" >\n
Action.c(164):     <!-- Flight Item header -->\n
Action.c(164):       <TR bgcolor="#EFF2F7">\n
Action.c(164):          <TD colspan="2" align="left">\n
Action.c(164):              Flights Reservation Requests:\n
Action.c(164):         </TD>\n
Action.c(164):         <TD align="center">Cost\n
Action.c(164):         </TD>\n
Action.c(164):       </TR>\n
Action.c(164):     \n
Action.c(164):     <!-- Flight reserved -->\n
Action.c(164):     <TR bgcolor="#EFF2F7">\n
Action.c(164):         <TD valign="top">1.</TD>\n
Action.c(164):         <TD align="left">\n
Action.c(164):            <b><u>2 First Class tickets from Zurich to Frankfurt.</u></b>\n
Action.c(164):     <br/>\n
Action.c(164):     <center>\n
Action.c(164):            <i>\n
Action.c(164):               04/08/2022 :  1pm : Flight 911 leaves Zurich  for Frankfurt.<br>\n
Action.c(164):            <br/>\n
Action.c(164):         </TD>\n
Action.c(164):         <TD valign="top">\n
Action.c(164):              $660\n
Action.c(164):         </TD>\n
Action.c(164):       </TR>\n
Action.c(164):     <!-- Total Cost -->\n
Action.c(164):       <TR bgcolor="#EFF2F7">\n
Action.c(164):         <TD>*\n
Action.c(164):         </TD>\n
Action.c(164):         <TD > Total Cost\n
Action.c(164):         </TD>\n
Action.c(164):         <TD>\n
Action.c(164):            <b> $660 </b>\n
Action.c(164):         </TD>\n
Action.c(164):       </TR>\n
Action.c(164):     \n
Action.c(164):       <TR bgcolor="#EFF2F7">\n
Action.c(164):         <TD>-\n
Action.c(164):         </TD>\n
Action.c(164):         <TD >\n
Action.c(164):            Total Charged to Credit Card # 5404365135024899\n
Action.c(164):         </TD>\n
Action.c(164):         <TD>\n
Action.c(164):            <b> $660 </b>\n
Action.c(164):         </TD>\n
Action.c(164):       </TR>\n
Action.c(164):     \n
Action.c(164):       <TR bgcolor="#EFF2F7">\n
Action.c(164):         <TD>*\n
Action.c(164):         </TD>\n
Action.c(164):         <TD >\n
Action.c(164):             Credit Account Balance\n
Action.c(164):         </TD>\n
Action.c(164):         <TD>\n
Action.c(164):            <b> $0.00 </b>\n
Action.c(164):         </TD>\n
Action.c(164):       </TR></Table>\n
Action.c(164):     <BR/>\n
Action.c(164):     <Table width="85%" border="0">\n
Action.c(164):       <tr>\n
Action.c(164):         <td align=right>\n
Action.c(164):     <form method="post" action="" enctype="application/x-www-form-urlencoded">\n
Action.c(164):     <input type="image" name="Book Another" src="/WebTours/images/bookanother.gif" border="0" 
Action.c(164):     /></form>    </td>\n
Action.c(164):       </tr>\n
Action.c(164):     </Table>\n
Action.c(164):     \n
Action.c(164):     </Center>\n
Action.c(164):     \n
Action.c(164):     </body>\n
Action.c(164):     </html>
Action.c(164): Found resource "http://127.0.0.1:1080/WebTours/images/bookanother.gif" in HTML "http://127.0.0.1:1080/cgi-bin/reservations.pl"  	[MsgId: MMSG-26659]
Action.c(164): t=1426528ms: Request done "http://127.0.0.1:1080/cgi-bin/reservations.pl"  	[MsgId: MMSG-26000]
Action.c(164): t=1426528ms: Connecting [1] to host 127.0.0.1:1080  	[MsgId: MMSG-26000]
Action.c(164): t=1426529ms: Connected socket [1] from 127.0.0.1:4295 to 127.0.0.1:1080 in 0 ms  	[MsgId: MMSG-26000]
Action.c(164): t=1426529ms: 831-byte request headers for "http://127.0.0.1:1080/WebTours/images/bookanother.gif" (RelFrameId=, Internal ID=657)
Action.c(164):     GET /WebTours/images/bookanother.gif HTTP/1.1\r\n
Action.c(164):     Referer: http://127.0.0.1:1080/cgi-bin/reservations.pl\r\n
Action.c(164):     DNT: 1\r\n
Action.c(164):     Sec-Fetch-Dest: frame\r\n
Action.c(164):     Sec-Fetch-Mode: navigate\r\n
Action.c(164):     Sec-Fetch-Site: same-origin\r\n
Action.c(164):     Upgrade-Insecure-Requests: 1\r\n
Action.c(164):     sec-ch-ua: " Not A;Brand";v="99", "Chromium";v="99", "Google Chrome";v="99"\r\n
Action.c(164):     sec-ch-ua-mobile: ?0\r\n
Action.c(164):     sec-ch-ua-platform: "Windows"\r\n
Action.c(164):     Origin: http://127.0.0.1:1080\r\n
Action.c(164):     Sec-Fetch-User: ?1\r\n
Action.c(164):     User-Agent: Mozilla/5.0 (Windows NT 10.0; Win64; x64) AppleWebKit/537.36 (KHTML, like Geck
Action.c(164):     o) Chrome/99.0.4844.82 Safari/537.36\r\n
Action.c(164):     Accept-Encoding: gzip, deflate, br\r\n
Action.c(164):     Accept-Language: ru-RU,ru;q=0.9,en-US;q=0.8,en;q=0.7\r\n
Action.c(164):     Accept: */*\r\n
Action.c(164):     Connection: Keep-Alive\r\n
Action.c(164):     Host: 127.0.0.1:1080\r\n
Action.c(164):     Cookie: MSO=SID&1649328936; MTUserInfo=firstName&Oscar&username&precaution&address2&Elmsfo
Action.c(164):     rd&hash&14&address1&1099%20Elm%20Drive&lastName&Jefferson%0A\r\n
Action.c(164):     \r\n
Action.c(164): t=1426531ms: 298-byte response headers for "http://127.0.0.1:1080/WebTours/images/bookanother.gif" (RelFrameId=, Internal ID=657)
Action.c(164):     HTTP/1.1 200 OK\r\n
Action.c(164):     Date: Thu, 07 Apr 2022 10:56:02 GMT\r\n
Action.c(164):     Server: Apache/2.2.21 (Win32)\r\n
Action.c(164):     Last-Modified: Sat, 26 Mar 2022 07:29:11 GMT\r\n
Action.c(164):     ETag: "600000001c673-326-5db1a0915b123"\r\n
Action.c(164):     Accept-Ranges: bytes\r\n
Action.c(164):     Content-Length: 806\r\n
Action.c(164):     Keep-Alive: timeout=5, max=100\r\n
Action.c(164):     Connection: Keep-Alive\r\n
Action.c(164):     Content-Type: image/gif\r\n
Action.c(164):     \r\n
Action.c(164): t=1426531ms: 806-byte response body for "http://127.0.0.1:1080/WebTours/images/bookanother.gif" (RelFrameId=, Internal ID=657)
Action.c(164): t=1426531ms: Request done "http://127.0.0.1:1080/WebTours/images/bookanother.gif"  	[MsgId: MMSG-26000]
Action.c(164): Registered web_reg_find successful for "Text=Thank you for booking through Web Tours" (count=1)  	[MsgId: MMSG-26364]
Action.c(164): web_submit_data("reservations.pl_3") was successful, 3301 body bytes, 697 header bytes, 12 chunking overhead bytes  	[MsgId: MMSG-26385]
Action.c(231): Notify: Transaction "Confirmation" ended with a "Pass" status (Duration: 0,1172 Wasted Time: 0,0000).	[MsgId: MMSG-16871]
..\\..\\Library\\common_lib.h(129): Notify: Transaction "Logout" started.	[MsgId: MMSG-16999]
..\\..\\Library\\common_lib.h(131): web_reg_find started  	[MsgId: MMSG-26355]
..\\..\\Library\\common_lib.h(131): Registering web_reg_find was successful  	[MsgId: MMSG-26390]
..\\..\\Library\\common_lib.h(134): web_remove_auto_header("Sec-Fetch-User") started  	[MsgId: MMSG-26355]
..\\..\\Library\\common_lib.h(134): Previous automatically added web header for "Sec-Fetch-User" removed  	[MsgId: MMSG-26587]
..\\..\\Library\\common_lib.h(134): web_remove/revert_auto_header("Sec-Fetch-User") was successful  	[MsgId: MMSG-26392]
..\\..\\Library\\common_lib.h(136): web_add_header("Upgrade-Insecure-Requests") started  	[MsgId: MMSG-26355]
..\\..\\Library\\common_lib.h(136): An unrecognized header ("Upgrade-Insecure-Requests") is being added  	[MsgId: MMSG-26595]
..\\..\\Library\\common_lib.h(136): "Upgrade-Insecure-Requests: 1" header registered for adding to requests from the immediately following Action function  	[MsgId: MMSG-26506]
..\\..\\Library\\common_lib.h(136): web_add_header("Upgrade-Insecure-Requests") was successful  	[MsgId: MMSG-26392]
..\\..\\Library\\common_lib.h(139): lr_think_time: 5,00 seconds.	[MsgId: MMSG-15948]
..\\..\\Library\\common_lib.h(141): web_url("SignOff Button") started  	[MsgId: MMSG-26355]
..\\..\\Library\\common_lib.h(141): t=1431535ms: Already connected [0] to 127.0.0.1:1080  	[MsgId: MMSG-26000]
..\\..\\Library\\common_lib.h(141): t=1431535ms: 820-byte request headers for "http://127.0.0.1:1080/cgi-bin/welcome.pl?signOff=1" (RelFrameId=1, Internal ID=658)
..\\..\\Library\\common_lib.h(141):     GET /cgi-bin/welcome.pl?signOff=1 HTTP/1.1\r\n
..\\..\\Library\\common_lib.h(141):     Referer: http://127.0.0.1:1080/cgi-bin/nav.pl?page=menu&in=flights\r\n
..\\..\\Library\\common_lib.h(141):     Upgrade-Insecure-Requests: 1\r\n
..\\..\\Library\\common_lib.h(141):     DNT: 1\r\n
..\\..\\Library\\common_lib.h(141):     Sec-Fetch-Dest: frame\r\n
..\\..\\Library\\common_lib.h(141):     Sec-Fetch-Mode: navigate\r\n
..\\..\\Library\\common_lib.h(141):     Sec-Fetch-Site: same-origin\r\n
..\\..\\Library\\common_lib.h(141):     sec-ch-ua: " Not A;Brand";v="99", "Chromium";v="99", "Google Chrome";v="99"\r\n
..\\..\\Library\\common_lib.h(141):     sec-ch-ua-mobile: ?0\r\n
..\\..\\Library\\common_lib.h(141):     sec-ch-ua-platform: "Windows"\r\n
..\\..\\Library\\common_lib.h(141):     Origin: http://127.0.0.1:1080\r\n
..\\..\\Library\\common_lib.h(141):     User-Agent: Mozilla/5.0 (Windows NT 10.0; Win64; x64) AppleWebKit/537.36 (KHTML, like Geck
..\\..\\Library\\common_lib.h(141):     o) Chrome/99.0.4844.82 Safari/537.36\r\n
..\\..\\Library\\common_lib.h(141):     Accept-Encoding: gzip, deflate, br\r\n
..\\..\\Library\\common_lib.h(141):     Accept-Language: ru-RU,ru;q=0.9,en-US;q=0.8,en;q=0.7\r\n
..\\..\\Library\\common_lib.h(141):     Accept: */*\r\n
..\\..\\Library\\common_lib.h(141):     Connection: Keep-Alive\r\n
..\\..\\Library\\common_lib.h(141):     Host: 127.0.0.1:1080\r\n
..\\..\\Library\\common_lib.h(141):     Cookie: MSO=SID&1649328936; MTUserInfo=firstName&Oscar&username&precaution&address2&Elmsfo
..\\..\\Library\\common_lib.h(141):     rd&hash&14&address1&1099%20Elm%20Drive&lastName&Jefferson%0A\r\n
..\\..\\Library\\common_lib.h(141):     \r\n
..\\..\\Library\\common_lib.h(141): t=1431536ms: Inactive socket [1] was closed by 127.0.0.1:1080, probably due to Keep-Alive timeout  	[MsgId: MMSG-26000]
..\\..\\Library\\common_lib.h(141): t=1431536ms: Closed connection [1] to 127.0.0.1:1080 after completing 1 request(s)  	[MsgId: MMSG-26000]
..\\..\\Library\\common_lib.h(141): t=1431614ms: 327-byte response headers for "http://127.0.0.1:1080/cgi-bin/welcome.pl?signOff=1" (RelFrameId=1, Internal ID=658)
..\\..\\Library\\common_lib.h(141):     HTTP/1.1 200 OK\r\n
..\\..\\Library\\common_lib.h(141):     Date: Thu, 07 Apr 2022 10:56:07 GMT\r\n
..\\..\\Library\\common_lib.h(141):     Server: Apache/2.2.21 (Win32)\r\n
..\\..\\Library\\common_lib.h(141):     Set-Cookie: MSO=SID&1649328967; path=/\r\n
..\\..\\Library\\common_lib.h(141):     Set-Cookie: MTUserInfo=; path=/; expires=Wed, 06-Apr-2022 10:56:07 GMT\r\n
..\\..\\Library\\common_lib.h(141):     Keep-Alive: timeout=5, max=94\r\n
..\\..\\Library\\common_lib.h(141):     Connection: Keep-Alive\r\n
..\\..\\Library\\common_lib.h(141):     Transfer-Encoding: chunked\r\n
..\\..\\Library\\common_lib.h(141):     Content-Type: text/html; charset=ISO-8859-1\r\n
..\\..\\Library\\common_lib.h(141):     \r\n
..\\..\\Library\\common_lib.h(141): t=1431614ms: 5-byte chunked response overhead for "http://127.0.0.1:1080/cgi-bin/welcome.pl?signOff=1" (RelFrameId=1, Internal ID=658)
..\\..\\Library\\common_lib.h(141):     2ae\r\n
..\\..\\Library\\common_lib.h(141): t=1431614ms: 7-byte chunked response overhead for "http://127.0.0.1:1080/cgi-bin/welcome.pl?signOff=1" (RelFrameId=1, Internal ID=658)
..\\..\\Library\\common_lib.h(141):     \r\n
..\\..\\Library\\common_lib.h(141):     0\r\n
..\\..\\Library\\common_lib.h(141):     \r\n
..\\..\\Library\\common_lib.h(141): t=1431615ms: 686-byte chunked response body for "http://127.0.0.1:1080/cgi-bin/welcome.pl?signOff=1" (RelFrameId=1, Internal ID=658)
..\\..\\Library\\common_lib.h(141):     <!-- \n
..\\..\\Library\\common_lib.h(141):      A Session ID has been created and loaded into a cookie called MSO.\n
..\\..\\Library\\common_lib.h(141):      Also, the server options have been loaded into the cookie called\n
..\\..\\Library\\common_lib.h(141):      MSO as well.  The server options can be set via the Admin page.\n
..\\..\\Library\\common_lib.h(141):      --->\n
..\\..\\Library\\common_lib.h(141):     \n
..\\..\\Library\\common_lib.h(141):     <html>\n
..\\..\\Library\\common_lib.h(141):     <title>Web Tours</title>\n
..\\..\\Library\\common_lib.h(141):        <!-- Frame Set -->\n
..\\..\\Library\\common_lib.h(141):        <frameset cols="160,*" border="1" frameborder="1">\n
..\\..\\Library\\common_lib.h(141):           <!-- Navigation Frame -->\n
..\\..\\Library\\common_lib.h(141):           <frame src="nav.pl?in=home" name="navbar" marginheight="2" marginwidth="2" \n
..\\..\\Library\\common_lib.h(141):                 noresize="noresize" scrolling="auto"/>\n
..\\..\\Library\\common_lib.h(141):           <!-- Home Frame -->\n
..\\..\\Library\\common_lib.h(141):           <frame src="/WebTours/home.html" name="info" marginheight="2" marginwidth="2" \n
..\\..\\Library\\common_lib.h(141):                 noresize="noresize" scrolling="auto"/>\n
..\\..\\Library\\common_lib.h(141):        </frameset>\n
..\\..\\Library\\common_lib.h(141):     </html>\n
..\\..\\Library\\common_lib.h(141):     \n
..\\..\\Library\\common_lib.h(141):     </body>\n
..\\..\\Library\\common_lib.h(141):     </html>
..\\..\\Library\\common_lib.h(141): Detected non-resource "http://127.0.0.1:1080/cgi-bin/nav.pl?in=home" in "http://127.0.0.1:1080/cgi-bin/welcome.pl?signOff=1"  	[MsgId: MMSG-26574]
..\\..\\Library\\common_lib.h(141): Detected non-resource "http://127.0.0.1:1080/WebTours/home.html" in "http://127.0.0.1:1080/cgi-bin/welcome.pl?signOff=1"  	[MsgId: MMSG-26574]
..\\..\\Library\\common_lib.h(141): Retrieving data from cache for "http://127.0.0.1:1080/WebTours/home.html"  	[MsgId: MMSG-26558]
..\\..\\Library\\common_lib.h(141): t=1431616ms: 1361-byte response body retrieved from cache for "http://127.0.0.1:1080/WebTours/home.html" (RelFrameId=1.2, Internal ID=660)
..\\..\\Library\\common_lib.h(141):     <HTML>\n
..\\..\\Library\\common_lib.h(141):     <HEAD>\n
..\\..\\Library\\common_lib.h(141):     \t<title>Web Tours</title>\n
..\\..\\Library\\common_lib.h(141):     </HEAD>\n
..\\..\\Library\\common_lib.h(141):     <style>\n
..\\..\\Library\\common_lib.h(141):     \tblockquote {font-family: tahoma; font-size : 10pt}\n
..\\..\\Library\\common_lib.h(141):     \tH1 {font-family: tahoma; font-size : 22pt; color: #003366}\n
..\\..\\Library\\common_lib.h(141):     \tsmall {font-family: tahoma; font-size : 8pt}\n
..\\..\\Library\\common_lib.h(141):     \tH3{font-family: tahoma; font-size : 10pt; color: black}\n
..\\..\\Library\\common_lib.h(141):     \tA {FONT-WEIGHT: bold; FONT-SIZE: 10pt; COLOR: black; FONT-FAMILY: Tahoma; TEXT-DECORATIO
..\\..\\Library\\common_lib.h(141):     N: none}\n
..\\..\\Library\\common_lib.h(141):     \tA:hover{ FONT-WEIGHT: bold; FONT-SIZE: 10pt; COLOR: #993333; FONT-FAMILY: Tahoma;TEXT-DE
..\\..\\Library\\common_lib.h(141):     CORATION: underline}\n
..\\..\\Library\\common_lib.h(141):     \tTD {font-family: tahoma; font-size : 10pt; color: black}\n
..\\..\\Library\\common_lib.h(141):     </style>\n
..\\..\\Library\\common_lib.h(141):     <body bgcolor="#e0e7f1">\n
..\\..\\Library\\common_lib.h(141):     <BR/>\n
..\\..\\Library\\common_lib.h(141):     <BR/>\n
..\\..\\Library\\common_lib.h(141):     <BR/>\n
..\\..\\Library\\common_lib.h(141):     <br/>\n
..\\..\\Library\\common_lib.h(141):     <table border="0">\n
..\\..\\Library\\common_lib.h(141):     <tr><td></td></tr>\n
..\\..\\Library\\common_lib.h(141):     <TR><TD></TD></TR>\n
..\\..\\Library\\common_lib.h(141):     <TR><TD>\n
..\\..\\Library\\common_lib.h(141):     <blockquote>\n
..\\..\\Library\\common_lib.h(141):     <H1><b>Web Tours</b></H1>\n
..\\..\\Library\\common_lib.h(141):     Welcome to the Web Tours site.\n
..\\..\\Library\\common_lib.h(141):     <br/>\n
..\\..\\Library\\common_lib.h(141):     To make reservations,please enter your account information to the left.\n
..\\..\\Library\\common_lib.h(141):     <br/>\n
..\\..\\Library\\common_lib.h(141):     If you haven't registered yet, <A href="/cgi-bin/login.pl?username=&amp;password=&amp;getI
..\\..\\Library\\common_lib.h(141):     nfo=true" ><B>sign up now</B></A> to get access to all our resources.\n
..\\..\\Library\\common_lib.h(141):     <br/>\n
..\\..\\Library\\common_lib.h(141):     To configure the server options, use <A href="/cgi-bin/admin.pl" target="body" ><b>adminis
..\\..\\Library\\common_lib.h(141):     tration</b></A> link.\n
..\\..\\Library\\common_lib.h(141):     <br/><br/><br/><br/><br/><br/>\n
..\\..\\Library\\common_lib.h(141):     <br/><small>\n
..\\..\\Library\\common_lib.h(141):     This product uses parts of the SMT Kernel, Copyright (c) 1991-99 <A href="http://www.imati
..\\..\\Library\\common_lib.h(141):     x.com" target="new"><B><small>iMatix Corporation</small></B></A> \n
..\\..\\Library\\common_lib.h(141):     </small>\n
..\\..\\Library\\common_lib.h(141):     </blockquote></TD>\n
..\\..\\Library\\common_lib.h(141):     <TD></TD></TR>\n
..\\..\\Library\\common_lib.h(141):     </table>\n
..\\..\\Library\\common_lib.h(141):     </body>\n
..\\..\\Library\\common_lib.h(141):     </HTML>\n
..\\..\\Library\\common_lib.h(141): t=1431617ms: Request done "http://127.0.0.1:1080/cgi-bin/welcome.pl?signOff=1"  	[MsgId: MMSG-26000]
..\\..\\Library\\common_lib.h(141): t=1431617ms: Connecting [1] to host 127.0.0.1:1080  	[MsgId: MMSG-26000]
..\\..\\Library\\common_lib.h(141): t=1431617ms: Connected socket [1] from 127.0.0.1:4304 to 127.0.0.1:1080 in 0 ms  	[MsgId: MMSG-26000]
..\\..\\Library\\common_lib.h(141): t=1431617ms: 683-byte request headers for "http://127.0.0.1:1080/cgi-bin/nav.pl?in=home" (RelFrameId=1.1, Internal ID=659)
..\\..\\Library\\common_lib.h(141):     GET /cgi-bin/nav.pl?in=home HTTP/1.1\r\n
..\\..\\Library\\common_lib.h(141):     Referer: http://127.0.0.1:1080/cgi-bin/welcome.pl?signOff=1\r\n
..\\..\\Library\\common_lib.h(141):     Upgrade-Insecure-Requests: 1\r\n
..\\..\\Library\\common_lib.h(141):     DNT: 1\r\n
..\\..\\Library\\common_lib.h(141):     Sec-Fetch-Dest: frame\r\n
..\\..\\Library\\common_lib.h(141):     Sec-Fetch-Mode: navigate\r\n
..\\..\\Library\\common_lib.h(141):     Sec-Fetch-Site: same-origin\r\n
..\\..\\Library\\common_lib.h(141):     sec-ch-ua: " Not A;Brand";v="99", "Chromium";v="99", "Google Chrome";v="99"\r\n
..\\..\\Library\\common_lib.h(141):     sec-ch-ua-mobile: ?0\r\n
..\\..\\Library\\common_lib.h(141):     sec-ch-ua-platform: "Windows"\r\n
..\\..\\Library\\common_lib.h(141):     Origin: http://127.0.0.1:1080\r\n
..\\..\\Library\\common_lib.h(141):     User-Agent: Mozilla/5.0 (Windows NT 10.0; Win64; x64) AppleWebKit/537.36 (KHTML, like Geck
..\\..\\Library\\common_lib.h(141):     o) Chrome/99.0.4844.82 Safari/537.36\r\n
..\\..\\Library\\common_lib.h(141):     Accept-Encoding: gzip, deflate, br\r\n
..\\..\\Library\\common_lib.h(141):     Accept-Language: ru-RU,ru;q=0.9,en-US;q=0.8,en;q=0.7\r\n
..\\..\\Library\\common_lib.h(141):     Accept: */*\r\n
..\\..\\Library\\common_lib.h(141):     Connection: Keep-Alive\r\n
..\\..\\Library\\common_lib.h(141):     Host: 127.0.0.1:1080\r\n
..\\..\\Library\\common_lib.h(141):     Cookie: MSO=SID&1649328967\r\n
..\\..\\Library\\common_lib.h(141):     \r\n
..\\..\\Library\\common_lib.h(141): t=1431687ms: 256-byte response headers for "http://127.0.0.1:1080/cgi-bin/nav.pl?in=home" (RelFrameId=1.1, Internal ID=659)
..\\..\\Library\\common_lib.h(141):     HTTP/1.1 200 OK\r\n
..\\..\\Library\\common_lib.h(141):     Date: Thu, 07 Apr 2022 10:56:07 GMT\r\n
..\\..\\Library\\common_lib.h(141):     Server: Apache/2.2.21 (Win32)\r\n
..\\..\\Library\\common_lib.h(141):     Expires: Wed, 06 Apr 2022 10:56:07 GMT\r\n
..\\..\\Library\\common_lib.h(141):     Keep-Alive: timeout=5, max=100\r\n
..\\..\\Library\\common_lib.h(141):     Connection: Keep-Alive\r\n
..\\..\\Library\\common_lib.h(141):     Transfer-Encoding: chunked\r\n
..\\..\\Library\\common_lib.h(141):     Content-Type: text/html; charset=ISO-8859-1\r\n
..\\..\\Library\\common_lib.h(141):     \r\n
..\\..\\Library\\common_lib.h(141): t=1431687ms: 5-byte chunked response overhead for "http://127.0.0.1:1080/cgi-bin/nav.pl?in=home" (RelFrameId=1.1, Internal ID=659)
..\\..\\Library\\common_lib.h(141):     5d2\r\n
..\\..\\Library\\common_lib.h(141): t=1431687ms: 7-byte chunked response overhead for "http://127.0.0.1:1080/cgi-bin/nav.pl?in=home" (RelFrameId=1.1, Internal ID=659)
..\\..\\Library\\common_lib.h(141):     \r\n
..\\..\\Library\\common_lib.h(141):     0\r\n
..\\..\\Library\\common_lib.h(141):     \r\n
..\\..\\Library\\common_lib.h(141): t=1431687ms: 1490-byte chunked response body for "http://127.0.0.1:1080/cgi-bin/nav.pl?in=home" (RelFrameId=1.1, Internal ID=659)
..\\..\\Library\\common_lib.h(141):     <!DOCTYPE html\n
..\\..\\Library\\common_lib.h(141):     \tPUBLIC "-//W3C//DTD XHTML 1.0 Transitional//EN"\n
..\\..\\Library\\common_lib.h(141):     \t "http://www.w3.org/TR/xhtml1/DTD/xhtml1-transitional.dtd">\n
..\\..\\Library\\common_lib.h(141):     <html xmlns="http://www.w3.org/1999/xhtml" lang="en-US" xml:lang="en-US">\n
..\\..\\Library\\common_lib.h(141):     <head>\n
..\\..\\Library\\common_lib.h(141):     <title>Web Tours Navigation Bar</title>\n
..\\..\\Library\\common_lib.h(141):     <meta http-equiv="Content-Type" content="text/html; charset=iso-8859-1" />\n
..\\..\\Library\\common_lib.h(141):     </head>\n
..\\..\\Library\\common_lib.h(141):     <body bgcolor="#E0E7F1">\n
..\\..\\Library\\common_lib.h(141):     <style>\n
..\\..\\Library\\common_lib.h(141):     blockquote {font-family: tahoma; font-size : 10pt}\n
..\\..\\Library\\common_lib.h(141):     H1 {font-family: tahoma; font-size : 22pt; color: #993333}\n
..\\..\\Library\\common_lib.h(141):     H3 {font-family: tahoma; font-size : 10pt; color: black}\n
..\\..\\Library\\common_lib.h(141):     small {font-family: tahoma; font-size : 8pt}\n
..\\..\\Library\\common_lib.h(141):     </style>\n
..\\..\\Library\\common_lib.h(141):     <form method="post" action="/cgi-bin/login.pl" target="body">\n
..\\..\\Library\\common_lib.h(141):     <input type="hidden" name="userSession" value="133602.994491697ziHccAtpAcQVzzzHtVcDDpcctVH
..\\..\\Library\\common_lib.h(141):     f"/>\n
..\\..\\Library\\common_lib.h(141):     <table border="0"><tr><td>&nbsp;</td>\n
..\\..\\Library\\common_lib.h(141):     <td>&nbsp;</td></tr>\n
..\\..\\Library\\common_lib.h(141):     <tr><td>&nbsp;</td>\n
..\\..\\Library\\common_lib.h(141):     <td>&nbsp;</td></tr>\n
..\\..\\Library\\common_lib.h(141):     <tr><td>&nbsp;</td>\n
..\\..\\Library\\common_lib.h(141):     <td><small>&nbsp;Username</small></td></tr>\n
..\\..\\Library\\common_lib.h(141):     <tr><td>&nbsp;</td>\n
..\\..\\Library\\common_lib.h(141):     <td><input type="text" name="username" value="" size="14" maxlength="14"/></td></tr>\n
..\\..\\Library\\common_lib.h(141):     <tr><td>&nbsp;</td>\n
..\\..\\Library\\common_lib.h(141):     <td><small>&nbsp;Password</small></td>\n
..\\..\\Library\\common_lib.h(141):     <tr><td>&nbsp;</td>\n
..\\..\\Library\\common_lib.h(141):     <td><input type="password" name="password" value="" size="14" maxlength="14"/></td></tr>\n
..\\..\\Library\\common_lib.h(141):     <tr><td>&nbsp;</td>\n
..\\..\\Library\\common_lib.h(141):     <td>&nbsp;</td></tr>\n
..\\..\\Library\\common_lib.h(141):     <tr><td>&nbsp;</td>\n
..\\..\\Library\\common_lib.h(141):     <td><input type="image" name="login" value="Login" alt="Login" border="1" \n
..\\..\\Library\\common_lib.h(141):     src="/WebTours/images/mer_login.gif"/></td></tr>\n
..\\..\\Library\\common_lib.h(141):     <tr><td>&nbsp;</td><td>&nbsp;</td></tr>\n
..\\..\\Library\\common_lib.h(141):     </table><input type="hidden" name="JSFormSubmit" value="off"/>\n
..\\..\\Library\\common_lib.h(141):     </form>\n
..\\..\\Library\\common_lib.h(141):     \n
..\\..\\Library\\common_lib.h(141):     </body>\n
..\\..\\Library\\common_lib.h(141):     </html>\n
..\\..\\Library\\common_lib.h(141): Resource "http://127.0.0.1:1080/WebTours/images/mer_login.gif" is in the cache already and will not be downloaded again  	[MsgId: MMSG-26655]
..\\..\\Library\\common_lib.h(141): t=1431688ms: Request done "http://127.0.0.1:1080/cgi-bin/nav.pl?in=home"  	[MsgId: MMSG-26000]
..\\..\\Library\\common_lib.h(141): Registered web_reg_find successful for "Text=Web Tours" (count=5)  	[MsgId: MMSG-26364]
..\\..\\Library\\common_lib.h(141): web_url("SignOff Button") was successful, 2176 body bytes, 583 header bytes, 24 chunking overhead bytes  	[MsgId: MMSG-26385]
..\\..\\Library\\common_lib.h(151): Notify: Transaction "Logout" ended with a "Pass" status (Duration: 5,1572 Think Time: 5,0031 Wasted Time: 0,0000).	[MsgId: MMSG-16870]
Action.c(239): Notify: Transaction "04_MultiplePassengerTicketPurchase" ended with a "Pass" status (Duration: 31,3227 Think Time: 30,0498 Wasted Time: 0,0008).	[MsgId: MMSG-16870]
Ending action Action.	[MsgId: MMSG-15918]
Ending iteration 22.	[MsgId: MMSG-15965]
Waiting 32,6750 seconds for iteration pacing.	[MsgId: MMSG-15996]
Action was aborted.	[MsgId: MMSG-10694]
Ending Vuser...	[MsgId: MMSG-15966]
Starting action vuser_end.	[MsgId: MMSG-15919]
Ending action vuser_end.	[MsgId: MMSG-15918]
Vuser Terminated.	[MsgId: MMSG-15963]
t=1439401ms: Closed connection [0] to 127.0.0.1:1080 after completing 7 request(s)  	[MsgId: MMSG-26000]
t=1439401ms: Closed connection [1] to 127.0.0.1:1080 after completing 1 request(s)  	[MsgId: MMSG-26000]
HTML-Mode memory management statistics: Reusable=11, NonReusable=0, CsMemBlockSize=4096, checks disabled  	[MsgId: MMSG-26000]
Vuser 1 (thread 18368), ended OK."	[MsgId: MMSG-10695]
