Virtual User Script started at: 09.04.2022 18:09:44	[MsgId: MMSG-15967]
Virtual User Script started at: 09.04.2022 18:09:44	[MsgId: MMSG-15967]
Starting action vuser_init.	[MsgId: MMSG-15919]
Web Turbo Replay of LoadRunner 2020.0.0 for Windows 10; build 793 (ноя 27 2019 19:51:20)  	[MsgId: MMSG-26983]
Run mode: HTML  	[MsgId: MMSG-26993]
Replay user agent: Mozilla/5.0 (Windows NT 10.0; Win64; x64) AppleWebKit/537.36 (KHTML, like Gecko) Chrome/99.0.4844.82 Safari/537.36  	[MsgId: MMSG-26988]
Runtime Settings file: "C:\Users\ageef\AppData\Local\Temp\lr5tmpdirmLF.418\lrcfgEPj.419\cfg3Tk.434"  	[MsgId: MMSG-27141]
Vuser directory: "C:\Users\ageef\Documents\Loadrunner\VuGen\Scripts\01_UserRegistration"  	[MsgId: MMSG-27052]
Vuser output directory: "C:\Users\ageef\Documents\Loadrunner\VuGen\Scripts\01_UserRegistration"  	[MsgId: MMSG-27050]
Operating system's current working directory: "C:\Users\ageef\Documents\Loadrunner\VuGen\Scripts\01_UserRegistration"  	[MsgId: MMSG-27048]
Starting action vuser_init.	[MsgId: MMSG-15919]
UTC (GMT) start date/time   : 2022-04-09 13:09:44  	[MsgId: MMSG-26992]
LOCAL start date/time       : 2022-04-09 18:09:44  	[MsgId: MMSG-26991]
Local daylight-Savings-Time : No  	[MsgId: MMSG-26990]
Web Turbo Replay of LoadRunner 2020.0.0 for Windows 10; build 793 (ноя 27 2019 19:51:20)  	[MsgId: MMSG-26983]
Virtual User Script started at: 09.04.2022 18:09:44	[MsgId: MMSG-15967]
Some of the Runtime Settings:  	[MsgId: MMSG-27142]
Run mode: HTML  	[MsgId: MMSG-26993]
    Download non-HTML resources: Yes  	[MsgId: MMSG-27018]
    Verification checks: No  	[MsgId: MMSG-27017]
Replay user agent: Mozilla/5.0 (Windows NT 10.0; Win64; x64) AppleWebKit/537.36 (KHTML, like Gecko) Chrome/99.0.4844.82 Safari/537.36  	[MsgId: MMSG-26988]
    Convert from/to UTF-8: No  	[MsgId: MMSG-27016]
    Simulate a new user each iteration: Yes  	[MsgId: MMSG-27009]
Runtime Settings file: "C:\Users\ageef\AppData\Local\Temp\lr5tmpdirmLF.418\lrcfgEPj.419\cfg3Tk.434"  	[MsgId: MMSG-27141]
    Non-critical item errors as warnings: Yes  	[MsgId: MMSG-27008]
    HTTP errors as warnings: No  	[MsgId: MMSG-27007]
    WinInet replay instead of Sockets: No  	[MsgId: MMSG-27006]
    HTTP version: 1.1  	[MsgId: MMSG-27005]
    Keep-Alive HTTP connections: Yes  	[MsgId: MMSG-27004]
    Max self Meta refresh updates: 2  	[MsgId: MMSG-27003]
    No proxy is used (direct connection to the Internet)  	[MsgId: MMSG-27171]
Starting action vuser_init.	[MsgId: MMSG-15919]
    DNS caching: Yes  	[MsgId: MMSG-27035]
    Simulate browser cache: Yes  	[MsgId: MMSG-27034]
        Cache URLs requiring content (e.g., HTMLs): Yes  	[MsgId: MMSG-27033]
Web Turbo Replay of LoadRunner 2020.0.0 for Windows 10; build 793 (ноя 27 2019 19:51:20)  	[MsgId: MMSG-26983]
            Additional URLs requiring content: None  	[MsgId: MMSG-27032]
        Check for newer versions every visit to the page: No  	[MsgId: MMSG-27031]
Run mode: HTML  	[MsgId: MMSG-26993]
    Page download timeout (sec): 120  	[MsgId: MMSG-27030]
Replay user agent: Mozilla/5.0 (Windows NT 10.0; Win64; x64) AppleWebKit/537.36 (KHTML, like Gecko) Chrome/99.0.4844.82 Safari/537.36  	[MsgId: MMSG-26988]
    Resource Page Timeout is a Warning: No  	[MsgId: MMSG-27029]
    ContentCheck enabled: Yes  	[MsgId: MMSG-27028]
Runtime Settings file: "C:\Users\ageef\AppData\Local\Temp\lr5tmpdirmLF.418\lrcfgEPj.419\cfg3Tk.434"  	[MsgId: MMSG-27141]
    ContentCheck script-level file: "C:\Users\ageef\AppData\Local\Temp\lr5tmpdirmLF.418\lrcfgEPj.419\LrwiAedScript.xml"  	[MsgId: MMSG-27027]
Vuser directory: "C:\Users\ageef\Documents\Loadrunner\VuGen\Scripts\01_UserRegistration"  	[MsgId: MMSG-27052]
    Enable Web Page Breakdown: No  	[MsgId: MMSG-27026]
    Enable connection data points: Yes  	[MsgId: MMSG-27023]
    Process socket after reschedule: Yes  	[MsgId: MMSG-27022]
    Snapshot on error: No  	[MsgId: MMSG-27021]
Vuser output directory: "C:\Users\ageef\Documents\Loadrunner\VuGen\Scripts\01_UserRegistration"  	[MsgId: MMSG-27050]
    Define each step as a transaction: No  	[MsgId: MMSG-27020]
Operating system's current working directory: "C:\Users\ageef\Documents\Loadrunner\VuGen\Scripts\01_UserRegistration"  	[MsgId: MMSG-27048]
    Read beyond Content-Length: No  	[MsgId: MMSG-26994]
UTC (GMT) start date/time   : 2022-04-09 13:09:44  	[MsgId: MMSG-26992]
LOCAL start date/time       : 2022-04-09 18:09:44  	[MsgId: MMSG-26991]
    Parse HTML Content-Type: TEXT  	[MsgId: MMSG-26999]
Virtual User Script started at: 09.04.2022 18:09:44	[MsgId: MMSG-15967]
Local daylight-Savings-Time : No  	[MsgId: MMSG-26990]
    Graph hits per second and HTTP status codes: Yes  	[MsgId: MMSG-26998]
Some of the Runtime Settings:  	[MsgId: MMSG-27142]
    Graph response bytes per second: Yes  	[MsgId: MMSG-26997]
    Download non-HTML resources: Yes  	[MsgId: MMSG-27018]
    Graph pages per second: No  	[MsgId: MMSG-26996]
    Verification checks: No  	[MsgId: MMSG-27017]
    Web recorder version ID: 10  	[MsgId: MMSG-26995]
    Convert from/to UTF-8: No  	[MsgId: MMSG-27016]
    Simulate a new user each iteration: Yes  	[MsgId: MMSG-27009]
    Non-critical item errors as warnings: Yes  	[MsgId: MMSG-27008]
Starting action vuser_init.	[MsgId: MMSG-15919]
    HTTP errors as warnings: No  	[MsgId: MMSG-27007]
    WinInet replay instead of Sockets: No  	[MsgId: MMSG-27006]
    HTTP version: 1.1  	[MsgId: MMSG-27005]
Web Turbo Replay of LoadRunner 2020.0.0 for Windows 10; build 793 (ноя 27 2019 19:51:20)  	[MsgId: MMSG-26983]
    Keep-Alive HTTP connections: Yes  	[MsgId: MMSG-27004]
Run mode: HTML  	[MsgId: MMSG-26993]
    Max self Meta refresh updates: 2  	[MsgId: MMSG-27003]
    No proxy is used (direct connection to the Internet)  	[MsgId: MMSG-27171]
Replay user agent: Mozilla/5.0 (Windows NT 10.0; Win64; x64) AppleWebKit/537.36 (KHTML, like Gecko) Chrome/99.0.4844.82 Safari/537.36  	[MsgId: MMSG-26988]
    DNS caching: Yes  	[MsgId: MMSG-27035]
Runtime Settings file: "C:\Users\ageef\AppData\Local\Temp\lr5tmpdirmLF.418\lrcfgEPj.419\cfg3Tk.434"  	[MsgId: MMSG-27141]
    Simulate browser cache: Yes  	[MsgId: MMSG-27034]
        Cache URLs requiring content (e.g., HTMLs): Yes  	[MsgId: MMSG-27033]
Vuser directory: "C:\Users\ageef\Documents\Loadrunner\VuGen\Scripts\01_UserRegistration"  	[MsgId: MMSG-27052]
            Additional URLs requiring content: None  	[MsgId: MMSG-27032]
        Check for newer versions every visit to the page: No  	[MsgId: MMSG-27031]
Ending action vuser_init.	[MsgId: MMSG-15918]
    Page download timeout (sec): 120  	[MsgId: MMSG-27030]
Running Vuser...	[MsgId: MMSG-15964]
    Resource Page Timeout is a Warning: No  	[MsgId: MMSG-27029]
Vuser output directory: "C:\Users\ageef\Documents\Loadrunner\VuGen\Scripts\01_UserRegistration"  	[MsgId: MMSG-27050]
    ContentCheck enabled: Yes  	[MsgId: MMSG-27028]
Vuser directory: "C:\Users\ageef\Documents\Loadrunner\VuGen\Scripts\01_UserRegistration"  	[MsgId: MMSG-27052]
Operating system's current working directory: "C:\Users\ageef\Documents\Loadrunner\VuGen\Scripts\01_UserRegistration"  	[MsgId: MMSG-27048]
    ContentCheck script-level file: "C:\Users\ageef\AppData\Local\Temp\lr5tmpdirmLF.418\lrcfgEPj.419\LrwiAedScript.xml"  	[MsgId: MMSG-27027]
UTC (GMT) start date/time   : 2022-04-09 13:09:44  	[MsgId: MMSG-26992]
    Enable Web Page Breakdown: Yes  	[MsgId: MMSG-27026]
LOCAL start date/time       : 2022-04-09 18:09:44  	[MsgId: MMSG-26991]
    Enable connection data points: Yes  	[MsgId: MMSG-27023]
Local daylight-Savings-Time : No  	[MsgId: MMSG-26990]
Vuser output directory: "C:\Users\ageef\Documents\Loadrunner\VuGen\Scripts\01_UserRegistration"  	[MsgId: MMSG-27050]
    Process socket after reschedule: Yes  	[MsgId: MMSG-27022]
Some of the Runtime Settings:  	[MsgId: MMSG-27142]
Operating system's current working directory: "C:\Users\ageef\Documents\Loadrunner\VuGen\Scripts\01_UserRegistration"  	[MsgId: MMSG-27048]
    Snapshot on error: No  	[MsgId: MMSG-27021]
    Download non-HTML resources: Yes  	[MsgId: MMSG-27018]
UTC (GMT) start date/time   : 2022-04-09 13:09:44  	[MsgId: MMSG-26992]
    Define each step as a transaction: No  	[MsgId: MMSG-27020]
LOCAL start date/time       : 2022-04-09 18:09:44  	[MsgId: MMSG-26991]
    Read beyond Content-Length: No  	[MsgId: MMSG-26994]
Virtual User Script started at: 09.04.2022 18:09:44	[MsgId: MMSG-15967]
Local daylight-Savings-Time : No  	[MsgId: MMSG-26990]
    Parse HTML Content-Type: TEXT  	[MsgId: MMSG-26999]
Some of the Runtime Settings:  	[MsgId: MMSG-27142]
    Graph hits per second and HTTP status codes: Yes  	[MsgId: MMSG-26998]
    Download non-HTML resources: Yes  	[MsgId: MMSG-27018]
    Graph response bytes per second: Yes  	[MsgId: MMSG-26997]
    Verification checks: No  	[MsgId: MMSG-27017]
    Graph pages per second: No  	[MsgId: MMSG-26996]
    Verification checks: No  	[MsgId: MMSG-27017]
    Convert from/to UTF-8: No  	[MsgId: MMSG-27016]
    Web recorder version ID: 10  	[MsgId: MMSG-26995]
    Convert from/to UTF-8: No  	[MsgId: MMSG-27016]
    Simulate a new user each iteration: Yes  	[MsgId: MMSG-27009]
    Simulate a new user each iteration: Yes  	[MsgId: MMSG-27009]
    Non-critical item errors as warnings: Yes  	[MsgId: MMSG-27008]
    Non-critical item errors as warnings: Yes  	[MsgId: MMSG-27008]
    HTTP errors as warnings: No  	[MsgId: MMSG-27007]
    HTTP errors as warnings: No  	[MsgId: MMSG-27007]
    WinInet replay instead of Sockets: No  	[MsgId: MMSG-27006]
    WinInet replay instead of Sockets: No  	[MsgId: MMSG-27006]
    HTTP version: 1.1  	[MsgId: MMSG-27005]
    HTTP version: 1.1  	[MsgId: MMSG-27005]
    Keep-Alive HTTP connections: Yes  	[MsgId: MMSG-27004]
    Keep-Alive HTTP connections: Yes  	[MsgId: MMSG-27004]
    Max self Meta refresh updates: 2  	[MsgId: MMSG-27003]
    Max self Meta refresh updates: 2  	[MsgId: MMSG-27003]
    No proxy is used (direct connection to the Internet)  	[MsgId: MMSG-27171]
    No proxy is used (direct connection to the Internet)  	[MsgId: MMSG-27171]
    DNS caching: Yes  	[MsgId: MMSG-27035]
    DNS caching: Yes  	[MsgId: MMSG-27035]
    Simulate browser cache: Yes  	[MsgId: MMSG-27034]
Ending action vuser_init.	[MsgId: MMSG-15918]
        Cache URLs requiring content (e.g., HTMLs): Yes  	[MsgId: MMSG-27033]
    Simulate browser cache: Yes  	[MsgId: MMSG-27034]
Running Vuser...	[MsgId: MMSG-15964]
            Additional URLs requiring content: None  	[MsgId: MMSG-27032]
        Cache URLs requiring content (e.g., HTMLs): Yes  	[MsgId: MMSG-27033]
        Check for newer versions every visit to the page: No  	[MsgId: MMSG-27031]
            Additional URLs requiring content: None  	[MsgId: MMSG-27032]
    Page download timeout (sec): 120  	[MsgId: MMSG-27030]
        Check for newer versions every visit to the page: No  	[MsgId: MMSG-27031]
    Resource Page Timeout is a Warning: No  	[MsgId: MMSG-27029]
    Page download timeout (sec): 120  	[MsgId: MMSG-27030]
    ContentCheck enabled: Yes  	[MsgId: MMSG-27028]
    Resource Page Timeout is a Warning: No  	[MsgId: MMSG-27029]
    ContentCheck script-level file: "C:\Users\ageef\AppData\Local\Temp\lr5tmpdirmLF.418\lrcfgEPj.419\LrwiAedScript.xml"  	[MsgId: MMSG-27027]
    ContentCheck enabled: Yes  	[MsgId: MMSG-27028]
    Enable Web Page Breakdown: No  	[MsgId: MMSG-27026]
    ContentCheck script-level file: "C:\Users\ageef\AppData\Local\Temp\lr5tmpdirmLF.418\lrcfgEPj.419\LrwiAedScript.xml"  	[MsgId: MMSG-27027]
    Enable connection data points: Yes  	[MsgId: MMSG-27023]
    Enable Web Page Breakdown: No  	[MsgId: MMSG-27026]
    Process socket after reschedule: Yes  	[MsgId: MMSG-27022]
    Enable connection data points: Yes  	[MsgId: MMSG-27023]
    Snapshot on error: No  	[MsgId: MMSG-27021]
    Process socket after reschedule: Yes  	[MsgId: MMSG-27022]
    Define each step as a transaction: No  	[MsgId: MMSG-27020]
    Snapshot on error: No  	[MsgId: MMSG-27021]
    Read beyond Content-Length: No  	[MsgId: MMSG-26994]
    Define each step as a transaction: No  	[MsgId: MMSG-27020]
    Parse HTML Content-Type: TEXT  	[MsgId: MMSG-26999]
    Read beyond Content-Length: No  	[MsgId: MMSG-26994]
    Graph hits per second and HTTP status codes: Yes  	[MsgId: MMSG-26998]
    Parse HTML Content-Type: TEXT  	[MsgId: MMSG-26999]
    Graph response bytes per second: Yes  	[MsgId: MMSG-26997]
    Graph hits per second and HTTP status codes: Yes  	[MsgId: MMSG-26998]
    Graph pages per second: No  	[MsgId: MMSG-26996]
    Graph response bytes per second: Yes  	[MsgId: MMSG-26997]
    Web recorder version ID: 10  	[MsgId: MMSG-26995]
    Graph pages per second: No  	[MsgId: MMSG-26996]
    Web recorder version ID: 10  	[MsgId: MMSG-26995]
Ending action vuser_init.	[MsgId: MMSG-15918]
Ending action vuser_init.	[MsgId: MMSG-15918]
Running Vuser...	[MsgId: MMSG-15964]
Running Vuser...	[MsgId: MMSG-15964]
Starting action vuser_init.	[MsgId: MMSG-15919]
Web Turbo Replay of LoadRunner 2020.0.0 for Windows 10; build 793 (ноя 27 2019 19:51:20)  	[MsgId: MMSG-26983]
Run mode: HTML  	[MsgId: MMSG-26993]
Replay user agent: Mozilla/5.0 (Windows NT 10.0; Win64; x64) AppleWebKit/537.36 (KHTML, like Gecko) Chrome/99.0.4844.82 Safari/537.36  	[MsgId: MMSG-26988]
Runtime Settings file: "C:\Users\ageef\AppData\Local\Temp\lr5tmpdirmLF.418\lrcfgEPj.419\cfg3Tk.434"  	[MsgId: MMSG-27141]
Vuser directory: "C:\Users\ageef\Documents\Loadrunner\VuGen\Scripts\01_UserRegistration"  	[MsgId: MMSG-27052]
Vuser output directory: "C:\Users\ageef\Documents\Loadrunner\VuGen\Scripts\01_UserRegistration"  	[MsgId: MMSG-27050]
Operating system's current working directory: "C:\Users\ageef\Documents\Loadrunner\VuGen\Scripts\01_UserRegistration"  	[MsgId: MMSG-27048]
UTC (GMT) start date/time   : 2022-04-09 13:09:44  	[MsgId: MMSG-26992]
LOCAL start date/time       : 2022-04-09 18:09:44  	[MsgId: MMSG-26991]
Local daylight-Savings-Time : No  	[MsgId: MMSG-26990]
Some of the Runtime Settings:  	[MsgId: MMSG-27142]
    Download non-HTML resources: Yes  	[MsgId: MMSG-27018]
    Verification checks: No  	[MsgId: MMSG-27017]
    Convert from/to UTF-8: No  	[MsgId: MMSG-27016]
    Simulate a new user each iteration: Yes  	[MsgId: MMSG-27009]
    Non-critical item errors as warnings: Yes  	[MsgId: MMSG-27008]
    HTTP errors as warnings: No  	[MsgId: MMSG-27007]
    WinInet replay instead of Sockets: No  	[MsgId: MMSG-27006]
    HTTP version: 1.1  	[MsgId: MMSG-27005]
    Keep-Alive HTTP connections: Yes  	[MsgId: MMSG-27004]
    Max self Meta refresh updates: 2  	[MsgId: MMSG-27003]
    No proxy is used (direct connection to the Internet)  	[MsgId: MMSG-27171]
    DNS caching: Yes  	[MsgId: MMSG-27035]
    Simulate browser cache: Yes  	[MsgId: MMSG-27034]
        Cache URLs requiring content (e.g., HTMLs): Yes  	[MsgId: MMSG-27033]
            Additional URLs requiring content: None  	[MsgId: MMSG-27032]
        Check for newer versions every visit to the page: No  	[MsgId: MMSG-27031]
    Page download timeout (sec): 120  	[MsgId: MMSG-27030]
    Resource Page Timeout is a Warning: No  	[MsgId: MMSG-27029]
    ContentCheck enabled: Yes  	[MsgId: MMSG-27028]
    ContentCheck script-level file: "C:\Users\ageef\AppData\Local\Temp\lr5tmpdirmLF.418\lrcfgEPj.419\LrwiAedScript.xml"  	[MsgId: MMSG-27027]
    Enable Web Page Breakdown: No  	[MsgId: MMSG-27026]
    Enable connection data points: Yes  	[MsgId: MMSG-27023]
Virtual User Script started at: 09.04.2022 18:09:44	[MsgId: MMSG-15967]
    Process socket after reschedule: Yes  	[MsgId: MMSG-27022]
    Snapshot on error: No  	[MsgId: MMSG-27021]
    Define each step as a transaction: No  	[MsgId: MMSG-27020]
    Read beyond Content-Length: No  	[MsgId: MMSG-26994]
    Parse HTML Content-Type: TEXT  	[MsgId: MMSG-26999]
    Graph hits per second and HTTP status codes: Yes  	[MsgId: MMSG-26998]
    Graph response bytes per second: Yes  	[MsgId: MMSG-26997]
    Graph pages per second: No  	[MsgId: MMSG-26996]
    Web recorder version ID: 10  	[MsgId: MMSG-26995]
Starting action vuser_init.	[MsgId: MMSG-15919]
Web Turbo Replay of LoadRunner 2020.0.0 for Windows 10; build 793 (ноя 27 2019 19:51:20)  	[MsgId: MMSG-26983]
Run mode: HTML  	[MsgId: MMSG-26993]
Ending action vuser_init.	[MsgId: MMSG-15918]
Running Vuser...	[MsgId: MMSG-15964]
Replay user agent: Mozilla/5.0 (Windows NT 10.0; Win64; x64) AppleWebKit/537.36 (KHTML, like Gecko) Chrome/99.0.4844.82 Safari/537.36  	[MsgId: MMSG-26988]
Runtime Settings file: "C:\Users\ageef\AppData\Local\Temp\lr5tmpdirmLF.418\lrcfgEPj.419\cfg3Tk.434"  	[MsgId: MMSG-27141]
Vuser directory: "C:\Users\ageef\Documents\Loadrunner\VuGen\Scripts\01_UserRegistration"  	[MsgId: MMSG-27052]
Virtual User Script started at: 09.04.2022 18:09:44	[MsgId: MMSG-15967]
Starting action vuser_init.	[MsgId: MMSG-15919]
Web Turbo Replay of LoadRunner 2020.0.0 for Windows 10; build 793 (ноя 27 2019 19:51:20)  	[MsgId: MMSG-26983]
Run mode: HTML  	[MsgId: MMSG-26993]
Replay user agent: Mozilla/5.0 (Windows NT 10.0; Win64; x64) AppleWebKit/537.36 (KHTML, like Gecko) Chrome/99.0.4844.82 Safari/537.36  	[MsgId: MMSG-26988]
Vuser output directory: "C:\Users\ageef\Documents\Loadrunner\VuGen\Scripts\01_UserRegistration"  	[MsgId: MMSG-27050]
Runtime Settings file: "C:\Users\ageef\AppData\Local\Temp\lr5tmpdirmLF.418\lrcfgEPj.419\cfg3Tk.434"  	[MsgId: MMSG-27141]
Operating system's current working directory: "C:\Users\ageef\Documents\Loadrunner\VuGen\Scripts\01_UserRegistration"  	[MsgId: MMSG-27048]
UTC (GMT) start date/time   : 2022-04-09 13:09:44  	[MsgId: MMSG-26992]
Vuser directory: "C:\Users\ageef\Documents\Loadrunner\VuGen\Scripts\01_UserRegistration"  	[MsgId: MMSG-27052]
LOCAL start date/time       : 2022-04-09 18:09:44  	[MsgId: MMSG-26991]
Local daylight-Savings-Time : No  	[MsgId: MMSG-26990]
Some of the Runtime Settings:  	[MsgId: MMSG-27142]
    Download non-HTML resources: Yes  	[MsgId: MMSG-27018]
    Verification checks: No  	[MsgId: MMSG-27017]
Vuser output directory: "C:\Users\ageef\Documents\Loadrunner\VuGen\Scripts\01_UserRegistration"  	[MsgId: MMSG-27050]
    Convert from/to UTF-8: No  	[MsgId: MMSG-27016]
    Simulate a new user each iteration: Yes  	[MsgId: MMSG-27009]
Operating system's current working directory: "C:\Users\ageef\Documents\Loadrunner\VuGen\Scripts\01_UserRegistration"  	[MsgId: MMSG-27048]
    Non-critical item errors as warnings: Yes  	[MsgId: MMSG-27008]
UTC (GMT) start date/time   : 2022-04-09 13:09:44  	[MsgId: MMSG-26992]
    HTTP errors as warnings: No  	[MsgId: MMSG-27007]
    WinInet replay instead of Sockets: No  	[MsgId: MMSG-27006]
LOCAL start date/time       : 2022-04-09 18:09:44  	[MsgId: MMSG-26991]
    HTTP version: 1.1  	[MsgId: MMSG-27005]
Local daylight-Savings-Time : No  	[MsgId: MMSG-26990]
    Keep-Alive HTTP connections: Yes  	[MsgId: MMSG-27004]
Some of the Runtime Settings:  	[MsgId: MMSG-27142]
    Max self Meta refresh updates: 2  	[MsgId: MMSG-27003]
    Download non-HTML resources: Yes  	[MsgId: MMSG-27018]
    No proxy is used (direct connection to the Internet)  	[MsgId: MMSG-27171]
    Verification checks: No  	[MsgId: MMSG-27017]
    DNS caching: Yes  	[MsgId: MMSG-27035]
    Simulate browser cache: Yes  	[MsgId: MMSG-27034]
    Convert from/to UTF-8: No  	[MsgId: MMSG-27016]
        Cache URLs requiring content (e.g., HTMLs): Yes  	[MsgId: MMSG-27033]
    Simulate a new user each iteration: Yes  	[MsgId: MMSG-27009]
            Additional URLs requiring content: None  	[MsgId: MMSG-27032]
    Non-critical item errors as warnings: Yes  	[MsgId: MMSG-27008]
        Check for newer versions every visit to the page: No  	[MsgId: MMSG-27031]
    HTTP errors as warnings: No  	[MsgId: MMSG-27007]
    Page download timeout (sec): 120  	[MsgId: MMSG-27030]
    WinInet replay instead of Sockets: No  	[MsgId: MMSG-27006]
    Resource Page Timeout is a Warning: No  	[MsgId: MMSG-27029]
    HTTP version: 1.1  	[MsgId: MMSG-27005]
    ContentCheck enabled: Yes  	[MsgId: MMSG-27028]
    Keep-Alive HTTP connections: Yes  	[MsgId: MMSG-27004]
    ContentCheck script-level file: "C:\Users\ageef\AppData\Local\Temp\lr5tmpdirmLF.418\lrcfgEPj.419\LrwiAedScript.xml"  	[MsgId: MMSG-27027]
    Max self Meta refresh updates: 2  	[MsgId: MMSG-27003]
    Enable Web Page Breakdown: No  	[MsgId: MMSG-27026]
    No proxy is used (direct connection to the Internet)  	[MsgId: MMSG-27171]
    Enable connection data points: Yes  	[MsgId: MMSG-27023]
    DNS caching: Yes  	[MsgId: MMSG-27035]
    Simulate browser cache: Yes  	[MsgId: MMSG-27034]
    Process socket after reschedule: Yes  	[MsgId: MMSG-27022]
        Cache URLs requiring content (e.g., HTMLs): Yes  	[MsgId: MMSG-27033]
    Snapshot on error: No  	[MsgId: MMSG-27021]
    Define each step as a transaction: No  	[MsgId: MMSG-27020]
            Additional URLs requiring content: None  	[MsgId: MMSG-27032]
    Read beyond Content-Length: No  	[MsgId: MMSG-26994]
        Check for newer versions every visit to the page: No  	[MsgId: MMSG-27031]
    Parse HTML Content-Type: TEXT  	[MsgId: MMSG-26999]
    Page download timeout (sec): 120  	[MsgId: MMSG-27030]
    Graph hits per second and HTTP status codes: Yes  	[MsgId: MMSG-26998]
    Resource Page Timeout is a Warning: No  	[MsgId: MMSG-27029]
    Graph response bytes per second: Yes  	[MsgId: MMSG-26997]
    Graph pages per second: No  	[MsgId: MMSG-26996]
    ContentCheck enabled: Yes  	[MsgId: MMSG-27028]
    Web recorder version ID: 10  	[MsgId: MMSG-26995]
    ContentCheck script-level file: "C:\Users\ageef\AppData\Local\Temp\lr5tmpdirmLF.418\lrcfgEPj.419\LrwiAedScript.xml"  	[MsgId: MMSG-27027]
    Enable Web Page Breakdown: No  	[MsgId: MMSG-27026]
    Enable connection data points: Yes  	[MsgId: MMSG-27023]
    Process socket after reschedule: Yes  	[MsgId: MMSG-27022]
    Snapshot on error: No  	[MsgId: MMSG-27021]
    Define each step as a transaction: No  	[MsgId: MMSG-27020]
    Read beyond Content-Length: No  	[MsgId: MMSG-26994]
    Parse HTML Content-Type: TEXT  	[MsgId: MMSG-26999]
Virtual User Script started at: 09.04.2022 18:09:44	[MsgId: MMSG-15967]
    Graph hits per second and HTTP status codes: Yes  	[MsgId: MMSG-26998]
    Graph response bytes per second: Yes  	[MsgId: MMSG-26997]
    Graph pages per second: No  	[MsgId: MMSG-26996]
Ending action vuser_init.	[MsgId: MMSG-15918]
    Web recorder version ID: 10  	[MsgId: MMSG-26995]
Running Vuser...	[MsgId: MMSG-15964]
Ending action vuser_init.	[MsgId: MMSG-15918]
Running Vuser...	[MsgId: MMSG-15964]
Starting action vuser_init.	[MsgId: MMSG-15919]
Web Turbo Replay of LoadRunner 2020.0.0 for Windows 10; build 793 (ноя 27 2019 19:51:20)  	[MsgId: MMSG-26983]
Run mode: HTML  	[MsgId: MMSG-26993]
Replay user agent: Mozilla/5.0 (Windows NT 10.0; Win64; x64) AppleWebKit/537.36 (KHTML, like Gecko) Chrome/99.0.4844.82 Safari/537.36  	[MsgId: MMSG-26988]
Virtual User Script started at: 09.04.2022 18:09:44	[MsgId: MMSG-15967]
Runtime Settings file: "C:\Users\ageef\AppData\Local\Temp\lr5tmpdirmLF.418\lrcfgEPj.419\cfg3Tk.434"  	[MsgId: MMSG-27141]
Vuser directory: "C:\Users\ageef\Documents\Loadrunner\VuGen\Scripts\01_UserRegistration"  	[MsgId: MMSG-27052]
Vuser output directory: "C:\Users\ageef\Documents\Loadrunner\VuGen\Scripts\01_UserRegistration"  	[MsgId: MMSG-27050]
Starting action vuser_init.	[MsgId: MMSG-15919]
Operating system's current working directory: "C:\Users\ageef\Documents\Loadrunner\VuGen\Scripts\01_UserRegistration"  	[MsgId: MMSG-27048]
UTC (GMT) start date/time   : 2022-04-09 13:09:44  	[MsgId: MMSG-26992]
LOCAL start date/time       : 2022-04-09 18:09:44  	[MsgId: MMSG-26991]
Local daylight-Savings-Time : No  	[MsgId: MMSG-26990]
Some of the Runtime Settings:  	[MsgId: MMSG-27142]
Web Turbo Replay of LoadRunner 2020.0.0 for Windows 10; build 793 (ноя 27 2019 19:51:20)  	[MsgId: MMSG-26983]
    Download non-HTML resources: Yes  	[MsgId: MMSG-27018]
    Verification checks: No  	[MsgId: MMSG-27017]
    Convert from/to UTF-8: No  	[MsgId: MMSG-27016]
Run mode: HTML  	[MsgId: MMSG-26993]
    Simulate a new user each iteration: Yes  	[MsgId: MMSG-27009]
    Non-critical item errors as warnings: Yes  	[MsgId: MMSG-27008]
    HTTP errors as warnings: No  	[MsgId: MMSG-27007]
Replay user agent: Mozilla/5.0 (Windows NT 10.0; Win64; x64) AppleWebKit/537.36 (KHTML, like Gecko) Chrome/99.0.4844.82 Safari/537.36  	[MsgId: MMSG-26988]
    WinInet replay instead of Sockets: No  	[MsgId: MMSG-27006]
    HTTP version: 1.1  	[MsgId: MMSG-27005]
    Keep-Alive HTTP connections: Yes  	[MsgId: MMSG-27004]
    Max self Meta refresh updates: 2  	[MsgId: MMSG-27003]
Runtime Settings file: "C:\Users\ageef\AppData\Local\Temp\lr5tmpdirmLF.418\lrcfgEPj.419\cfg3Tk.434"  	[MsgId: MMSG-27141]
    No proxy is used (direct connection to the Internet)  	[MsgId: MMSG-27171]
    DNS caching: Yes  	[MsgId: MMSG-27035]
    Simulate browser cache: Yes  	[MsgId: MMSG-27034]
Vuser directory: "C:\Users\ageef\Documents\Loadrunner\VuGen\Scripts\01_UserRegistration"  	[MsgId: MMSG-27052]
        Cache URLs requiring content (e.g., HTMLs): Yes  	[MsgId: MMSG-27033]
            Additional URLs requiring content: None  	[MsgId: MMSG-27032]
        Check for newer versions every visit to the page: No  	[MsgId: MMSG-27031]
    Page download timeout (sec): 120  	[MsgId: MMSG-27030]
    Resource Page Timeout is a Warning: No  	[MsgId: MMSG-27029]
    ContentCheck enabled: Yes  	[MsgId: MMSG-27028]
Vuser output directory: "C:\Users\ageef\Documents\Loadrunner\VuGen\Scripts\01_UserRegistration"  	[MsgId: MMSG-27050]
    ContentCheck script-level file: "C:\Users\ageef\AppData\Local\Temp\lr5tmpdirmLF.418\lrcfgEPj.419\LrwiAedScript.xml"  	[MsgId: MMSG-27027]
    Enable Web Page Breakdown: No  	[MsgId: MMSG-27026]
Operating system's current working directory: "C:\Users\ageef\Documents\Loadrunner\VuGen\Scripts\01_UserRegistration"  	[MsgId: MMSG-27048]
    Enable connection data points: Yes  	[MsgId: MMSG-27023]
    Process socket after reschedule: Yes  	[MsgId: MMSG-27022]
UTC (GMT) start date/time   : 2022-04-09 13:09:44  	[MsgId: MMSG-26992]
    Snapshot on error: No  	[MsgId: MMSG-27021]
    Define each step as a transaction: No  	[MsgId: MMSG-27020]
LOCAL start date/time       : 2022-04-09 18:09:44  	[MsgId: MMSG-26991]
    Read beyond Content-Length: No  	[MsgId: MMSG-26994]
    Parse HTML Content-Type: TEXT  	[MsgId: MMSG-26999]
Local daylight-Savings-Time : No  	[MsgId: MMSG-26990]
    Graph hits per second and HTTP status codes: Yes  	[MsgId: MMSG-26998]
    Graph response bytes per second: Yes  	[MsgId: MMSG-26997]
Some of the Runtime Settings:  	[MsgId: MMSG-27142]
    Graph pages per second: No  	[MsgId: MMSG-26996]
    Web recorder version ID: 10  	[MsgId: MMSG-26995]
    Download non-HTML resources: Yes  	[MsgId: MMSG-27018]
    Verification checks: No  	[MsgId: MMSG-27017]
    Convert from/to UTF-8: No  	[MsgId: MMSG-27016]
    Simulate a new user each iteration: Yes  	[MsgId: MMSG-27009]
    Non-critical item errors as warnings: Yes  	[MsgId: MMSG-27008]
    HTTP errors as warnings: No  	[MsgId: MMSG-27007]
    WinInet replay instead of Sockets: No  	[MsgId: MMSG-27006]
    HTTP version: 1.1  	[MsgId: MMSG-27005]
Ending action vuser_init.	[MsgId: MMSG-15918]
Running Vuser...	[MsgId: MMSG-15964]
    Keep-Alive HTTP connections: Yes  	[MsgId: MMSG-27004]
    Max self Meta refresh updates: 2  	[MsgId: MMSG-27003]
    No proxy is used (direct connection to the Internet)  	[MsgId: MMSG-27171]
    DNS caching: Yes  	[MsgId: MMSG-27035]
Virtual User Script started at: 09.04.2022 18:09:44	[MsgId: MMSG-15967]
    Simulate browser cache: Yes  	[MsgId: MMSG-27034]
        Cache URLs requiring content (e.g., HTMLs): Yes  	[MsgId: MMSG-27033]
            Additional URLs requiring content: None  	[MsgId: MMSG-27032]
        Check for newer versions every visit to the page: No  	[MsgId: MMSG-27031]
    Page download timeout (sec): 120  	[MsgId: MMSG-27030]
    Resource Page Timeout is a Warning: No  	[MsgId: MMSG-27029]
    ContentCheck enabled: Yes  	[MsgId: MMSG-27028]
    ContentCheck script-level file: "C:\Users\ageef\AppData\Local\Temp\lr5tmpdirmLF.418\lrcfgEPj.419\LrwiAedScript.xml"  	[MsgId: MMSG-27027]
    Enable Web Page Breakdown: No  	[MsgId: MMSG-27026]
Starting action vuser_init.	[MsgId: MMSG-15919]
    Enable connection data points: Yes  	[MsgId: MMSG-27023]
    Process socket after reschedule: Yes  	[MsgId: MMSG-27022]
    Snapshot on error: No  	[MsgId: MMSG-27021]
    Define each step as a transaction: No  	[MsgId: MMSG-27020]
Web Turbo Replay of LoadRunner 2020.0.0 for Windows 10; build 793 (ноя 27 2019 19:51:20)  	[MsgId: MMSG-26983]
    Read beyond Content-Length: No  	[MsgId: MMSG-26994]
    Parse HTML Content-Type: TEXT  	[MsgId: MMSG-26999]
    Graph hits per second and HTTP status codes: Yes  	[MsgId: MMSG-26998]
Run mode: HTML  	[MsgId: MMSG-26993]
    Graph response bytes per second: Yes  	[MsgId: MMSG-26997]
    Graph pages per second: No  	[MsgId: MMSG-26996]
    Web recorder version ID: 10  	[MsgId: MMSG-26995]
Replay user agent: Mozilla/5.0 (Windows NT 10.0; Win64; x64) AppleWebKit/537.36 (KHTML, like Gecko) Chrome/99.0.4844.82 Safari/537.36  	[MsgId: MMSG-26988]
Runtime Settings file: "C:\Users\ageef\AppData\Local\Temp\lr5tmpdirmLF.418\lrcfgEPj.419\cfg3Tk.434"  	[MsgId: MMSG-27141]
Vuser directory: "C:\Users\ageef\Documents\Loadrunner\VuGen\Scripts\01_UserRegistration"  	[MsgId: MMSG-27052]
Ending action vuser_init.	[MsgId: MMSG-15918]
Running Vuser...	[MsgId: MMSG-15964]
Vuser output directory: "C:\Users\ageef\Documents\Loadrunner\VuGen\Scripts\01_UserRegistration"  	[MsgId: MMSG-27050]
Operating system's current working directory: "C:\Users\ageef\Documents\Loadrunner\VuGen\Scripts\01_UserRegistration"  	[MsgId: MMSG-27048]
UTC (GMT) start date/time   : 2022-04-09 13:09:44  	[MsgId: MMSG-26992]
LOCAL start date/time       : 2022-04-09 18:09:44  	[MsgId: MMSG-26991]
Local daylight-Savings-Time : No  	[MsgId: MMSG-26990]
Some of the Runtime Settings:  	[MsgId: MMSG-27142]
    Download non-HTML resources: Yes  	[MsgId: MMSG-27018]
    Verification checks: No  	[MsgId: MMSG-27017]
    Convert from/to UTF-8: No  	[MsgId: MMSG-27016]
    Simulate a new user each iteration: Yes  	[MsgId: MMSG-27009]
    Non-critical item errors as warnings: Yes  	[MsgId: MMSG-27008]
    HTTP errors as warnings: No  	[MsgId: MMSG-27007]
    WinInet replay instead of Sockets: No  	[MsgId: MMSG-27006]
    HTTP version: 1.1  	[MsgId: MMSG-27005]
    Keep-Alive HTTP connections: Yes  	[MsgId: MMSG-27004]
    Max self Meta refresh updates: 2  	[MsgId: MMSG-27003]
    No proxy is used (direct connection to the Internet)  	[MsgId: MMSG-27171]
    DNS caching: Yes  	[MsgId: MMSG-27035]
    Simulate browser cache: Yes  	[MsgId: MMSG-27034]
        Cache URLs requiring content (e.g., HTMLs): Yes  	[MsgId: MMSG-27033]
            Additional URLs requiring content: None  	[MsgId: MMSG-27032]
        Check for newer versions every visit to the page: No  	[MsgId: MMSG-27031]
    Page download timeout (sec): 120  	[MsgId: MMSG-27030]
    Resource Page Timeout is a Warning: No  	[MsgId: MMSG-27029]
    ContentCheck enabled: Yes  	[MsgId: MMSG-27028]
    ContentCheck script-level file: "C:\Users\ageef\AppData\Local\Temp\lr5tmpdirmLF.418\lrcfgEPj.419\LrwiAedScript.xml"  	[MsgId: MMSG-27027]
    Enable Web Page Breakdown: No  	[MsgId: MMSG-27026]
    Enable connection data points: Yes  	[MsgId: MMSG-27023]
    Process socket after reschedule: Yes  	[MsgId: MMSG-27022]
    Snapshot on error: No  	[MsgId: MMSG-27021]
    Define each step as a transaction: No  	[MsgId: MMSG-27020]
    Read beyond Content-Length: No  	[MsgId: MMSG-26994]
    Parse HTML Content-Type: TEXT  	[MsgId: MMSG-26999]
    Graph hits per second and HTTP status codes: Yes  	[MsgId: MMSG-26998]
    Graph response bytes per second: Yes  	[MsgId: MMSG-26997]
    Graph pages per second: No  	[MsgId: MMSG-26996]
    Web recorder version ID: 10  	[MsgId: MMSG-26995]
Ending action vuser_init.	[MsgId: MMSG-15918]
Running Vuser...	[MsgId: MMSG-15964]
Starting iteration 1.	[MsgId: MMSG-15968]
Maximum number of concurrent connections per server: 6  	[MsgId: MMSG-26989]
Starting action Action.	[MsgId: MMSG-15919]
Action.c(4): Notify: Transaction "01_UserRegistration" started.	[MsgId: MMSG-16999]
..\\..\\Library\\common_lib.h(3): Notify: Transaction "HomePage" started.	[MsgId: MMSG-16999]
..\\..\\Library\\common_lib.h(5): web_reg_find started  	[MsgId: MMSG-26355]
..\\..\\Library\\common_lib.h(5): Registering web_reg_find was successful  	[MsgId: MMSG-26390]
..\\..\\Library\\common_lib.h(8): web_set_sockets_option started  	[MsgId: MMSG-26355]
..\\..\\Library\\common_lib.h(8): web_set_sockets_option was successful  	[MsgId: MMSG-26392]
..\\..\\Library\\common_lib.h(10): web_add_cookie started  	[MsgId: MMSG-26355]
..\\..\\Library\\common_lib.h(10): web_add_cookie was successful  	[MsgId: MMSG-26392]
..\\..\\Library\\common_lib.h(12): web_add_auto_header("DNT") started  	[MsgId: MMSG-26355]
..\\..\\Library\\common_lib.h(12): An unrecognized header ("DNT") is being added  	[MsgId: MMSG-26595]
..\\..\\Library\\common_lib.h(12): "DNT: 1" header registered for adding to requests from all following Action functions  	[MsgId: MMSG-26505]
..\\..\\Library\\common_lib.h(12): web_add_auto_header("DNT") was successful  	[MsgId: MMSG-26392]
..\\..\\Library\\common_lib.h(15): web_add_auto_header("Sec-Fetch-Dest") started  	[MsgId: MMSG-26355]
..\\..\\Library\\common_lib.h(15): An unrecognized header ("Sec-Fetch-Dest") is being added  	[MsgId: MMSG-26595]
..\\..\\Library\\common_lib.h(15): "Sec-Fetch-Dest: frame" header registered for adding to requests from all following Action functions  	[MsgId: MMSG-26505]
..\\..\\Library\\common_lib.h(15): web_add_auto_header("Sec-Fetch-Dest") was successful  	[MsgId: MMSG-26392]
..\\..\\Library\\common_lib.h(18): web_add_auto_header("Sec-Fetch-Mode") started  	[MsgId: MMSG-26355]
..\\..\\Library\\common_lib.h(18): An unrecognized header ("Sec-Fetch-Mode") is being added  	[MsgId: MMSG-26595]
..\\..\\Library\\common_lib.h(18): "Sec-Fetch-Mode: navigate" header registered for adding to requests from all following Action functions  	[MsgId: MMSG-26505]
..\\..\\Library\\common_lib.h(18): web_add_auto_header("Sec-Fetch-Mode") was successful  	[MsgId: MMSG-26392]
..\\..\\Library\\common_lib.h(21): web_add_auto_header("Sec-Fetch-Site") started  	[MsgId: MMSG-26355]
..\\..\\Library\\common_lib.h(21): An unrecognized header ("Sec-Fetch-Site") is being added  	[MsgId: MMSG-26595]
..\\..\\Library\\common_lib.h(21): "Sec-Fetch-Site: same-origin" header registered for adding to requests from all following Action functions  	[MsgId: MMSG-26505]
..\\..\\Library\\common_lib.h(21): web_add_auto_header("Sec-Fetch-Site") was successful  	[MsgId: MMSG-26392]
..\\..\\Library\\common_lib.h(24): web_add_auto_header("Upgrade-Insecure-Requests") started  	[MsgId: MMSG-26355]
..\\..\\Library\\common_lib.h(24): An unrecognized header ("Upgrade-Insecure-Requests") is being added  	[MsgId: MMSG-26595]
..\\..\\Library\\common_lib.h(24): "Upgrade-Insecure-Requests: 1" header registered for adding to requests from all following Action functions  	[MsgId: MMSG-26505]
..\\..\\Library\\common_lib.h(24): web_add_auto_header("Upgrade-Insecure-Requests") was successful  	[MsgId: MMSG-26392]
..\\..\\Library\\common_lib.h(27): web_add_auto_header("sec-ch-ua") started  	[MsgId: MMSG-26355]
..\\..\\Library\\common_lib.h(27): An unrecognized header ("sec-ch-ua") is being added  	[MsgId: MMSG-26595]
..\\..\\Library\\common_lib.h(27): "sec-ch-ua: " Not A;Brand";v="99", "Chromium";v="99", "Google Chrome";v="99"" header registered for adding to requests from all following Action functions  	[MsgId: MMSG-26505]
..\\..\\Library\\common_lib.h(27): web_add_auto_header("sec-ch-ua") was successful  	[MsgId: MMSG-26392]
..\\..\\Library\\common_lib.h(30): web_add_auto_header("sec-ch-ua-mobile") started  	[MsgId: MMSG-26355]
..\\..\\Library\\common_lib.h(30): An unrecognized header ("sec-ch-ua-mobile") is being added  	[MsgId: MMSG-26595]
..\\..\\Library\\common_lib.h(30): "sec-ch-ua-mobile: ?0" header registered for adding to requests from all following Action functions  	[MsgId: MMSG-26505]
..\\..\\Library\\common_lib.h(30): web_add_auto_header("sec-ch-ua-mobile") was successful  	[MsgId: MMSG-26392]
..\\..\\Library\\common_lib.h(33): web_add_auto_header("sec-ch-ua-platform") started  	[MsgId: MMSG-26355]
..\\..\\Library\\common_lib.h(33): An unrecognized header ("sec-ch-ua-platform") is being added  	[MsgId: MMSG-26595]
..\\..\\Library\\common_lib.h(33): "sec-ch-ua-platform: "Windows"" header registered for adding to requests from all following Action functions  	[MsgId: MMSG-26505]
..\\..\\Library\\common_lib.h(33): web_add_auto_header("sec-ch-ua-platform") was successful  	[MsgId: MMSG-26392]
..\\..\\Library\\common_lib.h(37): web_reg_save_param_attrib started  	[MsgId: MMSG-26355]
..\\..\\Library\\common_lib.h(37): Registering web_reg_save_param_attrib was successful  	[MsgId: MMSG-26390]
..\\..\\Library\\common_lib.h(48): web_url("welcome.pl") started  	[MsgId: MMSG-26355]
..\\..\\Library\\common_lib.h(48): t=8572ms: Connecting [0] to host 127.0.0.1:1080  	[MsgId: MMSG-26000]
..\\..\\Library\\common_lib.h(48): Error -27792: Failed to connect to server "127.0.0.1:1080": [10061] Connection refused  	[MsgId: MERR-27792]
..\\..\\Library\\common_lib.h(48): t=10605ms: Closed connection [0] to 127.0.0.1:1080 after completing 0 request(s)  	[MsgId: MMSG-26000]
..\\..\\Library\\common_lib.h(48): Search registration for "userSession" parameter is filtered by "Content Type"  	[MsgId: MMSG-26000]
..\\..\\Library\\common_lib.h(48): Notify: Saving Parameter "userSession = ".	[MsgId: MMSG-13798]
..\\..\\Library\\common_lib.h(48): Error -35048: No match found for the requested parameter "userSession". Check whether the tag with specific attributes exists in the response data  	[MsgId: MERR-35048]
..\\..\\Library\\common_lib.h(48): Error -26366: "Text=Web Tours" not found for web_reg_find  	[MsgId: MERR-26366]
..\\..\\Library\\common_lib.h(48): Error -26374: The above "not found" error(s) may be explained by header and body byte counts being 0 and 0, respectively.  	[MsgId: MERR-26374]
..\\..\\Library\\common_lib.h(48): web_url("welcome.pl") highest severity level was "ERROR", 0 body bytes, 0 header bytes  	[MsgId: MMSG-26388]
..\\..\\Library\\common_lib.h(48): Notify: Transaction "HomePage" ended with a "Fail" status (Duration: 2,0357 Wasted Time: 0,0003).	[MsgId: MMSG-16871]
..\\..\\Library\\common_lib.h(48): Notify: Transaction "HomePage" has 3 error message(s).	[MsgId: MMSG-16818]
..\\..\\Library\\common_lib.h(48): Notify: The 1st error message associated with transaction "HomePage" is "Error -27792: Failed to connect to server "127.0.0.1:1080": [10061] Connection refused"	[MsgId: MMSG-16819]
..\\..\\Library\\common_lib.h(48): Notify: The 2nd error message associated with transaction "HomePage" is "Error -26366: "Text=Web Tours" not found for web_reg_find"	[MsgId: MMSG-16819]
..\\..\\Library\\common_lib.h(48): Notify: The 3rd error message associated with transaction "HomePage" is "Error -26374: The above "not found" error(s) may be explained by header and body byte counts being 0 and 0, respectively."	[MsgId: MMSG-16819]
..\\..\\Library\\common_lib.h(48): Notify: Transaction "01_UserRegistration" ended with a "Fail" status (Duration: 2,0359 Wasted Time: 0,0003).	[MsgId: MMSG-16871]
..\\..\\Library\\common_lib.h(48): Notify: Transaction "01_UserRegistration" has 3 error message(s).	[MsgId: MMSG-16818]
..\\..\\Library\\common_lib.h(48): Notify: The 1st error message associated with transaction "01_UserRegistration" is "Error -27792: Failed to connect to server "127.0.0.1:1080": [10061] Connection refused"	[MsgId: MMSG-16819]
..\\..\\Library\\common_lib.h(48): Notify: The 2nd error message associated with transaction "01_UserRegistration" is "Error -26366: "Text=Web Tours" not found for web_reg_find"	[MsgId: MMSG-16819]
..\\..\\Library\\common_lib.h(48): Notify: The 3rd error message associated with transaction "01_UserRegistration" is "Error -26374: The above "not found" error(s) may be explained by header and body byte counts being 0 and 0, respectively."	[MsgId: MMSG-16819]
Ending action Action.	[MsgId: MMSG-15918]
Ending iteration 1.	[MsgId: MMSG-15965]
Waiting 71,9630 seconds for iteration pacing.	[MsgId: MMSG-15996]
Action was aborted.	[MsgId: MMSG-10694]
Ending Vuser...	[MsgId: MMSG-15966]
Starting action vuser_end.	[MsgId: MMSG-15919]
Ending action vuser_end.	[MsgId: MMSG-15918]
Vuser Terminated.	[MsgId: MMSG-15963]
Action was aborted.	[MsgId: MMSG-10694]
Ending Vuser...	[MsgId: MMSG-15966]
Starting action vuser_end.	[MsgId: MMSG-15919]
Ending action vuser_end.	[MsgId: MMSG-15918]
Vuser Terminated.	[MsgId: MMSG-15963]
Action was aborted.	[MsgId: MMSG-10694]
Ending Vuser...	[MsgId: MMSG-15966]
Action was aborted.	[MsgId: MMSG-10694]
Starting action vuser_end.	[MsgId: MMSG-15919]
Ending Vuser...	[MsgId: MMSG-15966]
HTML-Mode memory management statistics: Reusable=0, NonReusable=0, CsMemBlockSize=4096, checks disabled  	[MsgId: MMSG-26000]
Starting action vuser_end.	[MsgId: MMSG-15919]
Ending action vuser_end.	[MsgId: MMSG-15918]
Vuser Terminated.	[MsgId: MMSG-15963]
Ending action vuser_end.	[MsgId: MMSG-15918]
Vuser Terminated.	[MsgId: MMSG-15963]
Action was aborted.	[MsgId: MMSG-10694]
Ending Vuser...	[MsgId: MMSG-15966]
Starting action vuser_end.	[MsgId: MMSG-15919]
Ending action vuser_end.	[MsgId: MMSG-15918]
Vuser Terminated.	[MsgId: MMSG-15963]
HTML-Mode memory management statistics: Reusable=0, NonReusable=0, CsMemBlockSize=4096, checks disabled  	[MsgId: MMSG-26000]
Action was aborted.	[MsgId: MMSG-10694]
Ending Vuser...	[MsgId: MMSG-15966]
Starting action vuser_end.	[MsgId: MMSG-15919]
Ending action vuser_end.	[MsgId: MMSG-15918]
Vuser Terminated.	[MsgId: MMSG-15963]
Vuser 9 (thread 19244), ended OK."	[MsgId: MMSG-10695]
Action was aborted.	[MsgId: MMSG-10694]
Ending Vuser...	[MsgId: MMSG-15966]
Starting action vuser_end.	[MsgId: MMSG-15919]
Ending action vuser_end.	[MsgId: MMSG-15918]
Vuser Terminated.	[MsgId: MMSG-15963]
Vuser 5 (thread 14560), ended OK."	[MsgId: MMSG-10695]
HTML-Mode memory management statistics: Reusable=0, NonReusable=0, CsMemBlockSize=4096, checks disabled  	[MsgId: MMSG-26000]
Vuser 1 (thread 19720), ended OK."	[MsgId: MMSG-10695]
HTML-Mode memory management statistics: Reusable=0, NonReusable=0, CsMemBlockSize=4096, checks disabled  	[MsgId: MMSG-26000]
Vuser 8 (thread 14008), ended OK."	[MsgId: MMSG-10695]
HTML-Mode memory management statistics: Reusable=0, NonReusable=0, CsMemBlockSize=4096, checks disabled  	[MsgId: MMSG-26000]
Vuser 4 (thread 20644), ended OK."	[MsgId: MMSG-10695]
Action was aborted.	[MsgId: MMSG-10694]
Ending Vuser...	[MsgId: MMSG-15966]
Starting action vuser_end.	[MsgId: MMSG-15919]
Action was aborted.	[MsgId: MMSG-10694]
Ending action vuser_end.	[MsgId: MMSG-15918]
Vuser Terminated.	[MsgId: MMSG-15963]
Ending Vuser...	[MsgId: MMSG-15966]
Starting action vuser_end.	[MsgId: MMSG-15919]
Ending action vuser_end.	[MsgId: MMSG-15918]
Vuser Terminated.	[MsgId: MMSG-15963]
HTML-Mode memory management statistics: Reusable=0, NonReusable=0, CsMemBlockSize=4096, checks disabled  	[MsgId: MMSG-26000]
Vuser 6 (thread 6440), ended OK."	[MsgId: MMSG-10695]
Action was aborted.	[MsgId: MMSG-10694]
Ending Vuser...	[MsgId: MMSG-15966]
Starting action vuser_end.	[MsgId: MMSG-15919]
Ending action vuser_end.	[MsgId: MMSG-15918]
Vuser Terminated.	[MsgId: MMSG-15963]
HTML-Mode memory management statistics: Reusable=0, NonReusable=0, CsMemBlockSize=4096, checks disabled  	[MsgId: MMSG-26000]
Vuser 0 (thread 4124), ended OK."	[MsgId: MMSG-10695]
HTML-Mode memory management statistics: Reusable=0, NonReusable=0, CsMemBlockSize=4096, checks disabled  	[MsgId: MMSG-26000]
HTML-Mode memory management statistics: Reusable=0, NonReusable=0, CsMemBlockSize=4096, checks disabled  	[MsgId: MMSG-26000]
Vuser 2 (thread 6152), ended OK."	[MsgId: MMSG-10695]
Vuser 3 (thread 13788), ended OK."	[MsgId: MMSG-10695]
HTML-Mode memory management statistics: Reusable=0, NonReusable=0, CsMemBlockSize=4096, checks disabled  	[MsgId: MMSG-26000]
Vuser 7 (thread 12680), ended OK."	[MsgId: MMSG-10695]
