Action.c(70):           <center>\n
Action.c(70):           <Table width="80%" cellspacing="0" > <tr> <td>\n
Action.c(70):               Oscar Jefferson\n
Action.c(70):     <br/>\n
Action.c(70):               1099 Elm Drive<br/>\n
Action.c(70):               Elmsford<br/>\n
Action.c(70):               <br/>\n
Action.c(70):               Total Charge: $ 391 <BR/> (CC: x-4899)\n
Action.c(70):           </td> </tr> </table>\n
Action.c(70):           </center>\n
Action.c(70):       </TD>\n
Action.c(70):     </TR>\n
Action.c(70):     <TR bgcolor="#EFF2F7">\n
Action.c(70):       <TD COLSPAN="3">\n
Action.c(70):       <b>Flight Details:</b><BR/>  <center>\n
Action.c(70):       04/11/2022\n
Action.c(70):      :  1pm : Flight 341 leaves Los Angeles  for Paris.<br>  </center>\n
Action.c(70):       </TD>\n
Action.c(70):     </TR>\n
Action.c(70):     \n
Action.c(70):     <TR bgcolor="#EFF2F7">\n
Action.c(70):       <TD COLSPAN="4">\n
Action.c(70):       <hr/>\n
Action.c(70):       </TD>\n
Action.c(70):     </TR>\n
Action.c(70):     \n
Action.c(70):     <!-- Flight #1 -->\n
Action.c(70):     <TR bgcolor="#EFF2F7">\n
Action.c(70):       <TD width="5%" rowspan="2" align="left" valign="top">\n
Action.c(70):     <b>\n
Action.c(70):     <label><input type="checkbox" name="49" value="on" /></label></font></b>\n
Action.c(70):     <input type="hidden" name="flightID" value="181479376-37705-OJ"  />\n
Action.c(70):       </TD>\n
Action.c(70):       <TD width="45%" valign="top">\n
Action.c(70):           <b>&nbsp;&nbsp;A Business class ticket for :</b><br/>\n
Action.c(70):           <center><table border="0" width="85%"><tr><td>\n
Action.c(70):           <li><i>OSCAR_JEFFERSON\n
Action.c(70):           <li><i></i>\n
Action.c(70):           </td></tr></table></center>\n
Action.c(70):       </TD>\n
Action.c(70):       <TD width="5%" >.<br/>.<br/>.<br/>.</TD>\n
Action.c(70):       <TD width="45%" valign=top><b>Invoice sent to:</b><br/>\n
Action.c(70):           <center>\n
Action.c(70):           <Table width="80%" cellspacing="0" > <tr> <td>\n
Action.c(70):               Oscar Jefferson\n
Action.c(70):     <br/>\n
Action.c(70):               1099 Elm Drive<br/>\n
Action.c(70):               Elmsford<br/>\n
Action.c(70):               <br/>\n
Action.c(70):               Total Charge: $ 169 <BR/> (CC: x-4899)\n
Action.c(70):           </td> </tr> </table>\n
Action.c(70):           </center>\n
Action.c(70):       </TD>\n
Action.c(70):     </TR>\n
Action.c(70):     <TR bgcolor="#EFF2F7">\n
Action.c(70):       <TD COLSPAN="3">\n
Action.c(70):       <b>Flight Details:</b><BR/>  <center>\n
Action.c(70):       04/11/2022\n
Action.c(70):      :  11pm : Flight 943 leaves Zurich  for Paris.<br>  </center>\n
Action.c(70):       </TD>\n
Action.c(70):     </TR>\n
Action.c(70):     \n
Action.c(70):     <TR bgcolor="#EFF2F7">\n
Action.c(70):       <TD COLSPAN="4">\n
Action.c(70):       <hr/>\n
Action.c(70):       </TD>\n
Action.c(70):     </TR>\n
Action.c(70):     \n
Action.c(70):     <!-- Flight #1 -->\n
Action.c(70):     <TR bgcolor="#EFF2F7">\n
Action.c(70):       <TD width="5%" rowspan="2" align="left" valign="top">\n
Action.c(70):     <b>\n
Action.c(70):     <label><input type="checkbox" name="50" value="on" /></label></font></b>\n
Action.c(70):     <input type="hidden" name="flightID" value="1814548566-384714-OJ"  />\n
Action.c(70):       </TD>\n
Action.c(70):       <TD width="45%" valign="top">\n
Action.c(70):           <b>&nbsp;&nbsp;A Coach class ticket for :</b><br/>\n
Action.c(70):           <center><table border="0" width="85%"><tr><td>\n
Action.c(70):           <li><i>OSCAR_JEFFERSON\n
Action.c(70):           <li><i></i>\n
Action.c(70):           </td></tr></table></center>\n
Action.c(70):       </TD>\n
Action.c(70):       <TD width="5%" >.<br/>.<br/>.<br/>.</TD>\n
Action.c(70):       <TD width="45%" valign=top><b>Invoice sent to:</b><br/>\n
Action.c(70):           <center>\n
Action.c(70):           <Table width="80%" cellspacing="0" > <tr> <td>\n
Action.c(70):               Oscar Jefferson\n
Action.c(70):     <br/>\n
Action.c(70):               1099 Elm Drive<br/>\n
Action.c(70):               Elmsford<br/>\n
Action.c(70):               <br/>\n
Action.c(70):               Total Charge: $ 1283 <BR/> (CC: x-4899)\n
Action.c(70):           </td> </tr> </table>\n
Action.c(70):           </center>\n
Action.c(70):       </TD>\n
Action.c(70):     </TR>\n
Action.c(70):     <TR bgcolor="#EFF2F7">\n
Action.c(70):       <TD COLSPAN="3">\n
Action.c(70):       <b>Flight Details:</b><BR/>  <center>\n
Action.c(70):       04/11/2022\n
Action.c(70):      :  1pm : Flight 281 leaves London  for Sydney.<br>  </center>\n
Action.c(70):       </TD>\n
Action.c(70):     </TR>\n
Action.c(70):     \n
Action.c(70):     <TR bgcolor="#EFF2F7">\n
Action.c(70):       <TD COLSPAN="4">\n
Action.c(70):       <hr/>\n
Action.c(70):       </TD>\n
Action.c(70):     </TR>\n
Action.c(70):     <TR>\n
Action.c(70):        <TD align="center" COLSPAN="4">\n
Action.c(70):        <b>A total of 50 scheduled flights.</font></b>\n
Action.c(70):        </TD>\n
Action.c(70):     </TR>\n
Action.c(70):     </TABLE>\n
Action.c(70):     \n
Action.c(70):     <TABLE WIDTH="87%" BORDER="0" CELLSPACING="0">\n
Action.c(70):     <TR>\n
Action.c(70):     <TD align="left" width="50%" >\n
Action.c(70):     <input type="image" name="removeFlights" src="/WebTours/images/cancelreservation.gif" bord
Action.c(70):     er="0" /></TD>\n
Action.c(70):     <TD align="right" width="50%" >\n
Action.c(70):     <input type="image" name="removeAllFlights" src="/WebTours/images/cancelallreservations.gi
Action.c(70):     f" border="0" /></TD>\n
Action.c(70):     </TABLE>\n
Action.c(70):     \n
Action.c(70):     <div><input type="hidden" name=".cgifields" value="33"  /><input type="hidden" name=".cgif
Action.c(70):     ields" value="32"  /><input type="hidden" name=".cgifields" value="21"  /><input type="hid
Action.c(70):     den" name=".cgifields" value="7"  /><input type="hidden" name=".cgifields" value="26"  /><
Action.c(70):     input type="hidden" name=".cgifields" value="17"  /><input type="hidden" name=".cgifields"
Action.c(70):      value="2"  /><input type="hidden" name=".cgifields" value="1"  /><input type="hidden" nam
Action.c(70):     e=".cgifields" value="18"  /><input type="hidden" name=".cgifields" value="30"  /><input t
Action.c(70):     ype="hidden" name=".cgifields" value="16"  /><input type="hidden" name=".cgifields" value=
Action.c(70):     "44"  /><input type="hidden" name=".cgifields" value="27"  /><input type="hidden" name=".c
Action.c(70):     gifields" value="25"  /><input type="hidden" name=".cgifields" value="28"  /><input type="
Action.c(70):     hidden" name=".cgifields" value="40"  /><input type="hidden" name=".cgifields" value="20" 
Action.c(70):      /><input type="hidden" name=".cgifields" value="14"  /><input type="hidden" name=".cgifie
Action.c(70):     lds" value="49"  /><input type="hidden" name=".cgifields" value="24"  /><input type="hidde
Action.c(70):     n" name=".cgifields" value="10"  /><input type="hidden" name=".cgifields" value="31"  /><i
Action.c(70):     nput type="hidden" name=".cgifields" value="35"  /><input type="hidden" name=".cgifields" 
Action.c(70):     value="11"  /><input type="hidden" name=".cgifields" value="48"  /><input type="hidden" na
Action.c(70):     me=".cgifields" value="42"  /><input type="hidden" name=".cgifields" value="22"  /><input 
Action.c(70):     type="hidden" name=".cgifields" value="46"  /><input type="hidden" name=".cgifields" value
Action.c(70):     ="13"  /><input type="hidden" name=".cgifields" value="23"  /><input type="hidden" name=".
Action.c(70):     cgifields" value="29"  /><input type="hidden" name=".cgifields" value="6"  /><input type="
Action.c(70):     hidden" name=".cgifields" value="50"  /><input type="hidden" name=".cgifields" value="39" 
Action.c(70):      /><input type="hidden" name=".cgifields" value="36"  /><input type="hidden" name=".cgifie
Action.c(70):     lds" value="3"  /><input type="hidden" name=".cgifields" value="9"  /><input type="hidden"
Action.c(70):      name=".cgifields" value="41"  /><input type="hidden" name=".cgifields" value="12"  /><inp
Action.c(70):     ut type="hidden" name=".cgifields" value="47"  /><input type="hidden" name=".cgifields" va
Action.c(70):     lue="15"  /><input type="hidden" name=".cgifields" value="38"  /><input type="hidden" name
Action.c(70):     =".cgifields" value="8"  /><input type="hidden" name=".cgifields" value="4"  /><input type
Action.c(70):     ="hidden" name=".cgifields" value="34"  /><input type="hidden" name=".cgifields" value="45
Action.c(70):     "  /><input type="hidden" name=".cgifields" value="37"  /><input type="hidden" name=".cgif
Action.c(70):     ields" value="43"  /><input type="hidden" name=".cgifields" value="19"  /><input type="hid
Action.c(70):     den" name=".cgifields" value="5"  /></div></form>\n
Action.c(70):     \n
Action.c(70):     </center>\n
Action.c(70):     \n
Action.c(70):     </body>\n
Action.c(70):     </html>
Action.c(70): Resource "http://127.0.0.1:1080/WebTours/images/cancelreservation.gif" is in the cache already and will not be downloaded again  	[MsgId: MMSG-26655]
Action.c(70): Resource "http://127.0.0.1:1080/WebTours/images/cancelallreservations.gif" is in the cache already and will not be downloaded again  	[MsgId: MMSG-26655]
Action.c(70): t=1063286ms: Request done "http://127.0.0.1:1080/cgi-bin/itinerary.pl"  	[MsgId: MMSG-26000]
Action.c(70): Registered web_reg_find successful for "Text=181452268-805-OJ"  	[MsgId: MMSG-26362]
Action.c(70): Registered web_reg_find successful for "Text=181457529-1561-OJ"  	[MsgId: MMSG-26362]
Action.c(70): Registered web_reg_find successful for "Text=18146524-2323-OJ"  	[MsgId: MMSG-26362]
Action.c(70): web_submit_form("itinerary.pl") was successful, 60223 body bytes, 256 header bytes, 123 chunking overhead bytes  	[MsgId: MMSG-26385]
Action.c(119): Notify: Transaction "DeleteItinerary" ended with a "Pass" status (Duration: 5,0982 Think Time: 5,0106 Wasted Time: 0,0001).	[MsgId: MMSG-16870]
..\\..\\Library\\common_lib.h(129): Notify: Transaction "Logout" started.	[MsgId: MMSG-16999]
..\\..\\Library\\common_lib.h(131): web_reg_find started  	[MsgId: MMSG-26355]
..\\..\\Library\\common_lib.h(131): Registering web_reg_find was successful  	[MsgId: MMSG-26390]
..\\..\\Library\\common_lib.h(134): web_remove_auto_header("Sec-Fetch-User") started  	[MsgId: MMSG-26355]
..\\..\\Library\\common_lib.h(134): Previous automatically added web header for "Sec-Fetch-User" removed  	[MsgId: MMSG-26587]
..\\..\\Library\\common_lib.h(134): web_remove/revert_auto_header("Sec-Fetch-User") was successful  	[MsgId: MMSG-26392]
..\\..\\Library\\common_lib.h(136): web_add_header("Upgrade-Insecure-Requests") started  	[MsgId: MMSG-26355]
..\\..\\Library\\common_lib.h(136): An unrecognized header ("Upgrade-Insecure-Requests") is being added  	[MsgId: MMSG-26595]
..\\..\\Library\\common_lib.h(136): "Upgrade-Insecure-Requests: 1" header registered for adding to requests from the immediately following Action function  	[MsgId: MMSG-26506]
..\\..\\Library\\common_lib.h(136): web_add_header("Upgrade-Insecure-Requests") was successful  	[MsgId: MMSG-26392]
..\\..\\Library\\common_lib.h(139): lr_think_time: 5,00 seconds.	[MsgId: MMSG-15948]
Action.c(56): Notify: Parameter Substitution: parameter "FlightID_count" =  "19"	[MsgId: MMSG-13992]
Action.c(82): Notify: Parameter Substitution: parameter "FlightID_count" =  "19"	[MsgId: MMSG-13992]
Action.c(84): web_reg_find started  	[MsgId: MMSG-26355]
Action.c(84): Notify: Parameter Substitution: parameter "FlightID_1" =  "120102263-777-PW"	[MsgId: MMSG-13992]
Action.c(84): Registering web_reg_find was successful  	[MsgId: MMSG-26390]
Action.c(88): web_reg_find started  	[MsgId: MMSG-26355]
Action.c(88): Notify: Parameter Substitution: parameter "FlightID_2" =  "120076759-15464-PW"	[MsgId: MMSG-13992]
Action.c(88): Registering web_reg_find was successful  	[MsgId: MMSG-26390]
Action.c(92): web_submit_form("itinerary.pl") started  	[MsgId: MMSG-26355]
Action.c(92): Submitting form to "http://127.0.0.1:1080/cgi-bin/itinerary.pl", Target Frame=""  	[MsgId: MMSG-27978]
Action.c(92): t=1064544ms: Closed connection [0] to 127.0.0.1:1080 after completing 2 request(s)  	[MsgId: MMSG-26000]
Action.c(92): t=1064545ms: Connecting [0] to host 127.0.0.1:1080  	[MsgId: MMSG-26000]
Action.c(92): t=1064545ms: Connected socket [0] from 127.0.0.1:47094 to 127.0.0.1:1080 in 0 ms  	[MsgId: MMSG-26000]
Action.c(92): t=1064545ms: 914-byte request headers for "http://127.0.0.1:1080/cgi-bin/itinerary.pl" (RelFrameId=1, Internal ID=437)
Action.c(92):     POST /cgi-bin/itinerary.pl HTTP/1.1\r\n
Action.c(92):     Content-Type: application/x-www-form-urlencoded\r\n
Action.c(92):     Referer: http://127.0.0.1:1080/cgi-bin/itinerary.pl\r\n
Action.c(92):     Origin: http://127.0.0.1:1080\r\n
Action.c(92):     DNT: 1\r\n
Action.c(92):     Sec-Fetch-Dest: frame\r\n
Action.c(92):     Sec-Fetch-Mode: navigate\r\n
Action.c(92):     Sec-Fetch-Site: same-origin\r\n
Action.c(92):     Upgrade-Insecure-Requests: 1\r\n
Action.c(92):     sec-ch-ua: " Not A;Brand";v="99", "Chromium";v="99", "Google Chrome";v="99"\r\n
Action.c(92):     sec-ch-ua-mobile: ?0\r\n
Action.c(92):     sec-ch-ua-platform: "Windows"\r\n
Action.c(92):     Sec-Fetch-User: ?1\r\n
Action.c(92):     User-Agent: Mozilla/5.0 (Windows NT 10.0; Win64; x64) AppleWebKit/537.36 (KHTML, like Geck
Action.c(92):     o) Chrome/99.0.4844.82 Safari/537.36\r\n
Action.c(92):     Accept-Encoding: gzip, deflate, br\r\n
Action.c(92):     Accept-Language: ru-RU,ru;q=0.9,en-US;q=0.8,en;q=0.7\r\n
Action.c(92):     Accept: */*\r\n
Action.c(92):     Connection: Keep-Alive\r\n
Action.c(92):     Host: 127.0.0.1:1080\r\n
Action.c(92):     Cookie: MSO=SID&1649598647; MTUserInfo=firstName&Patricia&address2&Red%20Bank&username&fra
Action.c(92):     ction&hash&14&lastName&Woods%0A&address1&355%20Caynor%20Circle&creditCard&&expDate&%0A\r\n
Action.c(92):     Content-Length: 833\r\n
Action.c(92):     \r\n
Action.c(92): t=1064546ms: 833-byte request body for "http://127.0.0.1:1080/cgi-bin/itinerary.pl" (RelFrameId=1, Internal ID=437)
Action.c(92):     1=on&flightID=120102263-777-PW&2=on&flightID=120076759-15464-PW&flightID=120089341-2360-PW
Action.c(92):     &flightID=1200933371-30849-PW&flightID=120094820-3857-PW&flightID=1200807836-46517-PW&flig
Action.c(92):     htID=120084824-5405-PW&flightID=1201037092-61652-PW&flightID=1201055598-69410-PW&flightID=
Action.c(92):     120100020-7734-PW&flightID=120105619-84780-PW&flightID=12008751-9243-PW&flightID=120095950
Action.c(92):     -10051-PW&flightID=120108231-10808-PW&flightID=120108234-11614-PW&flightID=1201015594-1232
Action.c(92):     40-PW&flightID=120093363-13138-PW&flightID=1200919353-138851-PW&flightID=12009743-1468-PW&
Action.c(92):     .cgifields=11&.cgifields=7&.cgifields=17&.cgifields=2&.cgifields=1&.cgifields=18&.cgifield
Action.c(92):     s=16&.cgifields=13&.cgifields=6&.cgifields=3&.cgifields=9&.cgifields=12&.cgifields=14&.cgi
Action.c(92):     fields=15&.cgifields=8&.cgifields=4&.cgifields=19&.cgifields=10&.cgifields=5&removeFlights
Action.c(92):     .x=69&removeFlights.y=9
Action.c(92): t=1064546ms: Inactive socket [1] was closed by 127.0.0.1:1080, probably due to Keep-Alive timeout  	[MsgId: MMSG-26000]
Action.c(92): t=1064546ms: Closed connection [1] to 127.0.0.1:1080 after completing 2 request(s)  	[MsgId: MMSG-26000]
Action.c(92): t=1064546ms: Inactive socket [2] was closed by 127.0.0.1:1080, probably due to Keep-Alive timeout  	[MsgId: MMSG-26000]
Action.c(92): t=1064546ms: Closed connection [2] to 127.0.0.1:1080 after completing 1 request(s)  	[MsgId: MMSG-26000]
Action.c(92): t=1064546ms: Inactive socket [3] was closed by 127.0.0.1:1080, probably due to Keep-Alive timeout  	[MsgId: MMSG-26000]
Action.c(92): t=1064546ms: Closed connection [3] to 127.0.0.1:1080 after completing 2 request(s)  	[MsgId: MMSG-26000]
Action.c(92): t=1064588ms: 256-byte response headers for "http://127.0.0.1:1080/cgi-bin/itinerary.pl" (RelFrameId=1, Internal ID=437)
Action.c(92):     HTTP/1.1 200 OK\r\n
Action.c(92):     Date: Sun, 10 Apr 2022 13:51:02 GMT\r\n
Action.c(92):     Server: Apache/2.2.21 (Win32)\r\n
Action.c(92):     Expires: Sat, 09 Apr 2022 13:51:02 GMT\r\n
Action.c(92):     Keep-Alive: timeout=5, max=100\r\n
Action.c(92):     Connection: Keep-Alive\r\n
Action.c(92):     Transfer-Encoding: chunked\r\n
Action.c(92):     Content-Type: text/html; charset=ISO-8859-1\r\n
Action.c(92):     \r\n
Action.c(92): t=1064588ms: 5-byte chunked response overhead for "http://127.0.0.1:1080/cgi-bin/itinerary.pl" (RelFrameId=1, Internal ID=437)
Action.c(92):     f84\r\n
Action.c(92): t=1064588ms: 2-byte chunked response overhead for "http://127.0.0.1:1080/cgi-bin/itinerary.pl" (RelFrameId=1, Internal ID=437)
Action.c(92):     \r\n
Action.c(92): t=1064589ms: 3972-byte chunked response body for "http://127.0.0.1:1080/cgi-bin/itinerary.pl" (RelFrameId=1, Internal ID=437)
Action.c(92):     <!DOCTYPE html\n
Action.c(92):     \tPUBLIC "-//W3C//DTD XHTML 1.0 Transitional//EN"\n
Action.c(92):     \t "http://www.w3.org/TR/xhtml1/DTD/xhtml1-transitional.dtd">\n
Action.c(92):     <html xmlns="http://www.w3.org/1999/xhtml" lang="en-US" xml:lang="en-US">\n
Action.c(92):     <head>\n
Action.c(92):     <title>Flights List</title>\n
Action.c(92):     <meta http-equiv="Content-Type" content="text/html; charset=iso-8859-1" />\n
Action.c(92):     </head>\n
Action.c(92):     <body bgcolor="#E0E7F1">\n
Action.c(92):     <style>blockquote {font-family: tahoma; font-size : 10pt}H1 {font-family: tahoma; font-siz
Action.c(92):     e : 22pt; color: #993333}small {font-family: tahoma; font-size : 8pt}H3 {font-family: taho
Action.c(92):     ma; font-size : 10pt; color: black}TD {font-family: tahoma; font-size : 8pt; color: black}
Action.c(92):     </style><BR/><BR/><h1><font color="#003366">&nbsp;&nbsp;<b>Itinerary</font></b></h1><block
Action.c(92):     quote><form method="post" action="itinerary.pl" enctype="application/x-www-form-urlencoded
Action.c(92):     ">\n
Action.c(92):     <center>\n
Action.c(92):     <TABLE BORDER="0" WIDTH="85%" CELLSPACING="0">\n
Action.c(92):     <TR bgcolor="#5E7884">\n
Action.c(92):       <TD colspan="4" align="center"><font color="white"><B>Patricia Woods\n
Action.c(92):      's Flight Transaction Summary</B></color></TD></TR>\n
Action.c(92):     \n
Action.c(92):     <!-- Flight #1 -->\n
Action.c(92):     <TR bgcolor="#EFF2F7">\n
Action.c(92):       <TD width="5%" rowspan="2" align="left" valign="top">\n
Action.c(92):     <b>\n
Action.c(92):     <label><input type="checkbox" name="1" value="on" /></label></font></b>\n
Action.c(92):     <input type="hidden" name="flightID" value="120089341-821-PW"  />\n
Action.c(92):       </TD>\n
Action.c(92):       <TD width="45%" valign="top">\n
Action.c(92):           <b>&nbsp;&nbsp;3 First class tickets for :</b><br/>\n
Action.c(92):           <center><table border="0" width="85%"><tr><td>\n
Action.c(92):           <li><i>PATRICIA_WOODS      <li><i>STEPHEN_ANDERSON      <li><i>MARK_MOORE\n
Action.c(92):           <li><i></i>\n
Action.c(92):           </td></tr></table></center>\n
Action.c(92):       </TD>\n
Action.c(92):       <TD width="5%" >.<br/>.<br/>.<br/>.</TD>\n
Action.c(92):       <TD width="45%" valign=top><b>Invoice sent to:</b><br/>\n
Action.c(92):           <center>\n
Action.c(92):           <Table width="80%" cellspacing="0" > <tr> <td>\n
Action.c(92):               Patricia Woods\n
Action.c(92):     <br/>\n
Action.c(92):               355 Caynor Circle<br/>\n
Action.c(92):               Red Bank<br/>\n
Action.c(92):               <br/>\n
Action.c(92):               Total Charge: $ 684 <BR/> (CC: x-3242)\n
Action.c(92):           </td> </tr> </table>\n
Action.c(92):           </center>\n
Action.c(92):       </TD>\n
Action.c(92):     </TR>\n
Action.c(92):     <TR bgcolor="#EFF2F7">\n
Action.c(92):       <TD COLSPAN="3">\n
Action.c(92):       <b>Flight Details:</b><BR/>  <center>\n
Action.c(92):       04/11/2022\n
Action.c(92):      :  5pm : Flight 412 leaves Paris  for Frankfurt.<br>  </center>\n
Action.c(92):       </TD>\n
Action.c(92):     </TR>\n
Action.c(92):     \n
Action.c(92):     <TR bgcolor="#EFF2F7">\n
Action.c(92):       <TD COLSPAN="4">\n
Action.c(92):       <hr/>\n
Action.c(92):       </TD>\n
Action.c(92):     </TR>\n
Action.c(92):     \n
Action.c(92):     <!-- Flight #1 -->\n
Action.c(92):     <TR bgcolor="#EFF2F7">\n
Action.c(92):       <TD width="5%" rowspan="2" align="left" valign="top">\n
Action.c(92):     <b>\n
Action.c(92):     <label><input type="checkbox" name="2" value="on" /></label></font></b>\n
Action.c(92):     <input type="hidden" name="flightID" value="1200933371-15464-PW"  />\n
Action.c(92):       </TD>\n
Action.c(92):       <TD width="45%" valign="top">\n
Action.c(92):           <b>&nbsp;&nbsp;A First class ticket for :</b><br/>\n
Action.c(92):           <center><table border="0" width="85%"><tr><td>\n
Action.c(92):           <li><i>PATRICIA_WOODS\n
Action.c(92):           <li><i></i>\n
Action.c(92):           </td></tr></table></center>\n
Action.c(92):       </TD>\n
Action.c(92):       <TD width="5%" >.<br/>.<br/>.<br/>.</TD>\n
Action.c(92):       <TD width="45%" valign=top><b>Invoice sent to:</b><br/>\n
Action.c(92):           <center>\n
Action.c(92):           <Table width="80%" cellspacing="0" > <tr> <td>\n
Action.c(92):               Patricia Woods\n
Action.c(92):     <br/>\n
Action.c(92):               355 Caynor Circle<br/>\n
Action.c(92):               Red Bank<br/>\n
Action.c(92):               <br/>\n
Action.c(92):               Total Charge: $ 1041 <BR/> (CC: x-3242)\n
Action.c(92):           </td> </tr> </table>\n
Action.c(92):           </center>\n
Action.c(92):       </TD>\n
Action.c(92):     </TR>\n
Action.c(92):     <TR bgcolor="#EFF2F7">\n
Action.c(92):       <TD COLSPAN="3">\n
Action.c(92):       <b>Flight Details:</b><BR/>  <center>\n
Action.c(92):       04/11/2022\n
Action.c(92):      :  8am : Flight 520 leaves Portland  for London.<br>  </center>\n
Action.c(92):       </TD>\n
Action.c(92):     </TR>\n
Action.c(92):     \n
Action.c(92):     <TR bgcolor="#EFF2F7">\n
Action.c(92):       <TD COLSPAN="4">\n
Action.c(92):       <hr/>\n
Action.c(92):       </TD>\n
Action.c(92):     </TR>\n
Action.c(92):     \n
Action.c(92):     <!-- Flight #1 -->\n
Action.c(92):     <TR bgcolor="#EFF2F7">\n
Action.c(92):       <TD width="5%" rowspan="2" align="left" valign="top">\n
Action.c(92):     <b>\n
Action.c(92):     <label><input type="checkbox" name="3" value="on" /></label></font></b>\n
Action.c(92):     <input type="hidden" name="flightID" value="120094820-2318-PW"  />\n
Action.c(92):       </TD>\n
Action.c(92):       <TD width="45%" valign="top">\n
Action.c(92):           <b>&nbsp;&nbsp;A First class ticket for :</b><br/>\n
Action.c(92):           <center><table border="0" width="85%"><tr><td>\n
Action.c(92):           <li><i>PATRICIA_WOODS\n
Action.c(92):           <li><i></i>\n
Action.c(92):           </td></tr></table></center>\n
Action.c(92):       </TD>\n
Action.c(92):       <TD width="5%" >.<br/>.<br/>.<br/>.</TD>\n
Action.c(92):       <TD width="45%" valign=top><b>Invoice sent to:</b><br/>\n
Action.c(92):           <center>\n
Action.c(92):           <Table width="80%" cellspacing="0" > <tr> <td>\n
Action.c(92):               Patricia Woods\n
Action.c(92):     <br/>\n
Action.c(92):               355 Caynor Circle<br/>\n
Action.c(92):               
Action.c(92): t=1064591ms: 6-byte chunked response overhead for "http://127.0.0.1:1080/cgi-bin/itinerary.pl" (RelFrameId=1, Internal ID=437)
Action.c(92):     1000\r\n
Action.c(92): t=1064591ms: 8-byte chunked response overhead for "http://127.0.0.1:1080/cgi-bin/itinerary.pl" (RelFrameId=1, Internal ID=437)
Action.c(92):     \r\n
Action.c(92):     1000\r\n
Action.c(92): t=1064591ms: 8-byte chunked response overhead for "http://127.0.0.1:1080/cgi-bin/itinerary.pl" (RelFrameId=1, Internal ID=437)
Action.c(92):     \r\n
Action.c(92):     1000\r\n
Action.c(92): t=1064591ms: 12265-byte chunked response body for "http://127.0.0.1:1080/cgi-bin/itinerary.pl" (RelFrameId=1, Internal ID=437)
Action.c(92):     Red Bank<br/>\n
Action.c(92):               <br/>\n
Action.c(92):               Total Charge: $ 142 <BR/> (CC: x-3242)\n
Action.c(92):           </td> </tr> </table>\n
Action.c(92):           </center>\n
Action.c(92):       </TD>\n
Action.c(92):     </TR>\n
Action.c(92):     <TR bgcolor="#EFF2F7">\n
Action.c(92):       <TD COLSPAN="3">\n
Action.c(92):       <b>Flight Details:</b><BR/>  <center>\n
Action.c(92):       04/11/2022\n
Action.c(92):      :  8am : Flight 560 leaves Portland  for San Francisco.<br>  </center>\n
Action.c(92):       </TD>\n
Action.c(92):     </TR>\n
Action.c(92):     \n
Action.c(92):     <TR bgcolor="#EFF2F7">\n
Action.c(92):       <TD COLSPAN="4">\n
Action.c(92):       <hr/>\n
Action.c(92):       </TD>\n
Action.c(92):     </TR>\n
Action.c(92):     \n
Action.c(92):     <!-- Flight #1 -->\n
Action.c(92):     <TR bgcolor="#EFF2F7">\n
Action.c(92):       <TD width="5%" rowspan="2" align="left" valign="top">\n
Action.c(92):     <b>\n
Action.c(92):     <label><input type="checkbox" name="4" value="on" /></label></font></b>\n
Action.c(92):     <input type="hidden" name="flightID" value="1200807836-31132-PW"  />\n
Action.c(92):       </TD>\n
Action.c(92):       <TD width="45%" valign="top">\n
Action.c(92):           <b>&nbsp;&nbsp;3 Business class tickets for :</b><br/>\n
Action.c(92):           <center><table border="0" width="85%"><tr><td>\n
Action.c(92):           <li><i>PATRICIA_WOODS      <li><i>MARK_MOORE      <li><i>PATRICIA_WOODS\n
Action.c(92):           <li><i></i>\n
Action.c(92):           </td></tr></table></center>\n
Action.c(92):       </TD>\n
Action.c(92):       <TD width="5%" >.<br/>.<br/>.<br/>.</TD>\n
Action.c(92):       <TD width="45%" valign=top><b>Invoice sent to:</b><br/>\n
Action.c(92):           <center>\n
Action.c(92):           <Table width="80%" cellspacing="0" > <tr> <td>\n
Action.c(92):               Patricia Woods\n
Action.c(92):     <br/>\n
Action.c(92):               355 Caynor Circle<br/>\n
Action.c(92):               Red Bank<br/>\n
Action.c(92):               <br/>\n
Action.c(92):               Total Charge: $ 4725 <BR/> (CC: x-3242)\n
Action.c(92):           </td> </tr> </table>\n
Action.c(92):           </center>\n
Action.c(92):       </TD>\n
Action.c(92):     </TR>\n
Action.c(92):     <TR bgcolor="#EFF2F7">\n
Action.c(92):       <TD COLSPAN="3">\n
Action.c(92):       <b>Flight Details:</b><BR/>  <center>\n
Action.c(92):       04/11/2022\n
Action.c(92):      :  1pm : Flight 181 leaves Frankfurt  for Sydney.<br>  </center>\n
Action.c(92):       </TD>\n
Action.c(92):     </TR>\n
Action.c(92):     \n
Action.c(92):     <TR bgcolor="#EFF2F7">\n
Action.c(92):       <TD COLSPAN="4">\n
Action.c(92):       <hr/>\n
Action.c(92):       </TD>\n
Action.c(92):     </TR>\n
Action.c(92):     \n
Action.c(92):     <!-- Flight #1 -->\n
Action.c(92):     <TR bgcolor="#EFF2F7">\n
Action.c(92):       <TD width="5%" rowspan="2" align="left" valign="top">\n
Action.c(92):     <b>\n
Action.c(92):     <label><input type="checkbox" name="5" value="on" /></label></font></b>\n
Action.c(92):     <input type="hidden" name="flightID" value="120084824-3867-PW"  />\n
Action.c(92):       </TD>\n
Action.c(92):       <TD width="45%" valign="top">\n
Action.c(92):           <b>&nbsp;&nbsp;A Business class ticket for :</b><br/>\n
Action.c(92):           <center><table border="0" width="85%"><tr><td>\n
Action.c(92):           <li><i>PATRICIA_WOODS\n
Action.c(92):           <li><i></i>\n
Action.c(92):           </td></tr></table></center>\n
Action.c(92):       </TD>\n
Action.c(92):       <TD width="5%" >.<br/>.<br/>.<br/>.</TD>\n
Action.c(92):       <TD width="45%" valign=top><b>Invoice sent to:</b><br/>\n
Action.c(92):           <center>\n
Action.c(92):           <Table width="80%" cellspacing="0" > <tr> <td>\n
Action.c(92):               Patricia Woods\n
Action.c(92):     <br/>\n
Action.c(92):               355 Caynor Circle<br/>\n
Action.c(92):               Red Bank<br/>\n
Action.c(92):               <br/>\n
Action.c(92):               Total Charge: $ 271 <BR/> (CC: x-3242)\n
Action.c(92):           </td> </tr> </table>\n
Action.c(92):           </center>\n
Action.c(92):       </TD>\n
Action.c(92):     </TR>\n
Action.c(92):     <TR bgcolor="#EFF2F7">\n
Action.c(92):       <TD COLSPAN="3">\n
Action.c(92):       <b>Flight Details:</b><BR/>  <center>\n
Action.c(92):       04/11/2022\n
Action.c(92):      :  8am : Flight 290 leaves London  for Zurich.<br>  </center>\n
Action.c(92):       </TD>\n
Action.c(92):     </TR>\n
Action.c(92):     \n
Action.c(92):     <TR bgcolor="#EFF2F7">\n
Action.c(92):       <TD COLSPAN="4">\n
Action.c(92):       <hr/>\n
Action.c(92):       </TD>\n
Action.c(92):     </TR>\n
Action.c(92):     \n
Action.c(92):     <!-- Flight #1 -->\n
Action.c(92):     <TR bgcolor="#EFF2F7">\n
Action.c(92):       <TD width="5%" rowspan="2" align="left" valign="top">\n
Action.c(92):     <b>\n
Action.c(92):     <label><input type="checkbox" name="6" value="on" /></label></font></b>\n
Action.c(92):     <input type="hidden" name="flightID" value="1201037092-46268-PW"  />\n
Action.c(92):       </TD>\n
Action.c(92):       <TD width="45%" valign="top">\n
Action.c(92):           <b>&nbsp;&nbsp;A First class ticket for :</b><br/>\n
Action.c(92):           <center><table border="0" width="85%"><tr><td>\n
Action.c(92):           <li><i>PATRICIA_WOODS\n
Action.c(92):           <li><i></i>\n
Action.c(92):           </td></tr></table></center>\n
Action.c(92):       </TD>\n
Action.c(92):       <TD width="5%" >.<br/>.<br/>.<br/>.</TD>\n
Action.c(92):       <TD width="45%" valign=top><b>Invoice sent to:</b><br/>\n
Action.c(92):           <center>\n
Action.c(92):           <Table width="80%" cellspacing="0" > <tr> <td>\n
Action.c(92):               Patricia Woods\n
Action.c(92):     <br/>\n
Action.c(92):               355 Caynor Circle<br/>\n
Action.c(92):               Red Bank<br/>\n
Action.c(92):               <br/>\n
Action.c(92):               Total Charge: $ 1485 <BR/> (CC: x-3242)\n
Action.c(92):           </td> </tr> </table>\n
Action.c(92):           </center>\n
Action.c(92):       </TD>\n
Action.c(92):     </TR>\n
Action.c(92):     <TR bgcolor="#EFF2F7">\n
Action.c(92):       <TD COLSPAN="3">\n
Action.c(92):       <b>Flight Details:</b><BR/>  <center>\n
Action.c(92):       04/11/2022\n
Action.c(92):      :  8am : Flight 800 leaves Sydney  for Denver.<br>  </center>\n
Action.c(92):       </TD>\n
Action.c(92):     </TR>\n
Action.c(92):     \n
Action.c(92):     <TR bgcolor="#EFF2F7">\n
Action.c(92):       <TD COLSPAN="4">\n
Action.c(92):       <hr/>\n
Action.c(92):       </TD>\n
Action.c(92):     </TR>\n
Action.c(92):     \n
Action.c(92):     <!-- Flight #1 -->\n
Action.c(92):     <TR bgcolor="#EFF2F7">\n
Action.c(92):       <TD width="5%" rowspan="2" align="left" valign="top">\n
Action.c(92):     <b>\n
Action.c(92):     <label><input type="checkbox" name="7" value="on" /></label></font></b>\n
Action.c(92):     <input type="hidden" name="flightID" value="1201055598-54025-PW"  />\n
Action.c(92):       </TD>\n
Action.c(92):       <TD width="45%" valign="top">\n
Action.c(92):           <b>&nbsp;&nbsp;2 Business class tickets for :</b><br/>\n
Action.c(92):           <center><table border="0" width="85%"><tr><td>\n
Action.c(92):           <li><i>PATRICIA_WOODS      <li><i>STEVEN_COX\n
Action.c(92):           <li><i></i>\n
Action.c(92):           </td></tr></table></center>\n
Action.c(92):       </TD>\n
Action.c(92):       <TD width="5%" >.<br/>.<br/>.<br/>.</TD>\n
Action.c(92):       <TD width="45%" valign=top><b>Invoice sent to:</b><br/>\n
Action.c(92):           <center>\n
Action.c(92):           <Table width="80%" cellspacing="0" > <tr> <td>\n
Action.c(92):               Patricia Woods\n
Action.c(92):     <br/>\n
Action.c(92):               355 Caynor Circle<br/>\n
Action.c(92):               Red Bank<br/>\n
Action.c(92):               <br/>\n
Action.c(92):               Total Charge: $ 2334 <BR/> (CC: x-3242)\n
Action.c(92):           </td> </tr> </table>\n
Action.c(92):           </center>\n
Action.c(92):       </TD>\n
Action.c(92):     </TR>\n
Action.c(92):     <TR bgcolor="#EFF2F7">\n
Action.c(92):       <TD COLSPAN="3">\n
Action.c(92):       <b>Flight Details:</b><BR/>  <center>\n
Action.c(92):       04/11/2022\n
Action.c(92):      :  8am : Flight 850 leaves Sydney  for Portland.<br>  </center>\n
Action.c(92):       </TD>\n
Action.c(92):     </TR>\n
Action.c(92):     \n
Action.c(92):     <TR bgcolor="#EFF2F7">\n
Action.c(92):       <TD COLSPAN="4">\n
Action.c(92):       <hr/>\n
Action.c(92):       </TD>\n
Action.c(92):     </TR>\n
Action.c(92):     \n
Action.c(92):     <!-- Flight #1 -->\n
Action.c(92):     <TR bgcolor="#EFF2F7">\n
Action.c(92):       <TD width="5%" rowspan="2" align="left" valign="top">\n
Action.c(92):     <b>\n
Action.c(92):     <label><input type="checkbox" name="8" value="on" /></label></font></b>\n
Action.c(92):     <input type="hidden" name="flightID" value="120100020-6196-PW"  />\n
Action.c(92):       </TD>\n
Action.c(92):       <TD width="45%" valign="top">\n
Action.c(92):           <b>&nbsp;&nbsp;A First class ticket for :</b><br/>\n
Action.c(92):           <center><table border="0" width="85%"><tr><td>\n
Action.c(92):           <li><i>PATRICIA_WOODS\n
Action.c(92):           <li><i></i>\n
Action.c(92):           </td></tr></table></center>\n
Action.c(92):       </TD>\n
Action.c(92):       <TD width="5%" >.<br/>.<br/>.<br/>.</TD>\n
Action.c(92):       <TD width="45%" valign=top><b>Invoice sent to:</b><br/>\n
Action.c(92):           <center>\n
Action.c(92):           <Table width="80%" cellspacing="0" > <tr> <td>\n
Action.c(92):               Patricia Woods\n
Action.c(92):     <br/>\n
Action.c(92):               355 Caynor Circle<br/>\n
Action.c(92):               Red Bank<br/>\n
Action.c(92):               <br/>\n
Action.c(92):               Total Charge: $ 548 <BR/> (CC: x-3242)\n
Action.c(92):           </td> </tr> </table>\n
Action.c(92):           </center>\n
Action.c(92):       </TD>\n
Action.c(92):     </TR>\n
Action.c(92):     <TR bgcolor="#EFF2F7">\n
Action.c(92):       <TD COLSPAN="3">\n
Action.c(92):       <b>Flight Details:</b><BR/>  <center>\n
Action.c(92):       04/11/2022\n
Action.c(92):      :  8am : Flight 700 leaves Seattle  for Denver.<br>  </center>\n
Action.c(92):       </TD>\n
Action.c(92):     </TR>\n
Action.c(92):     \n
Action.c(92):     <TR bgcolor="#EFF2F7">\n
Action.c(92):       <TD COLSPAN="4">\n
Action.c(92):       <hr/>\n
Action.c(92):       </TD>\n
Action.c(92):     </TR>\n
Action.c(92):     \n
Action.c(92):     <!-- Flight #1 -->\n
Action.c(92):     <TR bgcolor="#EFF2F7">\n
Action.c(92):       <TD width="5%" rowspan="2" align="left" valign="top">\n
Action.c(92):     <b>\n
Action.c(92):     <label><input type="checkbox" name="9" value="on" /></label></font></b>\n
Action.c(92):     <input type="hidden" name="flightID" value="120105619-69396-PW"  />\n
Action.c(92):       </TD>\n
Action.c(92):       <TD width="45%" valign="top">\n
Action.c(92):           <b>&nbsp;&nbsp;3 Coach class tickets for :</b><br/>\n
Action.c(92):           <center><table border="0" width="85%"><tr><td>\n
Action.c(92):           <li><i>PATRICIA_WOODS      <li><i>MARK_MOORE      <li><i>PATRICIA_WOODS\n
Action.c(92):           <li><i></i>\n
Action.c(92):           </td></tr></table></center>\n
Action.c(92):       </TD>\n
Action.c(92):       <TD width="5%" >.<br/>.<br/>.<br/>.</TD>\n
Action.c(92):       <TD width="45%" valign=top><b>Invoice sent to:</b><br/>\n
Action.c(92):           <center>\n
Action.c(92):           <Table width="80%" cellspacing="0" > <tr> <td>\n
Action.c(92):               Patricia Woods\n
Action.c(92):     <br/>\n
Action.c(92):               355 Caynor Circle<br/>\n
Action.c(92):               Red Bank<br/>\n
Action.c(92):               <br/>\n
Action.c(92):               Total Charge: $ 2151 <BR/> (CC: x-3242)\n
Action.c(92):           </td> </tr> </table>\n
Action.c(92):           </center>\n
Action.c(92):       </TD>\n
Action.c(92):     </TR>\n
Action.c(92):     <TR bgcolor="#EFF2F7">\n
Action.c(92):       <TD COLSPAN="3">\n
Action.c(92):       <b>Flight Details:</b><BR/>  <center>\n
Action.c(92):       04/11/2022\n
Action.c(92):      :  1pm : Flight 851 leaves Sydney  for Portland.<br>  </center>\n
Action.c(92):       </TD>\n
Action.c(92):     </TR>\n
Action.c(92):     \n
Action.c(92):     <TR bgcolor="#EFF2F7">\n
Action.c(92):       <TD COLSPAN="4">\n
Action.c(92):       <hr/>\n
Action.c(92):       </TD>\n
Action.c(92):     </TR>\n
Action.c(92):     \n
Action.c(92):     <!-- Flight #1 -->\n
Action.c(92):     <TR bgcolor="#EFF2F7">\n
Action.c(92):       <TD width="5%" rowspan="2" align="left" valign="top">\n
Action.c(92):     <b>\n
Action.c(92):     <label><input type="checkbox" name="10" value="on" /></label></font></b>\n
Action.c(92):     <input type="hidden" name="flightID" value="12008751-7704-PW"  />\n
Action.c(92):       </TD>\n
Action.c(92):       <TD width="45%" valign="top">\n
Action.c(92):           <b>&nbsp;&nbsp;2 Business class tickets for :</b><br/>\n
Action.c(92):           <center><table border="0" width="85%"><tr><td>\n
Action.c(92):           <li><i>PATRICIA_WOODS      <li><i>STEPHEN_ANDERSON\n
Action.c(92):           <li><i></i>\n
Action.c(92):           </td></tr></table></center>\n
Action.c(92):       </TD>\n
Action.c(92):       <TD width="5%" >.<br/>.<br/>.<br/>.</TD>\n
Action.c(92):       <TD width="45%" valign=top><b>Invoice sent to:</b><br/>\n
Action.c(92):           <center>\n
Action.c(92):           <Table width="80%" cellspacing="0" > <tr> <td>\n
Action.c(92):               Patricia Woods\n
Action.c(92):     <br/>\n
Action.c(92):               355 Caynor Circle<br/>\n
Action.c(92):               Red Bank<br/>\n
Action.c(92):               <br/>\n
Action.c(92):               Total Charge: $ 164 <BR/> (CC: x-3242)\n
Action.c(92):           </td> </tr> </table>\n
Action.c(92):           </center>\n
Action.c(92):       </TD>\n
Action.c(92):     </TR>\n
Action.c(92):     <TR bgcolor="#EFF2F7">\n
Action.c(92):       <TD COLSPAN="3">\n
Action.c(92):       <b>Flight Details:</b><BR/>  <center>\n
Action.c(92):       04/11/2022\n
Action.c(92):      :  5pm : Flight 362 leaves Los Angeles  for San Francisco.<br>  </center>\n
Action.c(92):       </TD>\n
Action.c(92):     </TR>\n
Action.c(92):     \n
Action.c(92):     <TR bgcolor="#EFF2F7">\n
Action.c(92):       <TD COLSPAN="4">\n
Action.c(92):       <hr/>\n
Action.c(92):       </TD>\n
Action.c(92):     </TR>\n
Action.c(92):     \n
Action.c(92):     <!-- Flight #1 -->\n
Action.c(92):     <TR bgcolor="#EFF2F7">\n
Action.c(92):       <TD width="5%" rowspan="2" align="left" valign="top">\n
Action.c(92):     <b>\n
Action.c(92):     <label><input type="checkbox" name="11" value="on" /></label></font></b>\n
Action.c(92):     <input type="hidden" name="flightID" value="120095950-8513-PW"  />\n
Action.c(92):       </TD>\n
Action.c(92):       <TD width="45%" valign="top">\n
Action.c(92):           <b>&nbsp;&nbsp;A Business class ticket for :</b><br/>\n
Action.c(92):           <center><table border="0" width="85%"><tr><td>\n
Action.c(92):           <li><i>PATRICIA_WOODS\n
Action.c(92):           <li><i></i>\n
Action.c(92):           </td></tr></table></center>\n
Action.c(92):       </TD>\n
Action.c(92):       <TD width="5%" >.<br/>.<br/>.<br/>.</TD>\n
Action.c(92):       <TD width="45%" valign=top><b>Invoice sent to:</b><br/>\n
Action.c(92):           <center>\n
Action.c(92):           <Table width="80%" cellspacing="0" > <tr> <td>\n
Action.c(92):               Patricia Woods\n
Action.c(92):     <br/>\n
Action.c(92):               355 Caynor Circle<br/>\n
Action.c(92):               Red Bank<br/>\n
Action.c(92):               <br/>\n
Action.c(92):               Total Charge: $ 669 <BR/> (CC: x-3242)\n
Action.c(92):           </td> </tr> </table>\n
Action.c(92):           </center>\n
Action.c(92):       </TD>\n
Action.c(92):     </TR>\n
Action.c(92):     <TR bgcolor="#EFF2F7">\n
Action.c(92):       <TD COLSPAN="3">\n
Action.c(92):       <b>Flight Details:</b><BR/>  <center>\n
Action.c(92):       04/11/2022\n
Action.c(92):      :  8am : Flight 590 leaves Portland  for Zurich.<br>  </center>\n
Action.c(92):       </TD>\n
Action.c(92):     </TR>\n
Action.c(92):     \n
Action.c(92):     <TR bgcolor="#EFF2F7">\n
Action.c(92):       <TD COLSPAN="4">\n
Action.c(92):       <hr/>\n
Action.c(92):       </TD>\n
Action.c(92):     </TR>\n
Action.c(92):     \n
Action.c(92):     <!-- Flight #1 -->\n
Action.c(92):     <TR bgcolor="#EFF2F7">\n
Action.c(92):       <TD width="5%" rowspan="2" align="left" valign="top">\n
Action.c(92):     <b>\n
Action.c(92):     <label><input type="checkbox" name="12" value="on" /></label></font></b>\n
Action.c(92):     <input type="hidden" name="flightID" value="120108231-9270-PW"  />\n
Action.c(92):       </TD>\n
Action.c(92):       <TD width="45%" valign="top">\n
Action.c(92):           <b>&nbsp;&nbsp;2 Business class tickets for :</b><br/>\n
Action.c(92):           <center><table border="0" width="85%"><tr><td>\n
Action.c(92):           <li><i>PATRICIA_WOODS      <li><i>STEPHEN_ANDERSON\n
Action.c(92):           <li><i></i>\n
Action.c(92):           </td></tr></table></center>\n
Action.c(92):       </TD>\n
Action.c(92):       <TD width="5%" >.<br/>.<br/>.<br/>.</TD>\n
Action.c(92):       <TD width="45%" valign=top><b>Invoice sent to:</b><br/>\n
Action.c(92):           <center>\n
Action.c(92):           <Table width="80%" cellspacing="0" > <tr> <td>\n
Action.c(92):               Patricia Woods\n
Action.c(92):     <br/>\n
Action.c(92):               355 Caynor Circle<br/>\n
Action.c(92):               Red Bank<br/>\n
Action.c(92):               <br/>\n
Action.c(92):               Total Charge: $ 512 <BR/> (CC: x-3242)\n
Action.c(92):           </td> </tr> </table>\n
Action.c(92):           </center>\n
Action.c(92):       </TD>\n
Action.c(92):     </TR>\n
Action.c(92):     <TR bgcolor="#EFF2F7">\n
Action.c(92):       <TD COLSPAN="3">\n
Action.c(92):       <b>Flight Details:</b><BR/>  <center>\n
Action.c(92):       04/11/2022\n
Action.c(92):      :  5pm : Flight 922 leaves Zurich  for London.<br>  </center>\n
Action.c(92):       </TD>\n
Action.c(92):     </TR>\n
Action.c(92):     \n
Action.c(92):     <TR bgcolor="#EFF2F7">\n
Action.c(92):       <TD COLSPAN="4">\n
Action.c(92):       <hr/>\n
Action.c(92):       </TD>\n
Action.c(92):     </TR>\n
Action.c(92):     \n
Action.c(92):     <!-- Flight #1 -->\n
Action.c(92):     <TR bgcolor="#EFF2F7">\n
Action.c(92):       <TD width="5%" rowspan="2" align="left" valign="top">\n
Action.c(92):     <b>\n
Action.c(92):     <label><input type="checkbox" name="13" value="on" /></label></font></b>\n
Action.c(92):     <input type="hidden" name="flightID" value="120108234-10076-PW"  />\n
Action.c(92):       </TD>\n
Action.c(92):       <TD width="45%" valign="top">\n
Action.c(92):           <b>&nbsp;&nbsp;3 First class tickets for :</b><br/>\n
Action.c(92):           <center><table border="0" width="85%"><tr><td>\n
Action.c(92):           <li><i>PATRICIA_WOODS      <li><i>PATRICIA_WOODS      <li><i>JAMES_OBRIEN\n
Action.c(92):           <li><i></i>\n
Action.c(92):           </td></tr></table></center>\n
Action.c(92):       </TD>\n
Action.c(92):       <TD width="5%" >.<br/>.<br/>.<br/>.</TD>\n
Action.c(92):       <TD width="45%" valign=top><b>Invoice sent to:</b><br/>\n
Action.c(92):           <center>\n
Action.c(92):           <Table width="80%" cellspacing="0" > <tr> <td>\n
Action.c(92):               Patricia Woods\n
Action.c(92):     <br/>\n
Action.c(92):               355 Caynor Circle<br/>\n
Action.c(92):               Red Bank<br/>\n
Action.c(92):               <br/>\n
Action.c(92):               Total Charge: $ 993 <BR/> (CC: x-3242)\n
Action.c(92):           </td> </tr> </table>\n
Action.c(92):           </center>\n
Action.c(92):       </TD>\n
Action.c(92):     </TR>\n
Action.c(92):     <TR bgcolor="#EFF2F7">\n
Action.c(92):       <TD COLSPAN="3">\n
Action.c(92):       <b>Flight Details:</b><BR/>  <center>\n
Action.c(92):       04/11/2022\n
Action.c(92):      :  5pm : Flight 922 leaves Zurich  for London.<br>  </center>\n
Action.c(92):       </TD>\n
Action.c(92):     </TR>\n
Action.c(92):     \n
Action.c(92):     <TR bgcolor="#EFF2F7">\n
Action.c(92):       <TD COLSPAN="4">\n
Action.c(92):       <hr/>\n
Action.c(92):       </TD>\n
Action.c(92):     </TR>\n
Action.c(92):     \n
Action.c(92):     <!-- Flight #1 -->\n
Action.c(92):     <TR bgcolor="#EFF2F7">\n
Action.c(92):       <TD width="5%" rowspan="2" align="left" valign="top">\n
Action.c(92):     <b>\n
Action.c(92):     <label><input type="checkbox" name="14" value="on" /></label></font></b>\n
Action.c(92):     <input type="hidden" name="flightID" value="1201015594-107855-PW"  />\n
Action.c(92):       </TD>\n
Action.c(92):       <TD width="45%" valign="top">\n
Action.c(92):           <b>&nbsp;&nbsp;2 First class tickets for :</b><br/>\n
Action.c(92):           <center><table border="0" width="85%"><tr><td>\n
Action.c(92):           <li><i>PATRICIA_WOODS      <li><i>PATRICIA_WOODS\n
Action.c(92):           <li><i></i>\n
Action.c(92):           </td></tr></table></center>\n
Action.c(92):       </TD>\n
Action.c(92):       <TD width="5%" >.<br/>.<br/>.<br/>.</TD>\n
Action.c(92):       <TD width="45%" valign=top><b>Invoice sent to:</b><br/>\n
Action.c(92):           <center>\n
Action.c(92):      
Action.c(92): t=1064598ms: 8-byte chunked response overhead for "http://127.0.0.1:1080/cgi-bin/itinerary.pl" (RelFrameId=1, Internal ID=437)
Action.c(92):     \r\n
Action.c(92):     1000\r\n
Action.c(92): t=1064599ms: 7-byte chunked response overhead for "http://127.0.0.1:1080/cgi-bin/itinerary.pl" (RelFrameId=1, Internal ID=437)
Action.c(92):     \r\n
Action.c(92):     45d\r\n
Action.c(92): t=1064599ms: 7-byte chunked response overhead for "http://127.0.0.1:1080/cgi-bin/itinerary.pl" (RelFrameId=1, Internal ID=437)
Action.c(92):     \r\n
Action.c(92):     0\r\n
Action.c(92):     \r\n
Action.c(92): t=1064599ms: 5236-byte chunked response body for "http://127.0.0.1:1080/cgi-bin/itinerary.pl" (RelFrameId=1, Internal ID=437)
Action.c(92):          <Table width="80%" cellspacing="0" > <tr> <td>\n
Action.c(92):               Patricia Woods\n
Action.c(92):     <br/>\n
Action.c(92):               355 Caynor Circle<br/>\n
Action.c(92):               Red Bank<br/>\n
Action.c(92):               <br/>\n
Action.c(92):               Total Charge: $ 2120 <BR/> (CC: x-3242)\n
Action.c(92):           </td> </tr> </table>\n
Action.c(92):           </center>\n
Action.c(92):       </TD>\n
Action.c(92):     </TR>\n
Action.c(92):     <TR bgcolor="#EFF2F7">\n
Action.c(92):       <TD COLSPAN="3">\n
Action.c(92):       <b>Flight Details:</b><BR/>  <center>\n
Action.c(92):       04/11/2022\n
Action.c(92):      :  5pm : Flight 742 leaves Seattle  for Paris.<br>  </center>\n
Action.c(92):       </TD>\n
Action.c(92):     </TR>\n
Action.c(92):     \n
Action.c(92):     <TR bgcolor="#EFF2F7">\n
Action.c(92):       <TD COLSPAN="4">\n
Action.c(92):       <hr/>\n
Action.c(92):       </TD>\n
Action.c(92):     </TR>\n
Action.c(92):     \n
Action.c(92):     <!-- Flight #1 -->\n
Action.c(92):     <TR bgcolor="#EFF2F7">\n
Action.c(92):       <TD width="5%" rowspan="2" align="left" valign="top">\n
Action.c(92):     <b>\n
Action.c(92):     <label><input type="checkbox" name="15" value="on" /></label></font></b>\n
Action.c(92):     <input type="hidden" name="flightID" value="120093363-11600-PW"  />\n
Action.c(92):       </TD>\n
Action.c(92):       <TD width="45%" valign="top">\n
Action.c(92):           <b>&nbsp;&nbsp;A Business class ticket for :</b><br/>\n
Action.c(92):           <center><table border="0" width="85%"><tr><td>\n
Action.c(92):           <li><i>PATRICIA_WOODS\n
Action.c(92):           <li><i></i>\n
Action.c(92):           </td></tr></table></center>\n
Action.c(92):       </TD>\n
Action.c(92):       <TD width="5%" >.<br/>.<br/>.<br/>.</TD>\n
Action.c(92):       <TD width="45%" valign=top><b>Invoice sent to:</b><br/>\n
Action.c(92):           <center>\n
Action.c(92):           <Table width="80%" cellspacing="0" > <tr> <td>\n
Action.c(92):               Patricia Woods\n
Action.c(92):     <br/>\n
Action.c(92):               355 Caynor Circle<br/>\n
Action.c(92):               Red Bank<br/>\n
Action.c(92):               <br/>\n
Action.c(92):               Total Charge: $ 805 <BR/> (CC: x-3242)\n
Action.c(92):           </td> </tr> </table>\n
Action.c(92):           </center>\n
Action.c(92):       </TD>\n
Action.c(92):     </TR>\n
Action.c(92):     <TR bgcolor="#EFF2F7">\n
Action.c(92):       <TD COLSPAN="3">\n
Action.c(92):       <b>Flight Details:</b><BR/>  <center>\n
Action.c(92):       04/11/2022\n
Action.c(92):      :  8am : Flight 520 leaves Portland  for London.<br>  </center>\n
Action.c(92):       </TD>\n
Action.c(92):     </TR>\n
Action.c(92):     \n
Action.c(92):     <TR bgcolor="#EFF2F7">\n
Action.c(92):       <TD COLSPAN="4">\n
Action.c(92):       <hr/>\n
Action.c(92):       </TD>\n
Action.c(92):     </TR>\n
Action.c(92):     \n
Action.c(92):     <!-- Flight #1 -->\n
Action.c(92):     <TR bgcolor="#EFF2F7">\n
Action.c(92):       <TD width="5%" rowspan="2" align="left" valign="top">\n
Action.c(92):     <b>\n
Action.c(92):     <label><input type="checkbox" name="16" value="on" /></label></font></b>\n
Action.c(92):     <input type="hidden" name="flightID" value="1200919353-123466-PW"  />\n
Action.c(92):       </TD>\n
Action.c(92):       <TD width="45%" valign="top">\n
Action.c(92):           <b>&nbsp;&nbsp;2 First class tickets for :</b><br/>\n
Action.c(92):           <center><table border="0" width="85%"><tr><td>\n
Action.c(92):           <li><i>PATRICIA_WOODS      <li><i>PATRICIA_WOODS\n
Action.c(92):           <li><i></i>\n
Action.c(92):           </td></tr></table></center>\n
Action.c(92):       </TD>\n
Action.c(92):       <TD width="5%" >.<br/>.<br/>.<br/>.</TD>\n
Action.c(92):       <TD width="45%" valign=top><b>Invoice sent to:</b><br/>\n
Action.c(92):           <center>\n
Action.c(92):           <Table width="80%" cellspacing="0" > <tr> <td>\n
Action.c(92):               Patricia Woods\n
Action.c(92):     <br/>\n
Action.c(92):               355 Caynor Circle<br/>\n
Action.c(92):               Red Bank<br/>\n
Action.c(92):               <br/>\n
Action.c(92):               Total Charge: $ 5066 <BR/> (CC: x-3242)\n
Action.c(92):           </td> </tr> </table>\n
Action.c(92):           </center>\n
Action.c(92):       </TD>\n
Action.c(92):     </TR>\n
Action.c(92):     <TR bgcolor="#EFF2F7">\n
Action.c(92):       <TD COLSPAN="3">\n
Action.c(92):       <b>Flight Details:</b><BR/>  <center>\n
Action.c(92):       04/11/2022\n
Action.c(92):      :  5pm : Flight 482 leaves Paris  for Sydney.<br>  </center>\n
Action.c(92):       </TD>\n
Action.c(92):     </TR>\n
Action.c(92):     \n
Action.c(92):     <TR bgcolor="#EFF2F7">\n
Action.c(92):       <TD COLSPAN="4">\n
Action.c(92):       <hr/>\n
Action.c(92):       </TD>\n
Action.c(92):     </TR>\n
Action.c(92):     \n
Action.c(92):     <!-- Flight #1 -->\n
Action.c(92):     <TR bgcolor="#EFF2F7">\n
Action.c(92):       <TD width="5%" rowspan="2" align="left" valign="top">\n
Action.c(92):     <b>\n
Action.c(92):     <label><input type="checkbox" name="17" value="on" /></label></font></b>\n
Action.c(92):     <input type="hidden" name="flightID" value="12009743-1314-PW"  />\n
Action.c(92):       </TD>\n
Action.c(92):       <TD width="45%" valign="top">\n
Action.c(92):           <b>&nbsp;&nbsp;A Business class ticket for :</b><br/>\n
Action.c(92):           <center><table border="0" width="85%"><tr><td>\n
Action.c(92):           <li><i>PATRICIA_WOODS\n
Action.c(92):           <li><i></i>\n
Action.c(92):           </td></tr></table></center>\n
Action.c(92):       </TD>\n
Action.c(92):       <TD width="5%" >.<br/>.<br/>.<br/>.</TD>\n
Action.c(92):       <TD width="45%" valign=top><b>Invoice sent to:</b><br/>\n
Action.c(92):           <center>\n
Action.c(92):           <Table width="80%" cellspacing="0" > <tr> <td>\n
Action.c(92):               Patricia Woods\n
Action.c(92):     <br/>\n
Action.c(92):               355 Caynor Circle<br/>\n
Action.c(92):               Red Bank<br/>\n
Action.c(92):               <br/>\n
Action.c(92):               Total Charge: $ 87 <BR/> (CC: x-3242)\n
Action.c(92):           </td> </tr> </table>\n
Action.c(92):           </center>\n
Action.c(92):       </TD>\n
Action.c(92):     </TR>\n
Action.c(92):     <TR bgcolor="#EFF2F7">\n
Action.c(92):       <TD COLSPAN="3">\n
Action.c(92):       <b>Flight Details:</b><BR/>  <center>\n
Action.c(92):       04/11/2022\n
Action.c(92):      :  8am : Flight 630 leaves San Francisco  for Los Angeles.<br>  </center>\n
Action.c(92):       </TD>\n
Action.c(92):     </TR>\n
Action.c(92):     \n
Action.c(92):     <TR bgcolor="#EFF2F7">\n
Action.c(92):       <TD COLSPAN="4">\n
Action.c(92):       <hr/>\n
Action.c(92):       </TD>\n
Action.c(92):     </TR>\n
Action.c(92):     <TR>\n
Action.c(92):        <TD align="center" COLSPAN="4">\n
Action.c(92):        <b>A total of 17 scheduled flights.</font></b>\n
Action.c(92):        </TD>\n
Action.c(92):     </TR>\n
Action.c(92):     </TABLE>\n
Action.c(92):     \n
Action.c(92):     <TABLE WIDTH="87%" BORDER="0" CELLSPACING="0">\n
Action.c(92):     <TR>\n
Action.c(92):     <TD align="left" width="50%" >\n
Action.c(92):     <input type="image" name="removeFlights" src="/WebTours/images/cancelreservation.gif" bord
Action.c(92):     er="0" /></TD>\n
Action.c(92):     <TD align="right" width="50%" >\n
Action.c(92):     <input type="image" name="removeAllFlights" src="/WebTours/images/cancelallreservations.gi
Action.c(92):     f" border="0" /></TD>\n
Action.c(92):     </TABLE>\n
Action.c(92):     \n
Action.c(92):     <div><input type="hidden" name=".cgifields" value="11"  /><input type="hidden" name=".cgif
Action.c(92):     ields" value="7"  /><input type="hidden" name=".cgifields" value="17"  /><input type="hidd
Action.c(92):     en" name=".cgifields" value="2"  /><input type="hidden" name=".cgifields" value="1"  /><in
Action.c(92):     put type="hidden" name=".cgifields" value="16"  /><input type="hidden" name=".cgifields" v
Action.c(92):     alue="13"  /><input type="hidden" name=".cgifields" value="6"  /><input type="hidden" name
Action.c(92):     =".cgifields" value="3"  /><input type="hidden" name=".cgifields" value="9"  /><input type
Action.c(92):     ="hidden" name=".cgifields" value="12"  /><input type="hidden" name=".cgifields" value="14
Action.c(92):     "  /><input type="hidden" name=".cgifields" value="15"  /><input type="hidden" name=".cgif
Action.c(92):     ields" value="8"  /><input type="hidden" name=".cgifields" value="4"  /><input type="hidde
Action.c(92):     n" name=".cgifields" value="10"  /><input type="hidden" name=".cgifields" value="5"  /></d
Action.c(92):     iv></form>\n
Action.c(92):     \n
Action.c(92):     </center>\n
Action.c(92):     \n
Action.c(92):     </body>\n
Action.c(92):     </html>
Action.c(92): Resource "http://127.0.0.1:1080/WebTours/images/cancelreservation.gif" is in the cache already and will not be downloaded again  	[MsgId: MMSG-26655]
Action.c(92): Resource "http://127.0.0.1:1080/WebTours/images/cancelallreservations.gif" is in the cache already and will not be downloaded again  	[MsgId: MMSG-26655]
Action.c(92): t=1064602ms: Request done "http://127.0.0.1:1080/cgi-bin/itinerary.pl"  	[MsgId: MMSG-26000]
Action.c(92): Registered web_reg_find successful for "Text=120102263-777-PW"  	[MsgId: MMSG-26362]
Action.c(92): Registered web_reg_find successful for "Text=120076759-15464-PW"  	[MsgId: MMSG-26362]
Action.c(92): web_submit_form("itinerary.pl") was successful, 21473 body bytes, 256 header bytes, 51 chunking overhead bytes  	[MsgId: MMSG-26385]
Action.c(119): Notify: Transaction "DeleteItinerary" ended with a "Pass" status (Duration: 5,0597 Think Time: 5,0015 Wasted Time: 0,0000).	[MsgId: MMSG-16870]
..\\..\\Library\\common_lib.h(129): Notify: Transaction "Logout" started.	[MsgId: MMSG-16999]
..\\..\\Library\\common_lib.h(131): web_reg_find started  	[MsgId: MMSG-26355]
..\\..\\Library\\common_lib.h(131): Registering web_reg_find was successful  	[MsgId: MMSG-26390]
..\\..\\Library\\common_lib.h(134): web_remove_auto_header("Sec-Fetch-User") started  	[MsgId: MMSG-26355]
..\\..\\Library\\common_lib.h(134): Previous automatically added web header for "Sec-Fetch-User" removed  	[MsgId: MMSG-26587]
..\\..\\Library\\common_lib.h(134): web_remove/revert_auto_header("Sec-Fetch-User") was successful  	[MsgId: MMSG-26392]
..\\..\\Library\\common_lib.h(136): web_add_header("Upgrade-Insecure-Requests") started  	[MsgId: MMSG-26355]
..\\..\\Library\\common_lib.h(136): An unrecognized header ("Upgrade-Insecure-Requests") is being added  	[MsgId: MMSG-26595]
..\\..\\Library\\common_lib.h(136): "Upgrade-Insecure-Requests: 1" header registered for adding to requests from the immediately following Action function  	[MsgId: MMSG-26506]
..\\..\\Library\\common_lib.h(136): web_add_header("Upgrade-Insecure-Requests") was successful  	[MsgId: MMSG-26392]
..\\..\\Library\\common_lib.h(139): lr_think_time: 5,00 seconds.	[MsgId: MMSG-15948]
..\\..\\Library\\common_lib.h(141): web_url("SignOff Button") started  	[MsgId: MMSG-26355]
..\\..\\Library\\common_lib.h(141): t=1068301ms: Already connected [0] to 127.0.0.1:1080  	[MsgId: MMSG-26000]
..\\..\\Library\\common_lib.h(141): t=1068301ms: 813-byte request headers for "http://127.0.0.1:1080/cgi-bin/welcome.pl?signOff=1" (RelFrameId=1, Internal ID=394)
..\\..\\Library\\common_lib.h(141):     GET /cgi-bin/welcome.pl?signOff=1 HTTP/1.1\r\n
..\\..\\Library\\common_lib.h(141):     Referer: http://127.0.0.1:1080/cgi-bin/nav.pl?page=menu&in=flights\r\n
..\\..\\Library\\common_lib.h(141):     Upgrade-Insecure-Requests: 1\r\n
..\\..\\Library\\common_lib.h(141):     DNT: 1\r\n
..\\..\\Library\\common_lib.h(141):     Sec-Fetch-Dest: frame\r\n
..\\..\\Library\\common_lib.h(141):     Sec-Fetch-Mode: navigate\r\n
..\\..\\Library\\common_lib.h(141):     Sec-Fetch-Site: same-origin\r\n
..\\..\\Library\\common_lib.h(141):     sec-ch-ua: " Not A;Brand";v="99", "Chromium";v="99", "Google Chrome";v="99"\r\n
..\\..\\Library\\common_lib.h(141):     sec-ch-ua-mobile: ?0\r\n
..\\..\\Library\\common_lib.h(141):     sec-ch-ua-platform: "Windows"\r\n
..\\..\\Library\\common_lib.h(141):     User-Agent: Mozilla/5.0 (Windows NT 10.0; Win64; x64) AppleWebKit/537.36 (KHTML, like Geck
..\\..\\Library\\common_lib.h(141):     o) Chrome/99.0.4844.82 Safari/537.36\r\n
..\\..\\Library\\common_lib.h(141):     Accept-Encoding: gzip, deflate, br\r\n
..\\..\\Library\\common_lib.h(141):     Accept-Language: ru-RU,ru;q=0.9,en-US;q=0.8,en;q=0.7\r\n
..\\..\\Library\\common_lib.h(141):     Accept: */*\r\n
..\\..\\Library\\common_lib.h(141):     Connection: Keep-Alive\r\n
..\\..\\Library\\common_lib.h(141):     Host: 127.0.0.1:1080\r\n
..\\..\\Library\\common_lib.h(141):     Cookie: MSO=SID&1649598645; MTUserInfo=firstName&Oscar&address2&Elmsford&username&precauti
..\\..\\Library\\common_lib.h(141):     on&hash&14&lastName&Jefferson%0A&address1&1099%20Elm%20Drive&creditCard&&expDate&%0A\r\n
..\\..\\Library\\common_lib.h(141):     \r\n
..\\..\\Library\\common_lib.h(141): t=1068338ms: 327-byte response headers for "http://127.0.0.1:1080/cgi-bin/welcome.pl?signOff=1" (RelFrameId=1, Internal ID=394)
..\\..\\Library\\common_lib.h(141):     HTTP/1.1 200 OK\r\n
..\\..\\Library\\common_lib.h(141):     Date: Sun, 10 Apr 2022 13:51:06 GMT\r\n
..\\..\\Library\\common_lib.h(141):     Server: Apache/2.2.21 (Win32)\r\n
..\\..\\Library\\common_lib.h(141):     Set-Cookie: MSO=SID&1649598666; path=/\r\n
..\\..\\Library\\common_lib.h(141):     Set-Cookie: MTUserInfo=; path=/; expires=Sat, 09-Apr-2022 13:51:06 GMT\r\n
..\\..\\Library\\common_lib.h(141):     Keep-Alive: timeout=5, max=99\r\n
..\\..\\Library\\common_lib.h(141):     Connection: Keep-Alive\r\n
..\\..\\Library\\common_lib.h(141):     Transfer-Encoding: chunked\r\n
..\\..\\Library\\common_lib.h(141):     Content-Type: text/html; charset=ISO-8859-1\r\n
..\\..\\Library\\common_lib.h(141):     \r\n
..\\..\\Library\\common_lib.h(141): t=1068338ms: 5-byte chunked response overhead for "http://127.0.0.1:1080/cgi-bin/welcome.pl?signOff=1" (RelFrameId=1, Internal ID=394)
..\\..\\Library\\common_lib.h(141):     2ae\r\n
..\\..\\Library\\common_lib.h(141): t=1068338ms: 2-byte chunked response overhead for "http://127.0.0.1:1080/cgi-bin/welcome.pl?signOff=1" (RelFrameId=1, Internal ID=394)
..\\..\\Library\\common_lib.h(141):     \r\n
..\\..\\Library\\common_lib.h(141): t=1068338ms: 686-byte chunked response body for "http://127.0.0.1:1080/cgi-bin/welcome.pl?signOff=1" (RelFrameId=1, Internal ID=394)
..\\..\\Library\\common_lib.h(141):     <!-- \n
..\\..\\Library\\common_lib.h(141):      A Session ID has been created and loaded into a cookie called MSO.\n
..\\..\\Library\\common_lib.h(141):      Also, the server options have been loaded into the cookie called\n
..\\..\\Library\\common_lib.h(141):      MSO as well.  The server options can be set via the Admin page.\n
..\\..\\Library\\common_lib.h(141):      --->\n
..\\..\\Library\\common_lib.h(141):     \n
..\\..\\Library\\common_lib.h(141):     <html>\n
..\\..\\Library\\common_lib.h(141):     <title>Web Tours</title>\n
..\\..\\Library\\common_lib.h(141):        <!-- Frame Set -->\n
..\\..\\Library\\common_lib.h(141):        <frameset cols="160,*" border="1" frameborder="1">\n
..\\..\\Library\\common_lib.h(141):           <!-- Navigation Frame -->\n
..\\..\\Library\\common_lib.h(141):           <frame src="nav.pl?in=home" name="navbar" marginheight="2" marginwidth="2" \n
..\\..\\Library\\common_lib.h(141):                 noresize="noresize" scrolling="auto"/>\n
..\\..\\Library\\common_lib.h(141):           <!-- Home Frame -->\n
..\\..\\Library\\common_lib.h(141):           <frame src="/WebTours/home.html" name="info" marginheight="2" marginwidth="2" \n
..\\..\\Library\\common_lib.h(141):                 noresize="noresize" scrolling="auto"/>\n
..\\..\\Library\\common_lib.h(141):        </frameset>\n
..\\..\\Library\\common_lib.h(141):     </html>\n
..\\..\\Library\\common_lib.h(141):     \n
..\\..\\Library\\common_lib.h(141):     </body>\n
..\\..\\Library\\common_lib.h(141):     </html>
..\\..\\Library\\common_lib.h(141): Detected non-resource "http://127.0.0.1:1080/cgi-bin/nav.pl?in=home" in "http://127.0.0.1:1080/cgi-bin/welcome.pl?signOff=1"  	[MsgId: MMSG-26574]
..\\..\\Library\\common_lib.h(141): Detected non-resource "http://127.0.0.1:1080/WebTours/home.html" in "http://127.0.0.1:1080/cgi-bin/welcome.pl?signOff=1"  	[MsgId: MMSG-26574]
..\\..\\Library\\common_lib.h(141): Retrieving data from cache for "http://127.0.0.1:1080/WebTours/home.html"  	[MsgId: MMSG-26558]
..\\..\\Library\\common_lib.h(141): t=1068338ms: 1361-byte response body retrieved from cache for "http://127.0.0.1:1080/WebTours/home.html" (RelFrameId=1.2, Internal ID=396)
..\\..\\Library\\common_lib.h(141):     <HTML>\n
..\\..\\Library\\common_lib.h(141):     <HEAD>\n
..\\..\\Library\\common_lib.h(141):     \t<title>Web Tours</title>\n
..\\..\\Library\\common_lib.h(141):     </HEAD>\n
..\\..\\Library\\common_lib.h(141):     <style>\n
..\\..\\Library\\common_lib.h(141):     \tblockquote {font-family: tahoma; font-size : 10pt}\n
..\\..\\Library\\common_lib.h(141):     \tH1 {font-family: tahoma; font-size : 22pt; color: #003366}\n
..\\..\\Library\\common_lib.h(141):     \tsmall {font-family: tahoma; font-size : 8pt}\n
..\\..\\Library\\common_lib.h(141):     \tH3{font-family: tahoma; font-size : 10pt; color: black}\n
..\\..\\Library\\common_lib.h(141):     \tA {FONT-WEIGHT: bold; FONT-SIZE: 10pt; COLOR: black; FONT-FAMILY: Tahoma; TEXT-DECORATIO
..\\..\\Library\\common_lib.h(141):     N: none}\n
..\\..\\Library\\common_lib.h(141):     \tA:hover{ FONT-WEIGHT: bold; FONT-SIZE: 10pt; COLOR: #993333; FONT-FAMILY: Tahoma;TEXT-DE
..\\..\\Library\\common_lib.h(141):     CORATION: underline}\n
..\\..\\Library\\common_lib.h(141):     \tTD {font-family: tahoma; font-size : 10pt; color: black}\n
..\\..\\Library\\common_lib.h(141):     </style>\n
..\\..\\Library\\common_lib.h(141):     <body bgcolor="#e0e7f1">\n
..\\..\\Library\\common_lib.h(141):     <BR/>\n
..\\..\\Library\\common_lib.h(141):     <BR/>\n
..\\..\\Library\\common_lib.h(141):     <BR/>\n
..\\..\\Library\\common_lib.h(141):     <br/>\n
..\\..\\Library\\common_lib.h(141):     <table border="0">\n
..\\..\\Library\\common_lib.h(141):     <tr><td></td></tr>\n
..\\..\\Library\\common_lib.h(141):     <TR><TD></TD></TR>\n
..\\..\\Library\\common_lib.h(141):     <TR><TD>\n
..\\..\\Library\\common_lib.h(141):     <blockquote>\n
..\\..\\Library\\common_lib.h(141):     <H1><b>Web Tours</b></H1>\n
..\\..\\Library\\common_lib.h(141):     Welcome to the Web Tours site.\n
..\\..\\Library\\common_lib.h(141):     <br/>\n
..\\..\\Library\\common_lib.h(141):     To make reservations,please enter your account information to the left.\n
..\\..\\Library\\common_lib.h(141):     <br/>\n
..\\..\\Library\\common_lib.h(141):     If you haven't registered yet, <A href="/cgi-bin/login.pl?username=&amp;password=&amp;getI
..\\..\\Library\\common_lib.h(141):     nfo=true" ><B>sign up now</B></A> to get access to all our resources.\n
..\\..\\Library\\common_lib.h(141):     <br/>\n
..\\..\\Library\\common_lib.h(141):     To configure the server options, use <A href="/cgi-bin/admin.pl" target="body" ><b>adminis
..\\..\\Library\\common_lib.h(141):     tration</b></A> link.\n
..\\..\\Library\\common_lib.h(141):     <br/><br/><br/><br/><br/><br/>\n
..\\..\\Library\\common_lib.h(141):     <br/><small>\n
..\\..\\Library\\common_lib.h(141):     This product uses parts of the SMT Kernel, Copyright (c) 1991-99 <A href="http://www.imati
..\\..\\Library\\common_lib.h(141):     x.com" target="new"><B><small>iMatix Corporation</small></B></A> \n
..\\..\\Library\\common_lib.h(141):     </small>\n
..\\..\\Library\\common_lib.h(141):     </blockquote></TD>\n
..\\..\\Library\\common_lib.h(141):     <TD></TD></TR>\n
..\\..\\Library\\common_lib.h(141):     </table>\n
..\\..\\Library\\common_lib.h(141):     </body>\n
..\\..\\Library\\common_lib.h(141):     </HTML>\n
..\\..\\Library\\common_lib.h(141): t=1068340ms: Connecting [1] to host 127.0.0.1:1080  	[MsgId: MMSG-26000]
..\\..\\Library\\common_lib.h(141): t=1068340ms: 5-byte chunked response overhead for "http://127.0.0.1:1080/cgi-bin/welcome.pl?signOff=1" (RelFrameId=1, Internal ID=394)
..\\..\\Library\\common_lib.h(141):     0\r\n
..\\..\\Library\\common_lib.h(141):     \r\n
..\\..\\Library\\common_lib.h(141): t=1068340ms: Request done "http://127.0.0.1:1080/cgi-bin/welcome.pl?signOff=1"  	[MsgId: MMSG-26000]
..\\..\\Library\\common_lib.h(141): t=1068340ms: Connected socket [1] from 127.0.0.1:47104 to 127.0.0.1:1080 in 0 ms  	[MsgId: MMSG-26000]
..\\..\\Library\\common_lib.h(141): t=1068340ms: 652-byte request headers for "http://127.0.0.1:1080/cgi-bin/nav.pl?in=home" (RelFrameId=1.1, Internal ID=395)
..\\..\\Library\\common_lib.h(141):     GET /cgi-bin/nav.pl?in=home HTTP/1.1\r\n
..\\..\\Library\\common_lib.h(141):     Referer: http://127.0.0.1:1080/cgi-bin/welcome.pl?signOff=1\r\n
..\\..\\Library\\common_lib.h(141):     Upgrade-Insecure-Requests: 1\r\n
..\\..\\Library\\common_lib.h(141):     DNT: 1\r\n
..\\..\\Library\\common_lib.h(141):     Sec-Fetch-Dest: frame\r\n
..\\..\\Library\\common_lib.h(141):     Sec-Fetch-Mode: navigate\r\n
..\\..\\Library\\common_lib.h(141):     Sec-Fetch-Site: same-origin\r\n
..\\..\\Library\\common_lib.h(141):     sec-ch-ua: " Not A;Brand";v="99", "Chromium";v="99", "Google Chrome";v="99"\r\n
..\\..\\Library\\common_lib.h(141):     sec-ch-ua-mobile: ?0\r\n
..\\..\\Library\\common_lib.h(141):     sec-ch-ua-platform: "Windows"\r\n
..\\..\\Library\\common_lib.h(141):     User-Agent: Mozilla/5.0 (Windows NT 10.0; Win64; x64) AppleWebKit/537.36 (KHTML, like Geck
..\\..\\Library\\common_lib.h(141):     o) Chrome/99.0.4844.82 Safari/537.36\r\n
..\\..\\Library\\common_lib.h(141):     Accept-Encoding: gzip, deflate, br\r\n
..\\..\\Library\\common_lib.h(141):     Accept-Language: ru-RU,ru;q=0.9,en-US;q=0.8,en;q=0.7\r\n
..\\..\\Library\\common_lib.h(141):     Accept: */*\r\n
..\\..\\Library\\common_lib.h(141):     Connection: Keep-Alive\r\n
..\\..\\Library\\common_lib.h(141):     Host: 127.0.0.1:1080\r\n
..\\..\\Library\\common_lib.h(141):     Cookie: MSO=SID&1649598666\r\n
..\\..\\Library\\common_lib.h(141):     \r\n
..\\..\\Library\\common_lib.h(141): t=1068379ms: 256-byte response headers for "http://127.0.0.1:1080/cgi-bin/nav.pl?in=home" (RelFrameId=1.1, Internal ID=395)
..\\..\\Library\\common_lib.h(141):     HTTP/1.1 200 OK\r\n
..\\..\\Library\\common_lib.h(141):     Date: Sun, 10 Apr 2022 13:51:06 GMT\r\n
..\\..\\Library\\common_lib.h(141):     Server: Apache/2.2.21 (Win32)\r\n
..\\..\\Library\\common_lib.h(141):     Expires: Sat, 09 Apr 2022 13:51:06 GMT\r\n
..\\..\\Library\\common_lib.h(141):     Keep-Alive: timeout=5, max=100\r\n
..\\..\\Library\\common_lib.h(141):     Connection: Keep-Alive\r\n
..\\..\\Library\\common_lib.h(141):     Transfer-Encoding: chunked\r\n
..\\..\\Library\\common_lib.h(141):     Content-Type: text/html; charset=ISO-8859-1\r\n
..\\..\\Library\\common_lib.h(141):     \r\n
..\\..\\Library\\common_lib.h(141): t=1068379ms: 5-byte chunked response overhead for "http://127.0.0.1:1080/cgi-bin/nav.pl?in=home" (RelFrameId=1.1, Internal ID=395)
..\\..\\Library\\common_lib.h(141):     5cc\r\n
..\\..\\Library\\common_lib.h(141): t=1068379ms: 2-byte chunked response overhead for "http://127.0.0.1:1080/cgi-bin/nav.pl?in=home" (RelFrameId=1.1, Internal ID=395)
..\\..\\Library\\common_lib.h(141):     \r\n
..\\..\\Library\\common_lib.h(141): t=1068379ms: 1484-byte chunked response body for "http://127.0.0.1:1080/cgi-bin/nav.pl?in=home" (RelFrameId=1.1, Internal ID=395)
..\\..\\Library\\common_lib.h(141):     <!DOCTYPE html\n
..\\..\\Library\\common_lib.h(141):     \tPUBLIC "-//W3C//DTD XHTML 1.0 Transitional//EN"\n
..\\..\\Library\\common_lib.h(141):     \t "http://www.w3.org/TR/xhtml1/DTD/xhtml1-transitional.dtd">\n
..\\..\\Library\\common_lib.h(141):     <html xmlns="http://www.w3.org/1999/xhtml" lang="en-US" xml:lang="en-US">\n
..\\..\\Library\\common_lib.h(141):     <head>\n
..\\..\\Library\\common_lib.h(141):     <title>Web Tours Navigation Bar</title>\n
..\\..\\Library\\common_lib.h(141):     <meta http-equiv="Content-Type" content="text/html; charset=iso-8859-1" />\n
..\\..\\Library\\common_lib.h(141):     </head>\n
..\\..\\Library\\common_lib.h(141):     <body bgcolor="#E0E7F1">\n
..\\..\\Library\\common_lib.h(141):     <style>\n
..\\..\\Library\\common_lib.h(141):     blockquote {font-family: tahoma; font-size : 10pt}\n
..\\..\\Library\\common_lib.h(141):     H1 {font-family: tahoma; font-size : 22pt; color: #993333}\n
..\\..\\Library\\common_lib.h(141):     H3 {font-family: tahoma; font-size : 10pt; color: black}\n
..\\..\\Library\\common_lib.h(141):     small {font-family: tahoma; font-size : 8pt}\n
..\\..\\Library\\common_lib.h(141):     </style>\n
..\\..\\Library\\common_lib.h(141):     <form method="post" action="/cgi-bin/login.pl" target="body">\n
..\\..\\Library\\common_lib.h(141):     <input type="hidden" name="userSession" value="133624.841312272ziHDDcHpHHftVcDQpQzzzf"/>\n
..\\..\\Library\\common_lib.h(141):     <table border="0"><tr><td>&nbsp;</td>\n
..\\..\\Library\\common_lib.h(141):     <td>&nbsp;</td></tr>\n
..\\..\\Library\\common_lib.h(141):     <tr><td>&nbsp;</td>\n
..\\..\\Library\\common_lib.h(141):     <td>&nbsp;</td></tr>\n
..\\..\\Library\\common_lib.h(141):     <tr><td>&nbsp;</td>\n
..\\..\\Library\\common_lib.h(141):     <td><small>&nbsp;Username</small></td></tr>\n
..\\..\\Library\\common_lib.h(141):     <tr><td>&nbsp;</td>\n
..\\..\\Library\\common_lib.h(141):     <td><input type="text" name="username" value="" size="14" maxlength="14"/></td></tr>\n
..\\..\\Library\\common_lib.h(141):     <tr><td>&nbsp;</td>\n
..\\..\\Library\\common_lib.h(141):     <td><small>&nbsp;Password</small></td>\n
..\\..\\Library\\common_lib.h(141):     <tr><td>&nbsp;</td>\n
..\\..\\Library\\common_lib.h(141):     <td><input type="password" name="password" value="" size="14" maxlength="14"/></td></tr>\n
..\\..\\Library\\common_lib.h(141):     <tr><td>&nbsp;</td>\n
..\\..\\Library\\common_lib.h(141):     <td>&nbsp;</td></tr>\n
..\\..\\Library\\common_lib.h(141):     <tr><td>&nbsp;</td>\n
..\\..\\Library\\common_lib.h(141):     <td><input type="image" name="login" value="Login" alt="Login" border="1" \n
..\\..\\Library\\common_lib.h(141):     src="/WebTours/images/mer_login.gif"/></td></tr>\n
..\\..\\Library\\common_lib.h(141):     <tr><td>&nbsp;</td><td>&nbsp;</td></tr>\n
..\\..\\Library\\common_lib.h(141):     </table><input type="hidden" name="JSFormSubmit" value="off"/>\n
..\\..\\Library\\common_lib.h(141):     </form>\n
..\\..\\Library\\common_lib.h(141):     \n
..\\..\\Library\\common_lib.h(141):     </body>\n
..\\..\\Library\\common_lib.h(141):     </html>\n
..\\..\\Library\\common_lib.h(141): Resource "http://127.0.0.1:1080/WebTours/images/mer_login.gif" is in the cache already and will not be downloaded again  	[MsgId: MMSG-26655]
..\\..\\Library\\common_lib.h(141): t=1068381ms: 5-byte chunked response overhead for "http://127.0.0.1:1080/cgi-bin/nav.pl?in=home" (RelFrameId=1.1, Internal ID=395)
..\\..\\Library\\common_lib.h(141):     0\r\n
..\\..\\Library\\common_lib.h(141):     \r\n
..\\..\\Library\\common_lib.h(141): t=1068381ms: Request done "http://127.0.0.1:1080/cgi-bin/nav.pl?in=home"  	[MsgId: MMSG-26000]
..\\..\\Library\\common_lib.h(141): Registered web_reg_find successful for "Text=Web Tours" (count=5)  	[MsgId: MMSG-26364]
..\\..\\Library\\common_lib.h(141): web_url("SignOff Button") was successful, 2170 body bytes, 583 header bytes, 24 chunking overhead bytes  	[MsgId: MMSG-26385]
..\\..\\Library\\common_lib.h(151): Notify: Transaction "Logout" ended with a "Pass" status (Duration: 5,0945 Think Time: 5,0141 Wasted Time: 0,0000).	[MsgId: MMSG-16870]
Action.c(125): Notify: Transaction "05_SingleTicketDeletion" ended with a "Pass" status (Duration: 20,5186 Think Time: 20,0387 Wasted Time: 0,0019).	[MsgId: MMSG-16870]
Ending action Action.	[MsgId: MMSG-15918]
Action was aborted.	[MsgId: MMSG-10694]
Ending Vuser...	[MsgId: MMSG-15966]
Starting action vuser_end.	[MsgId: MMSG-15919]
Ending action vuser_end.	[MsgId: MMSG-15918]
Vuser Terminated.	[MsgId: MMSG-15963]
t=1068382ms: Closed connection [0] to 127.0.0.1:1080 after completing 2 request(s)  	[MsgId: MMSG-26000]
t=1068382ms: Closed connection [1] to 127.0.0.1:1080 after completing 1 request(s)  	[MsgId: MMSG-26000]
HTML-Mode memory management statistics: Reusable=17, NonReusable=0, CsMemBlockSize=4096, checks disabled  	[MsgId: MMSG-26000]
Vuser 2 (thread 11012), ended OK."	[MsgId: MMSG-10695]
..\\..\\Library\\common_lib.h(141): web_url("SignOff Button") started  	[MsgId: MMSG-26355]
..\\..\\Library\\common_lib.h(141): t=1069616ms: Already connected [0] to 127.0.0.1:1080  	[MsgId: MMSG-26000]
..\\..\\Library\\common_lib.h(141): t=1069616ms: 815-byte request headers for "http://127.0.0.1:1080/cgi-bin/welcome.pl?signOff=1" (RelFrameId=1, Internal ID=438)
..\\..\\Library\\common_lib.h(141):     GET /cgi-bin/welcome.pl?signOff=1 HTTP/1.1\r\n
..\\..\\Library\\common_lib.h(141):     Referer: http://127.0.0.1:1080/cgi-bin/nav.pl?page=menu&in=flights\r\n
..\\..\\Library\\common_lib.h(141):     Upgrade-Insecure-Requests: 1\r\n
..\\..\\Library\\common_lib.h(141):     DNT: 1\r\n
..\\..\\Library\\common_lib.h(141):     Sec-Fetch-Dest: frame\r\n
..\\..\\Library\\common_lib.h(141):     Sec-Fetch-Mode: navigate\r\n
..\\..\\Library\\common_lib.h(141):     Sec-Fetch-Site: same-origin\r\n
..\\..\\Library\\common_lib.h(141):     sec-ch-ua: " Not A;Brand";v="99", "Chromium";v="99", "Google Chrome";v="99"\r\n
..\\..\\Library\\common_lib.h(141):     sec-ch-ua-mobile: ?0\r\n
..\\..\\Library\\common_lib.h(141):     sec-ch-ua-platform: "Windows"\r\n
..\\..\\Library\\common_lib.h(141):     User-Agent: Mozilla/5.0 (Windows NT 10.0; Win64; x64) AppleWebKit/537.36 (KHTML, like Geck
..\\..\\Library\\common_lib.h(141):     o) Chrome/99.0.4844.82 Safari/537.36\r\n
..\\..\\Library\\common_lib.h(141):     Accept-Encoding: gzip, deflate, br\r\n
..\\..\\Library\\common_lib.h(141):     Accept-Language: ru-RU,ru;q=0.9,en-US;q=0.8,en;q=0.7\r\n
..\\..\\Library\\common_lib.h(141):     Accept: */*\r\n
..\\..\\Library\\common_lib.h(141):     Connection: Keep-Alive\r\n
..\\..\\Library\\common_lib.h(141):     Host: 127.0.0.1:1080\r\n
..\\..\\Library\\common_lib.h(141):     Cookie: MSO=SID&1649598647; MTUserInfo=firstName&Patricia&address2&Red%20Bank&username&fra
..\\..\\Library\\common_lib.h(141):     ction&hash&14&lastName&Woods%0A&address1&355%20Caynor%20Circle&creditCard&&expDate&%0A\r\n
..\\..\\Library\\common_lib.h(141):     \r\n
..\\..\\Library\\common_lib.h(141): t=1069658ms: 327-byte response headers for "http://127.0.0.1:1080/cgi-bin/welcome.pl?signOff=1" (RelFrameId=1, Internal ID=438)
..\\..\\Library\\common_lib.h(141):     HTTP/1.1 200 OK\r\n
..\\..\\Library\\common_lib.h(141):     Date: Sun, 10 Apr 2022 13:51:07 GMT\r\n
..\\..\\Library\\common_lib.h(141):     Server: Apache/2.2.21 (Win32)\r\n
..\\..\\Library\\common_lib.h(141):     Set-Cookie: MSO=SID&1649598667; path=/\r\n
..\\..\\Library\\common_lib.h(141):     Set-Cookie: MTUserInfo=; path=/; expires=Sat, 09-Apr-2022 13:51:07 GMT\r\n
..\\..\\Library\\common_lib.h(141):     Keep-Alive: timeout=5, max=99\r\n
..\\..\\Library\\common_lib.h(141):     Connection: Keep-Alive\r\n
..\\..\\Library\\common_lib.h(141):     Transfer-Encoding: chunked\r\n
..\\..\\Library\\common_lib.h(141):     Content-Type: text/html; charset=ISO-8859-1\r\n
..\\..\\Library\\common_lib.h(141):     \r\n
..\\..\\Library\\common_lib.h(141): t=1069658ms: 5-byte chunked response overhead for "http://127.0.0.1:1080/cgi-bin/welcome.pl?signOff=1" (RelFrameId=1, Internal ID=438)
..\\..\\Library\\common_lib.h(141):     2ae\r\n
..\\..\\Library\\common_lib.h(141): t=1069658ms: 2-byte chunked response overhead for "http://127.0.0.1:1080/cgi-bin/welcome.pl?signOff=1" (RelFrameId=1, Internal ID=438)
..\\..\\Library\\common_lib.h(141):     \r\n
..\\..\\Library\\common_lib.h(141): t=1069658ms: 686-byte chunked response body for "http://127.0.0.1:1080/cgi-bin/welcome.pl?signOff=1" (RelFrameId=1, Internal ID=438)
..\\..\\Library\\common_lib.h(141):     <!-- \n
..\\..\\Library\\common_lib.h(141):      A Session ID has been created and loaded into a cookie called MSO.\n
..\\..\\Library\\common_lib.h(141):      Also, the server options have been loaded into the cookie called\n
..\\..\\Library\\common_lib.h(141):      MSO as well.  The server options can be set via the Admin page.\n
..\\..\\Library\\common_lib.h(141):      --->\n
..\\..\\Library\\common_lib.h(141):     \n
..\\..\\Library\\common_lib.h(141):     <html>\n
..\\..\\Library\\common_lib.h(141):     <title>Web Tours</title>\n
..\\..\\Library\\common_lib.h(141):        <!-- Frame Set -->\n
..\\..\\Library\\common_lib.h(141):        <frameset cols="160,*" border="1" frameborder="1">\n
..\\..\\Library\\common_lib.h(141):           <!-- Navigation Frame -->\n
..\\..\\Library\\common_lib.h(141):           <frame src="nav.pl?in=home" name="navbar" marginheight="2" marginwidth="2" \n
..\\..\\Library\\common_lib.h(141):                 noresize="noresize" scrolling="auto"/>\n
..\\..\\Library\\common_lib.h(141):           <!-- Home Frame -->\n
..\\..\\Library\\common_lib.h(141):           <frame src="/WebTours/home.html" name="info" marginheight="2" marginwidth="2" \n
..\\..\\Library\\common_lib.h(141):                 noresize="noresize" scrolling="auto"/>\n
..\\..\\Library\\common_lib.h(141):        </frameset>\n
..\\..\\Library\\common_lib.h(141):     </html>\n
..\\..\\Library\\common_lib.h(141):     \n
..\\..\\Library\\common_lib.h(141):     </body>\n
..\\..\\Library\\common_lib.h(141):     </html>
..\\..\\Library\\common_lib.h(141): Detected non-resource "http://127.0.0.1:1080/cgi-bin/nav.pl?in=home" in "http://127.0.0.1:1080/cgi-bin/welcome.pl?signOff=1"  	[MsgId: MMSG-26574]
..\\..\\Library\\common_lib.h(141): Detected non-resource "http://127.0.0.1:1080/WebTours/home.html" in "http://127.0.0.1:1080/cgi-bin/welcome.pl?signOff=1"  	[MsgId: MMSG-26574]
..\\..\\Library\\common_lib.h(141): Retrieving data from cache for "http://127.0.0.1:1080/WebTours/home.html"  	[MsgId: MMSG-26558]
..\\..\\Library\\common_lib.h(141): t=1069659ms: 1361-byte response body retrieved from cache for "http://127.0.0.1:1080/WebTours/home.html" (RelFrameId=1.2, Internal ID=440)
..\\..\\Library\\common_lib.h(141):     <HTML>\n
..\\..\\Library\\common_lib.h(141):     <HEAD>\n
..\\..\\Library\\common_lib.h(141):     \t<title>Web Tours</title>\n
..\\..\\Library\\common_lib.h(141):     </HEAD>\n
..\\..\\Library\\common_lib.h(141):     <style>\n
..\\..\\Library\\common_lib.h(141):     \tblockquote {font-family: tahoma; font-size : 10pt}\n
..\\..\\Library\\common_lib.h(141):     \tH1 {font-family: tahoma; font-size : 22pt; color: #003366}\n
..\\..\\Library\\common_lib.h(141):     \tsmall {font-family: tahoma; font-size : 8pt}\n
..\\..\\Library\\common_lib.h(141):     \tH3{font-family: tahoma; font-size : 10pt; color: black}\n
..\\..\\Library\\common_lib.h(141):     \tA {FONT-WEIGHT: bold; FONT-SIZE: 10pt; COLOR: black; FONT-FAMILY: Tahoma; TEXT-DECORATIO
..\\..\\Library\\common_lib.h(141):     N: none}\n
..\\..\\Library\\common_lib.h(141):     \tA:hover{ FONT-WEIGHT: bold; FONT-SIZE: 10pt; COLOR: #993333; FONT-FAMILY: Tahoma;TEXT-DE
..\\..\\Library\\common_lib.h(141):     CORATION: underline}\n
..\\..\\Library\\common_lib.h(141):     \tTD {font-family: tahoma; font-size : 10pt; color: black}\n
..\\..\\Library\\common_lib.h(141):     </style>\n
..\\..\\Library\\common_lib.h(141):     <body bgcolor="#e0e7f1">\n
..\\..\\Library\\common_lib.h(141):     <BR/>\n
..\\..\\Library\\common_lib.h(141):     <BR/>\n
..\\..\\Library\\common_lib.h(141):     <BR/>\n
..\\..\\Library\\common_lib.h(141):     <br/>\n
..\\..\\Library\\common_lib.h(141):     <table border="0">\n
..\\..\\Library\\common_lib.h(141):     <tr><td></td></tr>\n
..\\..\\Library\\common_lib.h(141):     <TR><TD></TD></TR>\n
..\\..\\Library\\common_lib.h(141):     <TR><TD>\n
..\\..\\Library\\common_lib.h(141):     <blockquote>\n
..\\..\\Library\\common_lib.h(141):     <H1><b>Web Tours</b></H1>\n
..\\..\\Library\\common_lib.h(141):     Welcome to the Web Tours site.\n
..\\..\\Library\\common_lib.h(141):     <br/>\n
..\\..\\Library\\common_lib.h(141):     To make reservations,please enter your account information to the left.\n
..\\..\\Library\\common_lib.h(141):     <br/>\n
..\\..\\Library\\common_lib.h(141):     If you haven't registered yet, <A href="/cgi-bin/login.pl?username=&amp;password=&amp;getI
..\\..\\Library\\common_lib.h(141):     nfo=true" ><B>sign up now</B></A> to get access to all our resources.\n
..\\..\\Library\\common_lib.h(141):     <br/>\n
..\\..\\Library\\common_lib.h(141):     To configure the server options, use <A href="/cgi-bin/admin.pl" target="body" ><b>adminis
..\\..\\Library\\common_lib.h(141):     tration</b></A> link.\n
..\\..\\Library\\common_lib.h(141):     <br/><br/><br/><br/><br/><br/>\n
..\\..\\Library\\common_lib.h(141):     <br/><small>\n
..\\..\\Library\\common_lib.h(141):     This product uses parts of the SMT Kernel, Copyright (c) 1991-99 <A href="http://www.imati
..\\..\\Library\\common_lib.h(141):     x.com" target="new"><B><small>iMatix Corporation</small></B></A> \n
..\\..\\Library\\common_lib.h(141):     </small>\n
..\\..\\Library\\common_lib.h(141):     </blockquote></TD>\n
..\\..\\Library\\common_lib.h(141):     <TD></TD></TR>\n
..\\..\\Library\\common_lib.h(141):     </table>\n
..\\..\\Library\\common_lib.h(141):     </body>\n
..\\..\\Library\\common_lib.h(141):     </HTML>\n
..\\..\\Library\\common_lib.h(141): t=1069660ms: Connecting [1] to host 127.0.0.1:1080  	[MsgId: MMSG-26000]
..\\..\\Library\\common_lib.h(141): t=1069660ms: Connected socket [1] from 127.0.0.1:47108 to 127.0.0.1:1080 in 0 ms  	[MsgId: MMSG-26000]
..\\..\\Library\\common_lib.h(141): t=1069660ms: 652-byte request headers for "http://127.0.0.1:1080/cgi-bin/nav.pl?in=home" (RelFrameId=1.1, Internal ID=439)
..\\..\\Library\\common_lib.h(141):     GET /cgi-bin/nav.pl?in=home HTTP/1.1\r\n
..\\..\\Library\\common_lib.h(141):     Referer: http://127.0.0.1:1080/cgi-bin/welcome.pl?signOff=1\r\n
..\\..\\Library\\common_lib.h(141):     Upgrade-Insecure-Requests: 1\r\n
..\\..\\Library\\common_lib.h(141):     DNT: 1\r\n
..\\..\\Library\\common_lib.h(141):     Sec-Fetch-Dest: frame\r\n
..\\..\\Library\\common_lib.h(141):     Sec-Fetch-Mode: navigate\r\n
..\\..\\Library\\common_lib.h(141):     Sec-Fetch-Site: same-origin\r\n
..\\..\\Library\\common_lib.h(141):     sec-ch-ua: " Not A;Brand";v="99", "Chromium";v="99", "Google Chrome";v="99"\r\n
..\\..\\Library\\common_lib.h(141):     sec-ch-ua-mobile: ?0\r\n
..\\..\\Library\\common_lib.h(141):     sec-ch-ua-platform: "Windows"\r\n
..\\..\\Library\\common_lib.h(141):     User-Agent: Mozilla/5.0 (Windows NT 10.0; Win64; x64) AppleWebKit/537.36 (KHTML, like Geck
..\\..\\Library\\common_lib.h(141):     o) Chrome/99.0.4844.82 Safari/537.36\r\n
..\\..\\Library\\common_lib.h(141):     Accept-Encoding: gzip, deflate, br\r\n
..\\..\\Library\\common_lib.h(141):     Accept-Language: ru-RU,ru;q=0.9,en-US;q=0.8,en;q=0.7\r\n
..\\..\\Library\\common_lib.h(141):     Accept: */*\r\n
..\\..\\Library\\common_lib.h(141):     Connection: Keep-Alive\r\n
..\\..\\Library\\common_lib.h(141):     Host: 127.0.0.1:1080\r\n
..\\..\\Library\\common_lib.h(141):     Cookie: MSO=SID&1649598667\r\n
..\\..\\Library\\common_lib.h(141):     \r\n
..\\..\\Library\\common_lib.h(141): t=1069661ms: 5-byte chunked response overhead for "http://127.0.0.1:1080/cgi-bin/welcome.pl?signOff=1" (RelFrameId=1, Internal ID=438)
..\\..\\Library\\common_lib.h(141):     0\r\n
..\\..\\Library\\common_lib.h(141):     \r\n
..\\..\\Library\\common_lib.h(141): t=1069661ms: Request done "http://127.0.0.1:1080/cgi-bin/welcome.pl?signOff=1"  	[MsgId: MMSG-26000]
..\\..\\Library\\common_lib.h(141): t=1069699ms: 256-byte response headers for "http://127.0.0.1:1080/cgi-bin/nav.pl?in=home" (RelFrameId=1.1, Internal ID=439)
..\\..\\Library\\common_lib.h(141):     HTTP/1.1 200 OK\r\n
..\\..\\Library\\common_lib.h(141):     Date: Sun, 10 Apr 2022 13:51:07 GMT\r\n
..\\..\\Library\\common_lib.h(141):     Server: Apache/2.2.21 (Win32)\r\n
..\\..\\Library\\common_lib.h(141):     Expires: Sat, 09 Apr 2022 13:51:07 GMT\r\n
..\\..\\Library\\common_lib.h(141):     Keep-Alive: timeout=5, max=100\r\n
..\\..\\Library\\common_lib.h(141):     Connection: Keep-Alive\r\n
..\\..\\Library\\common_lib.h(141):     Transfer-Encoding: chunked\r\n
..\\..\\Library\\common_lib.h(141):     Content-Type: text/html; charset=ISO-8859-1\r\n
..\\..\\Library\\common_lib.h(141):     \r\n
..\\..\\Library\\common_lib.h(141): t=1069699ms: 5-byte chunked response overhead for "http://127.0.0.1:1080/cgi-bin/nav.pl?in=home" (RelFrameId=1.1, Internal ID=439)
..\\..\\Library\\common_lib.h(141):     5d2\r\n
..\\..\\Library\\common_lib.h(141): t=1069700ms: 2-byte chunked response overhead for "http://127.0.0.1:1080/cgi-bin/nav.pl?in=home" (RelFrameId=1.1, Internal ID=439)
..\\..\\Library\\common_lib.h(141):     \r\n
..\\..\\Library\\common_lib.h(141): t=1069700ms: 1490-byte chunked response body for "http://127.0.0.1:1080/cgi-bin/nav.pl?in=home" (RelFrameId=1.1, Internal ID=439)
..\\..\\Library\\common_lib.h(141):     <!DOCTYPE html\n
..\\..\\Library\\common_lib.h(141):     \tPUBLIC "-//W3C//DTD XHTML 1.0 Transitional//EN"\n
..\\..\\Library\\common_lib.h(141):     \t "http://www.w3.org/TR/xhtml1/DTD/xhtml1-transitional.dtd">\n
..\\..\\Library\\common_lib.h(141):     <html xmlns="http://www.w3.org/1999/xhtml" lang="en-US" xml:lang="en-US">\n
..\\..\\Library\\common_lib.h(141):     <head>\n
..\\..\\Library\\common_lib.h(141):     <title>Web Tours Navigation Bar</title>\n
..\\..\\Library\\common_lib.h(141):     <meta http-equiv="Content-Type" content="text/html; charset=iso-8859-1" />\n
..\\..\\Library\\common_lib.h(141):     </head>\n
..\\..\\Library\\common_lib.h(141):     <body bgcolor="#E0E7F1">\n
..\\..\\Library\\common_lib.h(141):     <style>\n
..\\..\\Library\\common_lib.h(141):     blockquote {font-family: tahoma; font-size : 10pt}\n
..\\..\\Library\\common_lib.h(141):     H1 {font-family: tahoma; font-size : 22pt; color: #993333}\n
..\\..\\Library\\common_lib.h(141):     H3 {font-family: tahoma; font-size : 10pt; color: black}\n
..\\..\\Library\\common_lib.h(141):     small {font-family: tahoma; font-size : 8pt}\n
..\\..\\Library\\common_lib.h(141):     </style>\n
..\\..\\Library\\common_lib.h(141):     <form method="post" action="/cgi-bin/login.pl" target="body">\n
..\\..\\Library\\common_lib.h(141):     <input type="hidden" name="userSession" value="133624.841393277ziHDDcHpHHQVzzzHtVcDQpQzzzH
..\\..\\Library\\common_lib.h(141):     f"/>\n
..\\..\\Library\\common_lib.h(141):     <table border="0"><tr><td>&nbsp;</td>\n
..\\..\\Library\\common_lib.h(141):     <td>&nbsp;</td></tr>\n
..\\..\\Library\\common_lib.h(141):     <tr><td>&nbsp;</td>\n
..\\..\\Library\\common_lib.h(141):     <td>&nbsp;</td></tr>\n
..\\..\\Library\\common_lib.h(141):     <tr><td>&nbsp;</td>\n
..\\..\\Library\\common_lib.h(141):     <td><small>&nbsp;Username</small></td></tr>\n
..\\..\\Library\\common_lib.h(141):     <tr><td>&nbsp;</td>\n
..\\..\\Library\\common_lib.h(141):     <td><input type="text" name="username" value="" size="14" maxlength="14"/></td></tr>\n
..\\..\\Library\\common_lib.h(141):     <tr><td>&nbsp;</td>\n
..\\..\\Library\\common_lib.h(141):     <td><small>&nbsp;Password</small></td>\n
..\\..\\Library\\common_lib.h(141):     <tr><td>&nbsp;</td>\n
..\\..\\Library\\common_lib.h(141):     <td><input type="password" name="password" value="" size="14" maxlength="14"/></td></tr>\n
..\\..\\Library\\common_lib.h(141):     <tr><td>&nbsp;</td>\n
..\\..\\Library\\common_lib.h(141):     <td>&nbsp;</td></tr>\n
..\\..\\Library\\common_lib.h(141):     <tr><td>&nbsp;</td>\n
..\\..\\Library\\common_lib.h(141):     <td><input type="image" name="login" value="Login" alt="Login" border="1" \n
..\\..\\Library\\common_lib.h(141):     src="/WebTours/images/mer_login.gif"/></td></tr>\n
..\\..\\Library\\common_lib.h(141):     <tr><td>&nbsp;</td><td>&nbsp;</td></tr>\n
..\\..\\Library\\common_lib.h(141):     </table><input type="hidden" name="JSFormSubmit" value="off"/>\n
..\\..\\Library\\common_lib.h(141):     </form>\n
..\\..\\Library\\common_lib.h(141):     \n
..\\..\\Library\\common_lib.h(141):     </body>\n
..\\..\\Library\\common_lib.h(141):     </html>\n
..\\..\\Library\\common_lib.h(141): Resource "http://127.0.0.1:1080/WebTours/images/mer_login.gif" is in the cache already and will not be downloaded again  	[MsgId: MMSG-26655]
..\\..\\Library\\common_lib.h(141): t=1069702ms: 5-byte chunked response overhead for "http://127.0.0.1:1080/cgi-bin/nav.pl?in=home" (RelFrameId=1.1, Internal ID=439)
..\\..\\Library\\common_lib.h(141):     0\r\n
..\\..\\Library\\common_lib.h(141):     \r\n
..\\..\\Library\\common_lib.h(141): t=1069702ms: Request done "http://127.0.0.1:1080/cgi-bin/nav.pl?in=home"  	[MsgId: MMSG-26000]
..\\..\\Library\\common_lib.h(141): Registered web_reg_find successful for "Text=Web Tours" (count=5)  	[MsgId: MMSG-26364]
..\\..\\Library\\common_lib.h(141): web_url("SignOff Button") was successful, 2176 body bytes, 583 header bytes, 24 chunking overhead bytes  	[MsgId: MMSG-26385]
..\\..\\Library\\common_lib.h(151): Notify: Transaction "Logout" ended with a "Pass" status (Duration: 5,1000 Think Time: 5,0131 Wasted Time: 0,0000).	[MsgId: MMSG-16870]
Action.c(125): Notify: Transaction "05_SingleTicketDeletion" ended with a "Pass" status (Duration: 20,5116 Think Time: 20,0358 Wasted Time: 0,0011).	[MsgId: MMSG-16870]
Ending action Action.	[MsgId: MMSG-15918]
Action was aborted.	[MsgId: MMSG-10694]
Ending Vuser...	[MsgId: MMSG-15966]
Starting action vuser_end.	[MsgId: MMSG-15919]
Ending action vuser_end.	[MsgId: MMSG-15918]
Vuser Terminated.	[MsgId: MMSG-15963]
t=1069702ms: Closed connection [0] to 127.0.0.1:1080 after completing 2 request(s)  	[MsgId: MMSG-26000]
t=1069702ms: Closed connection [1] to 127.0.0.1:1080 after completing 1 request(s)  	[MsgId: MMSG-26000]
HTML-Mode memory management statistics: Reusable=17, NonReusable=0, CsMemBlockSize=4096, checks disabled  	[MsgId: MMSG-26000]
Vuser 1 (thread 20924), ended OK."	[MsgId: MMSG-10695]
