Action.c(70):           <b>&nbsp;&nbsp;A First class ticket for :</b><br/>\n
Action.c(70):           <center><table border="0" width="85%"><tr><td>\n
Action.c(70):           <li><i>OSCAR_JEFFERSON\n
Action.c(70):           <li><i></i>\n
Action.c(70):           </td></tr></table></center>\n
Action.c(70):       </TD>\n
Action.c(70):       <TD width="5%" >.<br/>.<br/>.<br/>.</TD>\n
Action.c(70):       <TD width="45%" valign=top><b>Invoice sent to:</b><br/>\n
Action.c(70):           <center>\n
Action.c(70):         
Action.c(70): t=4156504ms: 8-byte chunked response overhead for "http://127.0.0.1:1080/cgi-bin/itinerary.pl" (RelFrameId=1, Internal ID=1757)
Action.c(70):     \r\n
Action.c(70):     1000\r\n
Action.c(70): t=4156504ms: 8-byte chunked response overhead for "http://127.0.0.1:1080/cgi-bin/itinerary.pl" (RelFrameId=1, Internal ID=1757)
Action.c(70):     \r\n
Action.c(70):     1000\r\n
Action.c(70): t=4156504ms: 8-byte chunked response overhead for "http://127.0.0.1:1080/cgi-bin/itinerary.pl" (RelFrameId=1, Internal ID=1757)
Action.c(70):     \r\n
Action.c(70):     1000\r\n
Action.c(70): t=4156504ms: 12263-byte chunked response body for "http://127.0.0.1:1080/cgi-bin/itinerary.pl" (RelFrameId=1, Internal ID=1757)
Action.c(70):       <Table width="80%" cellspacing="0" > <tr> <td>\n
Action.c(70):               Oscar Jefferson\n
Action.c(70):     <br/>\n
Action.c(70):               1099 Elm Drive<br/>\n
Action.c(70):               Elmsford<br/>\n
Action.c(70):               <br/>\n
Action.c(70):               Total Charge: $ 167 <BR/> (CC: x-4899)\n
Action.c(70):           </td> </tr> </table>\n
Action.c(70):           </center>\n
Action.c(70):       </TD>\n
Action.c(70):     </TR>\n
Action.c(70):     <TR bgcolor="#EFF2F7">\n
Action.c(70):       <TD COLSPAN="3">\n
Action.c(70):       <b>Flight Details:</b><BR/>  <center>\n
Action.c(70):       04/11/2022\n
Action.c(70):      :  11pm : Flight 423 leaves Paris  for London.<br>  </center>\n
Action.c(70):       </TD>\n
Action.c(70):     </TR>\n
Action.c(70):     \n
Action.c(70):     <TR bgcolor="#EFF2F7">\n
Action.c(70):       <TD COLSPAN="4">\n
Action.c(70):       <hr/>\n
Action.c(70):       </TD>\n
Action.c(70):     </TR>\n
Action.c(70):     \n
Action.c(70):     <!-- Flight #1 -->\n
Action.c(70):     <TR bgcolor="#EFF2F7">\n
Action.c(70):       <TD width="5%" rowspan="2" align="left" valign="top">\n
Action.c(70):     <b>\n
Action.c(70):     <label><input type="checkbox" name="15" value="on" /></label></font></b>\n
Action.c(70):     <input type="hidden" name="flightID" value="181473840-115542-OJ"  />\n
Action.c(70):       </TD>\n
Action.c(70):       <TD width="45%" valign="top">\n
Action.c(70):           <b>&nbsp;&nbsp;3 First class tickets for :</b><br/>\n
Action.c(70):           <center><table border="0" width="85%"><tr><td>\n
Action.c(70):           <li><i>OSCAR_JEFFERSON      <li><i>OSCAR_JEFFERSON      <li><i>MARGARET_RUIZ\n
Action.c(70):           <li><i></i>\n
Action.c(70):           </td></tr></table></center>\n
Action.c(70):       </TD>\n
Action.c(70):       <TD width="5%" >.<br/>.<br/>.<br/>.</TD>\n
Action.c(70):       <TD width="45%" valign=top><b>Invoice sent to:</b><br/>\n
Action.c(70):           <center>\n
Action.c(70):           <Table width="80%" cellspacing="0" > <tr> <td>\n
Action.c(70):               Oscar Jefferson\n
Action.c(70):     <br/>\n
Action.c(70):               1099 Elm Drive<br/>\n
Action.c(70):               Elmsford<br/>\n
Action.c(70):               <br/>\n
Action.c(70):               Total Charge: $ 2058 <BR/> (CC: x-4899)\n
Action.c(70):           </td> </tr> </table>\n
Action.c(70):           </center>\n
Action.c(70):       </TD>\n
Action.c(70):     </TR>\n
Action.c(70):     <TR bgcolor="#EFF2F7">\n
Action.c(70):       <TD COLSPAN="3">\n
Action.c(70):       <b>Flight Details:</b><BR/>  <center>\n
Action.c(70):       04/11/2022\n
Action.c(70):      :  11pm : Flight 793 leaves Seattle  for Zurich.<br>  </center>\n
Action.c(70):       </TD>\n
Action.c(70):     </TR>\n
Action.c(70):     \n
Action.c(70):     <TR bgcolor="#EFF2F7">\n
Action.c(70):       <TD COLSPAN="4">\n
Action.c(70):       <hr/>\n
Action.c(70):       </TD>\n
Action.c(70):     </TR>\n
Action.c(70):     \n
Action.c(70):     <!-- Flight #1 -->\n
Action.c(70):     <TR bgcolor="#EFF2F7">\n
Action.c(70):       <TD width="5%" rowspan="2" align="left" valign="top">\n
Action.c(70):     <b>\n
Action.c(70):     <label><input type="checkbox" name="16" value="on" /></label></font></b>\n
Action.c(70):     <input type="hidden" name="flightID" value="181461946-12351-OJ"  />\n
Action.c(70):       </TD>\n
Action.c(70):       <TD width="45%" valign="top">\n
Action.c(70):           <b>&nbsp;&nbsp;A Coach class ticket for :</b><br/>\n
Action.c(70):           <center><table border="0" width="85%"><tr><td>\n
Action.c(70):           <li><i>OSCAR_JEFFERSON\n
Action.c(70):           <li><i></i>\n
Action.c(70):           </td></tr></table></center>\n
Action.c(70):       </TD>\n
Action.c(70):       <TD width="5%" >.<br/>.<br/>.<br/>.</TD>\n
Action.c(70):       <TD width="45%" valign=top><b>Invoice sent to:</b><br/>\n
Action.c(70):           <center>\n
Action.c(70):           <Table width="80%" cellspacing="0" > <tr> <td>\n
Action.c(70):               Oscar Jefferson\n
Action.c(70):     <br/>\n
Action.c(70):               1099 Elm Drive<br/>\n
Action.c(70):               Elmsford<br/>\n
Action.c(70):               <br/>\n
Action.c(70):               Total Charge: $ 565 <BR/> (CC: x-4899)\n
Action.c(70):           </td> </tr> </table>\n
Action.c(70):           </center>\n
Action.c(70):       </TD>\n
Action.c(70):     </TR>\n
Action.c(70):     <TR bgcolor="#EFF2F7">\n
Action.c(70):       <TD COLSPAN="3">\n
Action.c(70):       <b>Flight Details:</b><BR/>  <center>\n
Action.c(70):       04/11/2022\n
Action.c(70):      :  5pm : Flight 472 leaves Paris  for Seattle.<br>  </center>\n
Action.c(70):       </TD>\n
Action.c(70):     </TR>\n
Action.c(70):     \n
Action.c(70):     <TR bgcolor="#EFF2F7">\n
Action.c(70):       <TD COLSPAN="4">\n
Action.c(70):       <hr/>\n
Action.c(70):       </TD>\n
Action.c(70):     </TR>\n
Action.c(70):     \n
Action.c(70):     <!-- Flight #1 -->\n
Action.c(70):     <TR bgcolor="#EFF2F7">\n
Action.c(70):       <TD width="5%" rowspan="2" align="left" valign="top">\n
Action.c(70):     <b>\n
Action.c(70):     <label><input type="checkbox" name="17" value="on" /></label></font></b>\n
Action.c(70):     <input type="hidden" name="flightID" value="181479015-13108-OJ"  />\n
Action.c(70):       </TD>\n
Action.c(70):       <TD width="45%" valign="top">\n
Action.c(70):           <b>&nbsp;&nbsp;A Business class ticket for :</b><br/>\n
Action.c(70):           <center><table border="0" width="85%"><tr><td>\n
Action.c(70):           <li><i>OSCAR_JEFFERSON\n
Action.c(70):           <li><i></i>\n
Action.c(70):           </td></tr></table></center>\n
Action.c(70):       </TD>\n
Action.c(70):       <TD width="5%" >.<br/>.<br/>.<br/>.</TD>\n
Action.c(70):       <TD width="45%" valign=top><b>Invoice sent to:</b><br/>\n
Action.c(70):           <center>\n
Action.c(70):           <Table width="80%" cellspacing="0" > <tr> <td>\n
Action.c(70):               Oscar Jefferson\n
Action.c(70):     <br/>\n
Action.c(70):               1099 Elm Drive<br/>\n
Action.c(70):               Elmsford<br/>\n
Action.c(70):               <br/>\n
Action.c(70):               Total Charge: $ 411 <BR/> (CC: x-4899)\n
Action.c(70):           </td> </tr> </table>\n
Action.c(70):           </center>\n
Action.c(70):       </TD>\n
Action.c(70):     </TR>\n
Action.c(70):     <TR bgcolor="#EFF2F7">\n
Action.c(70):       <TD COLSPAN="3">\n
Action.c(70):       <b>Flight Details:</b><BR/>  <center>\n
Action.c(70):       04/11/2022\n
Action.c(70):      :  11pm : Flight 933 leaves Zurich  for Los Angeles.<br>  </center>\n
Action.c(70):       </TD>\n
Action.c(70):     </TR>\n
Action.c(70):     \n
Action.c(70):     <TR bgcolor="#EFF2F7">\n
Action.c(70):       <TD COLSPAN="4">\n
Action.c(70):       <hr/>\n
Action.c(70):       </TD>\n
Action.c(70):     </TR>\n
Action.c(70):     \n
Action.c(70):     <!-- Flight #1 -->\n
Action.c(70):     <TR bgcolor="#EFF2F7">\n
Action.c(70):       <TD width="5%" rowspan="2" align="left" valign="top">\n
Action.c(70):     <b>\n
Action.c(70):     <label><input type="checkbox" name="18" value="on" /></label></font></b>\n
Action.c(70):     <input type="hidden" name="flightID" value="181464081-13891-OJ"  />\n
Action.c(70):       </TD>\n
Action.c(70):       <TD width="45%" valign="top">\n
Action.c(70):           <b>&nbsp;&nbsp;3 Coach class tickets for :</b><br/>\n
Action.c(70):           <center><table border="0" width="85%"><tr><td>\n
Action.c(70):           <li><i>OSCAR_JEFFERSON      <li><i>STEVEN_COX      <li><i>JULIE_WILLIAMS\n
Action.c(70):           <li><i></i>\n
Action.c(70):           </td></tr></table></center>\n
Action.c(70):       </TD>\n
Action.c(70):       <TD width="5%" >.<br/>.<br/>.<br/>.</TD>\n
Action.c(70):       <TD width="45%" valign=top><b>Invoice sent to:</b><br/>\n
Action.c(70):           <center>\n
Action.c(70):           <Table width="80%" cellspacing="0" > <tr> <td>\n
Action.c(70):               Oscar Jefferson\n
Action.c(70):     <br/>\n
Action.c(70):               1099 Elm Drive<br/>\n
Action.c(70):               Elmsford<br/>\n
Action.c(70):               <br/>\n
Action.c(70):               Total Charge: $ 594 <BR/> (CC: x-4899)\n
Action.c(70):           </td> </tr> </table>\n
Action.c(70):           </center>\n
Action.c(70):       </TD>\n
Action.c(70):     </TR>\n
Action.c(70):     <TR bgcolor="#EFF2F7">\n
Action.c(70):       <TD COLSPAN="3">\n
Action.c(70):       <b>Flight Details:</b><BR/>  <center>\n
Action.c(70):       04/11/2022\n
Action.c(70):      :  8am : Flight 530 leaves Portland  for Los Angeles.<br>  </center>\n
Action.c(70):       </TD>\n
Action.c(70):     </TR>\n
Action.c(70):     \n
Action.c(70):     <TR bgcolor="#EFF2F7">\n
Action.c(70):       <TD COLSPAN="4">\n
Action.c(70):       <hr/>\n
Action.c(70):       </TD>\n
Action.c(70):     </TR>\n
Action.c(70):     \n
Action.c(70):     <!-- Flight #1 -->\n
Action.c(70):     <TR bgcolor="#EFF2F7">\n
Action.c(70):       <TD width="5%" rowspan="2" align="left" valign="top">\n
Action.c(70):     <b>\n
Action.c(70):     <label><input type="checkbox" name="19" value="on" /></label></font></b>\n
Action.c(70):     <input type="hidden" name="flightID" value="181459708-14624-OJ"  />\n
Action.c(70):       </TD>\n
Action.c(70):       <TD width="45%" valign="top">\n
Action.c(70):           <b>&nbsp;&nbsp;A Coach class ticket for :</b><br/>\n
Action.c(70):           <center><table border="0" width="85%"><tr><td>\n
Action.c(70):           <li><i>OSCAR_JEFFERSON\n
Action.c(70):           <li><i></i>\n
Action.c(70):           </td></tr></table></center>\n
Action.c(70):       </TD>\n
Action.c(70):       <TD width="5%" >.<br/>.<br/>.<br/>.</TD>\n
Action.c(70):       <TD width="45%" valign=top><b>Invoice sent to:</b><br/>\n
Action.c(70):           <center>\n
Action.c(70):           <Table width="80%" cellspacing="0" > <tr> <td>\n
Action.c(70):               Oscar Jefferson\n
Action.c(70):     <br/>\n
Action.c(70):               1099 Elm Drive<br/>\n
Action.c(70):               Elmsford<br/>\n
Action.c(70):               <br/>\n
Action.c(70):               Total Charge: $ 121 <BR/> (CC: x-4899)\n
Action.c(70):           </td> </tr> </table>\n
Action.c(70):           </center>\n
Action.c(70):       </TD>\n
Action.c(70):     </TR>\n
Action.c(70):     <TR bgcolor="#EFF2F7">\n
Action.c(70):       <TD COLSPAN="3">\n
Action.c(70):       <b>Flight Details:</b><BR/>  <center>\n
Action.c(70):       04/11/2022\n
Action.c(70):      :  5pm : Flight 412 leaves Paris  for Frankfurt.<br>  </center>\n
Action.c(70):       </TD>\n
Action.c(70):     </TR>\n
Action.c(70):     \n
Action.c(70):     <TR bgcolor="#EFF2F7">\n
Action.c(70):       <TD COLSPAN="4">\n
Action.c(70):       <hr/>\n
Action.c(70):       </TD>\n
Action.c(70):     </TR>\n
Action.c(70):     \n
Action.c(70):     <!-- Flight #1 -->\n
Action.c(70):     <TR bgcolor="#EFF2F7">\n
Action.c(70):       <TD width="5%" rowspan="2" align="left" valign="top">\n
Action.c(70):     <b>\n
Action.c(70):     <label><input type="checkbox" name="20" value="on" /></label></font></b>\n
Action.c(70):     <input type="hidden" name="flightID" value="181448898-15446-OJ"  />\n
Action.c(70):       </TD>\n
Action.c(70):       <TD width="45%" valign="top">\n
Action.c(70):           <b>&nbsp;&nbsp;3 Coach class tickets for :</b><br/>\n
Action.c(70):           <center><table border="0" width="85%"><tr><td>\n
Action.c(70):           <li><i>OSCAR_JEFFERSON      <li><i>STEVEN_COX      <li><i>JULIE_WILLIAMS\n
Action.c(70):           <li><i></i>\n
Action.c(70):           </td></tr></table></center>\n
Action.c(70):       </TD>\n
Action.c(70):       <TD width="5%" >.<br/>.<br/>.<br/>.</TD>\n
Action.c(70):       <TD width="45%" valign=top><b>Invoice sent to:</b><br/>\n
Action.c(70):           <center>\n
Action.c(70):           <Table width="80%" cellspacing="0" > <tr> <td>\n
Action.c(70):               Oscar Jefferson\n
Action.c(70):     <br/>\n
Action.c(70):               1099 Elm Drive<br/>\n
Action.c(70):               Elmsford<br/>\n
Action.c(70):               <br/>\n
Action.c(70):               Total Charge: $ 798 <BR/> (CC: x-4899)\n
Action.c(70):           </td> </tr> </table>\n
Action.c(70):           </center>\n
Action.c(70):       </TD>\n
Action.c(70):     </TR>\n
Action.c(70):     <TR bgcolor="#EFF2F7">\n
Action.c(70):       <TD COLSPAN="3">\n
Action.c(70):       <b>Flight Details:</b><BR/>  <center>\n
Action.c(70):       04/11/2022\n
Action.c(70):      :  8am : Flight 120 leaves Frankfurt  for London.<br>  </center>\n
Action.c(70):       </TD>\n
Action.c(70):     </TR>\n
Action.c(70):     \n
Action.c(70):     <TR bgcolor="#EFF2F7">\n
Action.c(70):       <TD COLSPAN="4">\n
Action.c(70):       <hr/>\n
Action.c(70):       </TD>\n
Action.c(70):     </TR>\n
Action.c(70):     \n
Action.c(70):     <!-- Flight #1 -->\n
Action.c(70):     <TR bgcolor="#EFF2F7">\n
Action.c(70):       <TD width="5%" rowspan="2" align="left" valign="top">\n
Action.c(70):     <b>\n
Action.c(70):     <label><input type="checkbox" name="21" value="on" /></label></font></b>\n
Action.c(70):     <input type="hidden" name="flightID" value="1814745227-161627-OJ"  />\n
Action.c(70):       </TD>\n
Action.c(70):       <TD width="45%" valign="top">\n
Action.c(70):           <b>&nbsp;&nbsp;A Coach class ticket for :</b><br/>\n
Action.c(70):           <center><table border="0" width="85%"><tr><td>\n
Action.c(70):           <li><i>OSCAR_JEFFERSON\n
Action.c(70):           <li><i></i>\n
Action.c(70):           </td></tr></table></center>\n
Action.c(70):       </TD>\n
Action.c(70):       <TD width="5%" >.<br/>.<br/>.<br/>.</TD>\n
Action.c(70):       <TD width="45%" valign=top><b>Invoice sent to:</b><br/>\n
Action.c(70):           <center>\n
Action.c(70):           <Table width="80%" cellspacing="0" > <tr> <td>\n
Action.c(70):               Oscar Jefferson\n
Action.c(70):     <br/>\n
Action.c(70):               1099 Elm Drive<br/>\n
Action.c(70):               Elmsford<br/>\n
Action.c(70):               <br/>\n
Action.c(70):               Total Charge: $ 1153 <BR/> (CC: x-4899)\n
Action.c(70):           </td> </tr> </table>\n
Action.c(70):           </center>\n
Action.c(70):       </TD>\n
Action.c(70):     </TR>\n
Action.c(70):     <TR bgcolor="#EFF2F7">\n
Action.c(70):       <TD COLSPAN="3">\n
Action.c(70):       <b>Flight Details:</b><BR/>  <center>\n
Action.c(70):       04/11/2022\n
Action.c(70):      :  5pm : Flight 812 leaves Sydney  for Frankfurt.<br>  </center>\n
Action.c(70):       </TD>\n
Action.c(70):     </TR>\n
Action.c(70):     \n
Action.c(70):     <TR bgcolor="#EFF2F7">\n
Action.c(70):       <TD COLSPAN="4">\n
Action.c(70):       <hr/>\n
Action.c(70):       </TD>\n
Action.c(70):     </TR>\n
Action.c(70):     \n
Action.c(70):     <!-- Flight #1 -->\n
Action.c(70):     <TR bgcolor="#EFF2F7">\n
Action.c(70):       <TD width="5%" rowspan="2" align="left" valign="top">\n
Action.c(70):     <b>\n
Action.c(70):     <label><input type="checkbox" name="22" value="on" /></label></font></b>\n
Action.c(70):     <input type="hidden" name="flightID" value="181478901-16949-OJ"  />\n
Action.c(70):       </TD>\n
Action.c(70):       <TD width="45%" valign="top">\n
Action.c(70):           <b>&nbsp;&nbsp;A Coach class ticket for :</b><br/>\n
Action.c(70):           <center><table border="0" width="85%"><tr><td>\n
Action.c(70):           <li><i>OSCAR_JEFFERSON\n
Action.c(70):           <li><i></i>\n
Action.c(70):           </td></tr></table></center>\n
Action.c(70):       </TD>\n
Action.c(70):       <TD width="5%" >.<br/>.<br/>.<br/>.</TD>\n
Action.c(70):       <TD width="45%" valign=top><b>Invoice sent to:</b><br/>\n
Action.c(70):           <center>\n
Action.c(70):           <Table width="80%" cellspacing="0" > <tr> <td>\n
Action.c(70):               Oscar Jefferson\n
Action.c(70):     <br/>\n
Action.c(70):               1099 Elm Drive<br/>\n
Action.c(70):               Elmsford<br/>\n
Action.c(70):               <br/>\n
Action.c(70):               Total Charge: $ 346 <BR/> (CC: x-4899)\n
Action.c(70):           </td> </tr> </table>\n
Action.c(70):           </center>\n
Action.c(70):       </TD>\n
Action.c(70):     </TR>\n
Action.c(70):     <TR bgcolor="#EFF2F7">\n
Action.c(70):       <TD COLSPAN="3">\n
Action.c(70):       <b>Flight Details:</b><BR/>  <center>\n
Action.c(70):       04/11/2022\n
Action.c(70):      :  8am : Flight 930 leaves Zurich  for Los Angeles.<br>  </center>\n
Action.c(70):       </TD>\n
Action.c(70):     </TR>\n
Action.c(70):     \n
Action.c(70):     <TR bgcolor="#EFF2F7">\n
Action.c(70):       <TD COLSPAN="4">\n
Action.c(70):       <hr/>\n
Action.c(70):       </TD>\n
Action.c(70):     </TR>\n
Action.c(70):     \n
Action.c(70):     <!-- Flight #1 -->\n
Action.c(70):     <TR bgcolor="#EFF2F7">\n
Action.c(70):       <TD width="5%" rowspan="2" align="left" valign="top">\n
Action.c(70):     <b>\n
Action.c(70):     <label><input type="checkbox" name="23" value="on" /></label></font></b>\n
Action.c(70):     <input type="hidden" name="flightID" value="181477912-177072-OJ"  />\n
Action.c(70):       </TD>\n
Action.c(70):       <TD width="45%" valign="top">\n
Action.c(70):           <b>&nbsp;&nbsp;3 First class tickets for :</b><br/>\n
Action.c(70):           <center><table border="0" width="85%"><tr><td>\n
Action.c(70):           <li><i>OSCAR_JEFFERSON      <li><i>JULIE_WILLIAMS      <li><i>OSCAR_JEFFERSON\n
Action.c(70):           <li><i></i>\n
Action.c(70):           </td></tr></table></center>\n
Action.c(70):       </TD>\n
Action.c(70):       <TD width="5%" >.<br/>.<br/>.<br/>.</TD>\n
Action.c(70):       <TD width="45%" valign=top><b>Invoice sent to:</b><br/>\n
Action.c(70):           <center>\n
Action.c(70):           <Table width="80%" cellspacing="0" > <tr> <td>\n
Action.c(70):               Oscar Jefferson\n
Action.c(70):     <br/>\n
Action.c(70):               1099 Elm Drive<br/>\n
Action.c(70):               Elmsford<br/>\n
Action.c(70):               <br/>\n
Action.c(70):               Total Charge: $ 1938 <BR/> (CC: x-4899)\n
Action.c(70):           </td> </tr> </table>\n
Action.c(70):           </center>\n
Action.c(70):       </TD>\n
Action.c(70):     </TR>\n
Action.c(70):     <TR bgcolor="#EFF2F7">\n
Action.c(70):       <TD COLSPAN="3">\n
Action.c(70):       <b>Flight Details:</b><BR/>  <center>\n
Action.c(70):       04/11/2022\n
Action.c(70):      :  11pm : Flight 903 leaves Zurich  for Denver.<br>  </center>\n
Action.c(70):       </TD>\n
Action.c(70):     </TR>\n
Action.c(70):     \n
Action.c(70):     <TR bgcolor="#EFF2F7">\n
Action.c(70):       <TD COLSPAN="4">\n
Action.c(70):       <hr/>\n
Action.c(70):       </TD>\n
Action.c(70):     </TR>\n
Action.c(70):     \n
Action.c(70):     <!-- Flight #1 -->\n
Action.c(70):     <TR bgcolor="#EFF2F7">\n
Action.c(70):       <TD width="5%" rowspan="2" align="left" valign="top">\n
Action.c(70):     <b>\n
Action.c(70):     <label><input type="checkbox" name="24" value="on" /></label></font></b>\n
Action.c(70):     <input type="hidden" name="flightID" value="181468181-184823-OJ"  />\n
Action.c(70):       </TD>\n
Action.c(70):       <TD width="45%" valign="top">\n
Action.c(70):           <b>&nbsp;&nbsp;3 Business class tickets for :</b><br/>\n
Action.c(70):           <center><table border="0" width="85%"><tr><td>\n
Action.c(70):           <li><i>OSCAR_JEFFERSON      <li><i>CARLOS_WATSON      <li><i>STEPHEN_ANDERSON\n
Action.c(70):           <li><i></i>\n
Action.c(70):           </td></tr></table></center>\n
Action.c(70):       </TD>\n
Action.c(70):       <TD width="5%" >.<br/>.<br/>.<br/>.</TD>\n
Action.c(70):       <TD width="45%" valign=top><b>Invoice sent to:</b><br/>\n
Action.c(70):           <center>\n
Action.c(70):           <Table width="80%" cellspacing="0" > <tr> <td>\n
Action.c(70):               Oscar Jefferson\n
Action.c(70):     <br/>\n
Action.c(70):               1099 Elm Drive<br/>\n
Action.c(70):               Elmsford<br/>\n
Action.c(70):               <br/>\n
Action.c(70):               Total Charge: $ 2706 <BR/> (CC: x-4899)\n
Action.c(70):           </td> </tr> </table>\n
Action.c(70):           </center>\n
Action.c(70):       </TD>\n
Action.c(70):     </TR>\n
Action.c(70):     <TR bgcolor="#EFF2F7">\n
Action.c(70):       <TD COLSPAN="3">\n
Action.c(70):       <b>Flight Details:</b><BR/>  <center>\n
Action.c(70):       04/11/2022\n
Action.c(70):      :  8am : Flight 640 leaves San Francisco  for Paris.<br>  </center>\n
Action.c(70):       </TD>\n
Action.c(70):     </TR>\n
Action.c(70):     \n
Action.c(70):     <TR bgcolor="#EFF2F7">\n
Action.c(70):       <TD COLSPAN="4">\n
Action.c(70):       <hr/>\n
Action.c(70):       </TD>\n
Action.c(70):     </TR>\n
Action.c(70):     \n
Action.c(70):     <!-- Flight #1 -->\n
Action.c(70):     <TR bgcolor="#EFF2F7">\n
Action.c(70):       <TD width="5%" rowspan="2" align="left" valign="top">\n
Action.c(70):     <b>\n
Action.c(70):     <label><input type="checkbox" name="25" value="on" /></label></font></b>\n
Action.c(70):     <input type="hidden" name="flightID" value="181449015-19262-OJ"  />\n
Action.c(70):       </TD>\n
Action.c(70):       <TD width="45%" valign="top">\n
Action.c(70):           <b>&nbsp;&nbsp;A First class ticket for :</b><br/>\n
Action.c(70):           <center><table border="0" width="85%"><tr><td>\n
Action.c(70):           <li><i>OSCAR_JEFFERSON\n
Action.c(70):           <li><i></i>\n
Action.c(70):           </td></tr></table></center>\n
Action.c(70):       </T
Action.c(70): t=4156510ms: 8-byte chunked response overhead for "http://127.0.0.1:1080/cgi-bin/itinerary.pl" (RelFrameId=1, Internal ID=1757)
Action.c(70):     \r\n
Action.c(70):     1000\r\n
Action.c(70): t=4156510ms: 8-byte chunked response overhead for "http://127.0.0.1:1080/cgi-bin/itinerary.pl" (RelFrameId=1, Internal ID=1757)
Action.c(70):     \r\n
Action.c(70):     1000\r\n
Action.c(70): t=4156510ms: 8-byte chunked response overhead for "http://127.0.0.1:1080/cgi-bin/itinerary.pl" (RelFrameId=1, Internal ID=1757)
Action.c(70):     \r\n
Action.c(70):     1000\r\n
Action.c(70): t=4156510ms: 12263-byte chunked response body for "http://127.0.0.1:1080/cgi-bin/itinerary.pl" (RelFrameId=1, Internal ID=1757)
Action.c(70):     D>\n
Action.c(70):       <TD width="5%" >.<br/>.<br/>.<br/>.</TD>\n
Action.c(70):       <TD width="45%" valign=top><b>Invoice sent to:</b><br/>\n
Action.c(70):           <center>\n
Action.c(70):           <Table width="80%" cellspacing="0" > <tr> <td>\n
Action.c(70):               Oscar Jefferson\n
Action.c(70):     <br/>\n
Action.c(70):               1099 Elm Drive<br/>\n
Action.c(70):               Elmsford<br/>\n
Action.c(70):               <br/>\n
Action.c(70):               Total Charge: $ 408 <BR/> (CC: x-4899)\n
Action.c(70):           </td> </tr> </table>\n
Action.c(70):           </center>\n
Action.c(70):       </TD>\n
Action.c(70):     </TR>\n
Action.c(70):     <TR bgcolor="#EFF2F7">\n
Action.c(70):       <TD COLSPAN="3">\n
Action.c(70):       <b>Flight Details:</b><BR/>  <center>\n
Action.c(70):       04/11/2022\n
Action.c(70):      :  11pm : Flight 123 leaves Frankfurt  for London.<br>  </center>\n
Action.c(70):       </TD>\n
Action.c(70):     </TR>\n
Action.c(70):     \n
Action.c(70):     <TR bgcolor="#EFF2F7">\n
Action.c(70):       <TD COLSPAN="4">\n
Action.c(70):       <hr/>\n
Action.c(70):       </TD>\n
Action.c(70):     </TR>\n
Action.c(70):     \n
Action.c(70):     <!-- Flight #1 -->\n
Action.c(70):     <TR bgcolor="#EFF2F7">\n
Action.c(70):       <TD width="5%" rowspan="2" align="left" valign="top">\n
Action.c(70):     <b>\n
Action.c(70):     <label><input type="checkbox" name="26" value="on" /></label></font></b>\n
Action.c(70):     <input type="hidden" name="flightID" value="181475221-200224-OJ"  />\n
Action.c(70):       </TD>\n
Action.c(70):       <TD width="45%" valign="top">\n
Action.c(70):           <b>&nbsp;&nbsp;3 Business class tickets for :</b><br/>\n
Action.c(70):           <center><table border="0" width="85%"><tr><td>\n
Action.c(70):           <li><i>OSCAR_JEFFERSON      <li><i>CARLOS_WATSON      <li><i>STEPHEN_ANDERSON\n
Action.c(70):           <li><i></i>\n
Action.c(70):           </td></tr></table></center>\n
Action.c(70):       </TD>\n
Action.c(70):       <TD width="5%" >.<br/>.<br/>.<br/>.</TD>\n
Action.c(70):       <TD width="45%" valign=top><b>Invoice sent to:</b><br/>\n
Action.c(70):           <center>\n
Action.c(70):           <Table width="80%" cellspacing="0" > <tr> <td>\n
Action.c(70):               Oscar Jefferson\n
Action.c(70):     <br/>\n
Action.c(70):               1099 Elm Drive<br/>\n
Action.c(70):               Elmsford<br/>\n
Action.c(70):               <br/>\n
Action.c(70):               Total Charge: $ 2913 <BR/> (CC: x-4899)\n
Action.c(70):           </td> </tr> </table>\n
Action.c(70):           </center>\n
Action.c(70):       </TD>\n
Action.c(70):     </TR>\n
Action.c(70):     <TR bgcolor="#EFF2F7">\n
Action.c(70):       <TD COLSPAN="3">\n
Action.c(70):       <b>Flight Details:</b><BR/>  <center>\n
Action.c(70):       04/11/2022\n
Action.c(70):      :  8am : Flight 830 leaves Sydney  for Los Angeles.<br>  </center>\n
Action.c(70):       </TD>\n
Action.c(70):     </TR>\n
Action.c(70):     \n
Action.c(70):     <TR bgcolor="#EFF2F7">\n
Action.c(70):       <TD COLSPAN="4">\n
Action.c(70):       <hr/>\n
Action.c(70):       </TD>\n
Action.c(70):     </TR>\n
Action.c(70):     \n
Action.c(70):     <!-- Flight #1 -->\n
Action.c(70):     <TR bgcolor="#EFF2F7">\n
Action.c(70):       <TD width="5%" rowspan="2" align="left" valign="top">\n
Action.c(70):     <b>\n
Action.c(70):     <label><input type="checkbox" name="27" value="on" /></label></font></b>\n
Action.c(70):     <input type="hidden" name="flightID" value="181471602-20810-OJ"  />\n
Action.c(70):       </TD>\n
Action.c(70):       <TD width="45%" valign="top">\n
Action.c(70):           <b>&nbsp;&nbsp;2 First class tickets for :</b><br/>\n
Action.c(70):           <center><table border="0" width="85%"><tr><td>\n
Action.c(70):           <li><i>OSCAR_JEFFERSON      <li><i>LINDA_PEARSON\n
Action.c(70):           <li><i></i>\n
Action.c(70):           </td></tr></table></center>\n
Action.c(70):       </TD>\n
Action.c(70):       <TD width="5%" >.<br/>.<br/>.<br/>.</TD>\n
Action.c(70):       <TD width="45%" valign=top><b>Invoice sent to:</b><br/>\n
Action.c(70):           <center>\n
Action.c(70):           <Table width="80%" cellspacing="0" > <tr> <td>\n
Action.c(70):               Oscar Jefferson\n
Action.c(70):     <br/>\n
Action.c(70):               1099 Elm Drive<br/>\n
Action.c(70):               Elmsford<br/>\n
Action.c(70):               <br/>\n
Action.c(70):               Total Charge: $ 536 <BR/> (CC: x-4899)\n
Action.c(70):           </td> </tr> </table>\n
Action.c(70):           </center>\n
Action.c(70):       </TD>\n
Action.c(70):     </TR>\n
Action.c(70):     <TR bgcolor="#EFF2F7">\n
Action.c(70):       <TD COLSPAN="3">\n
Action.c(70):       <b>Flight Details:</b><BR/>  <center>\n
Action.c(70):       04/11/2022\n
Action.c(70):      :  11pm : Flight 733 leaves Seattle  for Los Angeles.<br>  </center>\n
Action.c(70):       </TD>\n
Action.c(70):     </TR>\n
Action.c(70):     \n
Action.c(70):     <TR bgcolor="#EFF2F7">\n
Action.c(70):       <TD COLSPAN="4">\n
Action.c(70):       <hr/>\n
Action.c(70):       </TD>\n
Action.c(70):     </TR>\n
Action.c(70):     \n
Action.c(70):     <!-- Flight #1 -->\n
Action.c(70):     <TR bgcolor="#EFF2F7">\n
Action.c(70):       <TD width="5%" rowspan="2" align="left" valign="top">\n
Action.c(70):     <b>\n
Action.c(70):     <label><input type="checkbox" name="28" value="on" /></label></font></b>\n
Action.c(70):     <input type="hidden" name="flightID" value="1814622321-215590-OJ"  />\n
Action.c(70):       </TD>\n
Action.c(70):       <TD width="45%" valign="top">\n
Action.c(70):           <b>&nbsp;&nbsp;A First class ticket for :</b><br/>\n
Action.c(70):           <center><table border="0" width="85%"><tr><td>\n
Action.c(70):           <li><i>OSCAR_JEFFERSON\n
Action.c(70):           <li><i></i>\n
Action.c(70):           </td></tr></table></center>\n
Action.c(70):       </TD>\n
Action.c(70):       <TD width="5%" >.<br/>.<br/>.<br/>.</TD>\n
Action.c(70):       <TD width="45%" valign=top><b>Invoice sent to:</b><br/>\n
Action.c(70):           <center>\n
Action.c(70):           <Table width="80%" cellspacing="0" > <tr> <td>\n
Action.c(70):               Oscar Jefferson\n
Action.c(70):     <br/>\n
Action.c(70):               1099 Elm Drive<br/>\n
Action.c(70):               Elmsford<br/>\n
Action.c(70):               <br/>\n
Action.c(70):               Total Charge: $ 2679 <BR/> (CC: x-4899)\n
Action.c(70):           </td> </tr> </table>\n
Action.c(70):           </center>\n
Action.c(70):       </TD>\n
Action.c(70):     </TR>\n
Action.c(70):     <TR bgcolor="#EFF2F7">\n
Action.c(70):       <TD COLSPAN="3">\n
Action.c(70):       <b>Flight Details:</b><BR/>  <center>\n
Action.c(70):       04/11/2022\n
Action.c(70):      :  8am : Flight 480 leaves Paris  for Sydney.<br>  </center>\n
Action.c(70):       </TD>\n
Action.c(70):     </TR>\n
Action.c(70):     \n
Action.c(70):     <TR bgcolor="#EFF2F7">\n
Action.c(70):       <TD COLSPAN="4">\n
Action.c(70):       <hr/>\n
Action.c(70):       </TD>\n
Action.c(70):     </TR>\n
Action.c(70):     \n
Action.c(70):     <!-- Flight #1 -->\n
Action.c(70):     <TR bgcolor="#EFF2F7">\n
Action.c(70):       <TD width="5%" rowspan="2" align="left" valign="top">\n
Action.c(70):     <b>\n
Action.c(70):     <label><input type="checkbox" name="29" value="on" /></label></font></b>\n
Action.c(70):     <input type="hidden" name="flightID" value="181447052-22372-OJ"  />\n
Action.c(70):       </TD>\n
Action.c(70):       <TD width="45%" valign="top">\n
Action.c(70):           <b>&nbsp;&nbsp;2 Business class tickets for :</b><br/>\n
Action.c(70):           <center><table border="0" width="85%"><tr><td>\n
Action.c(70):           <li><i>OSCAR_JEFFERSON      <li><i>CARLOS_WATSON\n
Action.c(70):           <li><i></i>\n
Action.c(70):           </td></tr></table></center>\n
Action.c(70):       </TD>\n
Action.c(70):       <TD width="5%" >.<br/>.<br/>.<br/>.</TD>\n
Action.c(70):       <TD width="45%" valign=top><b>Invoice sent to:</b><br/>\n
Action.c(70):           <center>\n
Action.c(70):           <Table width="80%" cellspacing="0" > <tr> <td>\n
Action.c(70):               Oscar Jefferson\n
Action.c(70):     <br/>\n
Action.c(70):               1099 Elm Drive<br/>\n
Action.c(70):               Elmsford<br/>\n
Action.c(70):               <br/>\n
Action.c(70):               Total Charge: $ 848 <BR/> (CC: x-4899)\n
Action.c(70):           </td> </tr> </table>\n
Action.c(70):           </center>\n
Action.c(70):       </TD>\n
Action.c(70):     </TR>\n
Action.c(70):     <TR bgcolor="#EFF2F7">\n
Action.c(70):       <TD COLSPAN="3">\n
Action.c(70):       <b>Flight Details:</b><BR/>  <center>\n
Action.c(70):       04/11/2022\n
Action.c(70):      :  8am : Flight 070 leaves Denver  for Seattle.<br>  </center>\n
Action.c(70):       </TD>\n
Action.c(70):     </TR>\n
Action.c(70):     \n
Action.c(70):     <TR bgcolor="#EFF2F7">\n
Action.c(70):       <TD COLSPAN="4">\n
Action.c(70):       <hr/>\n
Action.c(70):       </TD>\n
Action.c(70):     </TR>\n
Action.c(70):     \n
Action.c(70):     <!-- Flight #1 -->\n
Action.c(70):     <TR bgcolor="#EFF2F7">\n
Action.c(70):       <TD width="5%" rowspan="2" align="left" valign="top">\n
Action.c(70):     <b>\n
Action.c(70):     <label><input type="checkbox" name="30" value="on" /></label></font></b>\n
Action.c(70):     <input type="hidden" name="flightID" value="181467172-23127-OJ"  />\n
Action.c(70):       </TD>\n
Action.c(70):       <TD width="45%" valign="top">\n
Action.c(70):           <b>&nbsp;&nbsp;A First class ticket for :</b><br/>\n
Action.c(70):           <center><table border="0" width="85%"><tr><td>\n
Action.c(70):           <li><i>OSCAR_JEFFERSON\n
Action.c(70):           <li><i></i>\n
Action.c(70):           </td></tr></table></center>\n
Action.c(70):       </TD>\n
Action.c(70):       <TD width="5%" >.<br/>.<br/>.<br/>.</TD>\n
Action.c(70):       <TD width="45%" valign=top><b>Invoice sent to:</b><br/>\n
Action.c(70):           <center>\n
Action.c(70):           <Table width="80%" cellspacing="0" > <tr> <td>\n
Action.c(70):               Oscar Jefferson\n
Action.c(70):     <br/>\n
Action.c(70):               1099 Elm Drive<br/>\n
Action.c(70):               Elmsford<br/>\n
Action.c(70):               <br/>\n
Action.c(70):               Total Charge: $ 661 <BR/> (CC: x-4899)\n
Action.c(70):           </td> </tr> </table>\n
Action.c(70):           </center>\n
Action.c(70):       </TD>\n
Action.c(70):     </TR>\n
Action.c(70):     <TR bgcolor="#EFF2F7">\n
Action.c(70):       <TD COLSPAN="3">\n
Action.c(70):       <b>Flight Details:</b><BR/>  <center>\n
Action.c(70):       04/11/2022\n
Action.c(70):      :  11pm : Flight 613 leaves San Francisco  for Frankfurt.<br>  </center>\n
Action.c(70):       </TD>\n
Action.c(70):     </TR>\n
Action.c(70):     \n
Action.c(70):     <TR bgcolor="#EFF2F7">\n
Action.c(70):       <TD COLSPAN="4">\n
Action.c(70):       <hr/>\n
Action.c(70):       </TD>\n
Action.c(70):     </TR>\n
Action.c(70):     \n
Action.c(70):     <!-- Flight #1 -->\n
Action.c(70):     <TR bgcolor="#EFF2F7">\n
Action.c(70):       <TD width="5%" rowspan="2" align="left" valign="top">\n
Action.c(70):     <b>\n
Action.c(70):     <label><input type="checkbox" name="31" value="on" /></label></font></b>\n
Action.c(70):     <input type="hidden" name="flightID" value="181461996-23916-OJ"  />\n
Action.c(70):       </TD>\n
Action.c(70):       <TD width="45%" valign="top">\n
Action.c(70):           <b>&nbsp;&nbsp;A First class ticket for :</b><br/>\n
Action.c(70):           <center><table border="0" width="85%"><tr><td>\n
Action.c(70):           <li><i>OSCAR_JEFFERSON\n
Action.c(70):           <li><i></i>\n
Action.c(70):           </td></tr></table></center>\n
Action.c(70):       </TD>\n
Action.c(70):       <TD width="5%" >.<br/>.<br/>.<br/>.</TD>\n
Action.c(70):       <TD width="45%" valign=top><b>Invoice sent to:</b><br/>\n
Action.c(70):           <center>\n
Action.c(70):           <Table width="80%" cellspacing="0" > <tr> <td>\n
Action.c(70):               Oscar Jefferson\n
Action.c(70):     <br/>\n
Action.c(70):               1099 Elm Drive<br/>\n
Action.c(70):               Elmsford<br/>\n
Action.c(70):               <br/>\n
Action.c(70):               Total Charge: $ 918 <BR/> (CC: x-4899)\n
Action.c(70):           </td> </tr> </table>\n
Action.c(70):           </center>\n
Action.c(70):       </TD>\n
Action.c(70):     </TR>\n
Action.c(70):     <TR bgcolor="#EFF2F7">\n
Action.c(70):       <TD COLSPAN="3">\n
Action.c(70):       <b>Flight Details:</b><BR/>  <center>\n
Action.c(70):       04/11/2022\n
Action.c(70):      :  11pm : Flight 473 leaves Paris  for Seattle.<br>  </center>\n
Action.c(70):       </TD>\n
Action.c(70):     </TR>\n
Action.c(70):     \n
Action.c(70):     <TR bgcolor="#EFF2F7">\n
Action.c(70):       <TD COLSPAN="4">\n
Action.c(70):       <hr/>\n
Action.c(70):       </TD>\n
Action.c(70):     </TR>\n
Action.c(70):     \n
Action.c(70):     <!-- Flight #1 -->\n
Action.c(70):     <TR bgcolor="#EFF2F7">\n
Action.c(70):       <TD width="5%" rowspan="2" align="left" valign="top">\n
Action.c(70):     <b>\n
Action.c(70):     <label><input type="checkbox" name="32" value="on" /></label></font></b>\n
Action.c(70):     <input type="hidden" name="flightID" value="18147232-24628-OJ"  />\n
Action.c(70):       </TD>\n
Action.c(70):       <TD width="45%" valign="top">\n
Action.c(70):           <b>&nbsp;&nbsp;2 Business class tickets for :</b><br/>\n
Action.c(70):           <center><table border="0" width="85%"><tr><td>\n
Action.c(70):           <li><i>OSCAR_JEFFERSON      <li><i>PATRICIA_WOODS\n
Action.c(70):           <li><i></i>\n
Action.c(70):           </td></tr></table></center>\n
Action.c(70):       </TD>\n
Action.c(70):       <TD width="5%" >.<br/>.<br/>.<br/>.</TD>\n
Action.c(70):       <TD width="45%" valign=top><b>Invoice sent to:</b><br/>\n
Action.c(70):           <center>\n
Action.c(70):           <Table width="80%" cellspacing="0" > <tr> <td>\n
Action.c(70):               Oscar Jefferson\n
Action.c(70):     <br/>\n
Action.c(70):               1099 Elm Drive<br/>\n
Action.c(70):               Elmsford<br/>\n
Action.c(70):               <br/>\n
Action.c(70):               Total Charge: $ 176 <BR/> (CC: x-4899)\n
Action.c(70):           </td> </tr> </table>\n
Action.c(70):           </center>\n
Action.c(70):       </TD>\n
Action.c(70):     </TR>\n
Action.c(70):     <TR bgcolor="#EFF2F7">\n
Action.c(70):       <TD COLSPAN="3">\n
Action.c(70):       <b>Flight Details:</b><BR/>  <center>\n
Action.c(70):       04/11/2022\n
Action.c(70):      :  5pm : Flight 752 leaves Seattle  for Portland.<br>  </center>\n
Action.c(70):       </TD>\n
Action.c(70):     </TR>\n
Action.c(70):     \n
Action.c(70):     <TR bgcolor="#EFF2F7">\n
Action.c(70):       <TD COLSPAN="4">\n
Action.c(70):       <hr/>\n
Action.c(70):       </TD>\n
Action.c(70):     </TR>\n
Action.c(70):     \n
Action.c(70):     <!-- Flight #1 -->\n
Action.c(70):     <TR bgcolor="#EFF2F7">\n
Action.c(70):       <TD width="5%" rowspan="2" align="left" valign="top">\n
Action.c(70):     <b>\n
Action.c(70):     <label><input type="checkbox" name="33" value="on" /></label></font></b>\n
Action.c(70):     <input type="hidden" name="flightID" value="181454587-25451-OJ"  />\n
Action.c(70):       </TD>\n
Action.c(70):       <TD width="45%" valign="top">\n
Action.c(70):           <b>&nbsp;&nbsp;A First class ticket for :</b><br/>\n
Action.c(70):           <center><table border="0" width="85%"><tr><td>\n
Action.c(70):           <li><i>OSCAR_JEFFERSON\n
Action.c(70):           <li><i></i>\n
Action.c(70):           </td></tr></table></center>\n
Action.c(70):       </TD>\n
Action.c(70):       <TD width="5%" >.<br/>.<br/>.<br/>.</TD>\n
Action.c(70):       <TD width="45%" valign=top><b>Invoice sent to:</b><br/>\n
Action.c(70):           <center>\n
Action.c(70):           <Table width="80%" cellspacing="0" > <tr> <td>\n
Action.c(70):               Oscar Jefferson\n
Action.c(70):     <br/>\n
Action.c(70):               1099 Elm Drive<br/>\n
Action.c(70):               Elmsford<br/>\n
Action.c(70):               <br/>\n
Action.c(70):               Total Charge: $ 867 <BR/> (CC: x-4899)\n
Action.c(70):           </td> </tr> </table>\n
Action.c(70):           </center>\n
Action.c(70):       </TD>\n
Action.c(70):     </TR>\n
Action.c(70):     <TR bgcolor="#EFF2F7">\n
Action.c(70):       <TD COLSPAN="3">\n
Action.c(70):       <b>Flight Details:</b><BR/>  <center>\n
Action.c(70):       04/11/2022\n
Action.c(70):      :  11pm : Flight 273 leaves London  for Seattle.<br>  </center>\n
Action.c(70):       </TD>\n
Action.c(70):     </TR>\n
Action.c(70):     \n
Action.c(70):     <TR bgcolor="#EFF2F7">\n
Action.c(70):       <TD COLSPAN="4">\n
Action.c(70):       <hr/>\n
Action.c(70):       </TD>\n
Action.c(70):     </TR>\n
Action.c(70):     \n
Action.c(70):     <!-- Flight #1 -->\n
Action.c(70):     <TR bgcolor="#EFF2F7">\n
Action.c(70):       <TD width="5%" rowspan="2" align="left" valign="top">\n
Action.c(70):     <b>\n
Action.c(70):     <label><input type="checkbox" name="34" value="on" /></label></font></b>\n
Action.c(70):     <input type="hidden" name="flightID" value="181462673-26199-OJ"  />\n
Action.c(70):       </TD>\n
Action.c(70):       <TD width="45%" valign="top">\n
Action.c(70):           <b>&nbsp;&nbsp;3 Business class tickets for :</b><br/>\n
Action.c(70):           <center><table border="0" width="85%"><tr><td>\n
Action.c(70):           <li><i>OSCAR_JEFFERSON      <li><i>JULIE_WILLIAMS      <li><i>OSCAR_JEFFERSON\n
Action.c(70):           <li><i></i>\n
Action.c(70):           </td></tr></table></center>\n
Action.c(70):       </TD>\n
Action.c(70):       <TD width="5%" >.<br/>.<br/>.<br/>.</TD>\n
Action.c(70):       <TD width="45%" valign=top><b>Invoice sent to:</b><br/>\n
Action.c(70):           <center>\n
Action.c(70):           <Table width="80%" cellspacing="0" > <tr> <td>\n
Action.c(70):               Oscar Jefferson\n
Action.c(70):     <br/>\n
Action.c(70):               1099 Elm Drive<br/>\n
Action.c(70):               Elmsford<br/>\n
Action.c(70):               <br/>\n
Action.c(70):               Total Charge: $ 588 <BR/> (CC: x-4899)\n
Action.c(70):           </td> </tr> </table>\n
Action.c(70):           </center>\n
Action.c(70):       </TD>\n
Action.c(70):     </TR>\n
Action.c(70):     <TR bgcolor="#EFF2F7">\n
Action.c(70):       <TD COLSPAN="3">\n
Action.c(70):       <b>Flight Details:</b><BR/>  <center>\n
Action.c(70):       04/11/2022\n
Action.c(70):      :  5pm : Flight 492 leaves Paris  for Zurich.<br>  </center>\n
Action.c(70):       </TD>\n
Action.c(70):     </TR>\n
Action.c(70):     \n
Action.c(70):     <TR bgcolor="#EFF2F7">\n
Action.c(70):       <TD COLSPAN="4">\n
Action.c(70):       <hr/>\n
Action.c(70):       </TD>\n
Action.c(70):     </TR>\n
Action.c(70):     \n
Action.c(70):     <!-- Flight #1 -->\n
Action.c(70):     <TR bgcolor="#EFF2F7">\n
Action.c(70):       <TD width="5%" rowspan="2" align="left" valign="top">\n
Action.c(70):     <b>\n
Action.c(70):     <label><input type="checkbox" name="35" value="on" /></label></font></b>\n
Action.c(70):     <input type="hidden" name="flightID" value="1814622680-269414-OJ"  />\n
Action.c(70):       </TD>\n
Action.c(70):       <TD width="45%" valign="top">\n
Action.c(70):           <b>&nbsp;&nbsp;A First class ticket for :</b><br/>\n
Action.c(70):           <center><table border="0" width="85%"><tr><td>\n
Action.c(70):           <li><i>OSCAR_JEFFERSON\n
Action.c(70):           <li><i></i>\n
Action.c(70):           </td></tr></table></center>\n
Action.c(70):       </TD>\n
Action.c(70):       <TD width="5%" >.<br/>.<br/>.<br/>.</TD>\n
Action.c(70):       <TD width="45%" valign=top><b>Invoice sent to:</b><br/>\n
Action.c(70):           <center>\n
Action.c(70):           <Table width="80%" cellspacing="0" > <tr> <td>\n
Action.c(70):               Oscar Jefferson\n
Action.c(70):     <br/>\n
Action.c(70):               1099 Elm Drive<br/>\n
Action.c(70):               Elmsford<br/>\n
Action.c(70):               <br/>\n
Action.c(70):               Total Charge: $ 2386 <BR/> (CC: x-4899)\n
Action.c(70):           </td> </tr> </table>\n
Action.c(70):           </center>\n
Action.c(70):       </TD>\n
Action.c(70):     </TR>\n
Action.c(70):     <TR bgcolor="#EFF2F7">\n
Action.c(70):       <TD COLSPAN="3">\n
Action.c(70):       <b>Flight Details:</b><BR/>  <center>\n
Action.c(70):       04/11/2022\n
Action.c(70):      :  1pm : Flight 481 leaves Paris  for Sydney.<br>  </center>\n
Action.c(70):       </TD>\n
Action.c(70):     </TR>\n
Action.c(70):     \n
Action.c(70):     <TR bgcolor="#EFF2F7">\n
Action.c(70):       <TD COLSPAN="4">\n
Action.c(70):       <hr/>\n
Action.c(70):       </TD>\n
Action.c(70):     </TR>\n
Action.c(70):     \n
Action.c(70):     <!-- Flight #1 -->\n
Action.c(70):     <TR bgcolor="#EFF2F7">\n
Action.c(70):       <TD width="5%" rowspan="2" align="left" valign="top">\n
Action.c(70):     <b>\n
Action.c(70):     <label><input type="checkbox" name="36" value="on" /></label></font></b>\n
Action.c(70):     <input type="hidden" name="flightID" value="181446710-27720-OJ"  />\n
Action.c(70):       </TD>\n
Action.c(70):       <TD width="45%" valign="top">\n
Action.c(70):           <b>&nbsp;&nbsp;2 Coach class tickets for :</b><br/>\n
Action.c(70):           <center><table border="0" width="85%"><tr><td>\n
Action.c(70):           <li><i>OSCAR_JEFFERSON      <li
Action.c(70): t=4156518ms: 8-byte chunked response overhead for "http://127.0.0.1:1080/cgi-bin/itinerary.pl" (RelFrameId=1, Internal ID=1757)
Action.c(70):     \r\n
Action.c(70):     1000\r\n
Action.c(70): t=4156518ms: 8-byte chunked response overhead for "http://127.0.0.1:1080/cgi-bin/itinerary.pl" (RelFrameId=1, Internal ID=1757)
Action.c(70):     \r\n
Action.c(70):     1000\r\n
Action.c(70): t=4156518ms: 7-byte chunked response overhead for "http://127.0.0.1:1080/cgi-bin/itinerary.pl" (RelFrameId=1, Internal ID=1757)
Action.c(70):     \r\n
Action.c(70):     2a7\r\n
Action.c(70): t=4156518ms: 7-byte chunked response overhead for "http://127.0.0.1:1080/cgi-bin/itinerary.pl" (RelFrameId=1, Internal ID=1757)
Action.c(70):     \r\n
Action.c(70):     0\r\n
Action.c(70):     \r\n
Action.c(70): t=4156518ms: 8944-byte chunked response body for "http://127.0.0.1:1080/cgi-bin/itinerary.pl" (RelFrameId=1, Internal ID=1757)
Action.c(70):     ><i>OSCAR_JEFFERSON\n
Action.c(70):           <li><i></i>\n
Action.c(70):           </td></tr></table></center>\n
Action.c(70):       </TD>\n
Action.c(70):       <TD width="5%" >.<br/>.<br/>.<br/>.</TD>\n
Action.c(70):       <TD width="45%" valign=top><b>Invoice sent to:</b><br/>\n
Action.c(70):           <center>\n
Action.c(70):           <Table width="80%" cellspacing="0" > <tr> <td>\n
Action.c(70):               Oscar Jefferson\n
Action.c(70):     <br/>\n
Action.c(70):               1099 Elm Drive<br/>\n
Action.c(70):               Elmsford<br/>\n
Action.c(70):               <br/>\n
Action.c(70):               Total Charge: $ 360 <BR/> (CC: x-4899)\n
Action.c(70):           </td> </tr> </table>\n
Action.c(70):           </center>\n
Action.c(70):       </TD>\n
Action.c(70):     </TR>\n
Action.c(70):     <TR bgcolor="#EFF2F7">\n
Action.c(70):       <TD COLSPAN="3">\n
Action.c(70):       <b>Flight Details:</b><BR/>  <center>\n
Action.c(70):       04/11/2022\n
Action.c(70):      :  1pm : Flight 061 leaves Denver  for San Francisco.<br>  </center>\n
Action.c(70):       </TD>\n
Action.c(70):     </TR>\n
Action.c(70):     \n
Action.c(70):     <TR bgcolor="#EFF2F7">\n
Action.c(70):       <TD COLSPAN="4">\n
Action.c(70):       <hr/>\n
Action.c(70):       </TD>\n
Action.c(70):     </TR>\n
Action.c(70):     \n
Action.c(70):     <!-- Flight #1 -->\n
Action.c(70):     <TR bgcolor="#EFF2F7">\n
Action.c(70):       <TD width="5%" rowspan="2" align="left" valign="top">\n
Action.c(70):     <b>\n
Action.c(70):     <label><input type="checkbox" name="37" value="on" /></label></font></b>\n
Action.c(70):     <input type="hidden" name="flightID" value="181477873-284704-OJ"  />\n
Action.c(70):       </TD>\n
Action.c(70):       <TD width="45%" valign="top">\n
Action.c(70):           <b>&nbsp;&nbsp;2 Business class tickets for :</b><br/>\n
Action.c(70):           <center><table border="0" width="85%"><tr><td>\n
Action.c(70):           <li><i>OSCAR_JEFFERSON      <li><i>JULIE_WILLIAMS\n
Action.c(70):           <li><i></i>\n
Action.c(70):           </td></tr></table></center>\n
Action.c(70):       </TD>\n
Action.c(70):       <TD width="5%" >.<br/>.<br/>.<br/>.</TD>\n
Action.c(70):       <TD width="45%" valign=top><b>Invoice sent to:</b><br/>\n
Action.c(70):           <center>\n
Action.c(70):           <Table width="80%" cellspacing="0" > <tr> <td>\n
Action.c(70):               Oscar Jefferson\n
Action.c(70):     <br/>\n
Action.c(70):               1099 Elm Drive<br/>\n
Action.c(70):               Elmsford<br/>\n
Action.c(70):               <br/>\n
Action.c(70):               Total Charge: $ 1154 <BR/> (CC: x-4899)\n
Action.c(70):           </td> </tr> </table>\n
Action.c(70):           </center>\n
Action.c(70):       </TD>\n
Action.c(70):     </TR>\n
Action.c(70):     <TR bgcolor="#EFF2F7">\n
Action.c(70):       <TD COLSPAN="3">\n
Action.c(70):       <b>Flight Details:</b><BR/>  <center>\n
Action.c(70):       04/11/2022\n
Action.c(70):      :  5pm : Flight 902 leaves Zurich  for Denver.<br>  </center>\n
Action.c(70):       </TD>\n
Action.c(70):     </TR>\n
Action.c(70):     \n
Action.c(70):     <TR bgcolor="#EFF2F7">\n
Action.c(70):       <TD COLSPAN="4">\n
Action.c(70):       <hr/>\n
Action.c(70):       </TD>\n
Action.c(70):     </TR>\n
Action.c(70):     \n
Action.c(70):     <!-- Flight #1 -->\n
Action.c(70):     <TR bgcolor="#EFF2F7">\n
Action.c(70):       <TD width="5%" rowspan="2" align="left" valign="top">\n
Action.c(70):     <b>\n
Action.c(70):     <label><input type="checkbox" name="38" value="on" /></label></font></b>\n
Action.c(70):     <input type="hidden" name="flightID" value="181473840-29283-OJ"  />\n
Action.c(70):       </TD>\n
Action.c(70):       <TD width="45%" valign="top">\n
Action.c(70):           <b>&nbsp;&nbsp;A First class ticket for :</b><br/>\n
Action.c(70):           <center><table border="0" width="85%"><tr><td>\n
Action.c(70):           <li><i>OSCAR_JEFFERSON\n
Action.c(70):           <li><i></i>\n
Action.c(70):           </td></tr></table></center>\n
Action.c(70):       </TD>\n
Action.c(70):       <TD width="5%" >.<br/>.<br/>.<br/>.</TD>\n
Action.c(70):       <TD width="45%" valign=top><b>Invoice sent to:</b><br/>\n
Action.c(70):           <center>\n
Action.c(70):           <Table width="80%" cellspacing="0" > <tr> <td>\n
Action.c(70):               Oscar Jefferson\n
Action.c(70):     <br/>\n
Action.c(70):               1099 Elm Drive<br/>\n
Action.c(70):               Elmsford<br/>\n
Action.c(70):               <br/>\n
Action.c(70):               Total Charge: $ 686 <BR/> (CC: x-4899)\n
Action.c(70):           </td> </tr> </table>\n
Action.c(70):           </center>\n
Action.c(70):       </TD>\n
Action.c(70):     </TR>\n
Action.c(70):     <TR bgcolor="#EFF2F7">\n
Action.c(70):       <TD COLSPAN="3">\n
Action.c(70):       <b>Flight Details:</b><BR/>  <center>\n
Action.c(70):       04/11/2022\n
Action.c(70):      :  11pm : Flight 793 leaves Seattle  for Zurich.<br>  </center>\n
Action.c(70):       </TD>\n
Action.c(70):     </TR>\n
Action.c(70):     \n
Action.c(70):     <TR bgcolor="#EFF2F7">\n
Action.c(70):       <TD COLSPAN="4">\n
Action.c(70):       <hr/>\n
Action.c(70):       </TD>\n
Action.c(70):     </TR>\n
Action.c(70):     \n
Action.c(70):     <!-- Flight #1 -->\n
Action.c(70):     <TR bgcolor="#EFF2F7">\n
Action.c(70):       <TD width="5%" rowspan="2" align="left" valign="top">\n
Action.c(70):     <b>\n
Action.c(70):     <label><input type="checkbox" name="39" value="on" /></label></font></b>\n
Action.c(70):     <input type="hidden" name="flightID" value="181470026-300108-OJ"  />\n
Action.c(70):       </TD>\n
Action.c(70):       <TD width="45%" valign="top">\n
Action.c(70):           <b>&nbsp;&nbsp;2 First class tickets for :</b><br/>\n
Action.c(70):           <center><table border="0" width="85%"><tr><td>\n
Action.c(70):           <li><i>OSCAR_JEFFERSON      <li><i>STEPHEN_ANDERSON\n
Action.c(70):           <li><i></i>\n
Action.c(70):           </td></tr></table></center>\n
Action.c(70):       </TD>\n
Action.c(70):       <TD width="5%" >.<br/>.<br/>.<br/>.</TD>\n
Action.c(70):       <TD width="45%" valign=top><b>Invoice sent to:</b><br/>\n
Action.c(70):           <center>\n
Action.c(70):           <Table width="80%" cellspacing="0" > <tr> <td>\n
Action.c(70):               Oscar Jefferson\n
Action.c(70):     <br/>\n
Action.c(70):               1099 Elm Drive<br/>\n
Action.c(70):               Elmsford<br/>\n
Action.c(70):               <br/>\n
Action.c(70):               Total Charge: $ 1410 <BR/> (CC: x-4899)\n
Action.c(70):           </td> </tr> </table>\n
Action.c(70):           </center>\n
Action.c(70):       </TD>\n
Action.c(70):     </TR>\n
Action.c(70):     <TR bgcolor="#EFF2F7">\n
Action.c(70):       <TD COLSPAN="3">\n
Action.c(70):       <b>Flight Details:</b><BR/>  <center>\n
Action.c(70):       04/11/2022\n
Action.c(70):      :  8am : Flight 690 leaves San Francisco  for Zurich.<br>  </center>\n
Action.c(70):       </TD>\n
Action.c(70):     </TR>\n
Action.c(70):     \n
Action.c(70):     <TR bgcolor="#EFF2F7">\n
Action.c(70):       <TD COLSPAN="4">\n
Action.c(70):       <hr/>\n
Action.c(70):       </TD>\n
Action.c(70):     </TR>\n
Action.c(70):     \n
Action.c(70):     <!-- Flight #1 -->\n
Action.c(70):     <TR bgcolor="#EFF2F7">\n
Action.c(70):       <TD width="5%" rowspan="2" align="left" valign="top">\n
Action.c(70):     <b>\n
Action.c(70):     <label><input type="checkbox" name="40" value="on" /></label></font></b>\n
Action.c(70):     <input type="hidden" name="flightID" value="181446751-30790-OJ"  />\n
Action.c(70):       </TD>\n
Action.c(70):       <TD width="45%" valign="top">\n
Action.c(70):           <b>&nbsp;&nbsp;A Business class ticket for :</b><br/>\n
Action.c(70):           <center><table border="0" width="85%"><tr><td>\n
Action.c(70):           <li><i>OSCAR_JEFFERSON\n
Action.c(70):           <li><i></i>\n
Action.c(70):           </td></tr></table></center>\n
Action.c(70):       </TD>\n
Action.c(70):       <TD width="5%" >.<br/>.<br/>.<br/>.</TD>\n
Action.c(70):       <TD width="45%" valign=top><b>Invoice sent to:</b><br/>\n
Action.c(70):           <center>\n
Action.c(70):           <Table width="80%" cellspacing="0" > <tr> <td>\n
Action.c(70):               Oscar Jefferson\n
Action.c(70):     <br/>\n
Action.c(70):               1099 Elm Drive<br/>\n
Action.c(70):               Elmsford<br/>\n
Action.c(70):               <br/>\n
Action.c(70):               Total Charge: $ 277 <BR/> (CC: x-4899)\n
Action.c(70):           </td> </tr> </table>\n
Action.c(70):           </center>\n
Action.c(70):       </TD>\n
Action.c(70):     </TR>\n
Action.c(70):     <TR bgcolor="#EFF2F7">\n
Action.c(70):       <TD COLSPAN="3">\n
Action.c(70):       <b>Flight Details:</b><BR/>  <center>\n
Action.c(70):       04/11/2022\n
Action.c(70):      :  5pm : Flight 062 leaves Denver  for San Francisco.<br>  </center>\n
Action.c(70):       </TD>\n
Action.c(70):     </TR>\n
Action.c(70):     \n
Action.c(70):     <TR bgcolor="#EFF2F7">\n
Action.c(70):       <TD COLSPAN="4">\n
Action.c(70):       <hr/>\n
Action.c(70):       </TD>\n
Action.c(70):     </TR>\n
Action.c(70):     \n
Action.c(70):     <!-- Flight #1 -->\n
Action.c(70):     <TR bgcolor="#EFF2F7">\n
Action.c(70):       <TD width="5%" rowspan="2" align="left" valign="top">\n
Action.c(70):     <b>\n
Action.c(70):     <label><input type="checkbox" name="41" value="on" /></label></font></b>\n
Action.c(70):     <input type="hidden" name="flightID" value="181450840-31592-OJ"  />\n
Action.c(70):       </TD>\n
Action.c(70):       <TD width="45%" valign="top">\n
Action.c(70):           <b>&nbsp;&nbsp;A Business class ticket for :</b><br/>\n
Action.c(70):           <center><table border="0" width="85%"><tr><td>\n
Action.c(70):           <li><i>OSCAR_JEFFERSON\n
Action.c(70):           <li><i></i>\n
Action.c(70):           </td></tr></table></center>\n
Action.c(70):       </TD>\n
Action.c(70):       <TD width="5%" >.<br/>.<br/>.<br/>.</TD>\n
Action.c(70):       <TD width="45%" valign=top><b>Invoice sent to:</b><br/>\n
Action.c(70):           <center>\n
Action.c(70):           <Table width="80%" cellspacing="0" > <tr> <td>\n
Action.c(70):               Oscar Jefferson\n
Action.c(70):     <br/>\n
Action.c(70):               1099 Elm Drive<br/>\n
Action.c(70):               Elmsford<br/>\n
Action.c(70):               <br/>\n
Action.c(70):               Total Charge: $ 699 <BR/> (CC: x-4899)\n
Action.c(70):           </td> </tr> </table>\n
Action.c(70):           </center>\n
Action.c(70):       </TD>\n
Action.c(70):     </TR>\n
Action.c(70):     <TR bgcolor="#EFF2F7">\n
Action.c(70):       <TD COLSPAN="3">\n
Action.c(70):       <b>Flight Details:</b><BR/>  <center>\n
Action.c(70):       04/11/2022\n
Action.c(70):      :  5pm : Flight 172 leaves Frankfurt  for Seattle.<br>  </center>\n
Action.c(70):       </TD>\n
Action.c(70):     </TR>\n
Action.c(70):     \n
Action.c(70):     <TR bgcolor="#EFF2F7">\n
Action.c(70):       <TD COLSPAN="4">\n
Action.c(70):       <hr/>\n
Action.c(70):       </TD>\n
Action.c(70):     </TR>\n
Action.c(70):     <TR>\n
Action.c(70):        <TD align="center" COLSPAN="4">\n
Action.c(70):        <b>A total of 41 scheduled flights.</font></b>\n
Action.c(70):        </TD>\n
Action.c(70):     </TR>\n
Action.c(70):     </TABLE>\n
Action.c(70):     \n
Action.c(70):     <TABLE WIDTH="87%" BORDER="0" CELLSPACING="0">\n
Action.c(70):     <TR>\n
Action.c(70):     <TD align="left" width="50%" >\n
Action.c(70):     <input type="image" name="removeFlights" src="/WebTours/images/cancelreservation.gif" bord
Action.c(70):     er="0" /></TD>\n
Action.c(70):     <TD align="right" width="50%" >\n
Action.c(70):     <input type="image" name="removeAllFlights" src="/WebTours/images/cancelallreservations.gi
Action.c(70):     f" border="0" /></TD>\n
Action.c(70):     </TABLE>\n
Action.c(70):     \n
Action.c(70):     <div><input type="hidden" name=".cgifields" value="33"  /><input type="hidden" name=".cgif
Action.c(70):     ields" value="32"  /><input type="hidden" name=".cgifields" value="21"  /><input type="hid
Action.c(70):     den" name=".cgifields" value="7"  /><input type="hidden" name=".cgifields" value="26"  /><
Action.c(70):     input type="hidden" name=".cgifields" value="17"  /><input type="hidden" name=".cgifields"
Action.c(70):      value="2"  /><input type="hidden" name=".cgifields" value="1"  /><input type="hidden" nam
Action.c(70):     e=".cgifields" value="18"  /><input type="hidden" name=".cgifields" value="30"  /><input t
Action.c(70):     ype="hidden" name=".cgifields" value="16"  /><input type="hidden" name=".cgifields" value=
Action.c(70):     "27"  /><input type="hidden" name=".cgifields" value="25"  /><input type="hidden" name=".c
Action.c(70):     gifields" value="28"  /><input type="hidden" name=".cgifields" value="40"  /><input type="
Action.c(70):     hidden" name=".cgifields" value="20"  /><input type="hidden" name=".cgifields" value="14" 
Action.c(70):      /><input type="hidden" name=".cgifields" value="24"  /><input type="hidden" name=".cgifie
Action.c(70):     lds" value="10"  /><input type="hidden" name=".cgifields" value="31"  /><input type="hidde
Action.c(70):     n" name=".cgifields" value="35"  /><input type="hidden" name=".cgifields" value="11"  /><i
Action.c(70):     nput type="hidden" name=".cgifields" value="22"  /><input type="hidden" name=".cgifields" 
Action.c(70):     value="13"  /><input type="hidden" name=".cgifields" value="23"  /><input type="hidden" na
Action.c(70):     me=".cgifields" value="29"  /><input type="hidden" name=".cgifields" value="6"  /><input t
Action.c(70):     ype="hidden" name=".cgifields" value="39"  /><input type="hidden" name=".cgifields" value=
Action.c(70):     "36"  /><input type="hidden" name=".cgifields" value="3"  /><input type="hidden" name=".cg
Action.c(70):     ifields" value="9"  /><input type="hidden" name=".cgifields" value="41"  /><input type="hi
Action.c(70):     dden" name=".cgifields" value="12"  /><input type="hidden" name=".cgifields" value="15"  /
Action.c(70):     ><input type="hidden" name=".cgifields" value="38"  /><input type="hidden" name=".cgifield
Action.c(70):     s" value="8"  /><input type="hidden" name=".cgifields" value="4"  /><input type="hidden" n
Action.c(70):     ame=".cgifields" value="34"  /><input type="hidden" name=".cgifields" value="37"  /><input
Action.c(70):      type="hidden" name=".cgifields" value="19"  /><input type="hidden" name=".cgifields" valu
Action.c(70):     e="5"  /></div></form>\n
Action.c(70):     \n
Action.c(70):     </center>\n
Action.c(70):     \n
Action.c(70):     </body>\n
Action.c(70):     </html>
Action.c(70): Resource "http://127.0.0.1:1080/WebTours/images/cancelreservation.gif" is in the cache already and will not be downloaded again  	[MsgId: MMSG-26655]
Action.c(70): Resource "http://127.0.0.1:1080/WebTours/images/cancelallreservations.gif" is in the cache already and will not be downloaded again  	[MsgId: MMSG-26655]
Action.c(70): t=4156522ms: Request done "http://127.0.0.1:1080/cgi-bin/itinerary.pl"  	[MsgId: MMSG-26000]
Action.c(70): Registered web_reg_find successful for "Text=181464084-835-OJ"  	[MsgId: MMSG-26362]
Action.c(70): Registered web_reg_find successful for "Text=181449636-1581-OJ"  	[MsgId: MMSG-26362]
Action.c(70): Registered web_reg_find successful for "Text=181444835-23205-OJ"  	[MsgId: MMSG-26362]
Action.c(70): web_submit_form("itinerary.pl") was successful, 49707 body bytes, 256 header bytes, 107 chunking overhead bytes  	[MsgId: MMSG-26385]
Action.c(119): Notify: Transaction "DeleteItinerary" ended with a "Pass" status (Duration: 5,0743 Think Time: 5,0031 Wasted Time: 0,0001).	[MsgId: MMSG-16870]
..\\..\\Library\\common_lib.h(129): Notify: Transaction "Logout" started.	[MsgId: MMSG-16999]
..\\..\\Library\\common_lib.h(131): web_reg_find started  	[MsgId: MMSG-26355]
..\\..\\Library\\common_lib.h(131): Registering web_reg_find was successful  	[MsgId: MMSG-26390]
..\\..\\Library\\common_lib.h(134): web_remove_auto_header("Sec-Fetch-User") started  	[MsgId: MMSG-26355]
..\\..\\Library\\common_lib.h(134): Previous automatically added web header for "Sec-Fetch-User" removed  	[MsgId: MMSG-26587]
..\\..\\Library\\common_lib.h(134): web_remove/revert_auto_header("Sec-Fetch-User") was successful  	[MsgId: MMSG-26392]
..\\..\\Library\\common_lib.h(136): web_add_header("Upgrade-Insecure-Requests") started  	[MsgId: MMSG-26355]
..\\..\\Library\\common_lib.h(136): An unrecognized header ("Upgrade-Insecure-Requests") is being added  	[MsgId: MMSG-26595]
..\\..\\Library\\common_lib.h(136): "Upgrade-Insecure-Requests: 1" header registered for adding to requests from the immediately following Action function  	[MsgId: MMSG-26506]
..\\..\\Library\\common_lib.h(136): web_add_header("Upgrade-Insecure-Requests") was successful  	[MsgId: MMSG-26392]
..\\..\\Library\\common_lib.h(139): lr_think_time: 5,00 seconds.	[MsgId: MMSG-15948]
..\\..\\Library\\common_lib.h(141): web_url("SignOff Button") started  	[MsgId: MMSG-26355]
..\\..\\Library\\common_lib.h(141): t=4161526ms: Already connected [0] to 127.0.0.1:1080  	[MsgId: MMSG-26000]
..\\..\\Library\\common_lib.h(141): t=4161526ms: 813-byte request headers for "http://127.0.0.1:1080/cgi-bin/welcome.pl?signOff=1" (RelFrameId=1, Internal ID=1758)
..\\..\\Library\\common_lib.h(141):     GET /cgi-bin/welcome.pl?signOff=1 HTTP/1.1\r\n
..\\..\\Library\\common_lib.h(141):     Referer: http://127.0.0.1:1080/cgi-bin/nav.pl?page=menu&in=flights\r\n
..\\..\\Library\\common_lib.h(141):     Upgrade-Insecure-Requests: 1\r\n
..\\..\\Library\\common_lib.h(141):     DNT: 1\r\n
..\\..\\Library\\common_lib.h(141):     Sec-Fetch-Dest: frame\r\n
..\\..\\Library\\common_lib.h(141):     Sec-Fetch-Mode: navigate\r\n
..\\..\\Library\\common_lib.h(141):     Sec-Fetch-Site: same-origin\r\n
..\\..\\Library\\common_lib.h(141):     sec-ch-ua: " Not A;Brand";v="99", "Chromium";v="99", "Google Chrome";v="99"\r\n
..\\..\\Library\\common_lib.h(141):     sec-ch-ua-mobile: ?0\r\n
..\\..\\Library\\common_lib.h(141):     sec-ch-ua-platform: "Windows"\r\n
..\\..\\Library\\common_lib.h(141):     User-Agent: Mozilla/5.0 (Windows NT 10.0; Win64; x64) AppleWebKit/537.36 (KHTML, like Geck
..\\..\\Library\\common_lib.h(141):     o) Chrome/99.0.4844.82 Safari/537.36\r\n
..\\..\\Library\\common_lib.h(141):     Accept-Encoding: gzip, deflate, br\r\n
..\\..\\Library\\common_lib.h(141):     Accept-Language: ru-RU,ru;q=0.9,en-US;q=0.8,en;q=0.7\r\n
..\\..\\Library\\common_lib.h(141):     Accept: */*\r\n
..\\..\\Library\\common_lib.h(141):     Connection: Keep-Alive\r\n
..\\..\\Library\\common_lib.h(141):     Host: 127.0.0.1:1080\r\n
..\\..\\Library\\common_lib.h(141):     Cookie: MSO=SID&1649589219; MTUserInfo=firstName&Oscar&address2&Elmsford&username&precauti
..\\..\\Library\\common_lib.h(141):     on&hash&14&lastName&Jefferson%0A&address1&1099%20Elm%20Drive&creditCard&&expDate&%0A\r\n
..\\..\\Library\\common_lib.h(141):     \r\n
..\\..\\Library\\common_lib.h(141): t=4161560ms: 327-byte response headers for "http://127.0.0.1:1080/cgi-bin/welcome.pl?signOff=1" (RelFrameId=1, Internal ID=1758)
..\\..\\Library\\common_lib.h(141):     HTTP/1.1 200 OK\r\n
..\\..\\Library\\common_lib.h(141):     Date: Sun, 10 Apr 2022 11:13:59 GMT\r\n
..\\..\\Library\\common_lib.h(141):     Server: Apache/2.2.21 (Win32)\r\n
..\\..\\Library\\common_lib.h(141):     Set-Cookie: MSO=SID&1649589239; path=/\r\n
..\\..\\Library\\common_lib.h(141):     Set-Cookie: MTUserInfo=; path=/; expires=Sat, 09-Apr-2022 11:13:59 GMT\r\n
..\\..\\Library\\common_lib.h(141):     Keep-Alive: timeout=5, max=99\r\n
..\\..\\Library\\common_lib.h(141):     Connection: Keep-Alive\r\n
..\\..\\Library\\common_lib.h(141):     Transfer-Encoding: chunked\r\n
..\\..\\Library\\common_lib.h(141):     Content-Type: text/html; charset=ISO-8859-1\r\n
..\\..\\Library\\common_lib.h(141):     \r\n
..\\..\\Library\\common_lib.h(141): t=4161560ms: 5-byte chunked response overhead for "http://127.0.0.1:1080/cgi-bin/welcome.pl?signOff=1" (RelFrameId=1, Internal ID=1758)
..\\..\\Library\\common_lib.h(141):     2ae\r\n
..\\..\\Library\\common_lib.h(141): t=4161560ms: 2-byte chunked response overhead for "http://127.0.0.1:1080/cgi-bin/welcome.pl?signOff=1" (RelFrameId=1, Internal ID=1758)
..\\..\\Library\\common_lib.h(141):     \r\n
..\\..\\Library\\common_lib.h(141): t=4161560ms: 686-byte chunked response body for "http://127.0.0.1:1080/cgi-bin/welcome.pl?signOff=1" (RelFrameId=1, Internal ID=1758)
..\\..\\Library\\common_lib.h(141):     <!-- \n
..\\..\\Library\\common_lib.h(141):      A Session ID has been created and loaded into a cookie called MSO.\n
..\\..\\Library\\common_lib.h(141):      Also, the server options have been loaded into the cookie called\n
..\\..\\Library\\common_lib.h(141):      MSO as well.  The server options can be set via the Admin page.\n
..\\..\\Library\\common_lib.h(141):      --->\n
..\\..\\Library\\common_lib.h(141):     \n
..\\..\\Library\\common_lib.h(141):     <html>\n
..\\..\\Library\\common_lib.h(141):     <title>Web Tours</title>\n
..\\..\\Library\\common_lib.h(141):        <!-- Frame Set -->\n
..\\..\\Library\\common_lib.h(141):        <frameset cols="160,*" border="1" frameborder="1">\n
..\\..\\Library\\common_lib.h(141):           <!-- Navigation Frame -->\n
..\\..\\Library\\common_lib.h(141):           <frame src="nav.pl?in=home" name="navbar" marginheight="2" marginwidth="2" \n
..\\..\\Library\\common_lib.h(141):                 noresize="noresize" scrolling="auto"/>\n
..\\..\\Library\\common_lib.h(141):           <!-- Home Frame -->\n
..\\..\\Library\\common_lib.h(141):           <frame src="/WebTours/home.html" name="info" marginheight="2" marginwidth="2" \n
..\\..\\Library\\common_lib.h(141):                 noresize="noresize" scrolling="auto"/>\n
..\\..\\Library\\common_lib.h(141):        </frameset>\n
..\\..\\Library\\common_lib.h(141):     </html>\n
..\\..\\Library\\common_lib.h(141):     \n
..\\..\\Library\\common_lib.h(141):     </body>\n
..\\..\\Library\\common_lib.h(141):     </html>
..\\..\\Library\\common_lib.h(141): Detected non-resource "http://127.0.0.1:1080/cgi-bin/nav.pl?in=home" in "http://127.0.0.1:1080/cgi-bin/welcome.pl?signOff=1"  	[MsgId: MMSG-26574]
..\\..\\Library\\common_lib.h(141): Detected non-resource "http://127.0.0.1:1080/WebTours/home.html" in "http://127.0.0.1:1080/cgi-bin/welcome.pl?signOff=1"  	[MsgId: MMSG-26574]
..\\..\\Library\\common_lib.h(141): Retrieving data from cache for "http://127.0.0.1:1080/WebTours/home.html"  	[MsgId: MMSG-26558]
..\\..\\Library\\common_lib.h(141): t=4161561ms: 1361-byte response body retrieved from cache for "http://127.0.0.1:1080/WebTours/home.html" (RelFrameId=1.2, Internal ID=1760)
..\\..\\Library\\common_lib.h(141):     <HTML>\n
..\\..\\Library\\common_lib.h(141):     <HEAD>\n
..\\..\\Library\\common_lib.h(141):     \t<title>Web Tours</title>\n
..\\..\\Library\\common_lib.h(141):     </HEAD>\n
..\\..\\Library\\common_lib.h(141):     <style>\n
..\\..\\Library\\common_lib.h(141):     \tblockquote {font-family: tahoma; font-size : 10pt}\n
..\\..\\Library\\common_lib.h(141):     \tH1 {font-family: tahoma; font-size : 22pt; color: #003366}\n
..\\..\\Library\\common_lib.h(141):     \tsmall {font-family: tahoma; font-size : 8pt}\n
..\\..\\Library\\common_lib.h(141):     \tH3{font-family: tahoma; font-size : 10pt; color: black}\n
..\\..\\Library\\common_lib.h(141):     \tA {FONT-WEIGHT: bold; FONT-SIZE: 10pt; COLOR: black; FONT-FAMILY: Tahoma; TEXT-DECORATIO
..\\..\\Library\\common_lib.h(141):     N: none}\n
..\\..\\Library\\common_lib.h(141):     \tA:hover{ FONT-WEIGHT: bold; FONT-SIZE: 10pt; COLOR: #993333; FONT-FAMILY: Tahoma;TEXT-DE
..\\..\\Library\\common_lib.h(141):     CORATION: underline}\n
..\\..\\Library\\common_lib.h(141):     \tTD {font-family: tahoma; font-size : 10pt; color: black}\n
..\\..\\Library\\common_lib.h(141):     </style>\n
..\\..\\Library\\common_lib.h(141):     <body bgcolor="#e0e7f1">\n
..\\..\\Library\\common_lib.h(141):     <BR/>\n
..\\..\\Library\\common_lib.h(141):     <BR/>\n
..\\..\\Library\\common_lib.h(141):     <BR/>\n
..\\..\\Library\\common_lib.h(141):     <br/>\n
..\\..\\Library\\common_lib.h(141):     <table border="0">\n
..\\..\\Library\\common_lib.h(141):     <tr><td></td></tr>\n
..\\..\\Library\\common_lib.h(141):     <TR><TD></TD></TR>\n
..\\..\\Library\\common_lib.h(141):     <TR><TD>\n
..\\..\\Library\\common_lib.h(141):     <blockquote>\n
..\\..\\Library\\common_lib.h(141):     <H1><b>Web Tours</b></H1>\n
..\\..\\Library\\common_lib.h(141):     Welcome to the Web Tours site.\n
..\\..\\Library\\common_lib.h(141):     <br/>\n
..\\..\\Library\\common_lib.h(141):     To make reservations,please enter your account information to the left.\n
..\\..\\Library\\common_lib.h(141):     <br/>\n
..\\..\\Library\\common_lib.h(141):     If you haven't registered yet, <A href="/cgi-bin/login.pl?username=&amp;password=&amp;getI
..\\..\\Library\\common_lib.h(141):     nfo=true" ><B>sign up now</B></A> to get access to all our resources.\n
..\\..\\Library\\common_lib.h(141):     <br/>\n
..\\..\\Library\\common_lib.h(141):     To configure the server options, use <A href="/cgi-bin/admin.pl" target="body" ><b>adminis
..\\..\\Library\\common_lib.h(141):     tration</b></A> link.\n
..\\..\\Library\\common_lib.h(141):     <br/><br/><br/><br/><br/><br/>\n
..\\..\\Library\\common_lib.h(141):     <br/><small>\n
..\\..\\Library\\common_lib.h(141):     This product uses parts of the SMT Kernel, Copyright (c) 1991-99 <A href="http://www.imati
..\\..\\Library\\common_lib.h(141):     x.com" target="new"><B><small>iMatix Corporation</small></B></A> \n
..\\..\\Library\\common_lib.h(141):     </small>\n
..\\..\\Library\\common_lib.h(141):     </blockquote></TD>\n
..\\..\\Library\\common_lib.h(141):     <TD></TD></TR>\n
..\\..\\Library\\common_lib.h(141):     </table>\n
..\\..\\Library\\common_lib.h(141):     </body>\n
..\\..\\Library\\common_lib.h(141):     </HTML>\n
..\\..\\Library\\common_lib.h(141): t=4161562ms: Connecting [1] to host 127.0.0.1:1080  	[MsgId: MMSG-26000]
..\\..\\Library\\common_lib.h(141): t=4161562ms: 5-byte chunked response overhead for "http://127.0.0.1:1080/cgi-bin/welcome.pl?signOff=1" (RelFrameId=1, Internal ID=1758)
..\\..\\Library\\common_lib.h(141):     0\r\n
..\\..\\Library\\common_lib.h(141):     \r\n
..\\..\\Library\\common_lib.h(141): t=4161562ms: Request done "http://127.0.0.1:1080/cgi-bin/welcome.pl?signOff=1"  	[MsgId: MMSG-26000]
..\\..\\Library\\common_lib.h(141): t=4161562ms: Connected socket [1] from 127.0.0.1:37432 to 127.0.0.1:1080 in 0 ms  	[MsgId: MMSG-26000]
..\\..\\Library\\common_lib.h(141): t=4161562ms: 652-byte request headers for "http://127.0.0.1:1080/cgi-bin/nav.pl?in=home" (RelFrameId=1.1, Internal ID=1759)
..\\..\\Library\\common_lib.h(141):     GET /cgi-bin/nav.pl?in=home HTTP/1.1\r\n
..\\..\\Library\\common_lib.h(141):     Referer: http://127.0.0.1:1080/cgi-bin/welcome.pl?signOff=1\r\n
..\\..\\Library\\common_lib.h(141):     Upgrade-Insecure-Requests: 1\r\n
..\\..\\Library\\common_lib.h(141):     DNT: 1\r\n
..\\..\\Library\\common_lib.h(141):     Sec-Fetch-Dest: frame\r\n
..\\..\\Library\\common_lib.h(141):     Sec-Fetch-Mode: navigate\r\n
..\\..\\Library\\common_lib.h(141):     Sec-Fetch-Site: same-origin\r\n
..\\..\\Library\\common_lib.h(141):     sec-ch-ua: " Not A;Brand";v="99", "Chromium";v="99", "Google Chrome";v="99"\r\n
..\\..\\Library\\common_lib.h(141):     sec-ch-ua-mobile: ?0\r\n
..\\..\\Library\\common_lib.h(141):     sec-ch-ua-platform: "Windows"\r\n
..\\..\\Library\\common_lib.h(141):     User-Agent: Mozilla/5.0 (Windows NT 10.0; Win64; x64) AppleWebKit/537.36 (KHTML, like Geck
..\\..\\Library\\common_lib.h(141):     o) Chrome/99.0.4844.82 Safari/537.36\r\n
..\\..\\Library\\common_lib.h(141):     Accept-Encoding: gzip, deflate, br\r\n
..\\..\\Library\\common_lib.h(141):     Accept-Language: ru-RU,ru;q=0.9,en-US;q=0.8,en;q=0.7\r\n
..\\..\\Library\\common_lib.h(141):     Accept: */*\r\n
..\\..\\Library\\common_lib.h(141):     Connection: Keep-Alive\r\n
..\\..\\Library\\common_lib.h(141):     Host: 127.0.0.1:1080\r\n
..\\..\\Library\\common_lib.h(141):     Cookie: MSO=SID&1649589239\r\n
..\\..\\Library\\common_lib.h(141):     \r\n
..\\..\\Library\\common_lib.h(141): t=4161596ms: 256-byte response headers for "http://127.0.0.1:1080/cgi-bin/nav.pl?in=home" (RelFrameId=1.1, Internal ID=1759)
..\\..\\Library\\common_lib.h(141):     HTTP/1.1 200 OK\r\n
..\\..\\Library\\common_lib.h(141):     Date: Sun, 10 Apr 2022 11:13:59 GMT\r\n
..\\..\\Library\\common_lib.h(141):     Server: Apache/2.2.21 (Win32)\r\n
..\\..\\Library\\common_lib.h(141):     Expires: Sat, 09 Apr 2022 11:13:59 GMT\r\n
..\\..\\Library\\common_lib.h(141):     Keep-Alive: timeout=5, max=100\r\n
..\\..\\Library\\common_lib.h(141):     Connection: Keep-Alive\r\n
..\\..\\Library\\common_lib.h(141):     Transfer-Encoding: chunked\r\n
..\\..\\Library\\common_lib.h(141):     Content-Type: text/html; charset=ISO-8859-1\r\n
..\\..\\Library\\common_lib.h(141):     \r\n
..\\..\\Library\\common_lib.h(141): t=4161596ms: 5-byte chunked response overhead for "http://127.0.0.1:1080/cgi-bin/nav.pl?in=home" (RelFrameId=1.1, Internal ID=1759)
..\\..\\Library\\common_lib.h(141):     5d2\r\n
..\\..\\Library\\common_lib.h(141): t=4161596ms: 2-byte chunked response overhead for "http://127.0.0.1:1080/cgi-bin/nav.pl?in=home" (RelFrameId=1.1, Internal ID=1759)
..\\..\\Library\\common_lib.h(141):     \r\n
..\\..\\Library\\common_lib.h(141): t=4161596ms: 1490-byte chunked response body for "http://127.0.0.1:1080/cgi-bin/nav.pl?in=home" (RelFrameId=1.1, Internal ID=1759)
..\\..\\Library\\common_lib.h(141):     <!DOCTYPE html\n
..\\..\\Library\\common_lib.h(141):     \tPUBLIC "-//W3C//DTD XHTML 1.0 Transitional//EN"\n
..\\..\\Library\\common_lib.h(141):     \t "http://www.w3.org/TR/xhtml1/DTD/xhtml1-transitional.dtd">\n
..\\..\\Library\\common_lib.h(141):     <html xmlns="http://www.w3.org/1999/xhtml" lang="en-US" xml:lang="en-US">\n
..\\..\\Library\\common_lib.h(141):     <head>\n
..\\..\\Library\\common_lib.h(141):     <title>Web Tours Navigation Bar</title>\n
..\\..\\Library\\common_lib.h(141):     <meta http-equiv="Content-Type" content="text/html; charset=iso-8859-1" />\n
..\\..\\Library\\common_lib.h(141):     </head>\n
..\\..\\Library\\common_lib.h(141):     <body bgcolor="#E0E7F1">\n
..\\..\\Library\\common_lib.h(141):     <style>\n
..\\..\\Library\\common_lib.h(141):     blockquote {font-family: tahoma; font-size : 10pt}\n
..\\..\\Library\\common_lib.h(141):     H1 {font-family: tahoma; font-size : 22pt; color: #993333}\n
..\\..\\Library\\common_lib.h(141):     H3 {font-family: tahoma; font-size : 10pt; color: black}\n
..\\..\\Library\\common_lib.h(141):     small {font-family: tahoma; font-size : 8pt}\n
..\\..\\Library\\common_lib.h(141):     </style>\n
..\\..\\Library\\common_lib.h(141):     <form method="post" action="/cgi-bin/login.pl" target="body">\n
..\\..\\Library\\common_lib.h(141):     <input type="hidden" name="userSession" value="133624.077683273ziHDciiptQfiDDDDtVcDQpHDAQH
..\\..\\Library\\common_lib.h(141):     f"/>\n
..\\..\\Library\\common_lib.h(141):     <table border="0"><tr><td>&nbsp;</td>\n
..\\..\\Library\\common_lib.h(141):     <td>&nbsp;</td></tr>\n
..\\..\\Library\\common_lib.h(141):     <tr><td>&nbsp;</td>\n
..\\..\\Library\\common_lib.h(141):     <td>&nbsp;</td></tr>\n
..\\..\\Library\\common_lib.h(141):     <tr><td>&nbsp;</td>\n
..\\..\\Library\\common_lib.h(141):     <td><small>&nbsp;Username</small></td></tr>\n
..\\..\\Library\\common_lib.h(141):     <tr><td>&nbsp;</td>\n
..\\..\\Library\\common_lib.h(141):     <td><input type="text" name="username" value="" size="14" maxlength="14"/></td></tr>\n
..\\..\\Library\\common_lib.h(141):     <tr><td>&nbsp;</td>\n
..\\..\\Library\\common_lib.h(141):     <td><small>&nbsp;Password</small></td>\n
..\\..\\Library\\common_lib.h(141):     <tr><td>&nbsp;</td>\n
..\\..\\Library\\common_lib.h(141):     <td><input type="password" name="password" value="" size="14" maxlength="14"/></td></tr>\n
..\\..\\Library\\common_lib.h(141):     <tr><td>&nbsp;</td>\n
..\\..\\Library\\common_lib.h(141):     <td>&nbsp;</td></tr>\n
..\\..\\Library\\common_lib.h(141):     <tr><td>&nbsp;</td>\n
..\\..\\Library\\common_lib.h(141):     <td><input type="image" name="login" value="Login" alt="Login" border="1" \n
..\\..\\Library\\common_lib.h(141):     src="/WebTours/images/mer_login.gif"/></td></tr>\n
..\\..\\Library\\common_lib.h(141):     <tr><td>&nbsp;</td><td>&nbsp;</td></tr>\n
..\\..\\Library\\common_lib.h(141):     </table><input type="hidden" name="JSFormSubmit" value="off"/>\n
..\\..\\Library\\common_lib.h(141):     </form>\n
..\\..\\Library\\common_lib.h(141):     \n
..\\..\\Library\\common_lib.h(141):     </body>\n
..\\..\\Library\\common_lib.h(141):     </html>\n
..\\..\\Library\\common_lib.h(141): Resource "http://127.0.0.1:1080/WebTours/images/mer_login.gif" is in the cache already and will not be downloaded again  	[MsgId: MMSG-26655]
..\\..\\Library\\common_lib.h(141): t=4161598ms: 5-byte chunked response overhead for "http://127.0.0.1:1080/cgi-bin/nav.pl?in=home" (RelFrameId=1.1, Internal ID=1759)
..\\..\\Library\\common_lib.h(141):     0\r\n
..\\..\\Library\\common_lib.h(141):     \r\n
..\\..\\Library\\common_lib.h(141): t=4161599ms: Request done "http://127.0.0.1:1080/cgi-bin/nav.pl?in=home"  	[MsgId: MMSG-26000]
..\\..\\Library\\common_lib.h(141): Registered web_reg_find successful for "Text=Web Tours" (count=5)  	[MsgId: MMSG-26364]
..\\..\\Library\\common_lib.h(141): web_url("SignOff Button") was successful, 2176 body bytes, 583 header bytes, 24 chunking overhead bytes  	[MsgId: MMSG-26385]
..\\..\\Library\\common_lib.h(151): Notify: Transaction "Logout" ended with a "Pass" status (Duration: 5,0766 Think Time: 5,0029 Wasted Time: 0,0000).	[MsgId: MMSG-16870]
Action.c(125): Notify: Transaction "05_SingleTicketDeletion" ended with a "Pass" status (Duration: 20,4853 Think Time: 20,0247 Wasted Time: 0,0016).	[MsgId: MMSG-16870]
Ending action Action.	[MsgId: MMSG-15918]
Action was aborted.	[MsgId: MMSG-10694]
Ending Vuser...	[MsgId: MMSG-15966]
Starting action vuser_end.	[MsgId: MMSG-15919]
Ending action vuser_end.	[MsgId: MMSG-15918]
Vuser Terminated.	[MsgId: MMSG-15963]
t=4161599ms: Closed connection [0] to 127.0.0.1:1080 after completing 2 request(s)  	[MsgId: MMSG-26000]
t=4161599ms: Closed connection [1] to 127.0.0.1:1080 after completing 1 request(s)  	[MsgId: MMSG-26000]
HTML-Mode memory management statistics: Reusable=17, NonReusable=0, CsMemBlockSize=4096, checks disabled  	[MsgId: MMSG-26000]
Vuser 2 (thread 11144), ended OK."	[MsgId: MMSG-10695]
